Started by user Gordon
Notifying endpoint with url 'https://leeroy.dockerproject.org/notification/jenkins'
[EnvInject] - Loading node environment variables.
Building remotely on ubuntu-1604-overlay2-stable (i-05c9ba34ae861b7f0) (x86_64 ec2 ubuntu overlay2 linux ubuntu-1604 ubuntu-1604-overlay2-stable amd64 docker us-west-2) in workspace /home/ubuntu/workspace/Docker-PRs
Wiping out workspace first.
Cloning the remote Git repository
Cloning repository https://github.com/moby/moby.git
 > git init /home/ubuntu/workspace/Docker-PRs # timeout=10
Fetching upstream changes from https://github.com/moby/moby.git
 > git --version # timeout=10
 > git fetch --tags --progress https://github.com/moby/moby.git +refs/heads/*:refs/remotes/origin/*
 > git config remote.origin.url https://github.com/moby/moby.git # timeout=10
 > git config --add remote.origin.fetch +refs/heads/*:refs/remotes/origin/* # timeout=10
 > git config remote.origin.url https://github.com/moby/moby.git # timeout=10
Fetching upstream changes from https://github.com/moby/moby.git
 > git fetch --tags --progress https://github.com/moby/moby.git +refs/heads/*:refs/remotes/origin/*
 > git rev-parse origin/master^{commit} # timeout=10
Checking out Revision b4842cfe88b39af42416429396aee10d1fe7c3d6 (origin/master)
 > git config core.sparsecheckout # timeout=10
 > git checkout -f b4842cfe88b39af42416429396aee10d1fe7c3d6
Commit message: "Merge pull request #38354 from thaJeztah/fix_ipam_swagger"
 > git rev-list --no-walk b4842cfe88b39af42416429396aee10d1fe7c3d6 # timeout=10
Set build name.
New build name is '#38524'
[Docker-PRs] $ /bin/bash /tmp/jenkins5990032900036133714.sh
From https://github.com/moby/moby
 * [new ref]         refs/pull/38524/head -> origin/pr/38524
Merge made by the 'recursive' strategy.
 Dockerfile | 2 +-
 1 file changed, 1 insertion(+), 1 deletion(-)
Sending build context to Docker daemon  45.11MB
Step 1/94 : FROM golang:1.11.4 AS base
 ---> 343df9d12b7b
Step 2/94 : ARG APT_MIRROR=deb.debian.org
 ---> Using cache
 ---> 2b0d1df6fb07
Step 3/94 : RUN sed -ri "s/(httpredir|deb).debian.org/$APT_MIRROR/g" /etc/apt/sources.list
 ---> Using cache
 ---> f2a9447b64b5
Step 4/94 : FROM base AS criu
 ---> f2a9447b64b5
Step 5/94 : ENV CRIU_VERSION 3.6
 ---> Using cache
 ---> 3b3d6284d355
Step 6/94 : RUN apt-get update && apt-get install -y 	libnet-dev 	libprotobuf-c0-dev 	libprotobuf-dev 	libnl-3-dev 	libcap-dev 	protobuf-compiler 	protobuf-c-compiler 	python-protobuf 	&& mkdir -p /usr/src/criu 	&& curl -sSL https://github.com/checkpoint-restore/criu/archive/v${CRIU_VERSION}.tar.gz | tar -C /usr/src/criu/ -xz --strip-components=1 	&& cd /usr/src/criu 	&& make 	&& make PREFIX=/build/ install-criu
 ---> Using cache
 ---> 56bbb79761f7
Step 7/94 : FROM base AS registry
 ---> f2a9447b64b5
Step 8/94 : ENV REGISTRY_COMMIT_SCHEMA1 ec87e9b6971d831f0eff752ddb54fb64693e51cd
 ---> Using cache
 ---> b7499843715e
Step 9/94 : ENV REGISTRY_COMMIT 47a064d4195a9b56133891bbb13620c3ac83a827
 ---> Using cache
 ---> 407517b66aa6
Step 10/94 : RUN set -x 	&& export GOPATH="$(mktemp -d)" 	&& git clone https://github.com/docker/distribution.git "$GOPATH/src/github.com/docker/distribution" 	&& (cd "$GOPATH/src/github.com/docker/distribution" && git checkout -q "$REGISTRY_COMMIT") 	&& GOPATH="$GOPATH/src/github.com/docker/distribution/Godeps/_workspace:$GOPATH" 		go build -buildmode=pie -o /build/registry-v2 github.com/docker/distribution/cmd/registry 	&& case $(dpkg --print-architecture) in 		amd64|ppc64*|s390x) 		(cd "$GOPATH/src/github.com/docker/distribution" && git checkout -q "$REGISTRY_COMMIT_SCHEMA1"); 		GOPATH="$GOPATH/src/github.com/docker/distribution/Godeps/_workspace:$GOPATH"; 			go build -buildmode=pie -o /build/registry-v2-schema1 github.com/docker/distribution/cmd/registry; 		;; 	   esac 	&& rm -rf "$GOPATH"
 ---> Using cache
 ---> 555a85ad9a45
Step 11/94 : FROM base AS docker-py
 ---> f2a9447b64b5
Step 12/94 : ENV DOCKER_PY_COMMIT 55a62c26e7384b4020448ad68ee4fbe922be8836
 ---> Running in 97c57eb955ed
Removing intermediate container 97c57eb955ed
 ---> 6341cb173fda
Step 13/94 : RUN git clone https://github.com/docker/docker-py.git /build 	&& cd /build 	&& git checkout -q $DOCKER_PY_COMMIT
 ---> Running in 449b80d3a75e
Cloning into '/build'...
Removing intermediate container 449b80d3a75e
 ---> 0b0e4d824f8b
Step 14/94 : FROM base AS swagger
 ---> f2a9447b64b5
Step 15/94 : ENV GO_SWAGGER_COMMIT c28258affb0b6251755d92489ef685af8d4ff3eb
 ---> Using cache
 ---> 588ca198d183
Step 16/94 : RUN set -x 	&& export GOPATH="$(mktemp -d)" 	&& git clone https://github.com/go-swagger/go-swagger.git "$GOPATH/src/github.com/go-swagger/go-swagger" 	&& (cd "$GOPATH/src/github.com/go-swagger/go-swagger" && git checkout -q "$GO_SWAGGER_COMMIT") 	&& go build -o /build/swagger github.com/go-swagger/go-swagger/cmd/swagger 	&& rm -rf "$GOPATH"
 ---> Using cache
 ---> 4fde80b47e54
Step 17/94 : FROM base AS frozen-images
 ---> f2a9447b64b5
Step 18/94 : RUN apt-get update && apt-get install -y jq ca-certificates --no-install-recommends
 ---> Using cache
 ---> 9bab3a28d878
Step 19/94 : COPY contrib/download-frozen-image-v2.sh /
 ---> Using cache
 ---> 1d43e0c75199
Step 20/94 : RUN /download-frozen-image-v2.sh /build 	buildpack-deps:jessie@sha256:dd86dced7c9cd2a724e779730f0a53f93b7ef42228d4344b25ce9a42a1486251 	busybox:latest@sha256:bbc3a03235220b170ba48a157dd097dd1379299370e1ed99ce976df0355d24f0 	busybox:glibc@sha256:0b55a30394294ab23b9afd58fab94e61a923f5834fba7ddbae7f8e0c11ba85e6 	debian:jessie@sha256:287a20c5f73087ab406e6b364833e3fb7b3ae63ca0eb3486555dc27ed32c6e60 	hello-world:latest@sha256:be0cd392e45be79ffeffa6b05338b98ebb16c87b255f48e297ec7f98e123905c
 ---> Using cache
 ---> 884c4eaf5339
Step 21/94 : FROM base AS runtime-dev
 ---> f2a9447b64b5
Step 22/94 : RUN apt-get update && apt-get install -y 	libapparmor-dev 	libseccomp-dev
 ---> Using cache
 ---> 61d60c2b1d65
Step 23/94 : FROM base AS tomlv
 ---> f2a9447b64b5
Step 24/94 : ENV INSTALL_BINARY_NAME=tomlv
 ---> Using cache
 ---> 9d5cfecc20d8
Step 25/94 : COPY hack/dockerfile/install/install.sh ./install.sh
 ---> Using cache
 ---> 79a1c41e9237
Step 26/94 : COPY hack/dockerfile/install/$INSTALL_BINARY_NAME.installer ./
 ---> Using cache
 ---> 872ceb04933d
Step 27/94 : RUN PREFIX=/build ./install.sh $INSTALL_BINARY_NAME
 ---> Using cache
 ---> f7326f18a15c
Step 28/94 : FROM base AS vndr
 ---> f2a9447b64b5
Step 29/94 : ENV INSTALL_BINARY_NAME=vndr
 ---> Using cache
 ---> b5d16551ab09
Step 30/94 : COPY hack/dockerfile/install/install.sh ./install.sh
 ---> Using cache
 ---> b7f16a79d79d
Step 31/94 : COPY hack/dockerfile/install/$INSTALL_BINARY_NAME.installer ./
 ---> Using cache
 ---> fd28949472bb
Step 32/94 : RUN PREFIX=/build ./install.sh $INSTALL_BINARY_NAME
 ---> Using cache
 ---> 9553c0826d01
Step 33/94 : FROM base AS containerd
 ---> f2a9447b64b5
Step 34/94 : RUN apt-get update && apt-get install -y btrfs-tools
 ---> Using cache
 ---> e2deddd8c52f
Step 35/94 : ENV INSTALL_BINARY_NAME=containerd
 ---> Using cache
 ---> 7db76e6e7f33
Step 36/94 : COPY hack/dockerfile/install/install.sh ./install.sh
 ---> Using cache
 ---> 9e7d94077cdb
Step 37/94 : COPY hack/dockerfile/install/$INSTALL_BINARY_NAME.installer ./
 ---> Using cache
 ---> 1f52a18f9ff7
Step 38/94 : RUN PREFIX=/build ./install.sh $INSTALL_BINARY_NAME
 ---> Using cache
 ---> af059f3418c1
Step 39/94 : FROM base AS proxy
 ---> f2a9447b64b5
Step 40/94 : ENV INSTALL_BINARY_NAME=proxy
 ---> Using cache
 ---> e7202ef3c351
Step 41/94 : COPY hack/dockerfile/install/install.sh ./install.sh
 ---> Using cache
 ---> 34387a2aed70
Step 42/94 : COPY hack/dockerfile/install/$INSTALL_BINARY_NAME.installer ./
 ---> Using cache
 ---> 651bc441de0c
Step 43/94 : RUN PREFIX=/build ./install.sh $INSTALL_BINARY_NAME
 ---> Using cache
 ---> 5360d5117e24
Step 44/94 : FROM base AS gometalinter
 ---> f2a9447b64b5
Step 45/94 : ENV INSTALL_BINARY_NAME=gometalinter
 ---> Using cache
 ---> 8c9920804915
Step 46/94 : COPY hack/dockerfile/install/install.sh ./install.sh
 ---> Using cache
 ---> 94d500a981b7
Step 47/94 : COPY hack/dockerfile/install/$INSTALL_BINARY_NAME.installer ./
 ---> Using cache
 ---> 9cb36c2be13b
Step 48/94 : RUN PREFIX=/build ./install.sh $INSTALL_BINARY_NAME
 ---> Using cache
 ---> d0a60462d67c
Step 49/94 : FROM base AS dockercli
 ---> f2a9447b64b5
Step 50/94 : ENV INSTALL_BINARY_NAME=dockercli
 ---> Using cache
 ---> 75513f2409f2
Step 51/94 : COPY hack/dockerfile/install/install.sh ./install.sh
 ---> Using cache
 ---> 44d7a12e27ce
Step 52/94 : COPY hack/dockerfile/install/$INSTALL_BINARY_NAME.installer ./
 ---> Using cache
 ---> 02c310353a12
Step 53/94 : RUN PREFIX=/build ./install.sh $INSTALL_BINARY_NAME
 ---> Using cache
 ---> ffc6326ef4da
Step 54/94 : FROM runtime-dev AS runc
 ---> 61d60c2b1d65
Step 55/94 : ENV INSTALL_BINARY_NAME=runc
 ---> Using cache
 ---> d602e5cd3926
Step 56/94 : COPY hack/dockerfile/install/install.sh ./install.sh
 ---> Using cache
 ---> 032dcbf3ccc0
Step 57/94 : COPY hack/dockerfile/install/$INSTALL_BINARY_NAME.installer ./
 ---> Using cache
 ---> 0b7df05fb77b
Step 58/94 : RUN PREFIX=/build ./install.sh $INSTALL_BINARY_NAME
 ---> Using cache
 ---> aa0f63cc14dd
Step 59/94 : FROM base AS tini
 ---> f2a9447b64b5
Step 60/94 : RUN apt-get update && apt-get install -y cmake vim-common
 ---> Using cache
 ---> 9244b09baad6
Step 61/94 : COPY hack/dockerfile/install/install.sh ./install.sh
 ---> Using cache
 ---> 5b6a6cfc1a1f
Step 62/94 : ENV INSTALL_BINARY_NAME=tini
 ---> Using cache
 ---> 9058480ee2f3
Step 63/94 : COPY hack/dockerfile/install/$INSTALL_BINARY_NAME.installer ./
 ---> Using cache
 ---> d75cbf61b04b
Step 64/94 : RUN PREFIX=/build ./install.sh $INSTALL_BINARY_NAME
 ---> Using cache
 ---> e8e55493409e
Step 65/94 : FROM runtime-dev AS dev
 ---> 61d60c2b1d65
Step 66/94 : RUN groupadd -r docker
 ---> Using cache
 ---> 3bfd46bf4d1a
Step 67/94 : RUN useradd --create-home --gid docker unprivilegeduser
 ---> Using cache
 ---> 6618d2748743
Step 68/94 : RUN ln -sfv /go/src/github.com/docker/docker/.bashrc ~/.bashrc
 ---> Using cache
 ---> 12151b6811d3
Step 69/94 : RUN echo "source /usr/share/bash-completion/bash_completion" >> /etc/bash.bashrc
 ---> Using cache
 ---> bb59231aacf3
Step 70/94 : RUN ln -s /usr/local/completion/bash/docker /etc/bash_completion.d/docker
 ---> Using cache
 ---> 18f77d00fe1e
Step 71/94 : RUN ldconfig
 ---> Using cache
 ---> 38ed93a80431
Step 72/94 : RUN apt-get update && apt-get install -y 	apparmor 	aufs-tools 	bash-completion 	btrfs-tools 	iptables 	jq 	libcap2-bin 	libdevmapper-dev 	libudev-dev 	libsystemd-dev 	binutils-mingw-w64 	g++-mingw-w64-x86-64 	net-tools 	pigz 	python-backports.ssl-match-hostname 	python-dev 	python-mock 	python-pip 	python-requests 	python-setuptools 	python-websocket 	python-wheel 	thin-provisioning-tools 	vim 	vim-common 	xfsprogs 	zip 	bzip2 	xz-utils 	--no-install-recommends
 ---> Using cache
 ---> 6cbd93ea2a20
Step 73/94 : COPY --from=swagger /build/swagger* /usr/local/bin/
 ---> Using cache
 ---> f3e096d20932
Step 74/94 : COPY --from=frozen-images /build/ /docker-frozen-images
 ---> Using cache
 ---> 0c71ed658230
Step 75/94 : COPY --from=gometalinter /build/ /usr/local/bin/
 ---> Using cache
 ---> 6e9b6528acde
Step 76/94 : COPY --from=tomlv /build/ /usr/local/bin/
 ---> Using cache
 ---> 1d8324b5246b
Step 77/94 : COPY --from=vndr /build/ /usr/local/bin/
 ---> Using cache
 ---> 273c2ea5722c
Step 78/94 : COPY --from=tini /build/ /usr/local/bin/
 ---> Using cache
 ---> d9e178675988
Step 79/94 : COPY --from=runc /build/ /usr/local/bin/
 ---> Using cache
 ---> 5a07fefdb1c5
Step 80/94 : COPY --from=containerd /build/ /usr/local/bin/
 ---> Using cache
 ---> ba0477b2248e
Step 81/94 : COPY --from=proxy /build/ /usr/local/bin/
 ---> Using cache
 ---> 4519f590003e
Step 82/94 : COPY --from=dockercli /build/ /usr/local/cli
 ---> Using cache
 ---> 5c9b43d2a103
Step 83/94 : COPY --from=registry /build/registry* /usr/local/bin/
 ---> Using cache
 ---> df171411050a
Step 84/94 : COPY --from=criu /build/ /usr/local/
 ---> Using cache
 ---> 7eeb5536f36b
Step 85/94 : COPY --from=docker-py /build/ /docker-py
 ---> 436834078f1f
Step 86/94 : RUN cd /docker-py 	&& pip install docker-pycreds==0.2.1 	&& pip install yamllint==1.5.0 	&& pip install -r test-requirements.txt
 ---> Running in d055bab84a4e
Collecting docker-pycreds==0.2.1
  Downloading https://files.pythonhosted.org/packages/ff/ec/14e976222468249cc50df4a031e5922581747b52dc96a0b1d5d73fee8f0e/docker_pycreds-0.2.1-py2.py3-none-any.whl
Requirement already satisfied: six>=1.4.0 in /usr/lib/python2.7/dist-packages (from docker-pycreds==0.2.1)
Installing collected packages: docker-pycreds
Successfully installed docker-pycreds-0.2.1
Collecting yamllint==1.5.0
  Downloading https://files.pythonhosted.org/packages/64/93/2a2e99b04f4a2f2adb26f4f543770310bf6303b3af492345c4a700d14f4e/yamllint-1.5.0-py2.py3-none-any.whl
Collecting pyyaml (from yamllint==1.5.0)
  Downloading https://files.pythonhosted.org/packages/9e/a3/1d13970c3f36777c583f136c136f804d70f500168edc1edea6daa7200769/PyYAML-3.13.tar.gz (270kB)
Building wheels for collected packages: pyyaml
  Running setup.py bdist_wheel for pyyaml: started
  Running setup.py bdist_wheel for pyyaml: finished with status 'done'
  Stored in directory: /root/.cache/pip/wheels/ad/da/0c/74eb680767247273e2cf2723482cb9c924fe70af57c334513f
Successfully built pyyaml
Installing collected packages: pyyaml, yamllint
Successfully installed pyyaml-3.13 yamllint-1.5.0
Ignoring flake8: markers 'python_version == "3.3"' don't match your environment
Ignoring pytest: markers 'python_version == "3.3"' don't match your environment
Ignoring pytest-cov: markers 'python_version == "3.3"' don't match your environment
Collecting coverage==4.5.2 (from -r test-requirements.txt (line 1))
  Downloading https://files.pythonhosted.org/packages/af/cf/e240715a50d64b0538a08a2be1ae4060fb25791e911cbe8fd2367b5deeaa/coverage-4.5.2-cp27-cp27mu-manylinux1_x86_64.whl (201kB)
Collecting flake8==3.6.0 (from -r test-requirements.txt (line 2))
  Downloading https://files.pythonhosted.org/packages/34/a6/49e2849a0e5464e1b5d621f63bc8453066f0f367bb3b744a33fca0bc1ddd/flake8-3.6.0-py2.py3-none-any.whl (68kB)
Collecting mock==1.0.1 (from -r test-requirements.txt (line 4))
  Downloading https://files.pythonhosted.org/packages/a2/52/7edcd94f0afb721a2d559a5b9aae8af4f8f2c79bc63fdbe8a8a6c9b23bbe/mock-1.0.1.tar.gz (818kB)
Collecting pytest==4.1.0 (from -r test-requirements.txt (line 6))
  Downloading https://files.pythonhosted.org/packages/95/6a/4122affe57eb3857874ef959a73f362e51b23812b96c92e073b16e1effd0/pytest-4.1.0-py2.py3-none-any.whl (215kB)
Collecting pytest-cov==2.6.1 (from -r test-requirements.txt (line 7))
  Downloading https://files.pythonhosted.org/packages/7d/b5/92f32674ab954f80499ac73347bfeb815545ea295439c12b0ef3ac8f0975/pytest_cov-2.6.1-py2.py3-none-any.whl
Collecting pytest-timeout==1.3.3 (from -r test-requirements.txt (line 9))
  Downloading https://files.pythonhosted.org/packages/58/92/f60ea2e27074d6f97c8aaf21e34d1f838eb623e4b8070680846c65318a10/pytest_timeout-1.3.3-py2.py3-none-any.whl
Collecting configparser; python_version < "3.2" (from flake8==3.6.0->-r test-requirements.txt (line 2))
  Downloading https://files.pythonhosted.org/packages/7c/69/c2ce7e91c89dc073eb1aa74c0621c3eefbffe8216b3f9af9d3885265c01c/configparser-3.5.0.tar.gz
Collecting pycodestyle<2.5.0,>=2.4.0 (from flake8==3.6.0->-r test-requirements.txt (line 2))
  Downloading https://files.pythonhosted.org/packages/e5/c6/ce130213489969aa58610042dff1d908c25c731c9575af6935c2dfad03aa/pycodestyle-2.4.0-py2.py3-none-any.whl (62kB)
Collecting mccabe<0.7.0,>=0.6.0 (from flake8==3.6.0->-r test-requirements.txt (line 2))
  Downloading https://files.pythonhosted.org/packages/87/89/479dc97e18549e21354893e4ee4ef36db1d237534982482c3681ee6e7b57/mccabe-0.6.1-py2.py3-none-any.whl
Collecting enum34; python_version < "3.4" (from flake8==3.6.0->-r test-requirements.txt (line 2))
  Downloading https://files.pythonhosted.org/packages/c5/db/e56e6b4bbac7c4a06de1c50de6fe1ef3810018ae11732a50f15f62c7d050/enum34-1.1.6-py2-none-any.whl
Collecting pyflakes<2.1.0,>=2.0.0 (from flake8==3.6.0->-r test-requirements.txt (line 2))
  Downloading https://files.pythonhosted.org/packages/44/98/af7a72c9a543b1487d92813c648cb9b9adfbc96faef5455d60f4439aa99b/pyflakes-2.0.0-py2.py3-none-any.whl (53kB)
Requirement already satisfied: setuptools>=30 in /usr/lib/python2.7/dist-packages (from flake8==3.6.0->-r test-requirements.txt (line 2))
Collecting attrs>=17.4.0 (from pytest==4.1.0->-r test-requirements.txt (line 6))
  Downloading https://files.pythonhosted.org/packages/3a/e1/5f9023cc983f1a628a8c2fd051ad19e76ff7b142a0faf329336f9a62a514/attrs-18.2.0-py2.py3-none-any.whl
Collecting more-itertools>=4.0.0 (from pytest==4.1.0->-r test-requirements.txt (line 6))
  Downloading https://files.pythonhosted.org/packages/2f/9d/dcfe59e213093695f108508af1214cf9cd95cc5489e46877ec5cb56369e5/more_itertools-5.0.0-py2-none-any.whl (52kB)
Collecting pathlib2>=2.2.0; python_version < "3.6" (from pytest==4.1.0->-r test-requirements.txt (line 6))
  Downloading https://files.pythonhosted.org/packages/2a/46/c696dcf1c7aad917b39b875acdc5451975e3a9b4890dca8329983201c97a/pathlib2-2.3.3-py2.py3-none-any.whl
Requirement already satisfied: six>=1.10.0 in /usr/lib/python2.7/dist-packages (from pytest==4.1.0->-r test-requirements.txt (line 6))
Collecting pluggy>=0.7 (from pytest==4.1.0->-r test-requirements.txt (line 6))
  Downloading https://files.pythonhosted.org/packages/2d/60/f58d9e8197f911f9405bf7e02227b43a2acc2c2f1a8cbb1be5ecf6bfd0b8/pluggy-0.8.1-py2.py3-none-any.whl
Collecting py>=1.5.0 (from pytest==4.1.0->-r test-requirements.txt (line 6))
  Downloading https://files.pythonhosted.org/packages/3e/c7/3da685ef117d42ac8d71af525208759742dd235f8094221fdaafcd3dba8f/py-1.7.0-py2.py3-none-any.whl (83kB)
Requirement already satisfied: funcsigs; python_version < "3.0" in /usr/lib/python2.7/dist-packages (from pytest==4.1.0->-r test-requirements.txt (line 6))
Collecting atomicwrites>=1.0 (from pytest==4.1.0->-r test-requirements.txt (line 6))
  Downloading https://files.pythonhosted.org/packages/3a/9a/9d878f8d885706e2530402de6417141129a943802c084238914fa6798d97/atomicwrites-1.2.1-py2.py3-none-any.whl
Collecting scandir; python_version < "3.5" (from pathlib2>=2.2.0; python_version < "3.6"->pytest==4.1.0->-r test-requirements.txt (line 6))
  Downloading https://files.pythonhosted.org/packages/16/2a/557af1181e6b4e30254d5a6163b18f5053791ca66e251e77ab08887e8fe3/scandir-1.9.0.tar.gz
Building wheels for collected packages: mock, configparser, scandir
  Running setup.py bdist_wheel for mock: started
  Running setup.py bdist_wheel for mock: finished with status 'done'
  Stored in directory: /root/.cache/pip/wheels/7e/72/92/744b532c779242b57aab4bcba80c312b30c069bbd60025e7e6
  Running setup.py bdist_wheel for configparser: started
  Running setup.py bdist_wheel for configparser: finished with status 'done'
  Stored in directory: /root/.cache/pip/wheels/a3/61/79/424ef897a2f3b14684a7de5d89e8600b460b89663e6ce9d17c
  Running setup.py bdist_wheel for scandir: started
  Running setup.py bdist_wheel for scandir: finished with status 'done'
  Stored in directory: /root/.cache/pip/wheels/f8/0f/92/c4c88ade5511836769f6cfa676ffe9661393a6a648cb173b8f
Successfully built mock configparser scandir
Installing collected packages: coverage, configparser, pycodestyle, mccabe, enum34, pyflakes, flake8, mock, attrs, more-itertools, scandir, pathlib2, pluggy, py, atomicwrites, pytest, pytest-cov, pytest-timeout
  Found existing installation: mock 2.0.0
    Not uninstalling mock at /usr/lib/python2.7/dist-packages, outside environment /usr
Successfully installed atomicwrites-1.2.1 attrs-18.2.0 configparser-3.5.0 coverage-4.5.2 enum34-1.1.6 flake8-3.6.0 mccabe-0.6.1 mock-1.0.1 more-itertools-5.0.0 pathlib2-2.3.3 pluggy-0.8.1 py-1.7.0 pycodestyle-2.4.0 pyflakes-2.0.0 pytest-4.1.0 pytest-cov-2.6.1 pytest-timeout-1.3.3 scandir-1.9.0
Removing intermediate container d055bab84a4e
 ---> c8ca6590ff33
Step 87/94 : ENV PATH=/usr/local/cli:$PATH
 ---> Running in bb85868f0e63
Removing intermediate container bb85868f0e63
 ---> 0c286eb5f062
Step 88/94 : ENV DOCKER_BUILDTAGS apparmor seccomp selinux
 ---> Running in 93a07ed6732c
Removing intermediate container 93a07ed6732c
 ---> e291c820fc74
Step 89/94 : ENV GOMETALINTER_OPTS="--deadline=2m"
 ---> Running in 00591a0a3376
Removing intermediate container 00591a0a3376
 ---> a608f49addbf
Step 90/94 : WORKDIR /go/src/github.com/docker/docker
 ---> Running in 0587c2b4035e
Removing intermediate container 0587c2b4035e
 ---> 9910dcd3fa13
Step 91/94 : VOLUME /var/lib/docker
 ---> Running in 4d6a105d7f4c
Removing intermediate container 4d6a105d7f4c
 ---> 3b3fcabba5c6
Step 92/94 : ENTRYPOINT ["hack/dind"]
 ---> Running in 079ad8bfb4a4
Removing intermediate container 079ad8bfb4a4
 ---> 2ae1a9a7c0a4
Step 93/94 : FROM dev AS final
 ---> 2ae1a9a7c0a4
Step 94/94 : COPY . /go/src/github.com/docker/docker
 ---> b40010d53955
Successfully built b40010d53955
Successfully tagged docker:e2e225e
Congratulations!  All commits are properly signed with the DCO!
Congratulations!  "./pkg/..." is safely isolated from internal code.
No api/types/ or api/swagger.yaml changes in diff.
Congratulations!  No testing.T found.
Congratulations!  All toml source files changed here have valid syntax.
Congratulations!  Changelog CHANGELOG.md is well-formed.
Congratulations!  Changelog CHANGELOG.md dates are in descending order.
Congratulations!  No new tests added to integration-cli.
?   	github.com/docker/docker/api	[no test files]
ok  	github.com/docker/docker/api/server	0.004s	coverage: 7.9% of statements
?   	github.com/docker/docker/api/server/backend/build	[no test files]
ok  	github.com/docker/docker/api/server/httputils	0.003s	coverage: 11.1% of statements
ok  	github.com/docker/docker/api/server/middleware	0.004s	coverage: 43.4% of statements
?   	github.com/docker/docker/api/server/router	[no test files]
?   	github.com/docker/docker/api/server/router/build	[no test files]
?   	github.com/docker/docker/api/server/router/checkpoint	[no test files]
?   	github.com/docker/docker/api/server/router/container	[no test files]
?   	github.com/docker/docker/api/server/router/debug	[no test files]
?   	github.com/docker/docker/api/server/router/distribution	[no test files]
?   	github.com/docker/docker/api/server/router/image	[no test files]
?   	github.com/docker/docker/api/server/router/network	[no test files]
?   	github.com/docker/docker/api/server/router/plugin	[no test files]
?   	github.com/docker/docker/api/server/router/session	[no test files]
?   	github.com/docker/docker/api/server/router/swarm	[no test files]
?   	github.com/docker/docker/api/server/router/system	[no test files]
?   	github.com/docker/docker/api/server/router/volume	[no test files]
?   	github.com/docker/docker/api/types	[no test files]
?   	github.com/docker/docker/api/types/backend	[no test files]
?   	github.com/docker/docker/api/types/blkiodev	[no test files]
?   	github.com/docker/docker/api/types/container	[no test files]
?   	github.com/docker/docker/api/types/events	[no test files]
ok  	github.com/docker/docker/api/types/filters	0.003s	coverage: 94.2% of statements
?   	github.com/docker/docker/api/types/image	[no test files]
?   	github.com/docker/docker/api/types/mount	[no test files]
?   	github.com/docker/docker/api/types/network	[no test files]
?   	github.com/docker/docker/api/types/plugins/logdriver	[no test files]
?   	github.com/docker/docker/api/types/registry	[no test files]
ok  	github.com/docker/docker/api/types/strslice	0.002s	coverage: 90.0% of statements
?   	github.com/docker/docker/api/types/swarm	[no test files]
?   	github.com/docker/docker/api/types/swarm/runtime	[no test files]
ok  	github.com/docker/docker/api/types/time	0.002s	coverage: 100.0% of statements
ok  	github.com/docker/docker/api/types/versions	0.002s	coverage: 75.0% of statements
?   	github.com/docker/docker/api/types/versions/v1p19	[no test files]
?   	github.com/docker/docker/api/types/versions/v1p20	[no test files]
?   	github.com/docker/docker/api/types/volume	[no test files]
?   	github.com/docker/docker/builder	[no test files]
?   	github.com/docker/docker/builder/builder-next	[no test files]
?   	github.com/docker/docker/builder/builder-next/adapters/containerimage	[no test files]
?   	github.com/docker/docker/builder/builder-next/adapters/snapshot	[no test files]
?   	github.com/docker/docker/builder/builder-next/exporter	[no test files]
?   	github.com/docker/docker/builder/builder-next/imagerefchecker	[no test files]
?   	github.com/docker/docker/builder/builder-next/worker	[no test files]
ok  	github.com/docker/docker/builder/dockerfile	0.380s	coverage: 45.4% of statements
ok  	github.com/docker/docker/builder/dockerignore	0.002s	coverage: 96.8% of statements
ok  	github.com/docker/docker/builder/fscache	0.111s	coverage: 69.2% of statements
ok  	github.com/docker/docker/builder/remotecontext	0.153s	coverage: 13.7% of statements
ok  	github.com/docker/docker/builder/remotecontext/git	0.603s	coverage: 78.8% of statements
?   	github.com/docker/docker/cli	[no test files]
?   	github.com/docker/docker/cli/config	[no test files]
ok  	github.com/docker/docker/cli/debug	0.002s	coverage: 100.0% of statements
ok  	github.com/docker/docker/client	0.097s	coverage: 75.6% of statements
ok  	github.com/docker/docker/cmd/dockerd	0.044s	coverage: 31.4% of statements
ok  	github.com/docker/docker/cmd/dockerd/hack	0.002s	coverage: 72.9% of statements
ok  	github.com/docker/docker/container	0.114s	coverage: 35.6% of statements
?   	github.com/docker/docker/container/stream	[no test files]
?   	github.com/docker/docker/contrib/apparmor	[no test files]
?   	github.com/docker/docker/contrib/docker-device-tool	[no test files]
?   	github.com/docker/docker/contrib/httpserver	[no test files]
ok  	github.com/docker/docker/daemon	12.126s	coverage: 17.1% of statements
ok  	github.com/docker/docker/daemon/cluster	0.032s	coverage: 0.5% of statements
ok  	github.com/docker/docker/daemon/cluster/controllers/plugin	0.009s	coverage: 65.3% of statements
ok  	github.com/docker/docker/daemon/cluster/convert	0.007s	coverage: 28.0% of statements
?   	github.com/docker/docker/daemon/cluster/executor	[no test files]
ok  	github.com/docker/docker/daemon/cluster/executor/container	3.436s	coverage: 12.7% of statements
?   	github.com/docker/docker/daemon/cluster/provider	[no test files]
ok  	github.com/docker/docker/daemon/config	0.043s	coverage: 84.8% of statements
ok  	github.com/docker/docker/daemon/discovery	0.004s	coverage: 30.4% of statements
ok  	github.com/docker/docker/daemon/events	0.057s	coverage: 50.0% of statements
?   	github.com/docker/docker/daemon/events/testutils	[no test files]
?   	github.com/docker/docker/daemon/exec	[no test files]
ok  	github.com/docker/docker/daemon/graphdriver	0.004s	coverage: 2.2% of statements
ok  	github.com/docker/docker/daemon/graphdriver/aufs	5.438s	coverage: 73.6% of statements
ok  	github.com/docker/docker/daemon/graphdriver/btrfs	0.005s	coverage: 2.9% of statements
ok  	github.com/docker/docker/daemon/graphdriver/copy	0.181s	coverage: 57.0% of statements
ok  	github.com/docker/docker/daemon/graphdriver/devmapper	2.294s	coverage: 45.9% of statements
?   	github.com/docker/docker/daemon/graphdriver/graphtest	[no test files]
ok  	github.com/docker/docker/daemon/graphdriver/overlay	0.752s	coverage: 50.8% of statements
ok  	github.com/docker/docker/daemon/graphdriver/overlay2	2.009s	coverage: 56.8% of statements
?   	github.com/docker/docker/daemon/graphdriver/overlayutils	[no test files]
ok  	github.com/docker/docker/daemon/graphdriver/quota	0.287s	coverage: 75.2% of statements
?   	github.com/docker/docker/daemon/graphdriver/register	[no test files]
ok  	github.com/docker/docker/daemon/graphdriver/vfs	0.006s	coverage: 70.5% of statements
ok  	github.com/docker/docker/daemon/graphdriver/zfs	0.005s	coverage: 3.0% of statements
ok  	github.com/docker/docker/daemon/images	0.010s	coverage: 4.9% of statements
?   	github.com/docker/docker/daemon/initlayer	[no test files]
ok  	github.com/docker/docker/daemon/links	0.002s	coverage: 93.0% of statements
?   	github.com/docker/docker/daemon/listeners	[no test files]
ok  	github.com/docker/docker/daemon/logger	0.219s	coverage: 43.7% of statements
ok  	github.com/docker/docker/daemon/logger/awslogs	0.114s	coverage: 78.6% of statements
?   	github.com/docker/docker/daemon/logger/fluentd	[no test files]
?   	github.com/docker/docker/daemon/logger/gcplogs	[no test files]
ok  	github.com/docker/docker/daemon/logger/gelf	0.005s	coverage: 68.2% of statements
ok  	github.com/docker/docker/daemon/logger/journald	0.004s	coverage: 26.2% of statements
ok  	github.com/docker/docker/daemon/logger/jsonfilelog	0.006s	coverage: 62.1% of statements
ok  	github.com/docker/docker/daemon/logger/jsonfilelog/jsonlog	0.004s	coverage: 88.3% of statements
ok  	github.com/docker/docker/daemon/logger/local	0.012s	coverage: 74.7% of statements
?   	github.com/docker/docker/daemon/logger/logentries	[no test files]
ok  	github.com/docker/docker/daemon/logger/loggerutils	0.008s	coverage: 18.6% of statements
ok  	github.com/docker/docker/daemon/logger/splunk	1.504s	coverage: 84.5% of statements
ok  	github.com/docker/docker/daemon/logger/syslog	0.004s	coverage: 47.8% of statements
ok  	github.com/docker/docker/daemon/logger/templates	0.002s	coverage: 8.3% of statements
?   	github.com/docker/docker/daemon/names	[no test files]
ok  	github.com/docker/docker/daemon/network	0.003s	coverage: 57.1% of statements
?   	github.com/docker/docker/daemon/stats	[no test files]
ok  	github.com/docker/docker/distribution	1.106s	coverage: 16.8% of statements
ok  	github.com/docker/docker/distribution/metadata	0.028s	coverage: 48.2% of statements
?   	github.com/docker/docker/distribution/utils	[no test files]
ok  	github.com/docker/docker/distribution/xfer	1.432s	coverage: 83.9% of statements
?   	github.com/docker/docker/dockerversion	[no test files]
ok  	github.com/docker/docker/errdefs	0.002s	coverage: 76.0% of statements
ok  	github.com/docker/docker/image	0.017s	coverage: 86.3% of statements
ok  	github.com/docker/docker/image/cache	0.006s	coverage: 19.2% of statements
?   	github.com/docker/docker/image/tarexport	[no test files]
ok  	github.com/docker/docker/image/v1	0.006s	coverage: 25.0% of statements
ok  	github.com/docker/docker/internal/procfs	0.003s	coverage: 78.4% of statements
?   	github.com/docker/docker/internal/test	[no test files]
?   	github.com/docker/docker/internal/test/daemon	[no test files]
?   	github.com/docker/docker/internal/test/environment	[no test files]
?   	github.com/docker/docker/internal/test/fakecontext	[no test files]
?   	github.com/docker/docker/internal/test/fakegit	[no test files]
?   	github.com/docker/docker/internal/test/fakestorage	[no test files]
?   	github.com/docker/docker/internal/test/fixtures/load	[no test files]
?   	github.com/docker/docker/internal/test/fixtures/plugin	[no test files]
?   	github.com/docker/docker/internal/test/fixtures/plugin/basic	[no test files]
?   	github.com/docker/docker/internal/test/registry	[no test files]
?   	github.com/docker/docker/internal/test/request	[no test files]
ok  	github.com/docker/docker/internal/testutil	0.003s	coverage: 62.5% of statements
ok  	github.com/docker/docker/layer	7.574s	coverage: 71.4% of statements
ok  	github.com/docker/docker/libcontainerd	0.028s	coverage: 3.4% of statements
?   	github.com/docker/docker/libcontainerd/supervisor	[no test files]
?   	github.com/docker/docker/oci	[no test files]
?   	github.com/docker/docker/oci/caps	[no test files]
ok  	github.com/docker/docker/opts	0.017s	coverage: 68.4% of statements
ok  	github.com/docker/docker/pkg/aaparser	0.002s	coverage: 50.0% of statements
ok  	github.com/docker/docker/pkg/archive	0.379s	coverage: 76.6% of statements
ok  	github.com/docker/docker/pkg/authorization	0.395s	coverage: 66.7% of statements
ok  	github.com/docker/docker/pkg/broadcaster	0.002s	coverage: 100.0% of statements
ok  	github.com/docker/docker/pkg/chrootarchive	2.827s	coverage: 37.0% of statements
?   	github.com/docker/docker/pkg/containerfs	[no test files]
?   	github.com/docker/docker/pkg/devicemapper	[no test files]
ok  	github.com/docker/docker/pkg/directory	0.003s	coverage: 80.0% of statements
ok  	github.com/docker/docker/pkg/discovery	0.005s	coverage: 58.3% of statements
ok  	github.com/docker/docker/pkg/discovery/file	0.003s	coverage: 92.9% of statements
ok  	github.com/docker/docker/pkg/discovery/kv	3.063s	coverage: 84.1% of statements
ok  	github.com/docker/docker/pkg/discovery/memory	0.003s	coverage: 92.3% of statements
ok  	github.com/docker/docker/pkg/discovery/nodes	0.004s	coverage: 93.8% of statements
ok  	github.com/docker/docker/pkg/dmesg	0.003s	coverage: 83.3% of statements
ok  	github.com/docker/docker/pkg/filenotify	0.603s	coverage: 66.3% of statements
ok  	github.com/docker/docker/pkg/fileutils	0.006s	coverage: 89.5% of statements
ok  	github.com/docker/docker/pkg/fsutils	0.161s	coverage: 85.1% of statements
ok  	github.com/docker/docker/pkg/homedir	0.003s	coverage: 41.7% of statements
ok  	github.com/docker/docker/pkg/idtools	0.288s	coverage: 70.2% of statements
ok  	github.com/docker/docker/pkg/ioutils	0.386s	coverage: 69.1% of statements
ok  	github.com/docker/docker/pkg/jsonmessage	0.004s	coverage: 88.3% of statements
ok  	github.com/docker/docker/pkg/locker	0.011s	coverage: 88.9% of statements
ok  	github.com/docker/docker/pkg/longpath	0.002s	coverage: 100.0% of statements
?   	github.com/docker/docker/pkg/loopback	[no test files]
ok  	github.com/docker/docker/pkg/mount	0.484s	coverage: 68.6% of statements
ok  	github.com/docker/docker/pkg/namesgenerator	0.002s	coverage: 85.7% of statements
?   	github.com/docker/docker/pkg/namesgenerator/cmd/names-generator	[no test files]
ok  	github.com/docker/docker/pkg/parsers	0.002s	coverage: 97.0% of statements
ok  	github.com/docker/docker/pkg/parsers/kernel	0.002s	coverage: 60.0% of statements
ok  	github.com/docker/docker/pkg/parsers/operatingsystem	0.002s	coverage: 90.0% of statements
ok  	github.com/docker/docker/pkg/pidfile	0.002s	coverage: 82.4% of statements
?   	github.com/docker/docker/pkg/platform	[no test files]
?   	github.com/docker/docker/pkg/plugingetter	[no test files]
ok  	github.com/docker/docker/pkg/plugins	33.618s	coverage: 76.8% of statements
ok  	github.com/docker/docker/pkg/plugins/pluginrpc-gen	0.008s	coverage: 56.8% of statements
?   	github.com/docker/docker/pkg/plugins/pluginrpc-gen/fixtures	[no test files]
?   	github.com/docker/docker/pkg/plugins/pluginrpc-gen/fixtures/otherfixture	[no test files]
ok  	github.com/docker/docker/pkg/plugins/transport	0.003s	coverage: 85.7% of statements
ok  	github.com/docker/docker/pkg/pools	0.002s	coverage: 87.9% of statements
ok  	github.com/docker/docker/pkg/progress	0.002s	coverage: 75.9% of statements
ok  	github.com/docker/docker/pkg/pubsub	1.037s	coverage: 72.7% of statements
ok  	github.com/docker/docker/pkg/reexec	0.008s	coverage: 82.4% of statements
ok  	github.com/docker/docker/pkg/signal	2.387s	coverage: 61.0% of statements
?   	github.com/docker/docker/pkg/signal/testfiles	[no test files]
ok  	github.com/docker/docker/pkg/stdcopy	0.003s	coverage: 100.0% of statements
ok  	github.com/docker/docker/pkg/streamformatter	0.003s	coverage: 66.2% of statements
ok  	github.com/docker/docker/pkg/stringid	0.002s	coverage: 80.0% of statements
ok  	github.com/docker/docker/pkg/symlink	0.007s	coverage: 87.7% of statements
ok  	github.com/docker/docker/pkg/sysinfo	0.004s	coverage: 75.8% of statements
ok  	github.com/docker/docker/pkg/system	0.019s	coverage: 36.1% of statements
ok  	github.com/docker/docker/pkg/tailfile	0.018s	coverage: 88.6% of statements
ok  	github.com/docker/docker/pkg/tarsum	0.047s	coverage: 89.3% of statements
ok  	github.com/docker/docker/pkg/term	0.003s	coverage: 84.8% of statements
ok  	github.com/docker/docker/pkg/term/windows	0.002s	coverage: 0.0% of statements [no tests to run]
ok  	github.com/docker/docker/pkg/truncindex	0.102s	coverage: 91.5% of statements
ok  	github.com/docker/docker/pkg/urlutil	0.002s	coverage: 100.0% of statements
ok  	github.com/docker/docker/pkg/useragent	0.002s	coverage: 88.9% of statements
ok  	github.com/docker/docker/plugin	0.525s	coverage: 27.3% of statements
ok  	github.com/docker/docker/plugin/executor/containerd	0.007s	coverage: 33.3% of statements
ok  	github.com/docker/docker/plugin/v2	0.003s	coverage: 14.5% of statements
?   	github.com/docker/docker/profiles/apparmor	[no test files]
ok  	github.com/docker/docker/profiles/seccomp	0.004s	coverage: 79.4% of statements
ok  	github.com/docker/docker/reference	0.006s	coverage: 84.4% of statements
ok  	github.com/docker/docker/registry	0.108s	coverage: 57.0% of statements
ok  	github.com/docker/docker/registry/resumable	0.017s	coverage: 100.0% of statements
ok  	github.com/docker/docker/restartmanager	0.002s	coverage: 49.0% of statements
ok  	github.com/docker/docker/runconfig	0.007s	coverage: 68.2% of statements
?   	github.com/docker/docker/runconfig/opts	[no test files]
?   	github.com/docker/docker/volume	[no test files]
ok  	github.com/docker/docker/volume/drivers	0.006s	coverage: 36.1% of statements
ok  	github.com/docker/docker/volume/local	0.018s	coverage: 73.0% of statements
ok  	github.com/docker/docker/volume/mounts	0.026s	coverage: 66.8% of statements
ok  	github.com/docker/docker/volume/service	0.015s	coverage: 73.0% of statements
?   	github.com/docker/docker/volume/service/opts	[no test files]
?   	github.com/docker/docker/volume/testutils	[no test files]

  _____          _
 / ____|        | |
| |     ___   __| | ___  ___ _____   __
| |    / _ \ / _` |/ _ \/ __/ _ \ \ / /
| |___| (_) | (_| |  __/ (_| (_) \ V /
 \_____\___/ \__,_|\___|\___\___/ \_/
                              Bash-8a28df4


x> No CI provider detected.
    Testing inside Docker? http://docs.codecov.io/docs/testing-with-docker
    Testing with Tox? https://docs.codecov.io/docs/python#section-testing-with-tox
    project root: .
--> token set from env
    Yaml found at: codecov.yml
    -> Found 1 reports
==> Detecting git/mercurial file structure
==> Reading reports
    + coverage.txt bytes=1668853
==> Appending adjustments
    http://docs.codecov.io/docs/fixing-reports
    + Found adjustments
==> Gzipping contents
==> Uploading reports
    url: https://codecov.io
    query: branch=&commit=5acebde584de88e9bfa9227d2b3535ed0a76a6fa&build=&build_url=&name=&tag=&slug=moby%2Fmoby&service=&flags=&pr=&job=
    -> Pinging Codecov
https://codecov.io/upload/v4?package=bash-8a28df4&token=e6d53b86-8efe-4b59-adb0-c205a735b39e&branch=&commit=5acebde584de88e9bfa9227d2b3535ed0a76a6fa&build=&build_url=&name=&tag=&slug=moby%2Fmoby&service=&flags=&pr=&job=
    -> Uploading
    -> View reports at https://codecov.io/github/moby/moby/commit/5acebde584de88e9bfa9227d2b3535ed0a76a6fa

Removing bundles/

---> Making bundle: binary-daemon (in bundles/binary-daemon)
Building: bundles/binary-daemon/dockerd-dev
Created binary: bundles/binary-daemon/dockerd-dev
Copying nested executables into bundles/binary-daemon

---> Making bundle: dynbinary (in bundles/dynbinary)
Building: bundles/dynbinary-daemon/dockerd-dev
Created binary: bundles/dynbinary-daemon/dockerd-dev

---> Making bundle: test-docker-py (in bundles/test-docker-py)
---> Making bundle: .integration-daemon-start (in bundles/test-docker-py)
Using test binary docker
/etc/init.d/apparmor: 130: /etc/init.d/apparmor: systemd-detect-virt: not found
Starting AppArmor profiles:Warning from stdin (line 1): /sbin/apparmor_parser: cannot use or update cache, disable, or force-complain via stdin
Warning failed to create cache: (null)
.
INFO: Waiting for daemon to start...
Starting dockerd
.
ImportError while loading conftest '/docker-py/tests/integration/conftest.py'.
/usr/lib/python2.7/dist-packages/six.py:699: in exec_
    exec("""exec _code_ in _globs_, _locs_""")
/docker-py/tests/integration/conftest.py:10: in <module>
    from .base import BUSYBOX
/docker-py/tests/integration/base.py:8: in <module>
    from .. import helpers
/docker-py/tests/helpers.py:13: in <module>
    import paramiko
E   ImportError: No module named paramiko
/tmp/jenkins5990032900036133714.sh: line 26:  8554 Terminated              docker run --rm -t --privileged -v "$WORKSPACE/bundles:/go/src/github.com/docker/docker/bundles" -v "$WORKSPACE/.git:/go/src/github.com/docker/docker/.git" --name docker-pr$BUILD_NUMBER -e DOCKER_GITCOMMIT=${GITCOMMIT} -e DOCKER_GRAPHDRIVER=vfs -e DOCKER_EXECDRIVER=native -e CODECOV_TOKEN -e GIT_SHA1 docker:$GITCOMMIT hack/ci/janky
Set build name.
New build name is '#38524'
Build was aborted
Aborted by Gordon
[PostBuildScript] - Executing post build scripts.
[Docker-PRs] $ /bin/sh -xe /tmp/jenkins4037971343731171326.sh
+ echo Ensuring container killed.
Ensuring container killed.
+ docker rm -vf docker-pr52489
docker-pr52489
+ echo Chowning /workspace to jenkins user
Chowning /workspace to jenkins user
+ id -u
+ id -g
+ docker run --rm -v /home/ubuntu/workspace/Docker-PRs:/workspace busybox chown -R 1000:1000 /workspace
[Docker-PRs] $ /bin/sh -xe /tmp/jenkins6752380308825936945.sh
+ echo Creating bundles.tar.gz
Creating bundles.tar.gz
+ xargs tar -czf bundles.tar.gz
+ find bundles -name *.log -o -name *.prof -o -name integration.test
Archiving artifacts
Notifying endpoint with url 'https://leeroy.dockerproject.org/notification/jenkins'
[WS-CLEANUP] Deleting project workspace...[WS-CLEANUP] done
Finished: ABORTED
