Started by user Gordon
Notifying endpoint with url 'https://leeroy.dockerproject.org/notification/jenkins'
[EnvInject] - Loading node environment variables.
Building remotely on ubuntu-1604-aufs-stable (i-00f0d67bd85b448a2) (docker-edge ubuntu aufs docker-stable docker ubuntu-1604-aufs-edge x86_64 ec2 linux ubuntu-1604-aufs ubuntu-1604 amd64 ubuntu-1604-aufs-stable us-west-2) in workspace /home/ubuntu/workspace/Docker-PRs-experimental
Wiping out workspace first.
Cloning the remote Git repository
Cloning repository https://github.com/moby/moby.git
 > git init /home/ubuntu/workspace/Docker-PRs-experimental # timeout=10
Fetching upstream changes from https://github.com/moby/moby.git
 > git --version # timeout=10
 > git fetch --tags --progress https://github.com/moby/moby.git +refs/heads/*:refs/remotes/origin/*
 > git config remote.origin.url https://github.com/moby/moby.git # timeout=10
 > git config --add remote.origin.fetch +refs/heads/*:refs/remotes/origin/* # timeout=10
 > git config remote.origin.url https://github.com/moby/moby.git # timeout=10
Fetching upstream changes from https://github.com/moby/moby.git
 > git fetch --tags --progress https://github.com/moby/moby.git +refs/heads/*:refs/remotes/origin/*
 > git rev-parse origin/master^{commit} # timeout=10
Checking out Revision e0e9942dc5466884e7b2ef5c509a9dab33c4a01a (origin/master)
 > git config core.sparsecheckout # timeout=10
 > git checkout -f e0e9942dc5466884e7b2ef5c509a9dab33c4a01a
Commit message: "Merge pull request #38419 from thaJeztah/fix_nuke_everything"
 > git rev-list --no-walk e0e9942dc5466884e7b2ef5c509a9dab33c4a01a # timeout=10
Set build name.
New build name is '#38410'
[Docker-PRs-experimental] $ /bin/bash /tmp/jenkins8313536279417750823.sh
From https://github.com/moby/moby
 * [new ref]         refs/pull/38410/head -> origin/pr/38410
Auto-merging hack/ci/windows.ps1
Merge made by the 'recursive' strategy.
 Dockerfile.windows  | 120 +++++++++++++++-------------------------------------
 hack/ci/windows.ps1 |  33 +++++++--------
 2 files changed, 48 insertions(+), 105 deletions(-)
Sending build context to Docker daemon  45.09MB
Step 1/94 : FROM golang:1.11.4 AS base
 ---> 343df9d12b7b
Step 2/94 : ARG APT_MIRROR=deb.debian.org
 ---> Using cache
 ---> b3c27ea27d57
Step 3/94 : RUN sed -ri "s/(httpredir|deb).debian.org/$APT_MIRROR/g" /etc/apt/sources.list
 ---> Using cache
 ---> 9392bd224a0c
Step 4/94 : FROM base AS criu
 ---> 9392bd224a0c
Step 5/94 : ENV CRIU_VERSION 3.6
 ---> Using cache
 ---> 7fcd8068e3d1
Step 6/94 : RUN apt-get update && apt-get install -y 	libnet-dev 	libprotobuf-c0-dev 	libprotobuf-dev 	libnl-3-dev 	libcap-dev 	protobuf-compiler 	protobuf-c-compiler 	python-protobuf 	&& mkdir -p /usr/src/criu 	&& curl -sSL https://github.com/checkpoint-restore/criu/archive/v${CRIU_VERSION}.tar.gz | tar -C /usr/src/criu/ -xz --strip-components=1 	&& cd /usr/src/criu 	&& make 	&& make PREFIX=/build/ install-criu
 ---> Using cache
 ---> a5a9b0614964
Step 7/94 : FROM base AS registry
 ---> 9392bd224a0c
Step 8/94 : ENV REGISTRY_COMMIT_SCHEMA1 ec87e9b6971d831f0eff752ddb54fb64693e51cd
 ---> Using cache
 ---> b64642c4f414
Step 9/94 : ENV REGISTRY_COMMIT 47a064d4195a9b56133891bbb13620c3ac83a827
 ---> Using cache
 ---> 3dbb12c18c41
Step 10/94 : RUN set -x 	&& export GOPATH="$(mktemp -d)" 	&& git clone https://github.com/docker/distribution.git "$GOPATH/src/github.com/docker/distribution" 	&& (cd "$GOPATH/src/github.com/docker/distribution" && git checkout -q "$REGISTRY_COMMIT") 	&& GOPATH="$GOPATH/src/github.com/docker/distribution/Godeps/_workspace:$GOPATH" 		go build -buildmode=pie -o /build/registry-v2 github.com/docker/distribution/cmd/registry 	&& case $(dpkg --print-architecture) in 		amd64|ppc64*|s390x) 		(cd "$GOPATH/src/github.com/docker/distribution" && git checkout -q "$REGISTRY_COMMIT_SCHEMA1"); 		GOPATH="$GOPATH/src/github.com/docker/distribution/Godeps/_workspace:$GOPATH"; 			go build -buildmode=pie -o /build/registry-v2-schema1 github.com/docker/distribution/cmd/registry; 		;; 	   esac 	&& rm -rf "$GOPATH"
 ---> Using cache
 ---> 4bd3ef16f6a5
Step 11/94 : FROM base AS docker-py
 ---> 9392bd224a0c
Step 12/94 : ENV DOCKER_PY_COMMIT 8b246db271a85d6541dc458838627e89c683e42f
 ---> Using cache
 ---> 506cd00d8469
Step 13/94 : RUN git clone https://github.com/docker/docker-py.git /build 	&& cd /build 	&& git checkout -q $DOCKER_PY_COMMIT
 ---> Using cache
 ---> dd2963ca0daa
Step 14/94 : FROM base AS swagger
 ---> 9392bd224a0c
Step 15/94 : ENV GO_SWAGGER_COMMIT c28258affb0b6251755d92489ef685af8d4ff3eb
 ---> Using cache
 ---> 545514ea7b70
Step 16/94 : RUN set -x 	&& export GOPATH="$(mktemp -d)" 	&& git clone https://github.com/go-swagger/go-swagger.git "$GOPATH/src/github.com/go-swagger/go-swagger" 	&& (cd "$GOPATH/src/github.com/go-swagger/go-swagger" && git checkout -q "$GO_SWAGGER_COMMIT") 	&& go build -o /build/swagger github.com/go-swagger/go-swagger/cmd/swagger 	&& rm -rf "$GOPATH"
 ---> Using cache
 ---> 9fe67fd5d139
Step 17/94 : FROM base AS frozen-images
 ---> 9392bd224a0c
Step 18/94 : RUN apt-get update && apt-get install -y jq ca-certificates --no-install-recommends
 ---> Using cache
 ---> b60d098af986
Step 19/94 : COPY contrib/download-frozen-image-v2.sh /
 ---> Using cache
 ---> 017e2f55bc05
Step 20/94 : RUN /download-frozen-image-v2.sh /build 	buildpack-deps:jessie@sha256:dd86dced7c9cd2a724e779730f0a53f93b7ef42228d4344b25ce9a42a1486251 	busybox:latest@sha256:bbc3a03235220b170ba48a157dd097dd1379299370e1ed99ce976df0355d24f0 	busybox:glibc@sha256:0b55a30394294ab23b9afd58fab94e61a923f5834fba7ddbae7f8e0c11ba85e6 	debian:jessie@sha256:287a20c5f73087ab406e6b364833e3fb7b3ae63ca0eb3486555dc27ed32c6e60 	hello-world:latest@sha256:be0cd392e45be79ffeffa6b05338b98ebb16c87b255f48e297ec7f98e123905c
 ---> Using cache
 ---> 994dc9e5eeee
Step 21/94 : FROM base AS runtime-dev
 ---> 9392bd224a0c
Step 22/94 : RUN apt-get update && apt-get install -y 	libapparmor-dev 	libseccomp-dev
 ---> Using cache
 ---> 1a2487717a77
Step 23/94 : FROM base AS tomlv
 ---> 9392bd224a0c
Step 24/94 : ENV INSTALL_BINARY_NAME=tomlv
 ---> Using cache
 ---> f03ad42dea2f
Step 25/94 : COPY hack/dockerfile/install/install.sh ./install.sh
 ---> Using cache
 ---> 374cccbb1616
Step 26/94 : COPY hack/dockerfile/install/$INSTALL_BINARY_NAME.installer ./
 ---> Using cache
 ---> 9987f7854746
Step 27/94 : RUN PREFIX=/build ./install.sh $INSTALL_BINARY_NAME
 ---> Using cache
 ---> 0ef5e1a334d3
Step 28/94 : FROM base AS vndr
 ---> 9392bd224a0c
Step 29/94 : ENV INSTALL_BINARY_NAME=vndr
 ---> Using cache
 ---> fce65856226c
Step 30/94 : COPY hack/dockerfile/install/install.sh ./install.sh
 ---> Using cache
 ---> 884baf2e7ce8
Step 31/94 : COPY hack/dockerfile/install/$INSTALL_BINARY_NAME.installer ./
 ---> Using cache
 ---> 5c4af818ba03
Step 32/94 : RUN PREFIX=/build ./install.sh $INSTALL_BINARY_NAME
 ---> Using cache
 ---> 935cf8ebef4c
Step 33/94 : FROM base AS containerd
 ---> 9392bd224a0c
Step 34/94 : RUN apt-get update && apt-get install -y btrfs-tools
 ---> Using cache
 ---> 93411a686077
Step 35/94 : ENV INSTALL_BINARY_NAME=containerd
 ---> Using cache
 ---> f07d5e540018
Step 36/94 : COPY hack/dockerfile/install/install.sh ./install.sh
 ---> Using cache
 ---> fe21990f2731
Step 37/94 : COPY hack/dockerfile/install/$INSTALL_BINARY_NAME.installer ./
 ---> Using cache
 ---> 8c28415734fd
Step 38/94 : RUN PREFIX=/build ./install.sh $INSTALL_BINARY_NAME
 ---> Using cache
 ---> 9f40f36912a7
Step 39/94 : FROM base AS proxy
 ---> 9392bd224a0c
Step 40/94 : ENV INSTALL_BINARY_NAME=proxy
 ---> Using cache
 ---> 0cdbc5886a4c
Step 41/94 : COPY hack/dockerfile/install/install.sh ./install.sh
 ---> Using cache
 ---> 5faa11125f45
Step 42/94 : COPY hack/dockerfile/install/$INSTALL_BINARY_NAME.installer ./
 ---> Using cache
 ---> 2b8845119243
Step 43/94 : RUN PREFIX=/build ./install.sh $INSTALL_BINARY_NAME
 ---> Using cache
 ---> eeccc51b7310
Step 44/94 : FROM base AS gometalinter
 ---> 9392bd224a0c
Step 45/94 : ENV INSTALL_BINARY_NAME=gometalinter
 ---> Using cache
 ---> 712f46fd4ed2
Step 46/94 : COPY hack/dockerfile/install/install.sh ./install.sh
 ---> Using cache
 ---> bf53398f3e47
Step 47/94 : COPY hack/dockerfile/install/$INSTALL_BINARY_NAME.installer ./
 ---> Using cache
 ---> bf980302e75d
Step 48/94 : RUN PREFIX=/build ./install.sh $INSTALL_BINARY_NAME
 ---> Using cache
 ---> b9962dc5b2d1
Step 49/94 : FROM base AS dockercli
 ---> 9392bd224a0c
Step 50/94 : ENV INSTALL_BINARY_NAME=dockercli
 ---> Using cache
 ---> 00bbf6beeb97
Step 51/94 : COPY hack/dockerfile/install/install.sh ./install.sh
 ---> Using cache
 ---> 7c2282118d15
Step 52/94 : COPY hack/dockerfile/install/$INSTALL_BINARY_NAME.installer ./
 ---> Using cache
 ---> c2473ec16422
Step 53/94 : RUN PREFIX=/build ./install.sh $INSTALL_BINARY_NAME
 ---> Using cache
 ---> 6dfabb2da092
Step 54/94 : FROM runtime-dev AS runc
 ---> 1a2487717a77
Step 55/94 : ENV INSTALL_BINARY_NAME=runc
 ---> Using cache
 ---> 421b3cfdda15
Step 56/94 : COPY hack/dockerfile/install/install.sh ./install.sh
 ---> Using cache
 ---> 2841710bb35a
Step 57/94 : COPY hack/dockerfile/install/$INSTALL_BINARY_NAME.installer ./
 ---> Using cache
 ---> eebe08ea3292
Step 58/94 : RUN PREFIX=/build ./install.sh $INSTALL_BINARY_NAME
 ---> Using cache
 ---> 276e45b3c71f
Step 59/94 : FROM base AS tini
 ---> 9392bd224a0c
Step 60/94 : RUN apt-get update && apt-get install -y cmake vim-common
 ---> Using cache
 ---> fff219bcc338
Step 61/94 : COPY hack/dockerfile/install/install.sh ./install.sh
 ---> Using cache
 ---> 3f245fb982cb
Step 62/94 : ENV INSTALL_BINARY_NAME=tini
 ---> Using cache
 ---> 1b24a9cdd951
Step 63/94 : COPY hack/dockerfile/install/$INSTALL_BINARY_NAME.installer ./
 ---> Using cache
 ---> 48e7f8c2ede1
Step 64/94 : RUN PREFIX=/build ./install.sh $INSTALL_BINARY_NAME
 ---> Using cache
 ---> 4a81f9a21d2f
Step 65/94 : FROM runtime-dev AS dev
 ---> 1a2487717a77
Step 66/94 : RUN groupadd -r docker
 ---> Using cache
 ---> 919193086d89
Step 67/94 : RUN useradd --create-home --gid docker unprivilegeduser
 ---> Using cache
 ---> fdff543ada41
Step 68/94 : RUN ln -sfv /go/src/github.com/docker/docker/.bashrc ~/.bashrc
 ---> Using cache
 ---> b7ac35f033d9
Step 69/94 : RUN echo "source /usr/share/bash-completion/bash_completion" >> /etc/bash.bashrc
 ---> Using cache
 ---> 6459c5fa197e
Step 70/94 : RUN ln -s /usr/local/completion/bash/docker /etc/bash_completion.d/docker
 ---> Using cache
 ---> 98fe38b20a87
Step 71/94 : RUN ldconfig
 ---> Using cache
 ---> f35ca24683e7
Step 72/94 : RUN apt-get update && apt-get install -y 	apparmor 	aufs-tools 	bash-completion 	btrfs-tools 	iptables 	jq 	libcap2-bin 	libdevmapper-dev 	libudev-dev 	libsystemd-dev 	binutils-mingw-w64 	g++-mingw-w64-x86-64 	net-tools 	pigz 	python-backports.ssl-match-hostname 	python-dev 	python-mock 	python-pip 	python-requests 	python-setuptools 	python-websocket 	python-wheel 	thin-provisioning-tools 	vim 	vim-common 	xfsprogs 	zip 	bzip2 	xz-utils 	--no-install-recommends
 ---> Using cache
 ---> 0913ba75c52b
Step 73/94 : COPY --from=swagger /build/swagger* /usr/local/bin/
 ---> Using cache
 ---> b44d4f2ed446
Step 74/94 : COPY --from=frozen-images /build/ /docker-frozen-images
 ---> Using cache
 ---> ccba42019e61
Step 75/94 : COPY --from=gometalinter /build/ /usr/local/bin/
 ---> Using cache
 ---> 63fe8b94e354
Step 76/94 : COPY --from=tomlv /build/ /usr/local/bin/
 ---> Using cache
 ---> e36296426fc6
Step 77/94 : COPY --from=vndr /build/ /usr/local/bin/
 ---> Using cache
 ---> 12a553b861ae
Step 78/94 : COPY --from=tini /build/ /usr/local/bin/
 ---> Using cache
 ---> a8259a95c2a0
Step 79/94 : COPY --from=runc /build/ /usr/local/bin/
 ---> Using cache
 ---> 70fe740e7e96
Step 80/94 : COPY --from=containerd /build/ /usr/local/bin/
 ---> Using cache
 ---> bc64266071fc
Step 81/94 : COPY --from=proxy /build/ /usr/local/bin/
 ---> Using cache
 ---> da53b0b3c10c
Step 82/94 : COPY --from=dockercli /build/ /usr/local/cli
 ---> Using cache
 ---> 7ee997c63bfc
Step 83/94 : COPY --from=registry /build/registry* /usr/local/bin/
 ---> Using cache
 ---> cb7db3e2cfc4
Step 84/94 : COPY --from=criu /build/ /usr/local/
 ---> Using cache
 ---> 1bdd5ba04a2b
Step 85/94 : COPY --from=docker-py /build/ /docker-py
 ---> Using cache
 ---> 723f5fd06528
Step 86/94 : RUN cd /docker-py 	&& pip install docker-pycreds==0.2.1 	&& pip install yamllint==1.5.0 	&& pip install -r test-requirements.txt
 ---> Using cache
 ---> a38cd394a335
Step 87/94 : ENV PATH=/usr/local/cli:$PATH
 ---> Using cache
 ---> 55c88fa7ad4d
Step 88/94 : ENV DOCKER_BUILDTAGS apparmor seccomp selinux
 ---> Using cache
 ---> a8f53b2cc4dd
Step 89/94 : ENV GOMETALINTER_OPTS="--deadline=2m"
 ---> Using cache
 ---> 98aa99cd51dd
Step 90/94 : WORKDIR /go/src/github.com/docker/docker
 ---> Using cache
 ---> 0771d9866296
Step 91/94 : VOLUME /var/lib/docker
 ---> Using cache
 ---> f7af7a0be689
Step 92/94 : ENTRYPOINT ["hack/dind"]
 ---> Using cache
 ---> 0cd24d6ac89d
Step 93/94 : FROM dev AS final
 ---> 0cd24d6ac89d
Step 94/94 : COPY . /go/src/github.com/docker/docker
 ---> 7a24c125fa38
Successfully built 7a24c125fa38
Successfully tagged docker:514c2c0-exp

Removing bundles/

---> Making bundle: binary-daemon (in bundles/binary-daemon)
Building: bundles/binary-daemon/dockerd-dev
Created binary: bundles/binary-daemon/dockerd-dev
Copying nested executables into bundles/binary-daemon

---> Making bundle: test-integration (in bundles/test-integration)
Building test suite binary ./integration-cli/test.main
Building test suite binary ./integration/plugin/test.main
Building test suite binary ./integration/plugin/authz/test.main
Building test suite binary ./integration/plugin/logging/test.main
Building test suite binary ./integration/plugin/logging/cmd/test.main
Building test suite binary ./integration/plugin/logging/cmd/close_on_start/test.main
Building test suite binary ./integration/plugin/logging/cmd/dummy/test.main
Building test suite binary ./integration/plugin/common/test.main
Building test suite binary ./integration/plugin/volumes/test.main
Building test suite binary ./integration/plugin/volumes/cmd/test.main
Building test suite binary ./integration/plugin/volumes/cmd/dummy/test.main
Building test suite binary ./integration/plugin/graphdriver/test.main
Building test suite binary ./integration/config/test.main
Building test suite binary ./integration/service/test.main
Building test suite binary ./integration/network/test.main
Building test suite binary ./integration/network/ipvlan/test.main
Building test suite binary ./integration/network/macvlan/test.main
Building test suite binary ./integration/secret/test.main
Building test suite binary ./integration/session/test.main
Building test suite binary ./integration/container/test.main
Building test suite binary ./integration/build/test.main
Building test suite binary ./integration/volume/test.main
Building test suite binary ./integration/system/test.main
Building test suite binary ./integration/image/test.main
---> Making bundle: .integration-daemon-start (in bundles/test-integration)
Using test binary docker
# DOCKER_EXPERIMENTAL is set: starting daemon with experimental features enabled! 
/etc/init.d/apparmor: 130: /etc/init.d/apparmor: systemd-detect-virt: not found
Starting AppArmor profiles:Warning from stdin (line 1): /sbin/apparmor_parser: cannot use or update cache, disable, or force-complain via stdin
Warning failed to create cache: (null)
.
INFO: Waiting for daemon to start...
Starting dockerd
.
---> Making bundle: .integration-daemon-setup (in bundles/test-integration)
---> Making bundle: .ensure-emptyfs (in bundles/test-integration)
Error: No such image: emptyfs
Running integration-test (iteration 1)
Running /go/src/github.com/docker/docker/integration/plugin
testing: warning: no tests to run
PASS
Running /go/src/github.com/docker/docker/integration/plugin/authz
Loaded image: buildpack-deps:jessie
Loaded image: busybox:latest
Loaded image: busybox:glibc
Loaded image: debian:jessie
Loaded image: hello-world:latest
INFO: Testing against a local daemon
=== RUN   TestAuthZPluginAllowRequest
--- PASS: TestAuthZPluginAllowRequest (2.83s)
    daemon.go:296: [d1b8aa70f03b6] waiting for daemon to start
    daemon.go:328: [d1b8aa70f03b6] daemon started
    daemon.go:283: [d1b8aa70f03b6] exiting daemon
=== RUN   TestAuthZPluginTLS
--- PASS: TestAuthZPluginTLS (0.53s)
    daemon.go:296: [d1bec9d96386f] waiting for daemon to start
    daemon.go:328: [d1bec9d96386f] daemon started
    daemon.go:283: [d1bec9d96386f] exiting daemon
=== RUN   TestAuthZPluginDenyRequest
--- PASS: TestAuthZPluginDenyRequest (0.52s)
    daemon.go:296: [de3741b7503b3] waiting for daemon to start
    daemon.go:328: [de3741b7503b3] daemon started
    daemon.go:283: [de3741b7503b3] exiting daemon
=== RUN   TestAuthZPluginAPIDenyResponse
--- PASS: TestAuthZPluginAPIDenyResponse (0.52s)
    daemon.go:296: [dc59a53f9b4e6] waiting for daemon to start
    daemon.go:328: [dc59a53f9b4e6] daemon started
    daemon.go:283: [dc59a53f9b4e6] exiting daemon
=== RUN   TestAuthZPluginDenyResponse
--- PASS: TestAuthZPluginDenyResponse (0.52s)
    daemon.go:296: [dcfb45cc666a5] waiting for daemon to start
    daemon.go:328: [dcfb45cc666a5] daemon started
    daemon.go:283: [dcfb45cc666a5] exiting daemon
=== RUN   TestAuthZPluginAllowEventStream
--- PASS: TestAuthZPluginAllowEventStream (1.25s)
    daemon.go:296: [d1e1735b2ab42] waiting for daemon to start
    daemon.go:328: [d1e1735b2ab42] daemon started
    daemon.go:283: [d1e1735b2ab42] exiting daemon
=== RUN   TestAuthZPluginErrorResponse
--- PASS: TestAuthZPluginErrorResponse (0.53s)
    daemon.go:296: [d484acb80ee2f] waiting for daemon to start
    daemon.go:328: [d484acb80ee2f] daemon started
    daemon.go:283: [d484acb80ee2f] exiting daemon
=== RUN   TestAuthZPluginErrorRequest
--- PASS: TestAuthZPluginErrorRequest (0.53s)
    daemon.go:296: [dd74bdbc36240] waiting for daemon to start
    daemon.go:328: [dd74bdbc36240] daemon started
    daemon.go:283: [dd74bdbc36240] exiting daemon
=== RUN   TestAuthZPluginEnsureNoDuplicatePluginRegistration
--- PASS: TestAuthZPluginEnsureNoDuplicatePluginRegistration (3.20s)
    daemon.go:296: [d02d25597d768] waiting for daemon to start
    daemon.go:328: [d02d25597d768] daemon started
    daemon.go:283: [d02d25597d768] exiting daemon
=== RUN   TestAuthZPluginEnsureLoadImportWorking
--- PASS: TestAuthZPluginEnsureLoadImportWorking (6.67s)
    daemon.go:296: [d88b8769d7ff3] waiting for daemon to start
    daemon.go:328: [d88b8769d7ff3] daemon started
    daemon.go:283: [d88b8769d7ff3] exiting daemon
=== RUN   TestAuthzPluginEnsureContainerCopyToFrom
--- PASS: TestAuthzPluginEnsureContainerCopyToFrom (1.50s)
    daemon.go:296: [d4f141b5e48e7] waiting for daemon to start
    daemon.go:328: [d4f141b5e48e7] daemon started
    daemon.go:283: [d4f141b5e48e7] exiting daemon
=== RUN   TestAuthZPluginHeader
--- PASS: TestAuthZPluginHeader (0.71s)
    daemon.go:296: [d89aee0fb399f] waiting for daemon to start
    daemon.go:328: [d89aee0fb399f] daemon started
    daemon.go:283: [d89aee0fb399f] exiting daemon
=== RUN   TestAuthZPluginV2AllowNonVolumeRequest
--- PASS: TestAuthZPluginV2AllowNonVolumeRequest (7.34s)
    daemon.go:296: [d5b67c16f3bc2] waiting for daemon to start
    daemon.go:328: [d5b67c16f3bc2] daemon started
    daemon.go:283: [d5b67c16f3bc2] exiting daemon
    daemon.go:296: [d5b67c16f3bc2] waiting for daemon to start
    daemon.go:328: [d5b67c16f3bc2] daemon started
    daemon.go:283: [d5b67c16f3bc2] exiting daemon
=== RUN   TestAuthZPluginV2Disable
--- PASS: TestAuthZPluginV2Disable (6.13s)
    daemon.go:296: [d93e3356356ca] waiting for daemon to start
    daemon.go:328: [d93e3356356ca] daemon started
    daemon.go:283: [d93e3356356ca] exiting daemon
    daemon.go:296: [d93e3356356ca] waiting for daemon to start
    daemon.go:328: [d93e3356356ca] daemon started
    daemon.go:283: [d93e3356356ca] exiting daemon
=== RUN   TestAuthZPluginV2RejectVolumeRequests
--- PASS: TestAuthZPluginV2RejectVolumeRequests (5.64s)
    daemon.go:296: [dd06604ea3db3] waiting for daemon to start
    daemon.go:328: [dd06604ea3db3] daemon started
    daemon.go:283: [dd06604ea3db3] exiting daemon
    daemon.go:296: [dd06604ea3db3] waiting for daemon to start
    daemon.go:328: [dd06604ea3db3] daemon started
    daemon.go:283: [dd06604ea3db3] exiting daemon
=== RUN   TestAuthZPluginV2BadManifestFailsDaemonStart
--- PASS: TestAuthZPluginV2BadManifestFailsDaemonStart (14.34s)
    daemon.go:296: [df705680f9974] waiting for daemon to start
    daemon.go:328: [df705680f9974] daemon started
    daemon.go:283: [df705680f9974] exiting daemon
    daemon.go:296: [df705680f9974] waiting for daemon to start
    daemon.go:296: [df705680f9974] waiting for daemon to start
    daemon.go:296: [df705680f9974] waiting for daemon to start
    daemon.go:283: [df705680f9974] exiting daemon
    daemon.go:328: [df705680f9974] daemon started
    daemon.go:283: [df705680f9974] exiting daemon
=== RUN   TestAuthZPluginV2NonexistentFailsDaemonStart
--- PASS: TestAuthZPluginV2NonexistentFailsDaemonStart (16.51s)
    daemon.go:296: [ded2e9664fa1d] waiting for daemon to start
    daemon.go:328: [ded2e9664fa1d] daemon started
    daemon.go:283: [ded2e9664fa1d] exiting daemon
    daemon.go:296: [ded2e9664fa1d] waiting for daemon to start
    daemon.go:296: [ded2e9664fa1d] waiting for daemon to start
    daemon.go:296: [ded2e9664fa1d] waiting for daemon to start
    daemon.go:328: [ded2e9664fa1d] daemon started
    daemon.go:283: [ded2e9664fa1d] exiting daemon
PASS
Running /go/src/github.com/docker/docker/integration/plugin/logging
INFO: Testing against a local daemon
=== RUN   TestContinueAfterPluginCrash
=== PAUSE TestContinueAfterPluginCrash
=== RUN   TestDaemonStartWithLogOpt
=== PAUSE TestDaemonStartWithLogOpt
=== CONT  TestContinueAfterPluginCrash
=== CONT  TestDaemonStartWithLogOpt
--- PASS: TestDaemonStartWithLogOpt (13.84s)
    daemon.go:296: [d5dff4a3de246] waiting for daemon to start
    daemon.go:328: [d5dff4a3de246] daemon started
    daemon.go:283: [d5dff4a3de246] exiting daemon
    daemon.go:296: [d5dff4a3de246] waiting for daemon to start
    daemon.go:328: [d5dff4a3de246] daemon started
    daemon.go:283: [d5dff4a3de246] exiting daemon
--- PASS: TestContinueAfterPluginCrash (19.39s)
    daemon.go:296: [dc228f8318d93] waiting for daemon to start
    daemon.go:328: [dc228f8318d93] daemon started
    daemon.go:283: [dc228f8318d93] exiting daemon
PASS
Running /go/src/github.com/docker/docker/integration/plugin/logging/cmd
testing: warning: no tests to run
PASS
Running /go/src/github.com/docker/docker/integration/plugin/logging/cmd/close_on_start
testing: warning: no tests to run
PASS
Running /go/src/github.com/docker/docker/integration/plugin/logging/cmd/dummy
testing: warning: no tests to run
PASS
Running /go/src/github.com/docker/docker/integration/plugin/common
INFO: Testing against a local daemon
=== RUN   TestPluginInvalidJSON
=== RUN   TestPluginInvalidJSON//plugins/foobar/set
=== PAUSE TestPluginInvalidJSON//plugins/foobar/set
=== CONT  TestPluginInvalidJSON//plugins/foobar/set
--- PASS: TestPluginInvalidJSON (0.01s)
    --- PASS: TestPluginInvalidJSON//plugins/foobar/set (0.01s)
PASS
Running /go/src/github.com/docker/docker/integration/plugin/volumes
INFO: Testing against a local daemon
=== RUN   TestPluginWithDevMounts
=== PAUSE TestPluginWithDevMounts
=== CONT  TestPluginWithDevMounts
--- PASS: TestPluginWithDevMounts (1.74s)
    daemon.go:296: [d061a79d993c6] waiting for daemon to start
    daemon.go:328: [d061a79d993c6] daemon started
    daemon.go:283: [d061a79d993c6] exiting daemon
PASS
Running /go/src/github.com/docker/docker/integration/plugin/volumes/cmd
testing: warning: no tests to run
PASS
Running /go/src/github.com/docker/docker/integration/plugin/volumes/cmd/dummy
testing: warning: no tests to run
PASS
Running /go/src/github.com/docker/docker/integration/plugin/graphdriver
INFO: Testing against a local daemon
=== RUN   TestExternalGraphDriver
=== RUN   TestExternalGraphDriver/json
=== RUN   TestExternalGraphDriver/spec
=== RUN   TestExternalGraphDriver/pull
--- PASS: TestExternalGraphDriver (7.01s)
    daemon.go:296: [d122038215d84] waiting for daemon to start
    daemon.go:328: [d122038215d84] daemon started
    daemon.go:283: [d122038215d84] exiting daemon
    daemon.go:296: [d122038215d84] waiting for daemon to start
    daemon.go:328: [d122038215d84] daemon started
    daemon.go:283: [d122038215d84] exiting daemon
    --- PASS: TestExternalGraphDriver/json (1.73s)
    daemon.go:296: [d122038215d84] waiting for daemon to start
    daemon.go:328: [d122038215d84] daemon started
    daemon.go:283: [d122038215d84] exiting daemon
    daemon.go:296: [d122038215d84] waiting for daemon to start
    daemon.go:328: [d122038215d84] daemon started
    daemon.go:283: [d122038215d84] exiting daemon
    --- PASS: TestExternalGraphDriver/spec (1.73s)
    daemon.go:296: [d122038215d84] waiting for daemon to start
    daemon.go:328: [d122038215d84] daemon started
    daemon.go:283: [d122038215d84] exiting daemon
    --- PASS: TestExternalGraphDriver/pull (3.09s)
=== RUN   TestGraphdriverPluginV2
Set build name.
New build name is '#38410'
Build was aborted
Aborted by Gordon
[PostBuildScript] - Executing post build scripts.
/tmp/jenkins8313536279417750823.sh: line 21:  1998 Terminated              docker run --rm -t --privileged -v "$WORKSPACE/bundles:/go/src/github.com/docker/docker/bundles" -e DOCKER_EXPERIMENTAL=y --name docker-pr-exp$BUILD_NUMBER -e DOCKER_GITCOMMIT=${GITCOMMIT} -e DOCKER_GRAPHDRIVER=vfs -e DOCKER_EXECDRIVER=native docker:${GITCOMMIT}-exp hack/ci/experimental
[Docker-PRs-experimental] $ /bin/sh -xe /tmp/jenkins3542282847464680122.sh
+ echo Ensuring container killed.
Ensuring container killed.
+ docker rm -vf docker-pr-exp43519
docker-pr-exp43519
+ echo Chowning /workspace to jenkins user
Chowning /workspace to jenkins user
+ id -u
+ id -g
+ docker run --rm -v /home/ubuntu/workspace/Docker-PRs-experimental:/workspace busybox chown -R 1000:1000 /workspace
[Docker-PRs-experimental] $ /bin/sh -xe /tmp/jenkins2236583146418861825.sh
+ echo Creating bundles.tar.gz
Creating bundles.tar.gz
+ + xargs tar -czf bundles.tar.gz
find bundles -name *.log
Archiving artifacts
Notifying endpoint with url 'https://leeroy.dockerproject.org/notification/jenkins'
[WS-CLEANUP] Deleting project workspace...[WS-CLEANUP] done
Finished: ABORTED
