Started by user Gordon
Notifying endpoint with url 'https://leeroy.dockerproject.org/notification/jenkins'
[EnvInject] - Loading node environment variables.
Building remotely on ubuntu-1604-aufs-stable (i-0b2d3858f78cf82f2) (docker-edge ubuntu aufs docker-stable docker ubuntu-1604-aufs-edge x86_64 ec2 linux ubuntu-1604-aufs ubuntu-1604 amd64 ubuntu-1604-aufs-stable us-west-2) in workspace /home/ubuntu/workspace/Docker-PRs-experimental
Wiping out workspace first.
Cloning the remote Git repository
Cloning repository https://github.com/moby/moby.git
 > git init /home/ubuntu/workspace/Docker-PRs-experimental # timeout=10
Fetching upstream changes from https://github.com/moby/moby.git
 > git --version # timeout=10
 > git fetch --tags --progress https://github.com/moby/moby.git +refs/heads/*:refs/remotes/origin/*
 > git config remote.origin.url https://github.com/moby/moby.git # timeout=10
 > git config --add remote.origin.fetch +refs/heads/*:refs/remotes/origin/* # timeout=10
 > git config remote.origin.url https://github.com/moby/moby.git # timeout=10
Fetching upstream changes from https://github.com/moby/moby.git
 > git fetch --tags --progress https://github.com/moby/moby.git +refs/heads/*:refs/remotes/origin/*
 > git rev-parse origin/master^{commit} # timeout=10
Checking out Revision cb501886db2b46594a66cc2f54e81b53097e5fd8 (origin/master)
 > git config core.sparsecheckout # timeout=10
 > git checkout -f cb501886db2b46594a66cc2f54e81b53097e5fd8
Commit message: "Merge pull request #38456 from thaJeztah/make_errdefs_idempotent"
 > git rev-list --no-walk cb501886db2b46594a66cc2f54e81b53097e5fd8 # timeout=10
Set build name.
New build name is '#38467'
[Docker-PRs-experimental] $ /bin/bash /tmp/jenkins1058321037090293785.sh
From https://github.com/moby/moby
 * [new ref]         refs/pull/38467/head -> origin/pr/38467
Updating cb50188..a5f0d9e
Fast-forward
 api/server/httputils/errors.go      | 101 +++++++++++++++++++++++++++++++
 api/server/httputils/errors_test.go | 115 ++++++++++++++++++++++++++++++++++++
 client/checkpoint_create_test.go    |   4 ++
 client/checkpoint_delete_test.go    |   4 ++
 client/checkpoint_list_test.go      |   4 ++
 client/config_create_test.go        |   4 ++
 client/config_inspect_test.go       |   4 ++
 client/config_list_test.go          |   4 ++
 client/config_remove_test.go        |   4 ++
 client/config_update_test.go        |   4 ++
 client/container_commit_test.go     |   4 ++
 client/container_copy_test.go       |  10 ++++
 client/container_create.go          |   4 --
 client/container_create_test.go     |   9 ++-
 client/container_diff_test.go       |   5 +-
 client/container_exec_test.go       |  10 ++++
 client/container_export_test.go     |   5 ++
 client/container_inspect_test.go    |   4 ++
 client/container_kill_test.go       |   5 ++
 client/container_list_test.go       |   4 ++
 client/container_pause_test.go      |   5 ++
 client/container_rename_test.go     |   5 ++
 client/container_resize_test.go     |   7 +++
 client/container_restart_test.go    |   5 ++
 client/container_start_test.go      |   4 ++
 client/container_stats_test.go      |   5 ++
 client/container_stop_test.go       |   5 ++
 client/container_top_test.go        |   4 ++
 client/container_unpause_test.go    |   5 ++
 client/container_update_test.go     |   4 ++
 client/container_wait_test.go       |   4 ++
 client/disk_usage_test.go           |   4 ++
 client/errors.go                    |  27 +++++----
 client/events_test.go               |   4 ++
 client/image_build_test.go          |   4 ++
 client/image_create_test.go         |   4 ++
 client/image_history_test.go        |   4 ++
 client/image_import_test.go         |   4 ++
 client/image_inspect_test.go        |   4 ++
 client/image_list_test.go           |   4 ++
 client/image_load_test.go           |   5 ++
 client/image_pull_test.go           |   4 ++
 client/image_push_test.go           |   4 ++
 client/image_save_test.go           |   5 ++
 client/image_search_test.go         |   4 ++
 client/image_tag_test.go            |   5 ++
 client/info_test.go                 |   4 ++
 client/network_connect_test.go      |   4 ++
 client/network_create_test.go       |   4 ++
 client/network_disconnect_test.go   |   4 ++
 client/network_list_test.go         |   4 ++
 client/network_prune_test.go        |   4 ++
 client/network_remove_test.go       |   5 ++
 client/node_inspect_test.go         |   4 ++
 client/node_list_test.go            |   4 ++
 client/node_remove_test.go          |   4 ++
 client/node_update_test.go          |   4 ++
 client/ping.go                      |   6 +-
 client/plugin_disable_test.go       |   4 ++
 client/plugin_enable_test.go        |   4 ++
 client/plugin_inspect_test.go       |   4 ++
 client/plugin_list_test.go          |   4 ++
 client/plugin_push_test.go          |   5 ++
 client/plugin_remove_test.go        |   4 ++
 client/plugin_set_test.go           |   5 ++
 client/request.go                   |  18 +++---
 client/request_test.go              |   4 ++
 client/secret_create_test.go        |   4 ++
 client/secret_inspect_test.go       |   4 ++
 client/secret_list_test.go          |   4 ++
 client/secret_remove_test.go        |   4 ++
 client/secret_update_test.go        |   4 ++
 client/service_create_test.go       |   4 ++
 client/service_inspect_test.go      |   4 ++
 client/service_list_test.go         |   4 ++
 client/service_update_test.go       |   4 ++
 client/swarm_init_test.go           |   4 ++
 client/swarm_inspect_test.go        |   4 ++
 client/swarm_join_test.go           |   4 ++
 client/swarm_leave_test.go          |   5 ++
 client/swarm_unlock_test.go         |   4 ++
 client/swarm_update_test.go         |   4 ++
 client/task_inspect_test.go         |   4 ++
 client/task_list_test.go            |   4 ++
 client/volume_create_test.go        |   4 ++
 client/volume_list_test.go          |   4 ++
 client/volume_remove_test.go        |   5 ++
 87 files changed, 606 insertions(+), 26 deletions(-)
 create mode 100644 api/server/httputils/errors_test.go
Sending build context to Docker daemon  45.13MB
Step 1/94 : FROM golang:1.11.4 AS base
 ---> 343df9d12b7b
Step 2/94 : ARG APT_MIRROR=deb.debian.org
 ---> Using cache
 ---> 43c751bbc3e0
Step 3/94 : RUN sed -ri "s/(httpredir|deb).debian.org/$APT_MIRROR/g" /etc/apt/sources.list
 ---> Using cache
 ---> a204ad764c72
Step 4/94 : FROM base AS criu
 ---> a204ad764c72
Step 5/94 : ENV CRIU_VERSION 3.6
 ---> Using cache
 ---> 2b81435e7176
Step 6/94 : RUN apt-get update && apt-get install -y 	libnet-dev 	libprotobuf-c0-dev 	libprotobuf-dev 	libnl-3-dev 	libcap-dev 	protobuf-compiler 	protobuf-c-compiler 	python-protobuf 	&& mkdir -p /usr/src/criu 	&& curl -sSL https://github.com/checkpoint-restore/criu/archive/v${CRIU_VERSION}.tar.gz | tar -C /usr/src/criu/ -xz --strip-components=1 	&& cd /usr/src/criu 	&& make 	&& make PREFIX=/build/ install-criu
 ---> Using cache
 ---> 5e4a05524f00
Step 7/94 : FROM base AS registry
 ---> a204ad764c72
Step 8/94 : ENV REGISTRY_COMMIT_SCHEMA1 ec87e9b6971d831f0eff752ddb54fb64693e51cd
 ---> Using cache
 ---> 6fc37d485738
Step 9/94 : ENV REGISTRY_COMMIT 47a064d4195a9b56133891bbb13620c3ac83a827
 ---> Using cache
 ---> dbdf521f4ed7
Step 10/94 : RUN set -x 	&& export GOPATH="$(mktemp -d)" 	&& git clone https://github.com/docker/distribution.git "$GOPATH/src/github.com/docker/distribution" 	&& (cd "$GOPATH/src/github.com/docker/distribution" && git checkout -q "$REGISTRY_COMMIT") 	&& GOPATH="$GOPATH/src/github.com/docker/distribution/Godeps/_workspace:$GOPATH" 		go build -buildmode=pie -o /build/registry-v2 github.com/docker/distribution/cmd/registry 	&& case $(dpkg --print-architecture) in 		amd64|ppc64*|s390x) 		(cd "$GOPATH/src/github.com/docker/distribution" && git checkout -q "$REGISTRY_COMMIT_SCHEMA1"); 		GOPATH="$GOPATH/src/github.com/docker/distribution/Godeps/_workspace:$GOPATH"; 			go build -buildmode=pie -o /build/registry-v2-schema1 github.com/docker/distribution/cmd/registry; 		;; 	   esac 	&& rm -rf "$GOPATH"
 ---> Using cache
 ---> a9821d004c3a
Step 11/94 : FROM base AS docker-py
 ---> a204ad764c72
Step 12/94 : ENV DOCKER_PY_COMMIT 8b246db271a85d6541dc458838627e89c683e42f
 ---> Using cache
 ---> 195f7db9f111
Step 13/94 : RUN git clone https://github.com/docker/docker-py.git /build 	&& cd /build 	&& git checkout -q $DOCKER_PY_COMMIT
 ---> Using cache
 ---> 41385655bebe
Step 14/94 : FROM base AS swagger
 ---> a204ad764c72
Step 15/94 : ENV GO_SWAGGER_COMMIT c28258affb0b6251755d92489ef685af8d4ff3eb
 ---> Using cache
 ---> e240da2028ab
Step 16/94 : RUN set -x 	&& export GOPATH="$(mktemp -d)" 	&& git clone https://github.com/go-swagger/go-swagger.git "$GOPATH/src/github.com/go-swagger/go-swagger" 	&& (cd "$GOPATH/src/github.com/go-swagger/go-swagger" && git checkout -q "$GO_SWAGGER_COMMIT") 	&& go build -o /build/swagger github.com/go-swagger/go-swagger/cmd/swagger 	&& rm -rf "$GOPATH"
 ---> Using cache
 ---> da6d6b1be5f9
Step 17/94 : FROM base AS frozen-images
 ---> a204ad764c72
Step 18/94 : RUN apt-get update && apt-get install -y jq ca-certificates --no-install-recommends
 ---> Using cache
 ---> bc27179ff950
Step 19/94 : COPY contrib/download-frozen-image-v2.sh /
 ---> Using cache
 ---> aef2b06eda4c
Step 20/94 : RUN /download-frozen-image-v2.sh /build 	buildpack-deps:jessie@sha256:dd86dced7c9cd2a724e779730f0a53f93b7ef42228d4344b25ce9a42a1486251 	busybox:latest@sha256:bbc3a03235220b170ba48a157dd097dd1379299370e1ed99ce976df0355d24f0 	busybox:glibc@sha256:0b55a30394294ab23b9afd58fab94e61a923f5834fba7ddbae7f8e0c11ba85e6 	debian:jessie@sha256:287a20c5f73087ab406e6b364833e3fb7b3ae63ca0eb3486555dc27ed32c6e60 	hello-world:latest@sha256:be0cd392e45be79ffeffa6b05338b98ebb16c87b255f48e297ec7f98e123905c
 ---> Using cache
 ---> c88f6699d9c1
Step 21/94 : FROM base AS runtime-dev
 ---> a204ad764c72
Step 22/94 : RUN apt-get update && apt-get install -y 	libapparmor-dev 	libseccomp-dev
 ---> Using cache
 ---> 43cbfc2d4ef0
Step 23/94 : FROM base AS tomlv
 ---> a204ad764c72
Step 24/94 : ENV INSTALL_BINARY_NAME=tomlv
 ---> Using cache
 ---> b0c623f24ce4
Step 25/94 : COPY hack/dockerfile/install/install.sh ./install.sh
 ---> Using cache
 ---> 97944ec7b074
Step 26/94 : COPY hack/dockerfile/install/$INSTALL_BINARY_NAME.installer ./
 ---> Using cache
 ---> 57126f9e3a22
Step 27/94 : RUN PREFIX=/build ./install.sh $INSTALL_BINARY_NAME
 ---> Using cache
 ---> 90d95c3bd621
Step 28/94 : FROM base AS vndr
 ---> a204ad764c72
Step 29/94 : ENV INSTALL_BINARY_NAME=vndr
 ---> Using cache
 ---> 9850ad56c14a
Step 30/94 : COPY hack/dockerfile/install/install.sh ./install.sh
 ---> Using cache
 ---> 792483551ef6
Step 31/94 : COPY hack/dockerfile/install/$INSTALL_BINARY_NAME.installer ./
 ---> Using cache
 ---> f060af89bf05
Step 32/94 : RUN PREFIX=/build ./install.sh $INSTALL_BINARY_NAME
 ---> Using cache
 ---> d048daf43e87
Step 33/94 : FROM base AS containerd
 ---> a204ad764c72
Step 34/94 : RUN apt-get update && apt-get install -y btrfs-tools
 ---> Using cache
 ---> 5f8af6681033
Step 35/94 : ENV INSTALL_BINARY_NAME=containerd
 ---> Using cache
 ---> 0449b1472b6e
Step 36/94 : COPY hack/dockerfile/install/install.sh ./install.sh
 ---> Using cache
 ---> ab3bb5df8f5a
Step 37/94 : COPY hack/dockerfile/install/$INSTALL_BINARY_NAME.installer ./
 ---> Using cache
 ---> 892aac6b2d69
Step 38/94 : RUN PREFIX=/build ./install.sh $INSTALL_BINARY_NAME
 ---> Using cache
 ---> 30e4d12ee0f0
Step 39/94 : FROM base AS proxy
 ---> a204ad764c72
Step 40/94 : ENV INSTALL_BINARY_NAME=proxy
 ---> Using cache
 ---> ea26ed38c231
Step 41/94 : COPY hack/dockerfile/install/install.sh ./install.sh
 ---> Using cache
 ---> 36994fe73dcf
Step 42/94 : COPY hack/dockerfile/install/$INSTALL_BINARY_NAME.installer ./
 ---> Using cache
 ---> 2c9058521079
Step 43/94 : RUN PREFIX=/build ./install.sh $INSTALL_BINARY_NAME
 ---> Using cache
 ---> 2be6bc7aa029
Step 44/94 : FROM base AS gometalinter
 ---> a204ad764c72
Step 45/94 : ENV INSTALL_BINARY_NAME=gometalinter
 ---> Using cache
 ---> e6f0c5e422c4
Step 46/94 : COPY hack/dockerfile/install/install.sh ./install.sh
 ---> Using cache
 ---> 2a45791e1aeb
Step 47/94 : COPY hack/dockerfile/install/$INSTALL_BINARY_NAME.installer ./
 ---> Using cache
 ---> 415e36b7582f
Step 48/94 : RUN PREFIX=/build ./install.sh $INSTALL_BINARY_NAME
 ---> Using cache
 ---> 26a71dd7fb4c
Step 49/94 : FROM base AS dockercli
 ---> a204ad764c72
Step 50/94 : ENV INSTALL_BINARY_NAME=dockercli
 ---> Using cache
 ---> 4bf658c6910d
Step 51/94 : COPY hack/dockerfile/install/install.sh ./install.sh
 ---> Using cache
 ---> a2d3b28e8cb3
Step 52/94 : COPY hack/dockerfile/install/$INSTALL_BINARY_NAME.installer ./
 ---> Using cache
 ---> 02c59427d83d
Step 53/94 : RUN PREFIX=/build ./install.sh $INSTALL_BINARY_NAME
 ---> Using cache
 ---> a0a0f29ac42c
Step 54/94 : FROM runtime-dev AS runc
 ---> 43cbfc2d4ef0
Step 55/94 : ENV INSTALL_BINARY_NAME=runc
 ---> Using cache
 ---> ecb1cf92c77a
Step 56/94 : COPY hack/dockerfile/install/install.sh ./install.sh
 ---> Using cache
 ---> 6f5cb01e4371
Step 57/94 : COPY hack/dockerfile/install/$INSTALL_BINARY_NAME.installer ./
 ---> Using cache
 ---> 4c98360b42d9
Step 58/94 : RUN PREFIX=/build ./install.sh $INSTALL_BINARY_NAME
 ---> Using cache
 ---> 56187d0d7811
Step 59/94 : FROM base AS tini
 ---> a204ad764c72
Step 60/94 : RUN apt-get update && apt-get install -y cmake vim-common
 ---> Using cache
 ---> 7d7787b30e08
Step 61/94 : COPY hack/dockerfile/install/install.sh ./install.sh
 ---> Using cache
 ---> f05f638d68a4
Step 62/94 : ENV INSTALL_BINARY_NAME=tini
 ---> Using cache
 ---> 0a7aecd4709e
Step 63/94 : COPY hack/dockerfile/install/$INSTALL_BINARY_NAME.installer ./
 ---> Using cache
 ---> 819c51b399ea
Step 64/94 : RUN PREFIX=/build ./install.sh $INSTALL_BINARY_NAME
 ---> Using cache
 ---> 45773c910437
Step 65/94 : FROM runtime-dev AS dev
 ---> 43cbfc2d4ef0
Step 66/94 : RUN groupadd -r docker
 ---> Using cache
 ---> d1fae5121568
Step 67/94 : RUN useradd --create-home --gid docker unprivilegeduser
 ---> Using cache
 ---> 063a12e7bfe7
Step 68/94 : RUN ln -sfv /go/src/github.com/docker/docker/.bashrc ~/.bashrc
 ---> Using cache
 ---> b5965a58e88b
Step 69/94 : RUN echo "source /usr/share/bash-completion/bash_completion" >> /etc/bash.bashrc
 ---> Using cache
 ---> 53652b208048
Step 70/94 : RUN ln -s /usr/local/completion/bash/docker /etc/bash_completion.d/docker
 ---> Using cache
 ---> 315b16900d97
Step 71/94 : RUN ldconfig
 ---> Using cache
 ---> 85b185c8bd5c
Step 72/94 : RUN apt-get update && apt-get install -y 	apparmor 	aufs-tools 	bash-completion 	btrfs-tools 	iptables 	jq 	libcap2-bin 	libdevmapper-dev 	libudev-dev 	libsystemd-dev 	binutils-mingw-w64 	g++-mingw-w64-x86-64 	net-tools 	pigz 	python-backports.ssl-match-hostname 	python-dev 	python-mock 	python-pip 	python-requests 	python-setuptools 	python-websocket 	python-wheel 	thin-provisioning-tools 	vim 	vim-common 	xfsprogs 	zip 	bzip2 	xz-utils 	--no-install-recommends
 ---> Using cache
 ---> 119bd86f3c94
Step 73/94 : COPY --from=swagger /build/swagger* /usr/local/bin/
 ---> Using cache
 ---> e9c851762334
Step 74/94 : COPY --from=frozen-images /build/ /docker-frozen-images
 ---> Using cache
 ---> c3e118083ef1
Step 75/94 : COPY --from=gometalinter /build/ /usr/local/bin/
 ---> Using cache
 ---> bc13940c4b67
Step 76/94 : COPY --from=tomlv /build/ /usr/local/bin/
 ---> Using cache
 ---> 8d075b6db4bf
Step 77/94 : COPY --from=vndr /build/ /usr/local/bin/
 ---> Using cache
 ---> 77555e2baa2a
Step 78/94 : COPY --from=tini /build/ /usr/local/bin/
 ---> Using cache
 ---> 05c2cf8d941d
Step 79/94 : COPY --from=runc /build/ /usr/local/bin/
 ---> Using cache
 ---> 113db3659c93
Step 80/94 : COPY --from=containerd /build/ /usr/local/bin/
 ---> Using cache
 ---> 026c895d5f58
Step 81/94 : COPY --from=proxy /build/ /usr/local/bin/
 ---> Using cache
 ---> 8979927627c0
Step 82/94 : COPY --from=dockercli /build/ /usr/local/cli
 ---> Using cache
 ---> 4a2ec7ca4a67
Step 83/94 : COPY --from=registry /build/registry* /usr/local/bin/
 ---> Using cache
 ---> 8212377b7dfe
Step 84/94 : COPY --from=criu /build/ /usr/local/
 ---> Using cache
 ---> 160bf05417db
Step 85/94 : COPY --from=docker-py /build/ /docker-py
 ---> Using cache
 ---> 7d3d97d415f7
Step 86/94 : RUN cd /docker-py 	&& pip install docker-pycreds==0.2.1 	&& pip install yamllint==1.5.0 	&& pip install -r test-requirements.txt
 ---> Using cache
 ---> 6b7094b6ff3b
Step 87/94 : ENV PATH=/usr/local/cli:$PATH
 ---> Using cache
 ---> b1cffa94e9e0
Step 88/94 : ENV DOCKER_BUILDTAGS apparmor seccomp selinux
 ---> Using cache
 ---> 4fa39a33556c
Step 89/94 : ENV GOMETALINTER_OPTS="--deadline=2m"
 ---> Using cache
 ---> bc6f88694ffa
Step 90/94 : WORKDIR /go/src/github.com/docker/docker
 ---> Using cache
 ---> fd853a3ef7bf
Step 91/94 : VOLUME /var/lib/docker
 ---> Using cache
 ---> e43e5c0b93fa
Step 92/94 : ENTRYPOINT ["hack/dind"]
 ---> Using cache
 ---> d9ab11c6f201
Step 93/94 : FROM dev AS final
 ---> d9ab11c6f201
Step 94/94 : COPY . /go/src/github.com/docker/docker
 ---> 18bd0e0b7bff
Successfully built 18bd0e0b7bff
Successfully tagged docker:a5f0d9e-exp

Removing bundles/

---> Making bundle: binary-daemon (in bundles/binary-daemon)
Building: bundles/binary-daemon/dockerd-dev
Created binary: bundles/binary-daemon/dockerd-dev
Copying nested executables into bundles/binary-daemon

---> Making bundle: test-integration (in bundles/test-integration)
Building test suite binary ./integration-cli/test.main
Building test suite binary ./integration/plugin/test.main
Building test suite binary ./integration/plugin/authz/test.main
Building test suite binary ./integration/plugin/logging/test.main
Building test suite binary ./integration/plugin/logging/cmd/test.main
Building test suite binary ./integration/plugin/logging/cmd/close_on_start/test.main
Building test suite binary ./integration/plugin/logging/cmd/dummy/test.main
Building test suite binary ./integration/plugin/common/test.main
Building test suite binary ./integration/plugin/volumes/test.main
Building test suite binary ./integration/plugin/volumes/cmd/test.main
Building test suite binary ./integration/plugin/volumes/cmd/dummy/test.main
Building test suite binary ./integration/plugin/graphdriver/test.main
Building test suite binary ./integration/config/test.main
Building test suite binary ./integration/service/test.main
Building test suite binary ./integration/network/test.main
Building test suite binary ./integration/network/ipvlan/test.main
Building test suite binary ./integration/network/macvlan/test.main
Building test suite binary ./integration/secret/test.main
Building test suite binary ./integration/session/test.main
Building test suite binary ./integration/container/test.main
Building test suite binary ./integration/build/test.main
Building test suite binary ./integration/volume/test.main
Building test suite binary ./integration/system/test.main
Building test suite binary ./integration/image/test.main
---> Making bundle: .integration-daemon-start (in bundles/test-integration)
Using test binary docker
# DOCKER_EXPERIMENTAL is set: starting daemon with experimental features enabled! 
/etc/init.d/apparmor: 130: /etc/init.d/apparmor: systemd-detect-virt: not found
Starting AppArmor profiles:Warning from stdin (line 1): /sbin/apparmor_parser: cannot use or update cache, disable, or force-complain via stdin
Warning failed to create cache: (null)
.
INFO: Waiting for daemon to start...
Starting dockerd
.
---> Making bundle: .integration-daemon-setup (in bundles/test-integration)
---> Making bundle: .ensure-emptyfs (in bundles/test-integration)
Error: No such image: emptyfs
Running integration-test (iteration 1)
Running /go/src/github.com/docker/docker/integration/plugin
testing: warning: no tests to run
PASS
Running /go/src/github.com/docker/docker/integration/plugin/authz
Loaded image: buildpack-deps:jessie
Loaded image: busybox:latest
Loaded image: busybox:glibc
Loaded image: debian:jessie
Loaded image: hello-world:latest
INFO: Testing against a local daemon
=== RUN   TestAuthZPluginAllowRequest
--- PASS: TestAuthZPluginAllowRequest (4.22s)
    daemon.go:296: [d6d95852a2d75] waiting for daemon to start
    daemon.go:328: [d6d95852a2d75] daemon started
    daemon.go:283: [d6d95852a2d75] exiting daemon
=== RUN   TestAuthZPluginTLS
--- PASS: TestAuthZPluginTLS (0.53s)
    daemon.go:296: [d2f9e68ad7692] waiting for daemon to start
    daemon.go:328: [d2f9e68ad7692] daemon started
    daemon.go:283: [d2f9e68ad7692] exiting daemon
=== RUN   TestAuthZPluginDenyRequest
--- PASS: TestAuthZPluginDenyRequest (0.52s)
    daemon.go:296: [dafcabd8bd297] waiting for daemon to start
    daemon.go:328: [dafcabd8bd297] daemon started
    daemon.go:283: [dafcabd8bd297] exiting daemon
=== RUN   TestAuthZPluginAPIDenyResponse
--- PASS: TestAuthZPluginAPIDenyResponse (0.52s)
    daemon.go:296: [d56d5d7c39544] waiting for daemon to start
    daemon.go:328: [d56d5d7c39544] daemon started
    daemon.go:283: [d56d5d7c39544] exiting daemon
=== RUN   TestAuthZPluginDenyResponse
--- PASS: TestAuthZPluginDenyResponse (0.52s)
    daemon.go:296: [da1b184c7d33d] waiting for daemon to start
    daemon.go:328: [da1b184c7d33d] daemon started
    daemon.go:283: [da1b184c7d33d] exiting daemon
=== RUN   TestAuthZPluginAllowEventStream
--- PASS: TestAuthZPluginAllowEventStream (5.10s)
    daemon.go:296: [d7ab77b78e852] waiting for daemon to start
    daemon.go:328: [d7ab77b78e852] daemon started
    daemon.go:283: [d7ab77b78e852] exiting daemon
=== RUN   TestAuthZPluginErrorResponse
--- PASS: TestAuthZPluginErrorResponse (3.97s)
    daemon.go:296: [dd0a0cf305e55] waiting for daemon to start
    daemon.go:328: [dd0a0cf305e55] daemon started
    daemon.go:283: [dd0a0cf305e55] exiting daemon
=== RUN   TestAuthZPluginErrorRequest
--- PASS: TestAuthZPluginErrorRequest (0.80s)
    daemon.go:296: [dce747a3b45cc] waiting for daemon to start
    daemon.go:328: [dce747a3b45cc] daemon started
    daemon.go:283: [dce747a3b45cc] exiting daemon
=== RUN   TestAuthZPluginEnsureNoDuplicatePluginRegistration
--- PASS: TestAuthZPluginEnsureNoDuplicatePluginRegistration (0.52s)
    daemon.go:296: [d740d6b771681] waiting for daemon to start
    daemon.go:328: [d740d6b771681] daemon started
    daemon.go:283: [d740d6b771681] exiting daemon
=== RUN   TestAuthZPluginEnsureLoadImportWorking
--- PASS: TestAuthZPluginEnsureLoadImportWorking (1.49s)
    daemon.go:296: [dcecc9bc5f477] waiting for daemon to start
    daemon.go:328: [dcecc9bc5f477] daemon started
    daemon.go:283: [dcecc9bc5f477] exiting daemon
=== RUN   TestAuthzPluginEnsureContainerCopyToFrom
--- PASS: TestAuthzPluginEnsureContainerCopyToFrom (1.51s)
    daemon.go:296: [dd612d1be3afc] waiting for daemon to start
    daemon.go:328: [dd612d1be3afc] daemon started
    daemon.go:283: [dd612d1be3afc] exiting daemon
=== RUN   TestAuthZPluginHeader
--- PASS: TestAuthZPluginHeader (0.72s)
    daemon.go:296: [d392a7adfc877] waiting for daemon to start
    daemon.go:328: [d392a7adfc877] daemon started
    daemon.go:283: [d392a7adfc877] exiting daemon
=== RUN   TestAuthZPluginV2AllowNonVolumeRequest
--- PASS: TestAuthZPluginV2AllowNonVolumeRequest (6.66s)
    daemon.go:296: [d8c68855456a6] waiting for daemon to start
    daemon.go:328: [d8c68855456a6] daemon started
    daemon.go:283: [d8c68855456a6] exiting daemon
    daemon.go:296: [d8c68855456a6] waiting for daemon to start
    daemon.go:328: [d8c68855456a6] daemon started
    daemon.go:283: [d8c68855456a6] exiting daemon
=== RUN   TestAuthZPluginV2Disable
--- PASS: TestAuthZPluginV2Disable (5.90s)
    daemon.go:296: [dd1726832cf62] waiting for daemon to start
    daemon.go:328: [dd1726832cf62] daemon started
    daemon.go:283: [dd1726832cf62] exiting daemon
    daemon.go:296: [dd1726832cf62] waiting for daemon to start
    daemon.go:328: [dd1726832cf62] daemon started
    daemon.go:283: [dd1726832cf62] exiting daemon
=== RUN   TestAuthZPluginV2RejectVolumeRequests
--- PASS: TestAuthZPluginV2RejectVolumeRequests (5.60s)
    daemon.go:296: [d7e74def70121] waiting for daemon to start
    daemon.go:328: [d7e74def70121] daemon started
    daemon.go:283: [d7e74def70121] exiting daemon
    daemon.go:296: [d7e74def70121] waiting for daemon to start
    daemon.go:328: [d7e74def70121] daemon started
    daemon.go:283: [d7e74def70121] exiting daemon
=== RUN   TestAuthZPluginV2BadManifestFailsDaemonStart
--- PASS: TestAuthZPluginV2BadManifestFailsDaemonStart (14.77s)
    daemon.go:296: [d43843a520cc0] waiting for daemon to start
    daemon.go:328: [d43843a520cc0] daemon started
    daemon.go:283: [d43843a520cc0] exiting daemon
    daemon.go:296: [d43843a520cc0] waiting for daemon to start
    daemon.go:296: [d43843a520cc0] waiting for daemon to start
    daemon.go:283: [d43843a520cc0] exiting daemon
    daemon.go:296: [d43843a520cc0] waiting for daemon to start
    daemon.go:328: [d43843a520cc0] daemon started
    daemon.go:283: [d43843a520cc0] exiting daemon
=== RUN   TestAuthZPluginV2NonexistentFailsDaemonStart
--- PASS: TestAuthZPluginV2NonexistentFailsDaemonStart (17.44s)
    daemon.go:296: [de338744e0b50] waiting for daemon to start
    daemon.go:328: [de338744e0b50] daemon started
    daemon.go:283: [de338744e0b50] exiting daemon
    daemon.go:296: [de338744e0b50] waiting for daemon to start
    daemon.go:296: [de338744e0b50] waiting for daemon to start
    daemon.go:296: [de338744e0b50] waiting for daemon to start
    daemon.go:328: [de338744e0b50] daemon started
    daemon.go:283: [de338744e0b50] exiting daemon
PASS
Running /go/src/github.com/docker/docker/integration/plugin/logging
INFO: Testing against a local daemon
=== RUN   TestContinueAfterPluginCrash
=== PAUSE TestContinueAfterPluginCrash
=== RUN   TestDaemonStartWithLogOpt
=== PAUSE TestDaemonStartWithLogOpt
=== CONT  TestContinueAfterPluginCrash
=== CONT  TestDaemonStartWithLogOpt
--- PASS: TestDaemonStartWithLogOpt (10.57s)
    daemon.go:296: [d4c1daecfb834] waiting for daemon to start
    daemon.go:328: [d4c1daecfb834] daemon started
    daemon.go:283: [d4c1daecfb834] exiting daemon
    daemon.go:296: [d4c1daecfb834] waiting for daemon to start
    daemon.go:328: [d4c1daecfb834] daemon started
    daemon.go:283: [d4c1daecfb834] exiting daemon
--- PASS: TestContinueAfterPluginCrash (16.13s)
    daemon.go:296: [d08a2eb1965f4] waiting for daemon to start
    daemon.go:328: [d08a2eb1965f4] daemon started
    daemon.go:283: [d08a2eb1965f4] exiting daemon
PASS
Running /go/src/github.com/docker/docker/integration/plugin/logging/cmd
testing: warning: no tests to run
PASS
Running /go/src/github.com/docker/docker/integration/plugin/logging/cmd/close_on_start
testing: warning: no tests to run
PASS
Running /go/src/github.com/docker/docker/integration/plugin/logging/cmd/dummy
testing: warning: no tests to run
PASS
Running /go/src/github.com/docker/docker/integration/plugin/common
INFO: Testing against a local daemon
=== RUN   TestPluginInvalidJSON
=== RUN   TestPluginInvalidJSON//plugins/foobar/set
=== PAUSE TestPluginInvalidJSON//plugins/foobar/set
=== CONT  TestPluginInvalidJSON//plugins/foobar/set
--- PASS: TestPluginInvalidJSON (0.01s)
    --- PASS: TestPluginInvalidJSON//plugins/foobar/set (0.00s)
PASS
Running /go/src/github.com/docker/docker/integration/plugin/volumes
INFO: Testing against a local daemon
=== RUN   TestPluginWithDevMounts
=== PAUSE TestPluginWithDevMounts
=== CONT  TestPluginWithDevMounts
--- PASS: TestPluginWithDevMounts (1.75s)
    daemon.go:296: [de887d32547d8] waiting for daemon to start
    daemon.go:328: [de887d32547d8] daemon started
    daemon.go:283: [de887d32547d8] exiting daemon
PASS
Running /go/src/github.com/docker/docker/integration/plugin/volumes/cmd
testing: warning: no tests to run
PASS
Running /go/src/github.com/docker/docker/integration/plugin/volumes/cmd/dummy
testing: warning: no tests to run
PASS
Running /go/src/github.com/docker/docker/integration/plugin/graphdriver
INFO: Testing against a local daemon
=== RUN   TestExternalGraphDriver
=== RUN   TestExternalGraphDriver/json
=== RUN   TestExternalGraphDriver/spec
=== RUN   TestExternalGraphDriver/pull
--- PASS: TestExternalGraphDriver (7.39s)
    daemon.go:296: [dedacbba93bd9] waiting for daemon to start
    daemon.go:328: [dedacbba93bd9] daemon started
    daemon.go:283: [dedacbba93bd9] exiting daemon
    daemon.go:296: [dedacbba93bd9] waiting for daemon to start
    daemon.go:328: [dedacbba93bd9] daemon started
    daemon.go:283: [dedacbba93bd9] exiting daemon
    --- PASS: TestExternalGraphDriver/json (1.71s)
    daemon.go:296: [dedacbba93bd9] waiting for daemon to start
    daemon.go:328: [dedacbba93bd9] daemon started
    daemon.go:283: [dedacbba93bd9] exiting daemon
    daemon.go:296: [dedacbba93bd9] waiting for daemon to start
    daemon.go:328: [dedacbba93bd9] daemon started
    daemon.go:283: [dedacbba93bd9] exiting daemon
    --- PASS: TestExternalGraphDriver/spec (1.73s)
    daemon.go:296: [dedacbba93bd9] waiting for daemon to start
    daemon.go:328: [dedacbba93bd9] daemon started
    daemon.go:283: [dedacbba93bd9] exiting daemon
    --- PASS: TestExternalGraphDriver/pull (3.36s)
=== RUN   TestGraphdriverPluginV2
--- PASS: TestGraphdriverPluginV2 (6.48s)
    daemon.go:296: [dd96c3c5793f9] waiting for daemon to start
    daemon.go:328: [dd96c3c5793f9] daemon started
    daemon.go:283: [dd96c3c5793f9] exiting daemon
    daemon.go:296: [dd96c3c5793f9] waiting for daemon to start
    daemon.go:328: [dd96c3c5793f9] daemon started
    daemon.go:283: [dd96c3c5793f9] exiting daemon
PASS
Running /go/src/github.com/docker/docker/integration/config
INFO: Testing against a local daemon
=== RUN   TestConfigList
--- PASS: TestConfigList (2.06s)
    daemon.go:296: [da784ee591556] waiting for daemon to start
    daemon.go:328: [da784ee591556] daemon started
    daemon.go:283: [da784ee591556] exiting daemon
=== RUN   TestConfigsCreateAndDelete
--- PASS: TestConfigsCreateAndDelete (2.07s)
    daemon.go:296: [dc0b822127a0c] waiting for daemon to start
    daemon.go:328: [dc0b822127a0c] daemon started
    daemon.go:283: [dc0b822127a0c] exiting daemon
=== RUN   TestConfigsUpdate
--- PASS: TestConfigsUpdate (2.03s)
    daemon.go:296: [d0cae2c238a1e] waiting for daemon to start
    daemon.go:328: [d0cae2c238a1e] daemon started
    daemon.go:283: [d0cae2c238a1e] exiting daemon
=== RUN   TestTemplatedConfig
--- PASS: TestTemplatedConfig (2.60s)
    daemon.go:296: [d30c09d0a4c1d] waiting for daemon to start
    daemon.go:328: [d30c09d0a4c1d] daemon started
    daemon.go:283: [d30c09d0a4c1d] exiting daemon
=== RUN   TestConfigInspect
--- PASS: TestConfigInspect (2.06s)
    daemon.go:296: [df7478e5de374] waiting for daemon to start
    daemon.go:328: [df7478e5de374] daemon started
    daemon.go:283: [df7478e5de374] exiting daemon
=== RUN   TestConfigCreateWithLabels
--- PASS: TestConfigCreateWithLabels (2.05s)
    daemon.go:296: [d9deb04fc81f2] waiting for daemon to start
    daemon.go:328: [d9deb04fc81f2] daemon started
    daemon.go:283: [d9deb04fc81f2] exiting daemon
=== RUN   TestConfigCreateResolve
--- PASS: TestConfigCreateResolve (2.07s)
    daemon.go:296: [d25cbbf6097b0] waiting for daemon to start
    daemon.go:328: [d25cbbf6097b0] daemon started
    daemon.go:283: [d25cbbf6097b0] exiting daemon
PASS
Running /go/src/github.com/docker/docker/integration/service
INFO: Testing against a local daemon
=== RUN   TestServiceCreateInit
=== RUN   TestServiceCreateInit/daemonInitDisabled
=== RUN   TestServiceCreateInit/daemonInitEnabled
--- PASS: TestServiceCreateInit (8.04s)
    --- PASS: TestServiceCreateInit/daemonInitDisabled (4.04s)
        daemon.go:296: [d5c75dbacad64] waiting for daemon to start
        daemon.go:328: [d5c75dbacad64] daemon started
        daemon.go:283: [d5c75dbacad64] exiting daemon
    --- PASS: TestServiceCreateInit/daemonInitEnabled (3.99s)
        daemon.go:296: [d79acd5a17d1b] waiting for daemon to start
        daemon.go:328: [d79acd5a17d1b] daemon started
        daemon.go:283: [d79acd5a17d1b] exiting daemon
=== RUN   TestCreateServiceMultipleTimes
--- PASS: TestCreateServiceMultipleTimes (24.18s)
    daemon.go:296: [df0ebde190a66] waiting for daemon to start
    daemon.go:328: [df0ebde190a66] daemon started
    daemon.go:283: [df0ebde190a66] exiting daemon
=== RUN   TestCreateServiceConflict
--- PASS: TestCreateServiceConflict (2.04s)
    daemon.go:296: [de19657cf54e8] waiting for daemon to start
    daemon.go:328: [de19657cf54e8] daemon started
    daemon.go:283: [de19657cf54e8] exiting daemon
=== RUN   TestCreateServiceMaxReplicas
--- PASS: TestCreateServiceMaxReplicas (2.69s)
    daemon.go:296: [d86a99a2d08cc] waiting for daemon to start
    daemon.go:328: [d86a99a2d08cc] daemon started
    daemon.go:283: [d86a99a2d08cc] exiting daemon
=== RUN   TestCreateWithDuplicateNetworkNames
--- PASS: TestCreateWithDuplicateNetworkNames (13.90s)
    daemon.go:296: [d0016e283930b] waiting for daemon to start
    daemon.go:328: [d0016e283930b] daemon started
    daemon.go:283: [d0016e283930b] exiting daemon
=== RUN   TestCreateServiceSecretFileMode
--- PASS: TestCreateServiceSecretFileMode (2.47s)
    daemon.go:296: [dc8fdeef07587] waiting for daemon to start
    daemon.go:328: [dc8fdeef07587] daemon started
    daemon.go:283: [dc8fdeef07587] exiting daemon
=== RUN   TestCreateServiceConfigFileMode
--- PASS: TestCreateServiceConfigFileMode (2.60s)
    daemon.go:296: [dfb7b040d002a] waiting for daemon to start
    daemon.go:328: [dfb7b040d002a] daemon started
    daemon.go:283: [dfb7b040d002a] exiting daemon
=== RUN   TestCreateServiceSysctls
--- PASS: TestCreateServiceSysctls (3.23s)
    daemon.go:296: [dc45376ea2cf1] waiting for daemon to start
    daemon.go:328: [dc45376ea2cf1] daemon started
    daemon.go:283: [dc45376ea2cf1] exiting daemon
=== RUN   TestInspect
--- PASS: TestInspect (2.03s)
    daemon.go:296: [d5255e5c95f13] waiting for daemon to start
    daemon.go:328: [d5255e5c95f13] daemon started
    daemon.go:283: [d5255e5c95f13] exiting daemon
=== RUN   TestDockerNetworkConnectAlias
--- PASS: TestDockerNetworkConnectAlias (4.02s)
    daemon.go:296: [d81e2a91b8513] waiting for daemon to start
    daemon.go:328: [d81e2a91b8513] daemon started
    daemon.go:283: [d81e2a91b8513] exiting daemon
=== RUN   TestServicePlugin
--- PASS: TestServicePlugin (35.02s)
    daemon.go:296: [d3ca7035889c0] waiting for daemon to start
    daemon.go:328: [d3ca7035889c0] daemon started
    daemon.go:283: [d3ca7035889c0] exiting daemon
    daemon.go:296: [d6d6b153173c3] waiting for daemon to start
    daemon.go:328: [d6d6b153173c3] daemon started
    daemon.go:296: [d29573425719d] waiting for daemon to start
    daemon.go:328: [d29573425719d] daemon started
    daemon.go:296: [db2230f41da41] waiting for daemon to start
    daemon.go:328: [db2230f41da41] daemon started
    daemon.go:283: [db2230f41da41] exiting daemon
    daemon.go:283: [d29573425719d] exiting daemon
    daemon.go:283: [d6d6b153173c3] exiting daemon
=== RUN   TestServiceUpdateLabel
--- PASS: TestServiceUpdateLabel (2.08s)
    daemon.go:296: [d96807be1a77d] waiting for daemon to start
    daemon.go:328: [d96807be1a77d] daemon started
    daemon.go:283: [d96807be1a77d] exiting daemon
=== RUN   TestServiceUpdateSecrets
--- PASS: TestServiceUpdateSecrets (14.54s)
    daemon.go:296: [d2cec5eb511ef] waiting for daemon to start
    daemon.go:328: [d2cec5eb511ef] daemon started
    daemon.go:283: [d2cec5eb511ef] exiting daemon
=== RUN   TestServiceUpdateConfigs
Set build name.
New build name is '#38467'
Build was aborted
Aborted by Gordon
[PostBuildScript] - Executing post build scripts.
/tmp/jenkins1058321037090293785.sh: line 21: 16932 Terminated              docker run --rm -t --privileged -v "$WORKSPACE/bundles:/go/src/github.com/docker/docker/bundles" -e DOCKER_EXPERIMENTAL=y --name docker-pr-exp$BUILD_NUMBER -e DOCKER_GITCOMMIT=${GITCOMMIT} -e DOCKER_GRAPHDRIVER=vfs -e DOCKER_EXECDRIVER=native docker:${GITCOMMIT}-exp hack/ci/experimental
[Docker-PRs-experimental] $ /bin/sh -xe /tmp/jenkins635958677183194466.sh
+ echo Ensuring container killed.
Ensuring container killed.
+ docker rm -vf docker-pr-exp43649
docker-pr-exp43649
+ echo Chowning /workspace to jenkins user
Chowning /workspace to jenkins user
+ id -u
+ id -g
+ docker run --rm -v /home/ubuntu/workspace/Docker-PRs-experimental:/workspace busybox chown -R 1000:1000 /workspace
[Docker-PRs-experimental] $ /bin/sh -xe /tmp/jenkins489725113578061990.sh
+ echo Creating bundles.tar.gz
Creating bundles.tar.gz
+ xargs tar -czf bundles.tar.gz
+ find bundles -name *.log
Archiving artifacts
Notifying endpoint with url 'https://leeroy.dockerproject.org/notification/jenkins'
[WS-CLEANUP] Deleting project workspace...[WS-CLEANUP] done
Finished: ABORTED
