Started by user Gordon
Notifying endpoint with url 'https://leeroy.dockerproject.org/notification/jenkins'
[EnvInject] - Loading node environment variables.
Building remotely on ubuntu-1604-aufs-stable (i-0b2d3858f78cf82f2) (docker-edge ubuntu aufs docker-stable docker ubuntu-1604-aufs-edge x86_64 ec2 linux ubuntu-1604-aufs ubuntu-1604 amd64 ubuntu-1604-aufs-stable us-west-2) in workspace /home/ubuntu/workspace/Docker-PRs-experimental
Wiping out workspace first.
Cloning the remote Git repository
Cloning repository https://github.com/moby/moby.git
 > git init /home/ubuntu/workspace/Docker-PRs-experimental # timeout=10
Fetching upstream changes from https://github.com/moby/moby.git
 > git --version # timeout=10
 > git fetch --tags --progress https://github.com/moby/moby.git +refs/heads/*:refs/remotes/origin/*
 > git config remote.origin.url https://github.com/moby/moby.git # timeout=10
 > git config --add remote.origin.fetch +refs/heads/*:refs/remotes/origin/* # timeout=10
 > git config remote.origin.url https://github.com/moby/moby.git # timeout=10
Fetching upstream changes from https://github.com/moby/moby.git
 > git fetch --tags --progress https://github.com/moby/moby.git +refs/heads/*:refs/remotes/origin/*
 > git rev-parse origin/master^{commit} # timeout=10
Checking out Revision 3f2ecb5452bf59650c426bb4a5d5407136a71d87 (origin/master)
 > git config core.sparsecheckout # timeout=10
 > git checkout -f 3f2ecb5452bf59650c426bb4a5d5407136a71d87
Commit message: "Merge pull request #38515 from yongtang/01082019-oll.WaitOn"
 > git rev-list --no-walk 3f2ecb5452bf59650c426bb4a5d5407136a71d87 # timeout=10
Set build name.
New build name is '#38523'
[Docker-PRs-experimental] $ /bin/bash /tmp/jenkins6471009797112752288.sh
From https://github.com/moby/moby
 * [new ref]         refs/pull/38523/head -> origin/pr/38523
Updating 3f2ecb5..4a5d4787
Fast-forward
 Makefile                         |  3 +++
 hack/ci/arm                      |  1 +
 hack/ci/experimental             |  1 +
 hack/ci/janky                    |  1 +
 hack/ci/powerpc                  |  2 +-
 hack/make/test-integration-flaky | 33 +++++++++++++++++++++++++++++++++
 integration/image/commit_test.go | 25 +++++++++++++++++++++++++
 7 files changed, 65 insertions(+), 1 deletion(-)
 create mode 100644 hack/make/test-integration-flaky
Sending build context to Docker daemon  45.11MB
Step 1/94 : FROM golang:1.11.4 AS base
 ---> 343df9d12b7b
Step 2/94 : ARG APT_MIRROR=deb.debian.org
 ---> Using cache
 ---> 43c751bbc3e0
Step 3/94 : RUN sed -ri "s/(httpredir|deb).debian.org/$APT_MIRROR/g" /etc/apt/sources.list
 ---> Using cache
 ---> a204ad764c72
Step 4/94 : FROM base AS criu
 ---> a204ad764c72
Step 5/94 : ENV CRIU_VERSION 3.6
 ---> Using cache
 ---> 2b81435e7176
Step 6/94 : RUN apt-get update && apt-get install -y 	libnet-dev 	libprotobuf-c0-dev 	libprotobuf-dev 	libnl-3-dev 	libcap-dev 	protobuf-compiler 	protobuf-c-compiler 	python-protobuf 	&& mkdir -p /usr/src/criu 	&& curl -sSL https://github.com/checkpoint-restore/criu/archive/v${CRIU_VERSION}.tar.gz | tar -C /usr/src/criu/ -xz --strip-components=1 	&& cd /usr/src/criu 	&& make 	&& make PREFIX=/build/ install-criu
 ---> Using cache
 ---> 5e4a05524f00
Step 7/94 : FROM base AS registry
 ---> a204ad764c72
Step 8/94 : ENV REGISTRY_COMMIT_SCHEMA1 ec87e9b6971d831f0eff752ddb54fb64693e51cd
 ---> Using cache
 ---> 6fc37d485738
Step 9/94 : ENV REGISTRY_COMMIT 47a064d4195a9b56133891bbb13620c3ac83a827
 ---> Using cache
 ---> dbdf521f4ed7
Step 10/94 : RUN set -x 	&& export GOPATH="$(mktemp -d)" 	&& git clone https://github.com/docker/distribution.git "$GOPATH/src/github.com/docker/distribution" 	&& (cd "$GOPATH/src/github.com/docker/distribution" && git checkout -q "$REGISTRY_COMMIT") 	&& GOPATH="$GOPATH/src/github.com/docker/distribution/Godeps/_workspace:$GOPATH" 		go build -buildmode=pie -o /build/registry-v2 github.com/docker/distribution/cmd/registry 	&& case $(dpkg --print-architecture) in 		amd64|ppc64*|s390x) 		(cd "$GOPATH/src/github.com/docker/distribution" && git checkout -q "$REGISTRY_COMMIT_SCHEMA1"); 		GOPATH="$GOPATH/src/github.com/docker/distribution/Godeps/_workspace:$GOPATH"; 			go build -buildmode=pie -o /build/registry-v2-schema1 github.com/docker/distribution/cmd/registry; 		;; 	   esac 	&& rm -rf "$GOPATH"
 ---> Using cache
 ---> a9821d004c3a
Step 11/94 : FROM base AS docker-py
 ---> a204ad764c72
Step 12/94 : ENV DOCKER_PY_COMMIT 8b246db271a85d6541dc458838627e89c683e42f
 ---> Using cache
 ---> 195f7db9f111
Step 13/94 : RUN git clone https://github.com/docker/docker-py.git /build 	&& cd /build 	&& git checkout -q $DOCKER_PY_COMMIT
 ---> Using cache
 ---> 41385655bebe
Step 14/94 : FROM base AS swagger
 ---> a204ad764c72
Step 15/94 : ENV GO_SWAGGER_COMMIT c28258affb0b6251755d92489ef685af8d4ff3eb
 ---> Using cache
 ---> e240da2028ab
Step 16/94 : RUN set -x 	&& export GOPATH="$(mktemp -d)" 	&& git clone https://github.com/go-swagger/go-swagger.git "$GOPATH/src/github.com/go-swagger/go-swagger" 	&& (cd "$GOPATH/src/github.com/go-swagger/go-swagger" && git checkout -q "$GO_SWAGGER_COMMIT") 	&& go build -o /build/swagger github.com/go-swagger/go-swagger/cmd/swagger 	&& rm -rf "$GOPATH"
 ---> Using cache
 ---> da6d6b1be5f9
Step 17/94 : FROM base AS frozen-images
 ---> a204ad764c72
Step 18/94 : RUN apt-get update && apt-get install -y jq ca-certificates --no-install-recommends
 ---> Using cache
 ---> bc27179ff950
Step 19/94 : COPY contrib/download-frozen-image-v2.sh /
 ---> Using cache
 ---> aef2b06eda4c
Step 20/94 : RUN /download-frozen-image-v2.sh /build 	buildpack-deps:jessie@sha256:dd86dced7c9cd2a724e779730f0a53f93b7ef42228d4344b25ce9a42a1486251 	busybox:latest@sha256:bbc3a03235220b170ba48a157dd097dd1379299370e1ed99ce976df0355d24f0 	busybox:glibc@sha256:0b55a30394294ab23b9afd58fab94e61a923f5834fba7ddbae7f8e0c11ba85e6 	debian:jessie@sha256:287a20c5f73087ab406e6b364833e3fb7b3ae63ca0eb3486555dc27ed32c6e60 	hello-world:latest@sha256:be0cd392e45be79ffeffa6b05338b98ebb16c87b255f48e297ec7f98e123905c
 ---> Using cache
 ---> c88f6699d9c1
Step 21/94 : FROM base AS runtime-dev
 ---> a204ad764c72
Step 22/94 : RUN apt-get update && apt-get install -y 	libapparmor-dev 	libseccomp-dev
 ---> Using cache
 ---> 43cbfc2d4ef0
Step 23/94 : FROM base AS tomlv
 ---> a204ad764c72
Step 24/94 : ENV INSTALL_BINARY_NAME=tomlv
 ---> Using cache
 ---> b0c623f24ce4
Step 25/94 : COPY hack/dockerfile/install/install.sh ./install.sh
 ---> Using cache
 ---> 97944ec7b074
Step 26/94 : COPY hack/dockerfile/install/$INSTALL_BINARY_NAME.installer ./
 ---> Using cache
 ---> 57126f9e3a22
Step 27/94 : RUN PREFIX=/build ./install.sh $INSTALL_BINARY_NAME
 ---> Using cache
 ---> 90d95c3bd621
Step 28/94 : FROM base AS vndr
 ---> a204ad764c72
Step 29/94 : ENV INSTALL_BINARY_NAME=vndr
 ---> Using cache
 ---> 9850ad56c14a
Step 30/94 : COPY hack/dockerfile/install/install.sh ./install.sh
 ---> Using cache
 ---> 792483551ef6
Step 31/94 : COPY hack/dockerfile/install/$INSTALL_BINARY_NAME.installer ./
 ---> Using cache
 ---> f060af89bf05
Step 32/94 : RUN PREFIX=/build ./install.sh $INSTALL_BINARY_NAME
 ---> Using cache
 ---> d048daf43e87
Step 33/94 : FROM base AS containerd
 ---> a204ad764c72
Step 34/94 : RUN apt-get update && apt-get install -y btrfs-tools
 ---> Using cache
 ---> 5f8af6681033
Step 35/94 : ENV INSTALL_BINARY_NAME=containerd
 ---> Using cache
 ---> 0449b1472b6e
Step 36/94 : COPY hack/dockerfile/install/install.sh ./install.sh
 ---> Using cache
 ---> ab3bb5df8f5a
Step 37/94 : COPY hack/dockerfile/install/$INSTALL_BINARY_NAME.installer ./
 ---> Using cache
 ---> 892aac6b2d69
Step 38/94 : RUN PREFIX=/build ./install.sh $INSTALL_BINARY_NAME
 ---> Using cache
 ---> 30e4d12ee0f0
Step 39/94 : FROM base AS proxy
 ---> a204ad764c72
Step 40/94 : ENV INSTALL_BINARY_NAME=proxy
 ---> Using cache
 ---> ea26ed38c231
Step 41/94 : COPY hack/dockerfile/install/install.sh ./install.sh
 ---> Using cache
 ---> 36994fe73dcf
Step 42/94 : COPY hack/dockerfile/install/$INSTALL_BINARY_NAME.installer ./
 ---> Using cache
 ---> 2c9058521079
Step 43/94 : RUN PREFIX=/build ./install.sh $INSTALL_BINARY_NAME
 ---> Using cache
 ---> 2be6bc7aa029
Step 44/94 : FROM base AS gometalinter
 ---> a204ad764c72
Step 45/94 : ENV INSTALL_BINARY_NAME=gometalinter
 ---> Using cache
 ---> e6f0c5e422c4
Step 46/94 : COPY hack/dockerfile/install/install.sh ./install.sh
 ---> Using cache
 ---> 2a45791e1aeb
Step 47/94 : COPY hack/dockerfile/install/$INSTALL_BINARY_NAME.installer ./
 ---> Using cache
 ---> 415e36b7582f
Step 48/94 : RUN PREFIX=/build ./install.sh $INSTALL_BINARY_NAME
 ---> Using cache
 ---> 26a71dd7fb4c
Step 49/94 : FROM base AS dockercli
 ---> a204ad764c72
Step 50/94 : ENV INSTALL_BINARY_NAME=dockercli
 ---> Using cache
 ---> 4bf658c6910d
Step 51/94 : COPY hack/dockerfile/install/install.sh ./install.sh
 ---> Using cache
 ---> a2d3b28e8cb3
Step 52/94 : COPY hack/dockerfile/install/$INSTALL_BINARY_NAME.installer ./
 ---> Using cache
 ---> 02c59427d83d
Step 53/94 : RUN PREFIX=/build ./install.sh $INSTALL_BINARY_NAME
 ---> Using cache
 ---> a0a0f29ac42c
Step 54/94 : FROM runtime-dev AS runc
 ---> 43cbfc2d4ef0
Step 55/94 : ENV INSTALL_BINARY_NAME=runc
 ---> Using cache
 ---> ecb1cf92c77a
Step 56/94 : COPY hack/dockerfile/install/install.sh ./install.sh
 ---> Using cache
 ---> 6f5cb01e4371
Step 57/94 : COPY hack/dockerfile/install/$INSTALL_BINARY_NAME.installer ./
 ---> Using cache
 ---> 4c98360b42d9
Step 58/94 : RUN PREFIX=/build ./install.sh $INSTALL_BINARY_NAME
 ---> Using cache
 ---> 56187d0d7811
Step 59/94 : FROM base AS tini
 ---> a204ad764c72
Step 60/94 : RUN apt-get update && apt-get install -y cmake vim-common
 ---> Using cache
 ---> 7d7787b30e08
Step 61/94 : COPY hack/dockerfile/install/install.sh ./install.sh
 ---> Using cache
 ---> f05f638d68a4
Step 62/94 : ENV INSTALL_BINARY_NAME=tini
 ---> Using cache
 ---> 0a7aecd4709e
Step 63/94 : COPY hack/dockerfile/install/$INSTALL_BINARY_NAME.installer ./
 ---> Using cache
 ---> 819c51b399ea
Step 64/94 : RUN PREFIX=/build ./install.sh $INSTALL_BINARY_NAME
 ---> Using cache
 ---> 45773c910437
Step 65/94 : FROM runtime-dev AS dev
 ---> 43cbfc2d4ef0
Step 66/94 : RUN groupadd -r docker
 ---> Using cache
 ---> d1fae5121568
Step 67/94 : RUN useradd --create-home --gid docker unprivilegeduser
 ---> Using cache
 ---> 063a12e7bfe7
Step 68/94 : RUN ln -sfv /go/src/github.com/docker/docker/.bashrc ~/.bashrc
 ---> Using cache
 ---> b5965a58e88b
Step 69/94 : RUN echo "source /usr/share/bash-completion/bash_completion" >> /etc/bash.bashrc
 ---> Using cache
 ---> 53652b208048
Step 70/94 : RUN ln -s /usr/local/completion/bash/docker /etc/bash_completion.d/docker
 ---> Using cache
 ---> 315b16900d97
Step 71/94 : RUN ldconfig
 ---> Using cache
 ---> 85b185c8bd5c
Step 72/94 : RUN apt-get update && apt-get install -y 	apparmor 	aufs-tools 	bash-completion 	btrfs-tools 	iptables 	jq 	libcap2-bin 	libdevmapper-dev 	libudev-dev 	libsystemd-dev 	binutils-mingw-w64 	g++-mingw-w64-x86-64 	net-tools 	pigz 	python-backports.ssl-match-hostname 	python-dev 	python-mock 	python-pip 	python-requests 	python-setuptools 	python-websocket 	python-wheel 	thin-provisioning-tools 	vim 	vim-common 	xfsprogs 	zip 	bzip2 	xz-utils 	--no-install-recommends
 ---> Using cache
 ---> 119bd86f3c94
Step 73/94 : COPY --from=swagger /build/swagger* /usr/local/bin/
 ---> Using cache
 ---> e9c851762334
Step 74/94 : COPY --from=frozen-images /build/ /docker-frozen-images
 ---> Using cache
 ---> c3e118083ef1
Step 75/94 : COPY --from=gometalinter /build/ /usr/local/bin/
 ---> Using cache
 ---> bc13940c4b67
Step 76/94 : COPY --from=tomlv /build/ /usr/local/bin/
 ---> Using cache
 ---> 8d075b6db4bf
Step 77/94 : COPY --from=vndr /build/ /usr/local/bin/
 ---> Using cache
 ---> 77555e2baa2a
Step 78/94 : COPY --from=tini /build/ /usr/local/bin/
 ---> Using cache
 ---> 05c2cf8d941d
Step 79/94 : COPY --from=runc /build/ /usr/local/bin/
 ---> Using cache
 ---> 113db3659c93
Step 80/94 : COPY --from=containerd /build/ /usr/local/bin/
 ---> Using cache
 ---> 026c895d5f58
Step 81/94 : COPY --from=proxy /build/ /usr/local/bin/
 ---> Using cache
 ---> 8979927627c0
Step 82/94 : COPY --from=dockercli /build/ /usr/local/cli
 ---> Using cache
 ---> 4a2ec7ca4a67
Step 83/94 : COPY --from=registry /build/registry* /usr/local/bin/
 ---> Using cache
 ---> 8212377b7dfe
Step 84/94 : COPY --from=criu /build/ /usr/local/
 ---> Using cache
 ---> 160bf05417db
Step 85/94 : COPY --from=docker-py /build/ /docker-py
 ---> Using cache
 ---> 7d3d97d415f7
Step 86/94 : RUN cd /docker-py 	&& pip install docker-pycreds==0.2.1 	&& pip install yamllint==1.5.0 	&& pip install -r test-requirements.txt
 ---> Using cache
 ---> 6b7094b6ff3b
Step 87/94 : ENV PATH=/usr/local/cli:$PATH
 ---> Using cache
 ---> b1cffa94e9e0
Step 88/94 : ENV DOCKER_BUILDTAGS apparmor seccomp selinux
 ---> Using cache
 ---> 4fa39a33556c
Step 89/94 : ENV GOMETALINTER_OPTS="--deadline=2m"
 ---> Using cache
 ---> bc6f88694ffa
Step 90/94 : WORKDIR /go/src/github.com/docker/docker
 ---> Using cache
 ---> fd853a3ef7bf
Step 91/94 : VOLUME /var/lib/docker
 ---> Using cache
 ---> e43e5c0b93fa
Step 92/94 : ENTRYPOINT ["hack/dind"]
 ---> Using cache
 ---> d9ab11c6f201
Step 93/94 : FROM dev AS final
 ---> d9ab11c6f201
Step 94/94 : COPY . /go/src/github.com/docker/docker
 ---> 02aa8be261e1
Successfully built 02aa8be261e1
Successfully tagged docker:4a5d4787-exp

Removing bundles/

---> Making bundle: binary-daemon (in bundles/binary-daemon)
Building: bundles/binary-daemon/dockerd-dev
Created binary: bundles/binary-daemon/dockerd-dev
Copying nested executables into bundles/binary-daemon

---> Making bundle: test-integration-flaky (in bundles/test-integration-flaky)
fatal: Not a git repository (or any of the parent directories): .git
Build step 'Execute shell' marked build as failure
Set build name.
New build name is '#38523'
[PostBuildScript] - Executing post build scripts.
[Docker-PRs-experimental] $ /bin/sh -xe /tmp/jenkins8792192438231709020.sh
+ echo Ensuring container killed.
Ensuring container killed.
+ docker rm -vf docker-pr-exp43659
Error: No such container: docker-pr-exp43659
+ true
+ echo Chowning /workspace to jenkins user
Chowning /workspace to jenkins user
+ id -u
+ id -g
+ docker run --rm -v /home/ubuntu/workspace/Docker-PRs-experimental:/workspace busybox chown -R 1000:1000 /workspace
[Docker-PRs-experimental] $ /bin/sh -xe /tmp/jenkins5135108426391587062.sh
+ echo Creating bundles.tar.gz
Creating bundles.tar.gz
+ find bundles -name *.log
+ xargs tar -czf bundles.tar.gz
tar: Cowardly refusing to create an empty archive
Try 'tar --help' or 'tar --usage' for more information.
+ true
Archiving artifacts
Notifying endpoint with url 'https://leeroy.dockerproject.org/notification/jenkins'
[WS-CLEANUP] Deleting project workspace...[WS-CLEANUP] done
Finished: FAILURE
