Started by user Gordon
Notifying endpoint with url 'https://leeroy.dockerproject.org/notification/jenkins'
[EnvInject] - Loading node environment variables.
Building remotely on s390x-ubuntu-25 (linux s390x-ubuntu-1604 s390x) in workspace /home/jenkins/workspace/Docker-PRs-s390x
Running Prebuild steps
[Docker-PRs-s390x] $ /bin/sh -xe /tmp/jenkins4944573073032485131.sh
+ pwd
+ id -u
+ id -g
+ docker run --rm -v /home/jenkins/workspace/Docker-PRs-s390x:/workspace s390x/busybox chown -R 1001:1001 /workspace
Success build forhudson.tasks.Shell@54493290
Wiping out workspace first.
Cloning the remote Git repository
Cloning repository https://github.com/moby/moby.git
 > git init /home/jenkins/workspace/Docker-PRs-s390x # timeout=10
Fetching upstream changes from https://github.com/moby/moby.git
 > git --version # timeout=10
 > git fetch --tags --progress https://github.com/moby/moby.git +refs/heads/*:refs/remotes/origin/*
 > git config remote.origin.url https://github.com/moby/moby.git # timeout=10
 > git config --add remote.origin.fetch +refs/heads/*:refs/remotes/origin/* # timeout=10
 > git config remote.origin.url https://github.com/moby/moby.git # timeout=10
Fetching upstream changes from https://github.com/moby/moby.git
 > git fetch --tags --progress https://github.com/moby/moby.git +refs/heads/*:refs/remotes/origin/*
 > git rev-parse origin/master^{commit} # timeout=10
Checking out Revision f76d6a078d881f410c00e8d900dcdfc2e026c841 (origin/master)
 > git config core.sparsecheckout # timeout=10
 > git checkout -f f76d6a078d881f410c00e8d900dcdfc2e026c841
Commit message: "Merge pull request #38370 from farnasirim/36413-bind-dir-skip-copy"
 > git rev-list --no-walk f76d6a078d881f410c00e8d900dcdfc2e026c841 # timeout=10
Set build name.
New build name is '#38432'
[Docker-PRs-s390x] $ /bin/bash /tmp/jenkins6823238855285424289.sh
From https://github.com/moby/moby
 * [new ref]         refs/pull/38432/head -> origin/pr/38432
Merge made by the 'recursive' strategy.
 hack/ci/windows.ps1                                |   9 +-
 integration-cli/check_test.go                      |   3 +-
 integration-cli/docker_api_swarm_node_test.go      |   2 -
 integration-cli/docker_api_swarm_service_test.go   |  79 ---------
 .../docker_api_swarm_service_unix_test.go          |  90 ++++++++++
 integration-cli/docker_api_swarm_test.go           |   2 -
 integration-cli/docker_cli_swarm_test.go           | 196 ---------------------
 integration-cli/docker_cli_swarm_unix_test.go      | 195 ++++++++++++++++++++
 internal/test/daemon/daemon.go                     |  15 +-
 internal/test/daemon/daemon_unix.go                |   6 +
 internal/test/daemon/daemon_windows.go             |   6 +
 internal/test/daemon/swarm.go                      |   4 -
 internal/test/daemon/swarm_unix.go                 |   7 +
 internal/test/daemon/swarm_windows.go              |   7 +
 14 files changed, 324 insertions(+), 297 deletions(-)
 create mode 100644 integration-cli/docker_api_swarm_service_unix_test.go
 create mode 100644 internal/test/daemon/swarm_unix.go
 create mode 100644 internal/test/daemon/swarm_windows.go
Sending build context to Docker daemon  45.09MB
Step 1/94 : FROM golang:1.11.4 AS base
 ---> ee5c1a481166
Step 2/94 : ARG APT_MIRROR=deb.debian.org
 ---> Using cache
 ---> 1cef3f23cd6d
Step 3/94 : RUN sed -ri "s/(httpredir|deb).debian.org/$APT_MIRROR/g" /etc/apt/sources.list
 ---> Using cache
 ---> 90edbf21dba0
Step 4/94 : FROM base AS criu
 ---> 90edbf21dba0
Step 5/94 : ENV CRIU_VERSION 3.6
 ---> Using cache
 ---> 1e8e73de03f4
Step 6/94 : RUN apt-get update && apt-get install -y 	libnet-dev 	libprotobuf-c0-dev 	libprotobuf-dev 	libnl-3-dev 	libcap-dev 	protobuf-compiler 	protobuf-c-compiler 	python-protobuf 	&& mkdir -p /usr/src/criu 	&& curl -sSL https://github.com/checkpoint-restore/criu/archive/v${CRIU_VERSION}.tar.gz | tar -C /usr/src/criu/ -xz --strip-components=1 	&& cd /usr/src/criu 	&& make 	&& make PREFIX=/build/ install-criu
 ---> Running in 91687c7d4fb2
Err:1 http://cdn-fastly.deb.debian.org/debian stretch InRelease
  Could not resolve 'cdn-fastly.deb.debian.org'
Err:2 http://cdn-fastly.deb.debian.org/debian stretch-updates InRelease
  Could not resolve 'cdn-fastly.deb.debian.org'
Err:3 http://security.debian.org/debian-security stretch/updates InRelease
  Could not resolve 'security.debian.org'
Reading package lists...
W: Failed to fetch http://cdn-fastly.deb.debian.org/debian/dists/stretch/InRelease  Could not resolve 'cdn-fastly.deb.debian.org'
W: Failed to fetch http://security.debian.org/debian-security/dists/stretch/updates/InRelease  Could not resolve 'security.debian.org'
W: Failed to fetch http://cdn-fastly.deb.debian.org/debian/dists/stretch-updates/InRelease  Could not resolve 'cdn-fastly.deb.debian.org'
W: Some index files failed to download. They have been ignored, or old ones used instead.
Reading package lists...
Building dependency tree...
Reading state information...
E: Unable to locate package libnet-dev
E: Unable to locate package libprotobuf-c0-dev
E: Unable to locate package libprotobuf-dev
E: Unable to locate package libnl-3-dev
E: Unable to locate package libcap-dev
E: Unable to locate package protobuf-compiler
E: Unable to locate package protobuf-c-compiler
E: Unable to locate package python-protobuf
Removing intermediate container 91687c7d4fb2
The command '/bin/sh -c apt-get update && apt-get install -y 	libnet-dev 	libprotobuf-c0-dev 	libprotobuf-dev 	libnl-3-dev 	libcap-dev 	protobuf-compiler 	protobuf-c-compiler 	python-protobuf 	&& mkdir -p /usr/src/criu 	&& curl -sSL https://github.com/checkpoint-restore/criu/archive/v${CRIU_VERSION}.tar.gz | tar -C /usr/src/criu/ -xz --strip-components=1 	&& cd /usr/src/criu 	&& make 	&& make PREFIX=/build/ install-criu' returned a non-zero code: 100
Unable to find image 'docker-s390x:df7092b' locally
docker: Error response from daemon: pull access denied for docker-s390x, repository does not exist or may require 'docker login'.
See 'docker run --help'.
Build step 'Execute shell' marked build as failure
Set build name.
New build name is '#38432'
[PostBuildScript] - Executing post build scripts.
[Docker-PRs-s390x] $ /bin/sh -xe /tmp/jenkins2858222006851653492.sh
+ echo Chowning /workspace to jenkins user
Chowning /workspace to jenkins user
+ id -u
+ id -g
+ docker run --rm -v /home/jenkins/workspace/Docker-PRs-s390x:/workspace s390x/busybox chown -R 1001:1001 /workspace
[Docker-PRs-s390x] $ /bin/sh -xe /tmp/jenkins2514073796986687711.sh
+ echo Creating bundles.tar.gz
Creating bundles.tar.gz
+ xargs tar -czf bundles.tar.gz
+ find bundles -name *.log
find: ‘bundles’: No such file or directory
tar: Cowardly refusing to create an empty archive
Try 'tar --help' or 'tar --usage' for more information.
+ true
Archiving artifacts
Notifying endpoint with url 'https://leeroy.dockerproject.org/notification/jenkins'
Finished: FAILURE
