Started by user Gordon
Notifying endpoint with url 'https://leeroy.dockerproject.org/notification/jenkins'
[EnvInject] - Loading node environment variables.
Building remotely on ubuntu-1604-aufs-stable (i-0bb452c973fa09ee7) (docker-edge ubuntu aufs docker-stable docker ubuntu-1604-aufs-edge x86_64 ec2 linux ubuntu-1604-aufs ubuntu-1604 amd64 ubuntu-1604-aufs-stable us-west-2) in workspace /home/ubuntu/workspace/Docker-PRs-experimental
Wiping out workspace first.
Cloning the remote Git repository
Cloning repository https://github.com/moby/moby.git
 > git init /home/ubuntu/workspace/Docker-PRs-experimental # timeout=10
Fetching upstream changes from https://github.com/moby/moby.git
 > git --version # timeout=10
 > git fetch --tags --progress https://github.com/moby/moby.git +refs/heads/*:refs/remotes/origin/*
 > git config remote.origin.url https://github.com/moby/moby.git # timeout=10
 > git config --add remote.origin.fetch +refs/heads/*:refs/remotes/origin/* # timeout=10
 > git config remote.origin.url https://github.com/moby/moby.git # timeout=10
Fetching upstream changes from https://github.com/moby/moby.git
 > git fetch --tags --progress https://github.com/moby/moby.git +refs/heads/*:refs/remotes/origin/*
 > git rev-parse origin/master^{commit} # timeout=10
Checking out Revision f76d6a078d881f410c00e8d900dcdfc2e026c841 (origin/master)
 > git config core.sparsecheckout # timeout=10
 > git checkout -f f76d6a078d881f410c00e8d900dcdfc2e026c841
Commit message: "Merge pull request #38370 from farnasirim/36413-bind-dir-skip-copy"
 > git rev-list --no-walk f76d6a078d881f410c00e8d900dcdfc2e026c841 # timeout=10
Set build name.
New build name is '#38432'
[Docker-PRs-experimental] $ /bin/bash /tmp/jenkins935331607969602322.sh
From https://github.com/moby/moby
 * [new ref]         refs/pull/38432/head -> origin/pr/38432
Merge made by the 'recursive' strategy.
 hack/ci/windows.ps1                                |   7 +-
 integration-cli/check_test.go                      |   3 +-
 integration-cli/docker_api_swarm_node_test.go      |   2 -
 integration-cli/docker_api_swarm_service_test.go   |  79 ---------
 .../docker_api_swarm_service_unix_test.go          |  90 ++++++++++
 integration-cli/docker_api_swarm_test.go           |   2 -
 integration-cli/docker_cli_swarm_test.go           | 196 ---------------------
 integration-cli/docker_cli_swarm_unix_test.go      | 195 ++++++++++++++++++++
 internal/test/daemon/daemon.go                     |   5 -
 internal/test/daemon/daemon_unix.go                |   6 +
 internal/test/daemon/daemon_windows.go             |   6 +
 internal/test/daemon/swarm.go                      |   4 -
 internal/test/daemon/swarm_unix.go                 |   7 +
 internal/test/daemon/swarm_windows.go              |   7 +
 14 files changed, 316 insertions(+), 293 deletions(-)
 create mode 100644 integration-cli/docker_api_swarm_service_unix_test.go
 create mode 100644 internal/test/daemon/swarm_unix.go
 create mode 100644 internal/test/daemon/swarm_windows.go
Sending build context to Docker daemon  45.09MB
Step 1/94 : FROM golang:1.11.4 AS base
 ---> 343df9d12b7b
Step 2/94 : ARG APT_MIRROR=deb.debian.org
 ---> Using cache
 ---> ffc2e5a808bb
Step 3/94 : RUN sed -ri "s/(httpredir|deb).debian.org/$APT_MIRROR/g" /etc/apt/sources.list
 ---> Using cache
 ---> 105b5fb0122f
Step 4/94 : FROM base AS criu
 ---> 105b5fb0122f
Step 5/94 : ENV CRIU_VERSION 3.6
 ---> Using cache
 ---> 50c8250f0052
Step 6/94 : RUN apt-get update && apt-get install -y 	libnet-dev 	libprotobuf-c0-dev 	libprotobuf-dev 	libnl-3-dev 	libcap-dev 	protobuf-compiler 	protobuf-c-compiler 	python-protobuf 	&& mkdir -p /usr/src/criu 	&& curl -sSL https://github.com/checkpoint-restore/criu/archive/v${CRIU_VERSION}.tar.gz | tar -C /usr/src/criu/ -xz --strip-components=1 	&& cd /usr/src/criu 	&& make 	&& make PREFIX=/build/ install-criu
 ---> Using cache
 ---> 18080022d061
Step 7/94 : FROM base AS registry
 ---> 105b5fb0122f
Step 8/94 : ENV REGISTRY_COMMIT_SCHEMA1 ec87e9b6971d831f0eff752ddb54fb64693e51cd
 ---> Using cache
 ---> d4967e462773
Step 9/94 : ENV REGISTRY_COMMIT 47a064d4195a9b56133891bbb13620c3ac83a827
 ---> Using cache
 ---> 8386edcac34e
Step 10/94 : RUN set -x 	&& export GOPATH="$(mktemp -d)" 	&& git clone https://github.com/docker/distribution.git "$GOPATH/src/github.com/docker/distribution" 	&& (cd "$GOPATH/src/github.com/docker/distribution" && git checkout -q "$REGISTRY_COMMIT") 	&& GOPATH="$GOPATH/src/github.com/docker/distribution/Godeps/_workspace:$GOPATH" 		go build -buildmode=pie -o /build/registry-v2 github.com/docker/distribution/cmd/registry 	&& case $(dpkg --print-architecture) in 		amd64|ppc64*|s390x) 		(cd "$GOPATH/src/github.com/docker/distribution" && git checkout -q "$REGISTRY_COMMIT_SCHEMA1"); 		GOPATH="$GOPATH/src/github.com/docker/distribution/Godeps/_workspace:$GOPATH"; 			go build -buildmode=pie -o /build/registry-v2-schema1 github.com/docker/distribution/cmd/registry; 		;; 	   esac 	&& rm -rf "$GOPATH"
 ---> Using cache
 ---> 91afdc7d122e
Step 11/94 : FROM base AS docker-py
 ---> 105b5fb0122f
Step 12/94 : ENV DOCKER_PY_COMMIT 8b246db271a85d6541dc458838627e89c683e42f
 ---> Using cache
 ---> 716c5d3c4979
Step 13/94 : RUN git clone https://github.com/docker/docker-py.git /build 	&& cd /build 	&& git checkout -q $DOCKER_PY_COMMIT
 ---> Using cache
 ---> c70c09d276f1
Step 14/94 : FROM base AS swagger
 ---> 105b5fb0122f
Step 15/94 : ENV GO_SWAGGER_COMMIT c28258affb0b6251755d92489ef685af8d4ff3eb
 ---> Using cache
 ---> ed47ea2399c2
Step 16/94 : RUN set -x 	&& export GOPATH="$(mktemp -d)" 	&& git clone https://github.com/go-swagger/go-swagger.git "$GOPATH/src/github.com/go-swagger/go-swagger" 	&& (cd "$GOPATH/src/github.com/go-swagger/go-swagger" && git checkout -q "$GO_SWAGGER_COMMIT") 	&& go build -o /build/swagger github.com/go-swagger/go-swagger/cmd/swagger 	&& rm -rf "$GOPATH"
 ---> Using cache
 ---> 7de6ddcb2db9
Step 17/94 : FROM base AS frozen-images
 ---> 105b5fb0122f
Step 18/94 : RUN apt-get update && apt-get install -y jq ca-certificates --no-install-recommends
 ---> Using cache
 ---> 95d726c37fb1
Step 19/94 : COPY contrib/download-frozen-image-v2.sh /
 ---> Using cache
 ---> 59e7ce27f5f6
Step 20/94 : RUN /download-frozen-image-v2.sh /build 	buildpack-deps:jessie@sha256:dd86dced7c9cd2a724e779730f0a53f93b7ef42228d4344b25ce9a42a1486251 	busybox:latest@sha256:bbc3a03235220b170ba48a157dd097dd1379299370e1ed99ce976df0355d24f0 	busybox:glibc@sha256:0b55a30394294ab23b9afd58fab94e61a923f5834fba7ddbae7f8e0c11ba85e6 	debian:jessie@sha256:287a20c5f73087ab406e6b364833e3fb7b3ae63ca0eb3486555dc27ed32c6e60 	hello-world:latest@sha256:be0cd392e45be79ffeffa6b05338b98ebb16c87b255f48e297ec7f98e123905c
 ---> Using cache
 ---> 16e1ad1e9526
Step 21/94 : FROM base AS runtime-dev
 ---> 105b5fb0122f
Step 22/94 : RUN apt-get update && apt-get install -y 	libapparmor-dev 	libseccomp-dev
 ---> Using cache
 ---> 86f4a8e9e631
Step 23/94 : FROM base AS tomlv
 ---> 105b5fb0122f
Step 24/94 : ENV INSTALL_BINARY_NAME=tomlv
 ---> Using cache
 ---> d97b7c44715e
Step 25/94 : COPY hack/dockerfile/install/install.sh ./install.sh
 ---> Using cache
 ---> 898c685008c5
Step 26/94 : COPY hack/dockerfile/install/$INSTALL_BINARY_NAME.installer ./
 ---> Using cache
 ---> 813e939fad75
Step 27/94 : RUN PREFIX=/build ./install.sh $INSTALL_BINARY_NAME
 ---> Using cache
 ---> 2ee12aef223e
Step 28/94 : FROM base AS vndr
 ---> 105b5fb0122f
Step 29/94 : ENV INSTALL_BINARY_NAME=vndr
 ---> Using cache
 ---> a2dbc499efa6
Step 30/94 : COPY hack/dockerfile/install/install.sh ./install.sh
 ---> Using cache
 ---> 286c9de6ec29
Step 31/94 : COPY hack/dockerfile/install/$INSTALL_BINARY_NAME.installer ./
 ---> Using cache
 ---> 82b79684193b
Step 32/94 : RUN PREFIX=/build ./install.sh $INSTALL_BINARY_NAME
 ---> Using cache
 ---> 9b00f8119f36
Step 33/94 : FROM base AS containerd
 ---> 105b5fb0122f
Step 34/94 : RUN apt-get update && apt-get install -y btrfs-tools
 ---> Using cache
 ---> 39c0041590a2
Step 35/94 : ENV INSTALL_BINARY_NAME=containerd
 ---> Using cache
 ---> 12e06af7cb44
Step 36/94 : COPY hack/dockerfile/install/install.sh ./install.sh
 ---> Using cache
 ---> 98045e2e3884
Step 37/94 : COPY hack/dockerfile/install/$INSTALL_BINARY_NAME.installer ./
 ---> Using cache
 ---> ec9c38a0fc6a
Step 38/94 : RUN PREFIX=/build ./install.sh $INSTALL_BINARY_NAME
 ---> Using cache
 ---> 076244e8e346
Step 39/94 : FROM base AS proxy
 ---> 105b5fb0122f
Step 40/94 : ENV INSTALL_BINARY_NAME=proxy
 ---> Using cache
 ---> 0d5f87b4748a
Step 41/94 : COPY hack/dockerfile/install/install.sh ./install.sh
 ---> Using cache
 ---> e604cee4ed52
Step 42/94 : COPY hack/dockerfile/install/$INSTALL_BINARY_NAME.installer ./
 ---> Using cache
 ---> 59bebaac34af
Step 43/94 : RUN PREFIX=/build ./install.sh $INSTALL_BINARY_NAME
 ---> Using cache
 ---> 5dca1fddfc6c
Step 44/94 : FROM base AS gometalinter
 ---> 105b5fb0122f
Step 45/94 : ENV INSTALL_BINARY_NAME=gometalinter
 ---> Using cache
 ---> 3b8fd2b8e52f
Step 46/94 : COPY hack/dockerfile/install/install.sh ./install.sh
 ---> Using cache
 ---> 77c4eab135e6
Step 47/94 : COPY hack/dockerfile/install/$INSTALL_BINARY_NAME.installer ./
 ---> Using cache
 ---> 8771e4beca39
Step 48/94 : RUN PREFIX=/build ./install.sh $INSTALL_BINARY_NAME
 ---> Using cache
 ---> e83c71802f57
Step 49/94 : FROM base AS dockercli
 ---> 105b5fb0122f
Step 50/94 : ENV INSTALL_BINARY_NAME=dockercli
 ---> Using cache
 ---> 3eff98e28595
Step 51/94 : COPY hack/dockerfile/install/install.sh ./install.sh
 ---> Using cache
 ---> fe897510caf6
Step 52/94 : COPY hack/dockerfile/install/$INSTALL_BINARY_NAME.installer ./
 ---> Using cache
 ---> df5ca4481dfe
Step 53/94 : RUN PREFIX=/build ./install.sh $INSTALL_BINARY_NAME
 ---> Using cache
 ---> 0a2a9349f8c6
Step 54/94 : FROM runtime-dev AS runc
 ---> 86f4a8e9e631
Step 55/94 : ENV INSTALL_BINARY_NAME=runc
 ---> Using cache
 ---> b581c6a69cd1
Step 56/94 : COPY hack/dockerfile/install/install.sh ./install.sh
 ---> Using cache
 ---> 1197930ba236
Step 57/94 : COPY hack/dockerfile/install/$INSTALL_BINARY_NAME.installer ./
 ---> Using cache
 ---> 2dcc1393be75
Step 58/94 : RUN PREFIX=/build ./install.sh $INSTALL_BINARY_NAME
 ---> Using cache
 ---> b1635db0dcf4
Step 59/94 : FROM base AS tini
 ---> 105b5fb0122f
Step 60/94 : RUN apt-get update && apt-get install -y cmake vim-common
 ---> Using cache
 ---> 166f72ad0233
Step 61/94 : COPY hack/dockerfile/install/install.sh ./install.sh
 ---> Using cache
 ---> eb4f8e4be1e2
Step 62/94 : ENV INSTALL_BINARY_NAME=tini
 ---> Using cache
 ---> 8d1a0519000f
Step 63/94 : COPY hack/dockerfile/install/$INSTALL_BINARY_NAME.installer ./
 ---> Using cache
 ---> d1bd0af7f6cc
Step 64/94 : RUN PREFIX=/build ./install.sh $INSTALL_BINARY_NAME
 ---> Using cache
 ---> 9492df82e362
Step 65/94 : FROM runtime-dev AS dev
 ---> 86f4a8e9e631
Step 66/94 : RUN groupadd -r docker
 ---> Using cache
 ---> 4cb621be3ae5
Step 67/94 : RUN useradd --create-home --gid docker unprivilegeduser
 ---> Using cache
 ---> 85c3c707a8ee
Step 68/94 : RUN ln -sfv /go/src/github.com/docker/docker/.bashrc ~/.bashrc
 ---> Using cache
 ---> 37c8ea0f6f87
Step 69/94 : RUN echo "source /usr/share/bash-completion/bash_completion" >> /etc/bash.bashrc
 ---> Using cache
 ---> 592f45c68bb9
Step 70/94 : RUN ln -s /usr/local/completion/bash/docker /etc/bash_completion.d/docker
 ---> Using cache
 ---> 9ee1f9a83ef6
Step 71/94 : RUN ldconfig
 ---> Using cache
 ---> 53a894f3aae5
Step 72/94 : RUN apt-get update && apt-get install -y 	apparmor 	aufs-tools 	bash-completion 	btrfs-tools 	iptables 	jq 	libcap2-bin 	libdevmapper-dev 	libudev-dev 	libsystemd-dev 	binutils-mingw-w64 	g++-mingw-w64-x86-64 	net-tools 	pigz 	python-backports.ssl-match-hostname 	python-dev 	python-mock 	python-pip 	python-requests 	python-setuptools 	python-websocket 	python-wheel 	thin-provisioning-tools 	vim 	vim-common 	xfsprogs 	zip 	bzip2 	xz-utils 	--no-install-recommends
 ---> Using cache
 ---> b21ce24dcb7c
Step 73/94 : COPY --from=swagger /build/swagger* /usr/local/bin/
 ---> Using cache
 ---> a54e655eacc0
Step 74/94 : COPY --from=frozen-images /build/ /docker-frozen-images
 ---> Using cache
 ---> 9731c99792e4
Step 75/94 : COPY --from=gometalinter /build/ /usr/local/bin/
 ---> Using cache
 ---> 28ebf612dc59
Step 76/94 : COPY --from=tomlv /build/ /usr/local/bin/
 ---> Using cache
 ---> 9fdaa37dd1cc
Step 77/94 : COPY --from=vndr /build/ /usr/local/bin/
 ---> Using cache
 ---> db1b85b1f903
Step 78/94 : COPY --from=tini /build/ /usr/local/bin/
 ---> Using cache
 ---> 46b8853c0a70
Step 79/94 : COPY --from=runc /build/ /usr/local/bin/
 ---> Using cache
 ---> b00ca884a95a
Step 80/94 : COPY --from=containerd /build/ /usr/local/bin/
 ---> Using cache
 ---> c66dce213270
Step 81/94 : COPY --from=proxy /build/ /usr/local/bin/
 ---> Using cache
 ---> d43cc181d590
Step 82/94 : COPY --from=dockercli /build/ /usr/local/cli
 ---> Using cache
 ---> 4393535de0a9
Step 83/94 : COPY --from=registry /build/registry* /usr/local/bin/
 ---> Using cache
 ---> ec429b8f0bf4
Step 84/94 : COPY --from=criu /build/ /usr/local/
 ---> Using cache
 ---> 7dc145942ef1
Step 85/94 : COPY --from=docker-py /build/ /docker-py
 ---> Using cache
 ---> 1114b18d0e2f
Step 86/94 : RUN cd /docker-py 	&& pip install docker-pycreds==0.2.1 	&& pip install yamllint==1.5.0 	&& pip install -r test-requirements.txt
 ---> Using cache
 ---> 5c4aa8444cac
Step 87/94 : ENV PATH=/usr/local/cli:$PATH
 ---> Using cache
 ---> 03d0f41592c9
Step 88/94 : ENV DOCKER_BUILDTAGS apparmor seccomp selinux
 ---> Using cache
 ---> c6e1615b7967
Step 89/94 : ENV GOMETALINTER_OPTS="--deadline=2m"
 ---> Using cache
 ---> e31482d320ee
Step 90/94 : WORKDIR /go/src/github.com/docker/docker
 ---> Using cache
 ---> e6025c4a98dc
Step 91/94 : VOLUME /var/lib/docker
 ---> Using cache
 ---> d406054b8840
Step 92/94 : ENTRYPOINT ["hack/dind"]
 ---> Using cache
 ---> b9f3e90aa9e5
Step 93/94 : FROM dev AS final
 ---> b9f3e90aa9e5
Step 94/94 : COPY . /go/src/github.com/docker/docker
 ---> 9205426fc10c
Successfully built 9205426fc10c
Successfully tagged docker:696cd5d-exp

Removing bundles/

---> Making bundle: binary-daemon (in bundles/binary-daemon)
Building: bundles/binary-daemon/dockerd-dev
Created binary: bundles/binary-daemon/dockerd-dev
Copying nested executables into bundles/binary-daemon

---> Making bundle: test-integration (in bundles/test-integration)
Building test suite binary ./integration-cli/test.main
Building test suite binary ./integration/plugin/test.main
Building test suite binary ./integration/plugin/authz/test.main
Building test suite binary ./integration/plugin/logging/test.main
Building test suite binary ./integration/plugin/logging/cmd/test.main
Building test suite binary ./integration/plugin/logging/cmd/close_on_start/test.main
Building test suite binary ./integration/plugin/logging/cmd/dummy/test.main
Building test suite binary ./integration/plugin/common/test.main
Building test suite binary ./integration/plugin/volumes/test.main
Building test suite binary ./integration/plugin/volumes/cmd/test.main
Building test suite binary ./integration/plugin/volumes/cmd/dummy/test.main
Building test suite binary ./integration/plugin/graphdriver/test.main
Building test suite binary ./integration/config/test.main
Building test suite binary ./integration/service/test.main
Building test suite binary ./integration/network/test.main
Building test suite binary ./integration/network/ipvlan/test.main
Building test suite binary ./integration/network/macvlan/test.main
Building test suite binary ./integration/secret/test.main
Building test suite binary ./integration/session/test.main
Building test suite binary ./integration/container/test.main
Building test suite binary ./integration/build/test.main
Building test suite binary ./integration/volume/test.main
Building test suite binary ./integration/system/test.main
Building test suite binary ./integration/image/test.main
---> Making bundle: .integration-daemon-start (in bundles/test-integration)
Using test binary docker
# DOCKER_EXPERIMENTAL is set: starting daemon with experimental features enabled! 
/etc/init.d/apparmor: 130: /etc/init.d/apparmor: systemd-detect-virt: not found
Starting AppArmor profiles:Warning from stdin (line 1): /sbin/apparmor_parser: cannot use or update cache, disable, or force-complain via stdin
Warning failed to create cache: (null)
.
INFO: Waiting for daemon to start...
Starting dockerd
.
---> Making bundle: .integration-daemon-setup (in bundles/test-integration)
---> Making bundle: .ensure-emptyfs (in bundles/test-integration)
Error: No such image: emptyfs
Running integration-test (iteration 1)
Running /go/src/github.com/docker/docker/integration/plugin
testing: warning: no tests to run
PASS
Running /go/src/github.com/docker/docker/integration/plugin/authz
Loaded image: buildpack-deps:jessie
Loaded image: busybox:latest
Loaded image: busybox:glibc
Loaded image: debian:jessie
Loaded image: hello-world:latest
INFO: Testing against a local daemon
=== RUN   TestAuthZPluginAllowRequest
--- PASS: TestAuthZPluginAllowRequest (2.96s)
    daemon.go:291: [da321ac59900e] waiting for daemon to start
    daemon.go:323: [da321ac59900e] daemon started
    daemon.go:278: [da321ac59900e] exiting daemon
=== RUN   TestAuthZPluginTLS
--- PASS: TestAuthZPluginTLS (0.53s)
    daemon.go:291: [db5722349a302] waiting for daemon to start
    daemon.go:323: [db5722349a302] daemon started
    daemon.go:278: [db5722349a302] exiting daemon
=== RUN   TestAuthZPluginDenyRequest
--- PASS: TestAuthZPluginDenyRequest (0.52s)
    daemon.go:291: [d440f779d51c1] waiting for daemon to start
    daemon.go:323: [d440f779d51c1] daemon started
    daemon.go:278: [d440f779d51c1] exiting daemon
=== RUN   TestAuthZPluginAPIDenyResponse
--- PASS: TestAuthZPluginAPIDenyResponse (2.96s)
    daemon.go:291: [d14767e31ab8d] waiting for daemon to start
    daemon.go:323: [d14767e31ab8d] daemon started
    daemon.go:278: [d14767e31ab8d] exiting daemon
=== RUN   TestAuthZPluginDenyResponse
--- PASS: TestAuthZPluginDenyResponse (3.13s)
    daemon.go:291: [d7f50418ad5d7] waiting for daemon to start
    daemon.go:323: [d7f50418ad5d7] daemon started
    daemon.go:278: [d7f50418ad5d7] exiting daemon
=== RUN   TestAuthZPluginAllowEventStream
--- PASS: TestAuthZPluginAllowEventStream (1.47s)
    daemon.go:291: [d24581abb426e] waiting for daemon to start
    daemon.go:323: [d24581abb426e] daemon started
    daemon.go:278: [d24581abb426e] exiting daemon
=== RUN   TestAuthZPluginErrorResponse
--- PASS: TestAuthZPluginErrorResponse (0.52s)
    daemon.go:291: [df514ac0aff5c] waiting for daemon to start
    daemon.go:323: [df514ac0aff5c] daemon started
    daemon.go:278: [df514ac0aff5c] exiting daemon
=== RUN   TestAuthZPluginErrorRequest
--- PASS: TestAuthZPluginErrorRequest (0.53s)
    daemon.go:291: [d90359e0d51ab] waiting for daemon to start
    daemon.go:323: [d90359e0d51ab] daemon started
    daemon.go:278: [d90359e0d51ab] exiting daemon
=== RUN   TestAuthZPluginEnsureNoDuplicatePluginRegistration
--- PASS: TestAuthZPluginEnsureNoDuplicatePluginRegistration (0.52s)
    daemon.go:291: [ddbcc87a82dbc] waiting for daemon to start
    daemon.go:323: [ddbcc87a82dbc] daemon started
    daemon.go:278: [ddbcc87a82dbc] exiting daemon
=== RUN   TestAuthZPluginEnsureLoadImportWorking
--- PASS: TestAuthZPluginEnsureLoadImportWorking (1.46s)
    daemon.go:291: [dba027c5e2c15] waiting for daemon to start
    daemon.go:323: [dba027c5e2c15] daemon started
    daemon.go:278: [dba027c5e2c15] exiting daemon
=== RUN   TestAuthzPluginEnsureContainerCopyToFrom
--- PASS: TestAuthzPluginEnsureContainerCopyToFrom (1.51s)
    daemon.go:291: [da6a35fa56881] waiting for daemon to start
    daemon.go:323: [da6a35fa56881] daemon started
    daemon.go:278: [da6a35fa56881] exiting daemon
=== RUN   TestAuthZPluginHeader
--- PASS: TestAuthZPluginHeader (0.72s)
    daemon.go:291: [d1085e96d4cf7] waiting for daemon to start
    daemon.go:323: [d1085e96d4cf7] daemon started
    daemon.go:278: [d1085e96d4cf7] exiting daemon
=== RUN   TestAuthZPluginV2AllowNonVolumeRequest
--- PASS: TestAuthZPluginV2AllowNonVolumeRequest (6.52s)
    daemon.go:291: [dd1323c8e9bd0] waiting for daemon to start
    daemon.go:323: [dd1323c8e9bd0] daemon started
    daemon.go:278: [dd1323c8e9bd0] exiting daemon
    daemon.go:291: [dd1323c8e9bd0] waiting for daemon to start
    daemon.go:323: [dd1323c8e9bd0] daemon started
    daemon.go:278: [dd1323c8e9bd0] exiting daemon
=== RUN   TestAuthZPluginV2Disable
--- PASS: TestAuthZPluginV2Disable (6.81s)
    daemon.go:291: [d14dd05e692df] waiting for daemon to start
    daemon.go:323: [d14dd05e692df] daemon started
    daemon.go:278: [d14dd05e692df] exiting daemon
    daemon.go:291: [d14dd05e692df] waiting for daemon to start
    daemon.go:323: [d14dd05e692df] daemon started
    daemon.go:278: [d14dd05e692df] exiting daemon
=== RUN   TestAuthZPluginV2RejectVolumeRequests
--- PASS: TestAuthZPluginV2RejectVolumeRequests (5.68s)
    daemon.go:291: [da4f2bf25a1ec] waiting for daemon to start
    daemon.go:323: [da4f2bf25a1ec] daemon started
    daemon.go:278: [da4f2bf25a1ec] exiting daemon
    daemon.go:291: [da4f2bf25a1ec] waiting for daemon to start
    daemon.go:323: [da4f2bf25a1ec] daemon started
    daemon.go:278: [da4f2bf25a1ec] exiting daemon
=== RUN   TestAuthZPluginV2BadManifestFailsDaemonStart
--- PASS: TestAuthZPluginV2BadManifestFailsDaemonStart (13.70s)
    daemon.go:291: [d13af0bcb6676] waiting for daemon to start
    daemon.go:323: [d13af0bcb6676] daemon started
    daemon.go:278: [d13af0bcb6676] exiting daemon
    daemon.go:291: [d13af0bcb6676] waiting for daemon to start
    daemon.go:291: [d13af0bcb6676] waiting for daemon to start
    daemon.go:278: [d13af0bcb6676] exiting daemon
    daemon.go:291: [d13af0bcb6676] waiting for daemon to start
    daemon.go:323: [d13af0bcb6676] daemon started
    daemon.go:278: [d13af0bcb6676] exiting daemon
=== RUN   TestAuthZPluginV2NonexistentFailsDaemonStart
--- PASS: TestAuthZPluginV2NonexistentFailsDaemonStart (16.52s)
    daemon.go:291: [dcb64c0c0365e] waiting for daemon to start
    daemon.go:323: [dcb64c0c0365e] daemon started
    daemon.go:278: [dcb64c0c0365e] exiting daemon
    daemon.go:291: [dcb64c0c0365e] waiting for daemon to start
    daemon.go:291: [dcb64c0c0365e] waiting for daemon to start
    daemon.go:291: [dcb64c0c0365e] waiting for daemon to start
    daemon.go:323: [dcb64c0c0365e] daemon started
    daemon.go:278: [dcb64c0c0365e] exiting daemon
PASS
Running /go/src/github.com/docker/docker/integration/plugin/logging
INFO: Testing against a local daemon
=== RUN   TestContinueAfterPluginCrash
=== PAUSE TestContinueAfterPluginCrash
=== RUN   TestDaemonStartWithLogOpt
=== PAUSE TestDaemonStartWithLogOpt
=== CONT  TestContinueAfterPluginCrash
=== CONT  TestDaemonStartWithLogOpt
--- PASS: TestDaemonStartWithLogOpt (13.50s)
    daemon.go:291: [dd4ee421d1fa1] waiting for daemon to start
    daemon.go:323: [dd4ee421d1fa1] daemon started
    daemon.go:278: [dd4ee421d1fa1] exiting daemon
    daemon.go:291: [dd4ee421d1fa1] waiting for daemon to start
    daemon.go:323: [dd4ee421d1fa1] daemon started
    daemon.go:278: [dd4ee421d1fa1] exiting daemon
--- PASS: TestContinueAfterPluginCrash (18.89s)
    daemon.go:291: [d523884f973ee] waiting for daemon to start
    daemon.go:323: [d523884f973ee] daemon started
    daemon.go:278: [d523884f973ee] exiting daemon
PASS
Running /go/src/github.com/docker/docker/integration/plugin/logging/cmd
testing: warning: no tests to run
PASS
Running /go/src/github.com/docker/docker/integration/plugin/logging/cmd/close_on_start
testing: warning: no tests to run
PASS
Running /go/src/github.com/docker/docker/integration/plugin/logging/cmd/dummy
testing: warning: no tests to run
PASS
Running /go/src/github.com/docker/docker/integration/plugin/common
INFO: Testing against a local daemon
=== RUN   TestPluginInvalidJSON
=== RUN   TestPluginInvalidJSON//plugins/foobar/set
=== PAUSE TestPluginInvalidJSON//plugins/foobar/set
=== CONT  TestPluginInvalidJSON//plugins/foobar/set
--- PASS: TestPluginInvalidJSON (0.02s)
    --- PASS: TestPluginInvalidJSON//plugins/foobar/set (0.00s)
PASS
Running /go/src/github.com/docker/docker/integration/plugin/volumes
INFO: Testing against a local daemon
=== RUN   TestPluginWithDevMounts
=== PAUSE TestPluginWithDevMounts
=== CONT  TestPluginWithDevMounts
--- PASS: TestPluginWithDevMounts (1.74s)
    daemon.go:291: [da4d1545beb99] waiting for daemon to start
    daemon.go:323: [da4d1545beb99] daemon started
    daemon.go:278: [da4d1545beb99] exiting daemon
PASS
Running /go/src/github.com/docker/docker/integration/plugin/volumes/cmd
testing: warning: no tests to run
PASS
Running /go/src/github.com/docker/docker/integration/plugin/volumes/cmd/dummy
testing: warning: no tests to run
PASS
Running /go/src/github.com/docker/docker/integration/plugin/graphdriver
INFO: Testing against a local daemon
=== RUN   TestExternalGraphDriver
=== RUN   TestExternalGraphDriver/json
=== RUN   TestExternalGraphDriver/spec
=== RUN   TestExternalGraphDriver/pull
--- PASS: TestExternalGraphDriver (6.99s)
    daemon.go:291: [dda4b3173aa8e] waiting for daemon to start
    daemon.go:323: [dda4b3173aa8e] daemon started
    daemon.go:278: [dda4b3173aa8e] exiting daemon
    daemon.go:291: [dda4b3173aa8e] waiting for daemon to start
    daemon.go:323: [dda4b3173aa8e] daemon started
    daemon.go:278: [dda4b3173aa8e] exiting daemon
    --- PASS: TestExternalGraphDriver/json (1.72s)
    daemon.go:291: [dda4b3173aa8e] waiting for daemon to start
    daemon.go:323: [dda4b3173aa8e] daemon started
    daemon.go:278: [dda4b3173aa8e] exiting daemon
    daemon.go:291: [dda4b3173aa8e] waiting for daemon to start
    daemon.go:323: [dda4b3173aa8e] daemon started
    daemon.go:278: [dda4b3173aa8e] exiting daemon
    --- PASS: TestExternalGraphDriver/spec (1.73s)
    daemon.go:291: [dda4b3173aa8e] waiting for daemon to start
    daemon.go:323: [dda4b3173aa8e] daemon started
    daemon.go:278: [dda4b3173aa8e] exiting daemon
    --- PASS: TestExternalGraphDriver/pull (3.08s)
=== RUN   TestGraphdriverPluginV2
--- SKIP: TestGraphdriverPluginV2 (0.36s)
    external_test.go:411: !requirement.Overlay2Supported(testEnv.DaemonInfo.KernelVersion)
PASS
Running /go/src/github.com/docker/docker/integration/config
INFO: Testing against a local daemon
=== RUN   TestConfigList
--- PASS: TestConfigList (2.11s)
    daemon.go:291: [d583dfaa50e4c] waiting for daemon to start
    daemon.go:323: [d583dfaa50e4c] daemon started
    daemon.go:278: [d583dfaa50e4c] exiting daemon
=== RUN   TestConfigsCreateAndDelete
--- PASS: TestConfigsCreateAndDelete (2.13s)
    daemon.go:291: [de6d8b99b903f] waiting for daemon to start
    daemon.go:323: [de6d8b99b903f] daemon started
    daemon.go:278: [de6d8b99b903f] exiting daemon
=== RUN   TestConfigsUpdate
--- PASS: TestConfigsUpdate (2.02s)
    daemon.go:291: [df60f3ac98d23] waiting for daemon to start
    daemon.go:323: [df60f3ac98d23] daemon started
    daemon.go:278: [df60f3ac98d23] exiting daemon
=== RUN   TestTemplatedConfig
--- PASS: TestTemplatedConfig (2.67s)
    daemon.go:291: [d709e6c700326] waiting for daemon to start
    daemon.go:323: [d709e6c700326] daemon started
    daemon.go:278: [d709e6c700326] exiting daemon
=== RUN   TestConfigInspect
--- PASS: TestConfigInspect (2.08s)
    daemon.go:291: [dcc3fb03455e9] waiting for daemon to start
    daemon.go:323: [dcc3fb03455e9] daemon started
    daemon.go:278: [dcc3fb03455e9] exiting daemon
=== RUN   TestConfigCreateWithLabels
--- PASS: TestConfigCreateWithLabels (2.14s)
    daemon.go:291: [d04f1202b79c7] waiting for daemon to start
    daemon.go:323: [d04f1202b79c7] daemon started
    daemon.go:278: [d04f1202b79c7] exiting daemon
=== RUN   TestConfigCreateResolve
--- PASS: TestConfigCreateResolve (2.16s)
    daemon.go:291: [d25a495c426f9] waiting for daemon to start
    daemon.go:323: [d25a495c426f9] daemon started
    daemon.go:278: [d25a495c426f9] exiting daemon
PASS
Running /go/src/github.com/docker/docker/integration/service
INFO: Testing against a local daemon
=== RUN   TestServiceCreateInit
=== RUN   TestServiceCreateInit/daemonInitDisabled
=== RUN   TestServiceCreateInit/daemonInitEnabled
--- PASS: TestServiceCreateInit (7.86s)
    --- PASS: TestServiceCreateInit/daemonInitDisabled (3.89s)
        daemon.go:291: [d3e3419eccabd] waiting for daemon to start
        daemon.go:323: [d3e3419eccabd] daemon started
        daemon.go:278: [d3e3419eccabd] exiting daemon
    --- PASS: TestServiceCreateInit/daemonInitEnabled (3.97s)
        daemon.go:291: [d89119c91a001] waiting for daemon to start
        daemon.go:323: [d89119c91a001] daemon started
        daemon.go:278: [d89119c91a001] exiting daemon
=== RUN   TestCreateServiceMultipleTimes
--- PASS: TestCreateServiceMultipleTimes (23.84s)
    daemon.go:291: [d4f403a906521] waiting for daemon to start
    daemon.go:323: [d4f403a906521] daemon started
    daemon.go:278: [d4f403a906521] exiting daemon
=== RUN   TestCreateServiceConflict
--- PASS: TestCreateServiceConflict (2.15s)
    daemon.go:291: [d99ec4c52e3ba] waiting for daemon to start
    daemon.go:323: [d99ec4c52e3ba] daemon started
    daemon.go:278: [d99ec4c52e3ba] exiting daemon
=== RUN   TestCreateServiceMaxReplicas
--- PASS: TestCreateServiceMaxReplicas (2.80s)
    daemon.go:291: [d59e9273c1a2f] waiting for daemon to start
    daemon.go:323: [d59e9273c1a2f] daemon started
    daemon.go:278: [d59e9273c1a2f] exiting daemon
=== RUN   TestCreateWithDuplicateNetworkNames
--- PASS: TestCreateWithDuplicateNetworkNames (12.95s)
    daemon.go:291: [ddb336349aa87] waiting for daemon to start
    daemon.go:323: [ddb336349aa87] daemon started
    daemon.go:278: [ddb336349aa87] exiting daemon
=== RUN   TestCreateServiceSecretFileMode
--- PASS: TestCreateServiceSecretFileMode (2.57s)
    daemon.go:291: [de5789eb61a99] waiting for daemon to start
    daemon.go:323: [de5789eb61a99] daemon started
    daemon.go:278: [de5789eb61a99] exiting daemon
=== RUN   TestCreateServiceConfigFileMode
--- PASS: TestCreateServiceConfigFileMode (2.54s)
    daemon.go:291: [d49797b00dd9c] waiting for daemon to start
    daemon.go:323: [d49797b00dd9c] daemon started
    daemon.go:278: [d49797b00dd9c] exiting daemon
=== RUN   TestCreateServiceSysctls
--- PASS: TestCreateServiceSysctls (3.20s)
    daemon.go:291: [d6fb317385ab6] waiting for daemon to start
    daemon.go:323: [d6fb317385ab6] daemon started
    daemon.go:278: [d6fb317385ab6] exiting daemon
=== RUN   TestInspect
--- PASS: TestInspect (2.14s)
    daemon.go:291: [d82e89ec7f422] waiting for daemon to start
    daemon.go:323: [d82e89ec7f422] daemon started
    daemon.go:278: [d82e89ec7f422] exiting daemon
=== RUN   TestDockerNetworkConnectAlias
--- PASS: TestDockerNetworkConnectAlias (4.09s)
    daemon.go:291: [d6bd2d58c2d31] waiting for daemon to start
    daemon.go:323: [d6bd2d58c2d31] daemon started
    daemon.go:278: [d6bd2d58c2d31] exiting daemon
=== RUN   TestServicePlugin
--- PASS: TestServicePlugin (34.97s)
    daemon.go:291: [db86bfcf59df1] waiting for daemon to start
    daemon.go:323: [db86bfcf59df1] daemon started
    daemon.go:278: [db86bfcf59df1] exiting daemon
    daemon.go:291: [df8fc3f5cf42a] waiting for daemon to start
    daemon.go:323: [df8fc3f5cf42a] daemon started
    daemon.go:291: [d39c5aff31e8f] waiting for daemon to start
    daemon.go:323: [d39c5aff31e8f] daemon started
    daemon.go:291: [d3000c512227f] waiting for daemon to start
    daemon.go:323: [d3000c512227f] daemon started
    daemon.go:278: [d3000c512227f] exiting daemon
    daemon.go:278: [d39c5aff31e8f] exiting daemon
    daemon.go:278: [df8fc3f5cf42a] exiting daemon
PASS
Running /go/src/github.com/docker/docker/integration/network
INFO: Testing against a local daemon
=== RUN   TestNetworkCreateDelete
--- PASS: TestNetworkCreateDelete (0.12s)
=== RUN   TestDockerNetworkDeletePreferID
--- PASS: TestDockerNetworkDeletePreferID (0.29s)
=== RUN   TestInspectNetwork
--- PASS: TestInspectNetwork (23.99s)
    daemon.go:291: [d77d0ac87de7f] waiting for daemon to start
    daemon.go:323: [d77d0ac87de7f] daemon started
    daemon.go:278: [d77d0ac87de7f] exiting daemon
=== RUN   TestRunContainerWithBridgeNone
--- PASS: TestRunContainerWithBridgeNone (2.06s)
    daemon.go:291: [d21be007c0235] waiting for daemon to start
    daemon.go:323: [d21be007c0235] daemon started
    daemon.go:278: [d21be007c0235] exiting daemon
=== RUN   TestNetworkInvalidJSON
=== RUN   TestNetworkInvalidJSON//networks/create
=== PAUSE TestNetworkInvalidJSON//networks/create
=== RUN   TestNetworkInvalidJSON//networks/bridge/connect
=== PAUSE TestNetworkInvalidJSON//networks/bridge/connect
=== RUN   TestNetworkInvalidJSON//networks/bridge/disconnect
=== PAUSE TestNetworkInvalidJSON//networks/bridge/disconnect
=== CONT  TestNetworkInvalidJSON//networks/create
=== CONT  TestNetworkInvalidJSON//networks/bridge/disconnect
=== CONT  TestNetworkInvalidJSON//networks/bridge/connect
--- PASS: TestNetworkInvalidJSON (0.01s)
    --- PASS: TestNetworkInvalidJSON//networks/create (0.00s)
    --- PASS: TestNetworkInvalidJSON//networks/bridge/disconnect (0.00s)
    --- PASS: TestNetworkInvalidJSON//networks/bridge/connect (0.00s)
=== RUN   TestDaemonRestartWithLiveRestore
--- PASS: TestDaemonRestartWithLiveRestore (1.04s)
    daemon.go:291: [d438f56c05507] waiting for daemon to start
    daemon.go:323: [d438f56c05507] daemon started
    daemon.go:278: [d438f56c05507] exiting daemon
    daemon.go:291: [d438f56c05507] waiting for daemon to start
    daemon.go:323: [d438f56c05507] daemon started
    daemon.go:278: [d438f56c05507] exiting daemon
=== RUN   TestDaemonDefaultNetworkPools
--- PASS: TestDaemonDefaultNetworkPools (0.65s)
    daemon.go:291: [d2f4aa22d118e] waiting for daemon to start
    daemon.go:323: [d2f4aa22d118e] daemon started
    daemon.go:278: [d2f4aa22d118e] exiting daemon
=== RUN   TestDaemonRestartWithExistingNetwork
--- PASS: TestDaemonRestartWithExistingNetwork (1.10s)
    daemon.go:291: [d32fbfe61b021] waiting for daemon to start
    daemon.go:323: [d32fbfe61b021] daemon started
    daemon.go:278: [d32fbfe61b021] exiting daemon
    daemon.go:291: [d32fbfe61b021] waiting for daemon to start
    daemon.go:323: [d32fbfe61b021] daemon started
    daemon.go:278: [d32fbfe61b021] exiting daemon
=== RUN   TestDaemonRestartWithExistingNetworkWithDefaultPoolRange
--- PASS: TestDaemonRestartWithExistingNetworkWithDefaultPoolRange (1.18s)
    daemon.go:291: [d709993fe8748] waiting for daemon to start
    daemon.go:323: [d709993fe8748] daemon started
    daemon.go:278: [d709993fe8748] exiting daemon
    daemon.go:291: [d709993fe8748] waiting for daemon to start
    daemon.go:323: [d709993fe8748] daemon started
    daemon.go:278: [d709993fe8748] exiting daemon
=== RUN   TestDaemonWithBipAndDefaultNetworkPool
--- PASS: TestDaemonWithBipAndDefaultNetworkPool (0.54s)
    daemon.go:291: [d7efebc1d22a4] waiting for daemon to start
    daemon.go:323: [d7efebc1d22a4] daemon started
    daemon.go:278: [d7efebc1d22a4] exiting daemon
=== RUN   TestServiceWithPredefinedNetwork
--- PASS: TestServiceWithPredefinedNetwork (2.01s)
    daemon.go:291: [dec9c232c84c8] waiting for daemon to start
    daemon.go:323: [dec9c232c84c8] daemon started
    daemon.go:278: [dec9c232c84c8] exiting daemon
=== RUN   TestServiceRemoveKeepsIngressNetwork
--- PASS: TestServiceRemoveKeepsIngressNetwork (12.10s)
    daemon.go:291: [d098e70acda27] waiting for daemon to start
    daemon.go:323: [d098e70acda27] daemon started
    daemon.go:278: [d098e70acda27] exiting daemon
=== RUN   TestServiceWithDataPathPortInit
--- PASS: TestServiceWithDataPathPortInit (4.17s)
    daemon.go:291: [d568a6a6e4cfe] waiting for daemon to start
    daemon.go:323: [d568a6a6e4cfe] daemon started
    daemon.go:278: [d568a6a6e4cfe] exiting daemon
    daemon.go:291: [d7074f847afc9] waiting for daemon to start
    daemon.go:323: [d7074f847afc9] daemon started
    daemon.go:278: [d7074f847afc9] exiting daemon
=== RUN   TestServiceWithDefaultAddressPoolInit
--- PASS: TestServiceWithDefaultAddressPoolInit (4.29s)
    daemon.go:291: [dbcaa60f3b906] waiting for daemon to start
    daemon.go:323: [dbcaa60f3b906] daemon started
    service_test.go:415: TestServiceWithDefaultAddressPoolInit: NetworkInspect: {Name:saanvisthiraTestServiceWithDefaultAddressPoolInit ID:68r3j4cnnwvqpmuhol85x8h0x Created:2018-12-31 14:00:39.261824829 +0000 UTC Scope:swarm Driver:overlay EnableIPv6:false IPAM:{Driver:default Options:map[] Config:[{Subnet:20.20.0.0/24 IPRange: Gateway:20.20.0.1 AuxAddress:map[]}]} Internal:false Attachable:false Ingress:false ConfigFrom:{Network:} ConfigOnly:false Containers:map[] Options:map[com.docker.network.driver.overlay.vxlanid_list:4097] Labels:map[] Peers:[] Services:map[]}
    daemon.go:278: [dbcaa60f3b906] exiting daemon
    daemon.go:291: [db4b82c1ed2ae] waiting for daemon to start
    daemon.go:323: [db4b82c1ed2ae] daemon started
    daemon.go:278: [db4b82c1ed2ae] exiting daemon
PASS
Running /go/src/github.com/docker/docker/integration/network/ipvlan
INFO: Testing against a local daemon
=== RUN   TestDockerNetworkIpvlanPersistance
--- PASS: TestDockerNetworkIpvlanPersistance (1.28s)
    daemon.go:291: [d62c7e7a7fc69] waiting for daemon to start
    daemon.go:323: [d62c7e7a7fc69] daemon started
    daemon.go:278: [d62c7e7a7fc69] exiting daemon
    daemon.go:291: [d62c7e7a7fc69] waiting for daemon to start
    daemon.go:323: [d62c7e7a7fc69] daemon started
    daemon.go:278: [d62c7e7a7fc69] exiting daemon
=== RUN   TestDockerNetworkIpvlan
=== RUN   TestDockerNetworkIpvlan/Subinterface
=== RUN   TestDockerNetworkIpvlan/OverlapParent
=== RUN   TestDockerNetworkIpvlan/L2NilParent
=== RUN   TestDockerNetworkIpvlan/L2InternalMode
=== RUN   TestDockerNetworkIpvlan/L3NilParent
=== RUN   TestDockerNetworkIpvlan/L3InternalMode
=== RUN   TestDockerNetworkIpvlan/L2MultiSubnet
=== RUN   TestDockerNetworkIpvlan/L3MultiSubnet
=== RUN   TestDockerNetworkIpvlan/Addressing
--- PASS: TestDockerNetworkIpvlan (109.89s)
    daemon.go:291: [d2b35f76c528a] waiting for daemon to start
    daemon.go:323: [d2b35f76c528a] daemon started
    --- PASS: TestDockerNetworkIpvlan/Subinterface (0.09s)
    daemon.go:278: [d2b35f76c528a] exiting daemon
    daemon.go:291: [dfb980c086518] waiting for daemon to start
    daemon.go:323: [dfb980c086518] daemon started
    --- PASS: TestDockerNetworkIpvlan/OverlapParent (0.04s)
    daemon.go:278: [dfb980c086518] exiting daemon
    daemon.go:291: [d40b88802c6fe] waiting for daemon to start
    daemon.go:323: [d40b88802c6fe] daemon started
    --- PASS: TestDockerNetworkIpvlan/L2NilParent (0.87s)
    daemon.go:278: [d40b88802c6fe] exiting daemon
    daemon.go:291: [de452cb2a1f0c] waiting for daemon to start
    daemon.go:323: [de452cb2a1f0c] daemon started
    --- PASS: TestDockerNetworkIpvlan/L2InternalMode (1.87s)
    daemon.go:278: [de452cb2a1f0c] exiting daemon
    daemon.go:291: [d6350121b94cf] waiting for daemon to start
    daemon.go:323: [d6350121b94cf] daemon started
    --- PASS: TestDockerNetworkIpvlan/L3NilParent (15.88s)
    daemon.go:278: [d6350121b94cf] exiting daemon
    daemon.go:291: [d56420a4c5914] waiting for daemon to start
    daemon.go:323: [d56420a4c5914] daemon started
    --- PASS: TestDockerNetworkIpvlan/L3InternalMode (16.89s)
    daemon.go:278: [d56420a4c5914] exiting daemon
    daemon.go:291: [dfa1a1fba9fc1] waiting for daemon to start
    daemon.go:323: [dfa1a1fba9fc1] daemon started
    --- PASS: TestDockerNetworkIpvlan/L2MultiSubnet (17.19s)
    daemon.go:278: [dfa1a1fba9fc1] exiting daemon
    daemon.go:291: [d8bae026b710d] waiting for daemon to start
    daemon.go:323: [d8bae026b710d] daemon started
    --- PASS: TestDockerNetworkIpvlan/L3MultiSubnet (17.17s)
    daemon.go:278: [d8bae026b710d] exiting daemon
    daemon.go:291: [dc070d4d3447b] waiting for daemon to start
    daemon.go:323: [dc070d4d3447b] daemon started
    --- PASS: TestDockerNetworkIpvlan/Addressing (31.30s)
    daemon.go:278: [dc070d4d3447b] exiting daemon
PASS
Running /go/src/github.com/docker/docker/integration/network/macvlan
INFO: Testing against a local daemon
=== RUN   TestDockerNetworkMacvlanPersistance
--- PASS: TestDockerNetworkMacvlanPersistance (1.26s)
    daemon.go:291: [dfc7e02cea95c] waiting for daemon to start
    daemon.go:323: [dfc7e02cea95c] daemon started
    daemon.go:278: [dfc7e02cea95c] exiting daemon
    daemon.go:291: [dfc7e02cea95c] waiting for daemon to start
    daemon.go:323: [dfc7e02cea95c] daemon started
    daemon.go:278: [dfc7e02cea95c] exiting daemon
=== RUN   TestDockerNetworkMacvlan
=== RUN   TestDockerNetworkMacvlan/Subinterface
=== RUN   TestDockerNetworkMacvlan/OverlapParent
=== RUN   TestDockerNetworkMacvlan/NilParent
=== RUN   TestDockerNetworkMacvlan/InternalMode
=== RUN   TestDockerNetworkMacvlan/Addressing
--- PASS: TestDockerNetworkMacvlan (22.90s)
    daemon.go:291: [d4f402a0b830a] waiting for daemon to start
    daemon.go:323: [d4f402a0b830a] daemon started
    --- PASS: TestDockerNetworkMacvlan/Subinterface (0.06s)
    daemon.go:278: [d4f402a0b830a] exiting daemon
    daemon.go:291: [d8b376afadf68] waiting for daemon to start
    daemon.go:323: [d8b376afadf68] daemon started
    --- PASS: TestDockerNetworkMacvlan/OverlapParent (0.07s)
    daemon.go:278: [d8b376afadf68] exiting daemon
    daemon.go:291: [d3fd76c82dd26] waiting for daemon to start
    daemon.go:323: [d3fd76c82dd26] daemon started
    --- PASS: TestDockerNetworkMacvlan/NilParent (0.86s)
    daemon.go:278: [d3fd76c82dd26] exiting daemon
    daemon.go:291: [df6147fad9722] waiting for daemon to start
    daemon.go:323: [df6147fad9722] daemon started
    --- PASS: TestDockerNetworkMacvlan/InternalMode (1.86s)
    daemon.go:278: [df6147fad9722] exiting daemon
    daemon.go:291: [d98c0263c1561] waiting for daemon to start
    daemon.go:323: [d98c0263c1561] daemon started
    --- PASS: TestDockerNetworkMacvlan/Addressing (15.64s)
    daemon.go:278: [d98c0263c1561] exiting daemon
PASS
Running /go/src/github.com/docker/docker/integration/secret
INFO: Testing against a local daemon
=== RUN   TestSecretInspect
--- PASS: TestSecretInspect (2.14s)
    daemon.go:291: [d5bfee70ba092] waiting for daemon to start
    daemon.go:323: [d5bfee70ba092] daemon started
    daemon.go:278: [d5bfee70ba092] exiting daemon
=== RUN   TestSecretList
--- PASS: TestSecretList (2.09s)
    daemon.go:291: [d76298e939959] waiting for daemon to start
    daemon.go:323: [d76298e939959] daemon started
    daemon.go:278: [d76298e939959] exiting daemon
=== RUN   TestSecretsCreateAndDelete
--- PASS: TestSecretsCreateAndDelete (2.04s)
    daemon.go:291: [d835f0df3d9d1] waiting for daemon to start
    daemon.go:323: [d835f0df3d9d1] daemon started
    daemon.go:278: [d835f0df3d9d1] exiting daemon
=== RUN   TestSecretsUpdate
--- PASS: TestSecretsUpdate (2.02s)
    daemon.go:291: [d6a828d2b2eda] waiting for daemon to start
    daemon.go:323: [d6a828d2b2eda] daemon started
    daemon.go:278: [d6a828d2b2eda] exiting daemon
=== RUN   TestTemplatedSecret
--- PASS: TestTemplatedSecret (2.67s)
    daemon.go:291: [dc8ad7b0575d9] waiting for daemon to start
    daemon.go:323: [dc8ad7b0575d9] daemon started
    daemon.go:278: [dc8ad7b0575d9] exiting daemon
=== RUN   TestSecretCreateResolve
--- PASS: TestSecretCreateResolve (2.06s)
    daemon.go:291: [d68a65d26249b] waiting for daemon to start
    daemon.go:323: [d68a65d26249b] daemon started
    daemon.go:278: [d68a65d26249b] exiting daemon
PASS
Running /go/src/github.com/docker/docker/integration/session
INFO: Testing against a local daemon
=== RUN   TestSessionCreate
--- PASS: TestSessionCreate (0.01s)
=== RUN   TestSessionCreateWithBadUpgrade
--- PASS: TestSessionCreateWithBadUpgrade (0.00s)
PASS
Running /go/src/github.com/docker/docker/integration/container
INFO: Testing against a local daemon
=== RUN   TestContainerInvalidJSON
=== RUN   TestContainerInvalidJSON//containers/foobar/copy
=== PAUSE TestContainerInvalidJSON//containers/foobar/copy
=== RUN   TestContainerInvalidJSON//containers/foobar/exec
=== PAUSE TestContainerInvalidJSON//containers/foobar/exec
=== RUN   TestContainerInvalidJSON//exec/foobar/start
=== PAUSE TestContainerInvalidJSON//exec/foobar/start
=== CONT  TestContainerInvalidJSON//containers/foobar/copy
=== CONT  TestContainerInvalidJSON//exec/foobar/start
=== CONT  TestContainerInvalidJSON//containers/foobar/exec
--- PASS: TestContainerInvalidJSON (0.01s)
    --- PASS: TestContainerInvalidJSON//exec/foobar/start (0.00s)
    --- PASS: TestContainerInvalidJSON//containers/foobar/copy (0.00s)
    --- PASS: TestContainerInvalidJSON//containers/foobar/exec (0.00s)
=== RUN   TestCopyFromContainerPathDoesNotExist
--- PASS: TestCopyFromContainerPathDoesNotExist (0.07s)
=== RUN   TestCopyFromContainerPathIsNotDir
--- PASS: TestCopyFromContainerPathIsNotDir (0.06s)
=== RUN   TestCopyToContainerPathDoesNotExist
--- PASS: TestCopyToContainerPathDoesNotExist (0.06s)
=== RUN   TestCopyToContainerPathIsNotDir
--- PASS: TestCopyToContainerPathIsNotDir (0.06s)
=== RUN   TestCreateFailsWhenIdentifierDoesNotExist
=== RUN   TestCreateFailsWhenIdentifierDoesNotExist/image_and_tag
=== PAUSE TestCreateFailsWhenIdentifierDoesNotExist/image_and_tag
=== RUN   TestCreateFailsWhenIdentifierDoesNotExist/image_no_tag
=== PAUSE TestCreateFailsWhenIdentifierDoesNotExist/image_no_tag
=== RUN   TestCreateFailsWhenIdentifierDoesNotExist/digest
=== PAUSE TestCreateFailsWhenIdentifierDoesNotExist/digest
=== CONT  TestCreateFailsWhenIdentifierDoesNotExist/image_and_tag
=== CONT  TestCreateFailsWhenIdentifierDoesNotExist/digest
=== CONT  TestCreateFailsWhenIdentifierDoesNotExist/image_no_tag
--- PASS: TestCreateFailsWhenIdentifierDoesNotExist (0.01s)
    --- PASS: TestCreateFailsWhenIdentifierDoesNotExist/digest (0.00s)
    --- PASS: TestCreateFailsWhenIdentifierDoesNotExist/image_and_tag (0.00s)
    --- PASS: TestCreateFailsWhenIdentifierDoesNotExist/image_no_tag (0.00s)
=== RUN   TestCreateWithInvalidEnv
=== RUN   TestCreateWithInvalidEnv/0
=== PAUSE TestCreateWithInvalidEnv/0
=== RUN   TestCreateWithInvalidEnv/1
=== PAUSE TestCreateWithInvalidEnv/1
=== RUN   TestCreateWithInvalidEnv/2
=== PAUSE TestCreateWithInvalidEnv/2
=== CONT  TestCreateWithInvalidEnv/0
=== CONT  TestCreateWithInvalidEnv/2
=== CONT  TestCreateWithInvalidEnv/1
--- PASS: TestCreateWithInvalidEnv (0.01s)
    --- PASS: TestCreateWithInvalidEnv/0 (0.00s)
    --- PASS: TestCreateWithInvalidEnv/2 (0.00s)
    --- PASS: TestCreateWithInvalidEnv/1 (0.00s)
=== RUN   TestCreateTmpfsMountsTarget
--- PASS: TestCreateTmpfsMountsTarget (0.02s)
=== RUN   TestCreateWithCustomMaskedPaths
--- PASS: TestCreateWithCustomMaskedPaths (1.53s)
=== RUN   TestCreateWithCustomReadonlyPaths
--- PASS: TestCreateWithCustomReadonlyPaths (1.53s)
=== RUN   TestCreateWithInvalidHealthcheckParams
=== RUN   TestCreateWithInvalidHealthcheckParams/test_invalid_Interval_in_Healthcheck:_less_than_0s
=== PAUSE TestCreateWithInvalidHealthcheckParams/test_invalid_Interval_in_Healthcheck:_less_than_0s
=== RUN   TestCreateWithInvalidHealthcheckParams/test_invalid_Interval_in_Healthcheck:_larger_than_0s_but_less_than_1ms
=== PAUSE TestCreateWithInvalidHealthcheckParams/test_invalid_Interval_in_Healthcheck:_larger_than_0s_but_less_than_1ms
=== RUN   TestCreateWithInvalidHealthcheckParams/test_invalid_Timeout_in_Healthcheck:_less_than_1ms
=== PAUSE TestCreateWithInvalidHealthcheckParams/test_invalid_Timeout_in_Healthcheck:_less_than_1ms
=== RUN   TestCreateWithInvalidHealthcheckParams/test_invalid_Retries_in_Healthcheck:_less_than_0
=== PAUSE TestCreateWithInvalidHealthcheckParams/test_invalid_Retries_in_Healthcheck:_less_than_0
=== RUN   TestCreateWithInvalidHealthcheckParams/test_invalid_StartPeriod_in_Healthcheck:_not_0_and_less_than_1ms
=== PAUSE TestCreateWithInvalidHealthcheckParams/test_invalid_StartPeriod_in_Healthcheck:_not_0_and_less_than_1ms
=== CONT  TestCreateWithInvalidHealthcheckParams/test_invalid_Interval_in_Healthcheck:_less_than_0s
=== CONT  TestCreateWithInvalidHealthcheckParams/test_invalid_Retries_in_Healthcheck:_less_than_0
=== CONT  TestCreateWithInvalidHealthcheckParams/test_invalid_StartPeriod_in_Healthcheck:_not_0_and_less_than_1ms
=== CONT  TestCreateWithInvalidHealthcheckParams/test_invalid_Timeout_in_Healthcheck:_less_than_1ms
=== CONT  TestCreateWithInvalidHealthcheckParams/test_invalid_Interval_in_Healthcheck:_larger_than_0s_but_less_than_1ms
--- PASS: TestCreateWithInvalidHealthcheckParams (0.01s)
    --- PASS: TestCreateWithInvalidHealthcheckParams/test_invalid_Retries_in_Healthcheck:_less_than_0 (0.00s)
    --- PASS: TestCreateWithInvalidHealthcheckParams/test_invalid_Interval_in_Healthcheck:_less_than_0s (0.00s)
    --- PASS: TestCreateWithInvalidHealthcheckParams/test_invalid_StartPeriod_in_Healthcheck:_not_0_and_less_than_1ms (0.00s)
    --- PASS: TestCreateWithInvalidHealthcheckParams/test_invalid_Interval_in_Healthcheck:_larger_than_0s_but_less_than_1ms (0.00s)
    --- PASS: TestCreateWithInvalidHealthcheckParams/test_invalid_Timeout_in_Healthcheck:_less_than_1ms (0.01s)
=== RUN   TestContainerStartOnDaemonRestart
=== PAUSE TestContainerStartOnDaemonRestart
=== RUN   TestDiff
--- PASS: TestDiff (0.54s)
=== RUN   TestExecWithCloseStdin
--- PASS: TestExecWithCloseStdin (0.61s)
=== RUN   TestExec
--- PASS: TestExec (0.59s)
=== RUN   TestExportContainerAndImportImage
--- PASS: TestExportContainerAndImportImage (0.67s)
=== RUN   TestExportContainerAfterDaemonRestart
--- PASS: TestExportContainerAfterDaemonRestart (1.28s)
    daemon.go:291: [d1c255f4343f6] waiting for daemon to start
    daemon.go:323: [d1c255f4343f6] daemon started
    daemon.go:278: [d1c255f4343f6] exiting daemon
    daemon.go:291: [d1c255f4343f6] waiting for daemon to start
    daemon.go:323: [d1c255f4343f6] daemon started
    daemon.go:278: [d1c255f4343f6] exiting daemon
=== RUN   TestHealthCheckWorkdir
--- PASS: TestHealthCheckWorkdir (0.81s)
=== RUN   TestInspectCpusetInConfigPre120
--- PASS: TestInspectCpusetInConfigPre120 (0.52s)
=== RUN   TestIpcModeNone
--- PASS: TestIpcModeNone (0.63s)
=== RUN   TestIpcModePrivate
--- PASS: TestIpcModePrivate (0.63s)
    ipcmode_test.go:88: [testIpcPrivateShareable] ipcmode: private, ipcdev: 0:56, shared: false, mustBeShared: false
=== RUN   TestIpcModeShareable
--- PASS: TestIpcModeShareable (0.66s)
    ipcmode_test.go:88: [testIpcPrivateShareable] ipcmode: shareable, ipcdev: 0:50, shared: true, mustBeShared: true
=== RUN   TestAPIIpcModeShareableAndContainer
--- PASS: TestAPIIpcModeShareableAndContainer (1.92s)
=== RUN   TestAPIIpcModeHost
--- PASS: TestAPIIpcModeHost (0.51s)
=== RUN   TestDaemonIpcModeShareable
--- PASS: TestDaemonIpcModeShareable (1.34s)
    daemon.go:291: [d00cf56e4a537] waiting for daemon to start
    daemon.go:323: [d00cf56e4a537] daemon started
    ipcmode_test.go:256: [testDaemonIpcPrivateShareable] ipcdev: 0:58, shared: true, mustBeShared: true
    daemon.go:278: [d00cf56e4a537] exiting daemon
=== RUN   TestDaemonIpcModePrivate
--- PASS: TestDaemonIpcModePrivate (1.29s)
    daemon.go:291: [d9352817e98e8] waiting for daemon to start
    daemon.go:323: [d9352817e98e8] daemon started
    ipcmode_test.go:256: [testDaemonIpcPrivateShareable] ipcdev: 0:64, shared: false, mustBeShared: false
    daemon.go:278: [d9352817e98e8] exiting daemon
=== RUN   TestDaemonIpcModePrivateFromConfig
--- PASS: TestDaemonIpcModePrivateFromConfig (1.34s)
    daemon.go:291: [dbb20106b63c6] waiting for daemon to start
    daemon.go:323: [dbb20106b63c6] daemon started
    ipcmode_test.go:256: [testDaemonIpcPrivateShareable] ipcdev: 0:64, shared: false, mustBeShared: false
    daemon.go:278: [dbb20106b63c6] exiting daemon
=== RUN   TestDaemonIpcModeShareableFromConfig
--- PASS: TestDaemonIpcModeShareableFromConfig (1.33s)
    daemon.go:291: [dad709fe7f6c4] waiting for daemon to start
    daemon.go:323: [dad709fe7f6c4] daemon started
    ipcmode_test.go:256: [testDaemonIpcPrivateShareable] ipcdev: 0:58, shared: true, mustBeShared: true
    daemon.go:278: [dad709fe7f6c4] exiting daemon
=== RUN   TestKillContainerInvalidSignal
--- PASS: TestKillContainerInvalidSignal (0.52s)
=== RUN   TestKillContainer
=== RUN   TestKillContainer/no_signal
=== RUN   TestKillContainer/non_killing_signal
=== RUN   TestKillContainer/killing_signal
--- PASS: TestKillContainer (1.63s)
    --- PASS: TestKillContainer/no_signal (0.51s)
    --- PASS: TestKillContainer/non_killing_signal (0.35s)
    --- PASS: TestKillContainer/killing_signal (0.53s)
=== RUN   TestKillWithStopSignalAndRestartPolicies
=== RUN   TestKillWithStopSignalAndRestartPolicies/same-signal-disables-restart-policy
=== RUN   TestKillWithStopSignalAndRestartPolicies/different-signal-keep-restart-policy
--- PASS: TestKillWithStopSignalAndRestartPolicies (1.09s)
    --- PASS: TestKillWithStopSignalAndRestartPolicies/same-signal-disables-restart-policy (0.52s)
    --- PASS: TestKillWithStopSignalAndRestartPolicies/different-signal-keep-restart-policy (0.34s)
=== RUN   TestKillStoppedContainer
--- PASS: TestKillStoppedContainer (0.07s)
=== RUN   TestKillStoppedContainerAPIPre120
--- PASS: TestKillStoppedContainerAPIPre120 (0.08s)
=== RUN   TestKillDifferentUserContainer
--- PASS: TestKillDifferentUserContainer (0.55s)
=== RUN   TestInspectOomKilledTrue
--- SKIP: TestInspectOomKilledTrue (0.00s)
    kill_test.go:153: testEnv.DaemonInfo.OSType == "windows" || !testEnv.DaemonInfo.MemoryLimit || !testEnv.DaemonInfo.SwapLimit
=== RUN   TestInspectOomKilledFalse
--- SKIP: TestInspectOomKilledFalse (0.00s)
    kill_test.go:171: testEnv.DaemonInfo.OSType == "windows" || !testEnv.DaemonInfo.MemoryLimit || !testEnv.DaemonInfo.SwapLimit
=== RUN   TestLinksEtcHostsContentMatch
--- PASS: TestLinksEtcHostsContentMatch (0.48s)
=== RUN   TestLinksContainerNames
--- PASS: TestLinksContainerNames (1.06s)
=== RUN   TestLogsFollowTailEmpty
--- PASS: TestLogsFollowTailEmpty (0.53s)
=== RUN   TestContainerNetworkMountsNoChown
--- PASS: TestContainerNetworkMountsNoChown (0.52s)
=== RUN   TestMountDaemonRoot
=== PAUSE TestMountDaemonRoot
=== RUN   TestContainerBindMountNonRecursive
--- PASS: TestContainerBindMountNonRecursive (1.38s)
=== RUN   TestNetworkNat
--- PASS: TestNetworkNat (0.57s)
=== RUN   TestNetworkLocalhostTCPNat
--- PASS: TestNetworkLocalhostTCPNat (0.55s)
=== RUN   TestNetworkLoopbackNat
--- PASS: TestNetworkLoopbackNat (0.76s)
=== RUN   TestPause
--- PASS: TestPause (0.57s)
=== RUN   TestPauseFailsOnWindowsServerContainers
--- SKIP: TestPauseFailsOnWindowsServerContainers (0.00s)
    pause_test.go:54: testEnv.DaemonInfo.OSType != "windows" || testEnv.DaemonInfo.Isolation != "process"
=== RUN   TestPauseStopPausedContainer
--- PASS: TestPauseStopPausedContainer (0.56s)
=== RUN   TestPsFilter
--- PASS: TestPsFilter (0.19s)
=== RUN   TestRemoveContainerWithRemovedVolume
--- PASS: TestRemoveContainerWithRemovedVolume (0.48s)
=== RUN   TestRemoveContainerWithVolume
--- PASS: TestRemoveContainerWithVolume (0.58s)
=== RUN   TestRemoveContainerRunning
--- PASS: TestRemoveContainerRunning (0.54s)
=== RUN   TestRemoveContainerForceRemoveRunning
--- PASS: TestRemoveContainerForceRemoveRunning (0.53s)
=== RUN   TestRemoveInvalidContainer
--- PASS: TestRemoveInvalidContainer (0.01s)
=== RUN   TestRenameLinkedContainer
--- PASS: TestRenameLinkedContainer (2.11s)
=== RUN   TestRenameStoppedContainer
--- PASS: TestRenameStoppedContainer (0.51s)
=== RUN   TestRenameRunningContainerAndReuse
--- PASS: TestRenameRunningContainerAndReuse (1.10s)
=== RUN   TestRenameInvalidName
--- PASS: TestRenameInvalidName (0.52s)
=== RUN   TestRenameAnonymousContainer
--- PASS: TestRenameAnonymousContainer (1.83s)
=== RUN   TestRenameContainerWithSameName
--- PASS: TestRenameContainerWithSameName (0.65s)
=== RUN   TestRenameContainerWithLinkedContainer
--- PASS: TestRenameContainerWithLinkedContainer (1.37s)
=== RUN   TestResize
--- PASS: TestResize (0.58s)
=== RUN   TestResizeWithInvalidSize
--- PASS: TestResizeWithInvalidSize (0.55s)
=== RUN   TestResizeWhenContainerNotStarted
--- PASS: TestResizeWhenContainerNotStarted (0.57s)
=== RUN   TestDaemonRestartKillContainers
=== RUN   TestDaemonRestartKillContainers/live-restore=false/container_without_restart_policy/kill-daemon
=== PAUSE TestDaemonRestartKillContainers/live-restore=false/container_without_restart_policy/kill-daemon
=== RUN   TestDaemonRestartKillContainers/live-restore=false/container_without_restart_policy/stop-daemon
=== PAUSE TestDaemonRestartKillContainers/live-restore=false/container_without_restart_policy/stop-daemon
=== RUN   TestDaemonRestartKillContainers/live-restore=true/container_without_restart_policy/kill-daemon
=== PAUSE TestDaemonRestartKillContainers/live-restore=true/container_without_restart_policy/kill-daemon
=== RUN   TestDaemonRestartKillContainers/live-restore=true/container_without_restart_policy/stop-daemon
=== PAUSE TestDaemonRestartKillContainers/live-restore=true/container_without_restart_policy/stop-daemon
=== RUN   TestDaemonRestartKillContainers/live-restore=false/container_with_restart=always/kill-daemon
=== PAUSE TestDaemonRestartKillContainers/live-restore=false/container_with_restart=always/kill-daemon
=== RUN   TestDaemonRestartKillContainers/live-restore=false/container_with_restart=always/stop-daemon
=== PAUSE TestDaemonRestartKillContainers/live-restore=false/container_with_restart=always/stop-daemon
=== RUN   TestDaemonRestartKillContainers/live-restore=true/container_with_restart=always/kill-daemon
=== PAUSE TestDaemonRestartKillContainers/live-restore=true/container_with_restart=always/kill-daemon
=== RUN   TestDaemonRestartKillContainers/live-restore=true/container_with_restart=always/stop-daemon
=== PAUSE TestDaemonRestartKillContainers/live-restore=true/container_with_restart=always/stop-daemon
=== RUN   TestDaemonRestartKillContainers/live-restore=false/container_created_should_not_be_restarted/stop-daemon
=== PAUSE TestDaemonRestartKillContainers/live-restore=false/container_created_should_not_be_restarted/stop-daemon
=== RUN   TestDaemonRestartKillContainers/live-restore=false/container_created_should_not_be_restarted/kill-daemon
=== PAUSE TestDaemonRestartKillContainers/live-restore=false/container_created_should_not_be_restarted/kill-daemon
=== RUN   TestDaemonRestartKillContainers/live-restore=true/container_created_should_not_be_restarted/kill-daemon
=== PAUSE TestDaemonRestartKillContainers/live-restore=true/container_created_should_not_be_restarted/kill-daemon
=== RUN   TestDaemonRestartKillContainers/live-restore=true/container_created_should_not_be_restarted/stop-daemon
=== PAUSE TestDaemonRestartKillContainers/live-restore=true/container_created_should_not_be_restarted/stop-daemon
=== CONT  TestDaemonRestartKillContainers/live-restore=false/container_without_restart_policy/kill-daemon
=== CONT  TestDaemonRestartKillContainers/live-restore=true/container_with_restart=always/kill-daemon
=== CONT  TestDaemonRestartKillContainers/live-restore=true/container_created_should_not_be_restarted/stop-daemon
=== CONT  TestDaemonRestartKillContainers/live-restore=true/container_created_should_not_be_restarted/kill-daemon
=== CONT  TestDaemonRestartKillContainers/live-restore=false/container_created_should_not_be_restarted/kill-daemon
=== CONT  TestDaemonRestartKillContainers/live-restore=false/container_created_should_not_be_restarted/stop-daemon
=== CONT  TestDaemonRestartKillContainers/live-restore=true/container_with_restart=always/stop-daemon
=== CONT  TestDaemonRestartKillContainers/live-restore=true/container_without_restart_policy/stop-daemon
=== CONT  TestDaemonRestartKillContainers/live-restore=false/container_with_restart=always/stop-daemon
=== CONT  TestDaemonRestartKillContainers/live-restore=false/container_with_restart=always/kill-daemon
=== CONT  TestDaemonRestartKillContainers/live-restore=true/container_without_restart_policy/kill-daemon
=== CONT  TestDaemonRestartKillContainers/live-restore=false/container_without_restart_policy/stop-daemon
--- PASS: TestDaemonRestartKillContainers (0.00s)
    --- PASS: TestDaemonRestartKillContainers/live-restore=true/container_with_restart=always/kill-daemon (1.83s)
        daemon.go:291: [d1c26b81b22ea] waiting for daemon to start
        daemon.go:323: [d1c26b81b22ea] daemon started
        daemon.go:291: [d1c26b81b22ea] waiting for daemon to start
        daemon.go:323: [d1c26b81b22ea] daemon started
        daemon.go:278: [d1c26b81b22ea] exiting daemon
    --- PASS: TestDaemonRestartKillContainers/live-restore=false/container_without_restart_policy/kill-daemon (2.27s)
        daemon.go:291: [d359202c0520f] waiting for daemon to start
        daemon.go:323: [d359202c0520f] daemon started
        daemon.go:291: [d359202c0520f] waiting for daemon to start
        daemon.go:323: [d359202c0520f] daemon started
        daemon.go:278: [d359202c0520f] exiting daemon
    --- PASS: TestDaemonRestartKillContainers/live-restore=true/container_created_should_not_be_restarted/stop-daemon (1.33s)
        daemon.go:291: [dc89655091ed1] waiting for daemon to start
        daemon.go:323: [dc89655091ed1] daemon started
        daemon.go:278: [dc89655091ed1] exiting daemon
        daemon.go:291: [dc89655091ed1] waiting for daemon to start
        daemon.go:323: [dc89655091ed1] daemon started
        daemon.go:278: [dc89655091ed1] exiting daemon
    --- PASS: TestDaemonRestartKillContainers/live-restore=true/container_created_should_not_be_restarted/kill-daemon (1.29s)
        daemon.go:291: [d22a95661090c] waiting for daemon to start
        daemon.go:323: [d22a95661090c] daemon started
        daemon.go:291: [d22a95661090c] waiting for daemon to start
        daemon.go:323: [d22a95661090c] daemon started
        daemon.go:278: [d22a95661090c] exiting daemon
    --- PASS: TestDaemonRestartKillContainers/live-restore=false/container_created_should_not_be_restarted/kill-daemon (1.30s)
        daemon.go:291: [ddd18339f1d49] waiting for daemon to start
        daemon.go:323: [ddd18339f1d49] daemon started
        daemon.go:291: [ddd18339f1d49] waiting for daemon to start
        daemon.go:323: [ddd18339f1d49] daemon started
        daemon.go:278: [ddd18339f1d49] exiting daemon
    --- PASS: TestDaemonRestartKillContainers/live-restore=false/container_created_should_not_be_restarted/stop-daemon (1.28s)
        daemon.go:291: [d7f21ac5817d1] waiting for daemon to start
        daemon.go:323: [d7f21ac5817d1] daemon started
        daemon.go:278: [d7f21ac5817d1] exiting daemon
        daemon.go:291: [d7f21ac5817d1] waiting for daemon to start
        daemon.go:323: [d7f21ac5817d1] daemon started
        daemon.go:278: [d7f21ac5817d1] exiting daemon
    --- PASS: TestDaemonRestartKillContainers/live-restore=true/container_with_restart=always/stop-daemon (1.81s)
        daemon.go:291: [d7a6353fb7b1d] waiting for daemon to start
        daemon.go:323: [d7a6353fb7b1d] daemon started
        daemon.go:278: [d7a6353fb7b1d] exiting daemon
        daemon.go:291: [d7a6353fb7b1d] waiting for daemon to start
        daemon.go:323: [d7a6353fb7b1d] daemon started
        daemon.go:278: [d7a6353fb7b1d] exiting daemon
    --- PASS: TestDaemonRestartKillContainers/live-restore=true/container_without_restart_policy/stop-daemon (1.87s)
        daemon.go:291: [dae8a0928fb59] waiting for daemon to start
        daemon.go:323: [dae8a0928fb59] daemon started
        daemon.go:278: [dae8a0928fb59] exiting daemon
        daemon.go:291: [dae8a0928fb59] waiting for daemon to start
        daemon.go:323: [dae8a0928fb59] daemon started
        daemon.go:278: [dae8a0928fb59] exiting daemon
    --- PASS: TestDaemonRestartKillContainers/live-restore=false/container_with_restart=always/stop-daemon (2.19s)
        daemon.go:291: [d2f35605c88ed] waiting for daemon to start
        daemon.go:323: [d2f35605c88ed] daemon started
        daemon.go:278: [d2f35605c88ed] exiting daemon
        daemon.go:291: [d2f35605c88ed] waiting for daemon to start
        daemon.go:323: [d2f35605c88ed] daemon started
        daemon.go:278: [d2f35605c88ed] exiting daemon
    --- PASS: TestDaemonRestartKillContainers/live-restore=false/container_with_restart=always/kill-daemon (2.42s)
        daemon.go:291: [dac2fd7a1b744] waiting for daemon to start
        daemon.go:323: [dac2fd7a1b744] daemon started
        daemon.go:291: [dac2fd7a1b744] waiting for daemon to start
        daemon.go:323: [dac2fd7a1b744] daemon started
        daemon.go:278: [dac2fd7a1b744] exiting daemon
    --- PASS: TestDaemonRestartKillContainers/live-restore=true/container_without_restart_policy/kill-daemon (1.91s)
        daemon.go:291: [d9c5dce302d1b] waiting for daemon to start
        daemon.go:323: [d9c5dce302d1b] daemon started
        daemon.go:291: [d9c5dce302d1b] waiting for daemon to start
        daemon.go:323: [d9c5dce302d1b] daemon started
        daemon.go:278: [d9c5dce302d1b] exiting daemon
    --- PASS: TestDaemonRestartKillContainers/live-restore=false/container_without_restart_policy/stop-daemon (1.90s)
        daemon.go:291: [d2b3faa4657a1] waiting for daemon to start
        daemon.go:323: [d2b3faa4657a1] daemon started
        daemon.go:278: [d2b3faa4657a1] exiting daemon
        daemon.go:291: [d2b3faa4657a1] waiting for daemon to start
        daemon.go:323: [d2b3faa4657a1] daemon started
        daemon.go:278: [d2b3faa4657a1] exiting daemon
=== RUN   TestKernelTCPMemory
--- PASS: TestKernelTCPMemory (0.66s)
=== RUN   TestNISDomainname
--- PASS: TestNISDomainname (0.74s)
=== RUN   TestStats
--- PASS: TestStats (2.53s)
=== RUN   TestStopContainerWithTimeout
=== RUN   TestStopContainerWithTimeout/0
=== PAUSE TestStopContainerWithTimeout/0
=== RUN   TestStopContainerWithTimeout/1
=== PAUSE TestStopContainerWithTimeout/1
=== RUN   TestStopContainerWithTimeout/3
=== PAUSE TestStopContainerWithTimeout/3
=== RUN   TestStopContainerWithTimeout/-1
=== PAUSE TestStopContainerWithTimeout/-1
=== CONT  TestStopContainerWithTimeout/0
=== CONT  TestStopContainerWithTimeout/3
=== CONT  TestStopContainerWithTimeout/-1
=== CONT  TestStopContainerWithTimeout/1
--- PASS: TestStopContainerWithTimeout (0.01s)
    --- PASS: TestStopContainerWithTimeout/0 (0.68s)
    --- PASS: TestStopContainerWithTimeout/3 (2.60s)
    --- PASS: TestStopContainerWithTimeout/-1 (2.50s)
    --- PASS: TestStopContainerWithTimeout/1 (1.54s)
=== RUN   TestDeleteDevicemapper
--- SKIP: TestDeleteDevicemapper (0.00s)
    stop_linux_test.go:75: testEnv.DaemonInfo.Driver != "devicemapper"
=== RUN   TestStopContainerWithRestartPolicyAlways
--- PASS: TestStopContainerWithRestartPolicyAlways (2.13s)
=== RUN   TestUpdateMemory
--- SKIP: TestUpdateMemory (0.00s)
    update_linux_test.go:22: !testEnv.DaemonInfo.SwapLimit
=== RUN   TestUpdateCPUQuota
=== PAUSE TestUpdateCPUQuota
=== RUN   TestUpdateRestartPolicy
--- PASS: TestUpdateRestartPolicy (11.32s)
=== RUN   TestUpdateRestartWithAutoRemove
--- PASS: TestUpdateRestartWithAutoRemove (0.53s)
=== RUN   TestWaitNonBlocked
=== RUN   TestWaitNonBlocked/wait-nonblocking-exit-0
=== PAUSE TestWaitNonBlocked/wait-nonblocking-exit-0
=== RUN   TestWaitNonBlocked/wait-nonblocking-exit-random
=== PAUSE TestWaitNonBlocked/wait-nonblocking-exit-random
=== CONT  TestWaitNonBlocked/wait-nonblocking-exit-0
=== CONT  TestWaitNonBlocked/wait-nonblocking-exit-random
--- PASS: TestWaitNonBlocked (0.01s)
    --- PASS: TestWaitNonBlocked/wait-nonblocking-exit-random (0.68s)
    --- PASS: TestWaitNonBlocked/wait-nonblocking-exit-0 (0.71s)
=== RUN   TestWaitBlocked
=== RUN   TestWaitBlocked/test-wait-blocked-exit-zero
=== PAUSE TestWaitBlocked/test-wait-blocked-exit-zero
=== RUN   TestWaitBlocked/test-wait-blocked-exit-random
=== PAUSE TestWaitBlocked/test-wait-blocked-exit-random
=== CONT  TestWaitBlocked/test-wait-blocked-exit-zero
=== CONT  TestWaitBlocked/test-wait-blocked-exit-random
--- PASS: TestWaitBlocked (0.02s)
    --- PASS: TestWaitBlocked/test-wait-blocked-exit-random (0.76s)
    --- PASS: TestWaitBlocked/test-wait-blocked-exit-zero (0.81s)
=== CONT  TestContainerStartOnDaemonRestart
=== CONT  TestUpdateCPUQuota
--- PASS: TestUpdateCPUQuota (1.49s)
=== CONT  TestMountDaemonRoot
=== RUN   TestMountDaemonRoot/default
=== PAUSE TestMountDaemonRoot/default
=== RUN   TestMountDaemonRoot/private
=== PAUSE TestMountDaemonRoot/private
=== RUN   TestMountDaemonRoot/rprivate
=== PAUSE TestMountDaemonRoot/rprivate
=== RUN   TestMountDaemonRoot/slave
=== PAUSE TestMountDaemonRoot/slave
=== RUN   TestMountDaemonRoot/rslave
=== PAUSE TestMountDaemonRoot/rslave
=== RUN   TestMountDaemonRoot/shared
=== PAUSE TestMountDaemonRoot/shared
=== RUN   TestMountDaemonRoot/rshared
=== PAUSE TestMountDaemonRoot/rshared
=== CONT  TestMountDaemonRoot/default
=== RUN   TestMountDaemonRoot/default/mount_subpath
=== PAUSE TestMountDaemonRoot/default/mount_subpath
=== RUN   TestMountDaemonRoot/default/bind_root
=== PAUSE TestMountDaemonRoot/default/bind_root
=== RUN   TestMountDaemonRoot/default/bind_subpath
=== PAUSE TestMountDaemonRoot/default/bind_subpath
=== RUN   TestMountDaemonRoot/default/mount_root
=== PAUSE TestMountDaemonRoot/default/mount_root
=== CONT  TestMountDaemonRoot/rslave
=== RUN   TestMountDaemonRoot/rslave/bind_root
=== PAUSE TestMountDaemonRoot/rslave/bind_root
=== RUN   TestMountDaemonRoot/rslave/bind_subpath
=== PAUSE TestMountDaemonRoot/rslave/bind_subpath
=== RUN   TestMountDaemonRoot/rslave/mount_root
=== PAUSE TestMountDaemonRoot/rslave/mount_root
=== RUN   TestMountDaemonRoot/rslave/mount_subpath
=== PAUSE TestMountDaemonRoot/rslave/mount_subpath
=== CONT  TestMountDaemonRoot/rshared
=== RUN   TestMountDaemonRoot/rshared/bind_subpath
=== PAUSE TestMountDaemonRoot/rshared/bind_subpath
=== RUN   TestMountDaemonRoot/rshared/mount_root
=== PAUSE TestMountDaemonRoot/rshared/mount_root
=== RUN   TestMountDaemonRoot/rshared/mount_subpath
=== PAUSE TestMountDaemonRoot/rshared/mount_subpath
=== RUN   TestMountDaemonRoot/rshared/bind_root
=== PAUSE TestMountDaemonRoot/rshared/bind_root
=== CONT  TestMountDaemonRoot/shared
=== RUN   TestMountDaemonRoot/shared/bind_root
=== PAUSE TestMountDaemonRoot/shared/bind_root
=== RUN   TestMountDaemonRoot/shared/bind_subpath
=== PAUSE TestMountDaemonRoot/shared/bind_subpath
=== RUN   TestMountDaemonRoot/shared/mount_root
=== PAUSE TestMountDaemonRoot/shared/mount_root
=== RUN   TestMountDaemonRoot/shared/mount_subpath
=== PAUSE TestMountDaemonRoot/shared/mount_subpath
=== CONT  TestMountDaemonRoot/rprivate
=== RUN   TestMountDaemonRoot/rprivate/mount_root
=== PAUSE TestMountDaemonRoot/rprivate/mount_root
=== RUN   TestMountDaemonRoot/rprivate/mount_subpath
=== PAUSE TestMountDaemonRoot/rprivate/mount_subpath
=== RUN   TestMountDaemonRoot/rprivate/bind_root
=== PAUSE TestMountDaemonRoot/rprivate/bind_root
=== RUN   TestMountDaemonRoot/rprivate/bind_subpath
=== PAUSE TestMountDaemonRoot/rprivate/bind_subpath
=== CONT  TestMountDaemonRoot/slave
=== RUN   TestMountDaemonRoot/slave/bind_root
=== PAUSE TestMountDaemonRoot/slave/bind_root
=== RUN   TestMountDaemonRoot/slave/bind_subpath
=== PAUSE TestMountDaemonRoot/slave/bind_subpath
=== RUN   TestMountDaemonRoot/slave/mount_root
=== PAUSE TestMountDaemonRoot/slave/mount_root
=== RUN   TestMountDaemonRoot/slave/mount_subpath
=== PAUSE TestMountDaemonRoot/slave/mount_subpath
=== CONT  TestMountDaemonRoot/private
=== RUN   TestMountDaemonRoot/private/bind_root
=== PAUSE TestMountDaemonRoot/private/bind_root
=== RUN   TestMountDaemonRoot/private/bind_subpath
=== PAUSE TestMountDaemonRoot/private/bind_subpath
=== RUN   TestMountDaemonRoot/private/mount_root
=== PAUSE TestMountDaemonRoot/private/mount_root
=== RUN   TestMountDaemonRoot/private/mount_subpath
=== PAUSE TestMountDaemonRoot/private/mount_subpath
=== CONT  TestMountDaemonRoot/default/mount_subpath
=== CONT  TestMountDaemonRoot/default/bind_subpath
=== CONT  TestMountDaemonRoot/default/mount_root
=== CONT  TestMountDaemonRoot/default/bind_root
=== CONT  TestMountDaemonRoot/rslave/bind_root
=== CONT  TestMountDaemonRoot/rshared/bind_subpath
=== CONT  TestMountDaemonRoot/rslave/mount_subpath
=== CONT  TestMountDaemonRoot/rslave/mount_root
=== CONT  TestMountDaemonRoot/rslave/bind_subpath
=== CONT  TestMountDaemonRoot/shared/bind_root
=== CONT  TestMountDaemonRoot/rshared/bind_root
=== CONT  TestMountDaemonRoot/rshared/mount_subpath
=== CONT  TestMountDaemonRoot/rshared/mount_root
--- PASS: TestContainerStartOnDaemonRestart (2.44s)
    daemon.go:291: [d244065d634cf] waiting for daemon to start
    daemon.go:323: [d244065d634cf] daemon started
    daemon.go:291: [d244065d634cf] waiting for daemon to start
    daemon.go:323: [d244065d634cf] daemon started
    daemon.go:278: [d244065d634cf] exiting daemon
=== CONT  TestMountDaemonRoot/rprivate/mount_root
=== CONT  TestMountDaemonRoot/shared/mount_subpath
=== CONT  TestMountDaemonRoot/shared/mount_root
=== CONT  TestMountDaemonRoot/shared/bind_subpath
=== CONT  TestMountDaemonRoot/slave/bind_root
=== CONT  TestMountDaemonRoot/rprivate/bind_subpath
=== CONT  TestMountDaemonRoot/rprivate/bind_root
=== CONT  TestMountDaemonRoot/rprivate/mount_subpath
=== CONT  TestMountDaemonRoot/private/bind_root
=== CONT  TestMountDaemonRoot/slave/mount_subpath
=== CONT  TestMountDaemonRoot/slave/mount_root
=== CONT  TestMountDaemonRoot/slave/bind_subpath
=== CONT  TestMountDaemonRoot/private/mount_subpath
=== CONT  TestMountDaemonRoot/private/mount_root
=== CONT  TestMountDaemonRoot/private/bind_subpath
--- PASS: TestMountDaemonRoot (0.01s)
    --- PASS: TestMountDaemonRoot/default (0.00s)
        --- PASS: TestMountDaemonRoot/default/mount_subpath (0.08s)
        --- PASS: TestMountDaemonRoot/default/bind_subpath (0.08s)
        --- PASS: TestMountDaemonRoot/default/mount_root (0.10s)
        --- PASS: TestMountDaemonRoot/default/bind_root (0.07s)
    --- PASS: TestMountDaemonRoot/rslave (0.01s)
        --- PASS: TestMountDaemonRoot/rslave/bind_root (0.08s)
        --- PASS: TestMountDaemonRoot/rslave/mount_subpath (0.06s)
        --- PASS: TestMountDaemonRoot/rslave/mount_root (0.10s)
        --- PASS: TestMountDaemonRoot/rslave/bind_subpath (0.06s)
    --- PASS: TestMountDaemonRoot/rshared (0.00s)
        --- PASS: TestMountDaemonRoot/rshared/bind_subpath (0.08s)
        --- PASS: TestMountDaemonRoot/rshared/bind_root (0.06s)
        --- PASS: TestMountDaemonRoot/rshared/mount_subpath (0.06s)
        --- PASS: TestMountDaemonRoot/rshared/mount_root (0.10s)
    --- PASS: TestMountDaemonRoot/shared (0.00s)
        --- PASS: TestMountDaemonRoot/shared/bind_root (0.06s)
        --- PASS: TestMountDaemonRoot/shared/mount_subpath (0.08s)
        --- PASS: TestMountDaemonRoot/shared/mount_root (0.08s)
        --- PASS: TestMountDaemonRoot/shared/bind_subpath (0.08s)
    --- PASS: TestMountDaemonRoot/rprivate (0.00s)
        --- PASS: TestMountDaemonRoot/rprivate/mount_root (0.08s)
        --- PASS: TestMountDaemonRoot/rprivate/bind_subpath (0.09s)
        --- PASS: TestMountDaemonRoot/rprivate/bind_root (0.08s)
        --- PASS: TestMountDaemonRoot/rprivate/mount_subpath (0.08s)
    --- PASS: TestMountDaemonRoot/slave (0.00s)
        --- PASS: TestMountDaemonRoot/slave/bind_root (0.09s)
        --- PASS: TestMountDaemonRoot/slave/mount_subpath (0.09s)
        --- PASS: TestMountDaemonRoot/slave/mount_root (0.09s)
        --- PASS: TestMountDaemonRoot/slave/bind_subpath (0.08s)
    --- PASS: TestMountDaemonRoot/private (0.00s)
        --- PASS: TestMountDaemonRoot/private/bind_root (0.08s)
        --- PASS: TestMountDaemonRoot/private/mount_subpath (0.08s)
        --- PASS: TestMountDaemonRoot/private/mount_root (0.08s)
        --- PASS: TestMountDaemonRoot/private/bind_subpath (0.08s)
PASS
Running /go/src/github.com/docker/docker/integration/build
INFO: Testing against a local daemon
=== RUN   TestBuildWithSession
--- PASS: TestBuildWithSession (4.76s)
    daemon.go:291: [de8cde76fa7e2] waiting for daemon to start
    daemon.go:323: [de8cde76fa7e2] daemon started
    daemon.go:278: [de8cde76fa7e2] exiting daemon
=== RUN   TestBuildSquashParent
--- PASS: TestBuildSquashParent (7.73s)
    daemon.go:291: [da90a3b666b27] waiting for daemon to start
    daemon.go:323: [da90a3b666b27] daemon started
    daemon.go:278: [da90a3b666b27] exiting daemon
=== RUN   TestBuildWithRemoveAndForceRemove
=== PAUSE TestBuildWithRemoveAndForceRemove
=== RUN   TestBuildMultiStageParentConfig
--- PASS: TestBuildMultiStageParentConfig (34.92s)
    build_test.go:176: [{-1 1546265086 sha256:6007063a0e8f8ba621a28d5be5c3d324a6f9c93e0dd3f4a0c3853d72bfafc78f map[] sha256:9f3367f9f53290698b99ce0ac19951921402a501b3242c2b4d25725ea4cc5c4b [] [build1:latest] -1 1129289 1129289} {-1 1546265085 sha256:f481e151ea5be812d900bcc3b1517cd5ab7533dfdb0b59b6bd68ef4f185776b8 map[] sha256:5aff8fc140f977889f8a2dd6e5002fa67f06ae4e47fa3f384c1a5f0dc7028de4 [<none>@<none>] [<none>:<none>] -1 1129289 1129289} {-1 1546265080 sha256:1d737996ca945e73cbd2a58aa221e4fe47dc1d0041c8eba872a1e93139dd2264 map[]  [] [test:latest] -1 1129301 1129301} {-1 1546265079 sha256:d9f77d363c397b6ef26fbd07f7e6ea7a30f7440654582ea743915e17f7ec83c6 map[] sha256:371d52e6d7297e6ad46cfe0dc314bfa1ca94bada184c813b2f0dcb935abbca50 [<none>@<none>] [<none>:<none>] -1 1129313 1129313} {-1 1546265073 sha256:deb32064e90c8c99378f5abe9f623037de02503f345d20ba49e60e480d723c9e map[] sha256:6b3c0657de26318dbc01a36a9d4bcebfcf1fbb703c3bdce531f4552afc099d05 [<none>@<none>] [<none>:<none>] -1 1129315 1129315} {-1 1516768215 sha256:2bbf44aed9f866d88c0e7d006d4ffe8d53186a12ffd6dca5e1baa59ba3024b85 map[]  [] [busybox:glibc] -1 4403842 4403842} {-1 1511223798 sha256:f2a91732366c0332ccd7afd2a5c4ff2b9af81f549370f7a19acd460f87686bc7 map[]  [] [hello-world:frozen] -1 1848 1848} {-1 1509809246 sha256:cb92533ca5cc26b3e36c11b6007fb838a8d2ea73a24faf738084c57ce193b944 map[]  [] [buildpack-deps:jessie] -1 614674590 614674590} {-1 1509772896 sha256:25fc9eb3417fa06d0d7fc83706b1ef5855dd1a8767fc29476b49e4edf8230867 map[]  [] [debian:jessie] -1 123385136 123385136} {-1 1509748757 sha256:6ad733544a6317992a6fac4eb19fe1df577d4dec7529efec28a5bd0edad0fd30 map[]  [] [busybox:latest] -1 1129289 1129289} {-1 1371157430 sha256:11f64303f0f7ffdc71f001788132bca5346831939a956e3e975c93267d89a16d map[]  [] [emptyfs:latest] -1 0 0}]
=== RUN   TestBuildLabelWithTargets
--- PASS: TestBuildLabelWithTargets (7.99s)
=== RUN   TestBuildWithEmptyLayers
--- PASS: TestBuildWithEmptyLayers (3.00s)
=== RUN   TestBuildMultiStageOnBuild
--- PASS: TestBuildMultiStageOnBuild (5.03s)
=== RUN   TestBuildUncleanTarFilenames
--- PASS: TestBuildUncleanTarFilenames (0.69s)
=== RUN   TestBuildMultiStageLayerLeak
--- PASS: TestBuildMultiStageLayerLeak (4.30s)
=== RUN   TestBuildWithHugeFile
--- PASS: TestBuildWithHugeFile (145.54s)
=== CONT  TestBuildWithRemoveAndForceRemove
=== RUN   TestBuildWithRemoveAndForceRemove/successful_build_with_no_removal
=== PAUSE TestBuildWithRemoveAndForceRemove/successful_build_with_no_removal
=== RUN   TestBuildWithRemoveAndForceRemove/successful_build_with_remove
=== PAUSE TestBuildWithRemoveAndForceRemove/successful_build_with_remove
=== RUN   TestBuildWithRemoveAndForceRemove/successful_build_with_remove_and_force_remove
=== PAUSE TestBuildWithRemoveAndForceRemove/successful_build_with_remove_and_force_remove
=== RUN   TestBuildWithRemoveAndForceRemove/failed_build_with_no_removal
=== PAUSE TestBuildWithRemoveAndForceRemove/failed_build_with_no_removal
=== RUN   TestBuildWithRemoveAndForceRemove/failed_build_with_remove
=== PAUSE TestBuildWithRemoveAndForceRemove/failed_build_with_remove
=== RUN   TestBuildWithRemoveAndForceRemove/failed_build_with_remove_and_force_remove
=== PAUSE TestBuildWithRemoveAndForceRemove/failed_build_with_remove_and_force_remove
=== CONT  TestBuildWithRemoveAndForceRemove/successful_build_with_no_removal
=== CONT  TestBuildWithRemoveAndForceRemove/failed_build_with_remove_and_force_remove
=== CONT  TestBuildWithRemoveAndForceRemove/failed_build_with_remove
=== CONT  TestBuildWithRemoveAndForceRemove/failed_build_with_no_removal
=== CONT  TestBuildWithRemoveAndForceRemove/successful_build_with_remove_and_force_remove
=== CONT  TestBuildWithRemoveAndForceRemove/successful_build_with_remove
--- PASS: TestBuildWithRemoveAndForceRemove (0.04s)
    --- PASS: TestBuildWithRemoveAndForceRemove/successful_build_with_no_removal (2.05s)
    --- PASS: TestBuildWithRemoveAndForceRemove/failed_build_with_remove_and_force_remove (2.20s)
    --- PASS: TestBuildWithRemoveAndForceRemove/failed_build_with_no_removal (1.91s)
    --- PASS: TestBuildWithRemoveAndForceRemove/failed_build_with_remove (2.09s)
    --- PASS: TestBuildWithRemoveAndForceRemove/successful_build_with_remove_and_force_remove (1.96s)
    --- PASS: TestBuildWithRemoveAndForceRemove/successful_build_with_remove (1.96s)
PASS
Running /go/src/github.com/docker/docker/integration/volume
INFO: Testing against a local daemon
=== RUN   TestVolumesCreateAndList
--- PASS: TestVolumesCreateAndList (0.05s)
=== RUN   TestVolumesRemove
--- PASS: TestVolumesRemove (0.08s)
=== RUN   TestVolumesInspect
--- PASS: TestVolumesInspect (0.02s)
=== RUN   TestVolumesInvalidJSON
=== RUN   TestVolumesInvalidJSON//volumes/create
=== PAUSE TestVolumesInvalidJSON//volumes/create
=== CONT  TestVolumesInvalidJSON//volumes/create
--- PASS: TestVolumesInvalidJSON (0.02s)
    --- PASS: TestVolumesInvalidJSON//volumes/create (0.00s)
PASS
Running /go/src/github.com/docker/docker/integration/system
INFO: Testing against a local daemon
=== RUN   TestCgroupDriverSystemdMemoryLimit
=== PAUSE TestCgroupDriverSystemdMemoryLimit
=== RUN   TestEventsExecDie
--- PASS: TestEventsExecDie (0.65s)
=== RUN   TestEventsBackwardsCompatible
--- PASS: TestEventsBackwardsCompatible (0.07s)
=== RUN   TestInfoBinaryCommits
--- PASS: TestInfoBinaryCommits (0.01s)
=== RUN   TestInfoAPIVersioned
--- PASS: TestInfoAPIVersioned (0.01s)
=== RUN   TestInfoAPI
--- PASS: TestInfoAPI (0.01s)
=== RUN   TestInfoAPIWarnings
--- PASS: TestInfoAPIWarnings (0.72s)
    daemon.go:291: [d97ecdb2e1aad] waiting for daemon to start
    daemon.go:323: [d97ecdb2e1aad] daemon started
    daemon.go:278: [d97ecdb2e1aad] exiting daemon
=== RUN   TestLoginFailsWithBadCredentials
--- PASS: TestLoginFailsWithBadCredentials (1.26s)
=== RUN   TestVersion
--- PASS: TestVersion (0.00s)
=== CONT  TestCgroupDriverSystemdMemoryLimit
--- SKIP: TestCgroupDriverSystemdMemoryLimit (0.00s)
    cgroupdriver_systemd_test.go:35: systemd not available
PASS
Running /go/src/github.com/docker/docker/integration/image
INFO: Testing against a local daemon
=== RUN   TestCommitInheritsEnv
--- PASS: TestCommitInheritsEnv (1.99s)
=== RUN   TestImportExtremelyLargeImageWorks
--- PASS: TestImportExtremelyLargeImageWorks (123.27s)
=== RUN   TestImagesFilterMultiReference
--- PASS: TestImagesFilterMultiReference (0.07s)
=== RUN   TestRemoveImageOrphaning
--- PASS: TestRemoveImageOrphaning (1.65s)
=== RUN   TestTagUnprefixedRepoByNameOrName
--- PASS: TestTagUnprefixedRepoByNameOrName (0.03s)
=== RUN   TestTagInvalidReference
--- PASS: TestTagInvalidReference (0.02s)
=== RUN   TestTagValidPrefixedRepo
--- PASS: TestTagValidPrefixedRepo (0.05s)
=== RUN   TestTagExistedNameWithoutForce
--- PASS: TestTagExistedNameWithoutForce (0.02s)
=== RUN   TestTagOfficialNames
--- PASS: TestTagOfficialNames (0.06s)
=== RUN   TestTagMatchesDigest
--- PASS: TestTagMatchesDigest (0.03s)
PASS
Running /go/src/github.com/docker/docker/integration-cli
INFO: Testing against a local daemon
PASS: docker_api_test.go:36: DockerSuite.TestAPIClientVersionOldNotSupported	0.004s
PASS: docker_api_network_test.go:239: DockerSuite.TestAPICreateDeletePredefinedNetworks	0.009s
PASS: docker_api_test.go:60: DockerSuite.TestAPIErrorJSON	0.002s
PASS: docker_api_test.go:91: DockerSuite.TestAPIErrorNotFoundJSON	0.001s
PASS: docker_api_test.go:102: DockerSuite.TestAPIErrorNotFoundPlainText	0.001s
PASS: docker_api_test.go:74: DockerSuite.TestAPIErrorPlainText	0.002s
PASS: docker_api_test.go:24: DockerSuite.TestAPIGetEnabledCORS	0.003s
PASS: docker_api_images_test.go:90: DockerSuite.TestAPIImagesDelete	1.274s
PASS: docker_api_images_test.go:22: DockerSuite.TestAPIImagesFilter	0.067s
PASS: docker_api_images_test.go:114: DockerSuite.TestAPIImagesHistory	0.878s
PASS: docker_api_images_test.go:140: DockerSuite.TestAPIImagesImportBadSrc	0.346s
PASS: docker_api_images_test.go:60: DockerSuite.TestAPIImagesSaveAndLoad	0.741s
PASS: docker_api_images_test.go:175: DockerSuite.TestAPIImagesSearchJSONContentType	0.748s
PASS: docker_api_images_test.go:187: DockerSuite.TestAPIImagesSizeCompatibility	0.016s
PASS: docker_api_network_test.go:129: DockerSuite.TestAPINetworkConnectDisconnect	0.606s
PASS: docker_api_network_test.go:29: DockerSuite.TestAPINetworkCreateCheckDuplicate	0.076s
PASS: docker_api_network_test.go:67: DockerSuite.TestAPINetworkFilter	0.002s
PASS: docker_api_network_test.go:20: DockerSuite.TestAPINetworkGetDefaults	0.004s
PASS: docker_api_network_test.go:170: DockerSuite.TestAPINetworkIPAMMultipleBridgeNetworks	0.541s
PASS: docker_api_network_test.go:73: DockerSuite.TestAPINetworkInspectBridge	0.343s
PASS: docker_api_network_test.go:98: DockerSuite.TestAPINetworkInspectUserDefinedNetwork	0.105s
PASS: docker_api_test.go:18: DockerSuite.TestAPIOptionsRoute	0.001s
PASS: docker_api_stats_test.go:263: DockerSuite.TestAPIStatsContainerNotFound	0.001s
PASS: docker_api_stats_test.go:99: DockerSuite.TestAPIStatsNetworkStats	3.455s
PASS: docker_api_stats_test.go:166: DockerSuite.TestAPIStatsNetworkStatsVersioning	1.790s
PASS: docker_api_stats_test.go:277: DockerSuite.TestAPIStatsNoStreamConnectedContainers	1.796s
PASS: docker_api_stats_test.go:25: DockerSuite.TestAPIStatsNoStreamGetCpu	1.672s
PASS: docker_api_stats_test.go:64: DockerSuite.TestAPIStatsStoppedContainerInGoroutines	0.364s
PASS: docker_cli_run_test.go:3181: DockerSuite.TestAppArmorDeniesChmodProc	0.520s
PASS: docker_cli_run_test.go:3159: DockerSuite.TestAppArmorDeniesPtrace	0.498s
PASS: docker_cli_run_test.go:3171: DockerSuite.TestAppArmorTraceSelf	0.510s
PASS: docker_cli_attach_unix_test.go:61: DockerSuite.TestAttachAfterDetach	1.463s
PASS: docker_cli_attach_unix_test.go:18: DockerSuite.TestAttachClosedOnContainerStop	1.510s
PASS: docker_cli_attach_unix_test.go:126: DockerSuite.TestAttachDetach	0.518s
PASS: docker_cli_attach_test.go:135: DockerSuite.TestAttachDisconnect	0.367s
PASS: docker_cli_attach_test.go:20: DockerSuite.TestAttachMultipleAndRestart	1.535s
PASS: docker_cli_attach_test.go:168: DockerSuite.TestAttachPausedContainer	0.398s
PASS: docker_cli_attach_test.go:90: DockerSuite.TestAttachTTYWithoutStdin	0.396s
PASS: docker_api_build_test.go:160: DockerSuite.TestBuildAPIBuildGitWithF	1.667s
PASS: docker_api_build_test.go:26: DockerSuite.TestBuildAPIDockerFileRemote	1.989s
PASS: docker_api_build_test.go:181: DockerSuite.TestBuildAPIDoubleDockerfile	0.983s
PASS: docker_api_build_test.go:142: DockerSuite.TestBuildAPILowerDockerfile	0.990s
PASS: docker_api_build_test.go:57: DockerSuite.TestBuildAPIRemoteTarballContext	0.003s
PASS: docker_api_build_test.go:88: DockerSuite.TestBuildAPIRemoteTarballContextWithCustomDockerfile	0.976s
PASS: docker_api_build_test.go:203: DockerSuite.TestBuildAPIUnnormalizedTarPaths	1.985s
PASS: docker_cli_build_test.go:573: DockerSuite.TestBuildAddAndCopyFileWithWhitespace	28.050s
PASS: docker_cli_build_test.go:926: DockerSuite.TestBuildAddBadLinks	0.917s
PASS: docker_cli_build_test.go:1006: DockerSuite.TestBuildAddBadLinksVolume	2.992s
PASS: docker_cli_build_test.go:2885: DockerSuite.TestBuildAddBrokenTar	0.166s
PASS: docker_api_build_test.go:479: DockerSuite.TestBuildAddCacheOnFileChange	1.790s
PASS: docker_cli_build_unix_test.go:87: DockerSuite.TestBuildAddChangeOwnership	2.991s
PASS: docker_cli_build_test.go:1863: DockerSuite.TestBuildAddCurrentDirWithCache	2.697s
PASS: docker_cli_build_test.go:1910: DockerSuite.TestBuildAddCurrentDirWithoutCache	1.407s
PASS: docker_cli_build_test.go:751: DockerSuite.TestBuildAddDirContentToExistingDir	8.836s
PASS: docker_cli_build_test.go:737: DockerSuite.TestBuildAddDirContentToRoot	4.976s
PASS: docker_cli_build_test.go:2189: DockerSuite.TestBuildAddFileNotFound	0.081s
PASS: docker_cli_build_test.go:1997: DockerSuite.TestBuildAddLocalAndRemoteFilesWithAndWithoutCache	3.897s
Set build name.
New build name is '#38432'
Build was aborted
Aborted by Gordon
[PostBuildScript] - Executing post build scripts.
[Docker-PRs-experimental] $ /bin/sh -xe /tmp/jenkins5910163423865741776.sh
/tmp/jenkins935331607969602322.sh: line 21: 28002 Terminated              docker run --rm -t --privileged -v "$WORKSPACE/bundles:/go/src/github.com/docker/docker/bundles" -e DOCKER_EXPERIMENTAL=y --name docker-pr-exp$BUILD_NUMBER -e DOCKER_GITCOMMIT=${GITCOMMIT} -e DOCKER_GRAPHDRIVER=vfs -e DOCKER_EXECDRIVER=native docker:${GITCOMMIT}-exp hack/ci/experimental
+ echo Ensuring container killed.
Ensuring container killed.
+ docker rm -vf docker-pr-exp43476
docker-pr-exp43476
+ echo Chowning /workspace to jenkins user
Chowning /workspace to jenkins user
+ id -u
+ id -g
+ docker run --rm -v /home/ubuntu/workspace/Docker-PRs-experimental:/workspace busybox chown -R 1000:1000 /workspace
[Docker-PRs-experimental] $ /bin/sh -xe /tmp/jenkins599712089130240244.sh
+ echo Creating bundles.tar.gz
Creating bundles.tar.gz
+ xargs tar -czf bundles.tar.gz
+ find bundles -name *.log
Archiving artifacts
Notifying endpoint with url 'https://leeroy.dockerproject.org/notification/jenkins'
[WS-CLEANUP] Deleting project workspace...[WS-CLEANUP] done
Finished: ABORTED
