Started by user Gordon
Notifying endpoint with url 'https://leeroy.dockerproject.org/notification/jenkins'
[EnvInject] - Loading node environment variables.
Building remotely on ubuntu-1604-aufs-stable (i-0bb452c973fa09ee7) (docker-edge ubuntu aufs docker-stable docker ubuntu-1604-aufs-edge x86_64 ec2 linux ubuntu-1604-aufs ubuntu-1604 amd64 ubuntu-1604-aufs-stable us-west-2) in workspace /home/ubuntu/workspace/Docker-PRs-experimental
Wiping out workspace first.
Cloning the remote Git repository
Cloning repository https://github.com/moby/moby.git
 > git init /home/ubuntu/workspace/Docker-PRs-experimental # timeout=10
Fetching upstream changes from https://github.com/moby/moby.git
 > git --version # timeout=10
 > git fetch --tags --progress https://github.com/moby/moby.git +refs/heads/*:refs/remotes/origin/*
 > git config remote.origin.url https://github.com/moby/moby.git # timeout=10
 > git config --add remote.origin.fetch +refs/heads/*:refs/remotes/origin/* # timeout=10
 > git config remote.origin.url https://github.com/moby/moby.git # timeout=10
Fetching upstream changes from https://github.com/moby/moby.git
 > git fetch --tags --progress https://github.com/moby/moby.git +refs/heads/*:refs/remotes/origin/*
 > git rev-parse origin/master^{commit} # timeout=10
Checking out Revision f76d6a078d881f410c00e8d900dcdfc2e026c841 (origin/master)
 > git config core.sparsecheckout # timeout=10
 > git checkout -f f76d6a078d881f410c00e8d900dcdfc2e026c841
Commit message: "Merge pull request #38370 from farnasirim/36413-bind-dir-skip-copy"
 > git rev-list --no-walk f76d6a078d881f410c00e8d900dcdfc2e026c841 # timeout=10
Set build name.
New build name is '#38432'
[Docker-PRs-experimental] $ /bin/bash /tmp/jenkins450700488270411576.sh
From https://github.com/moby/moby
 * [new ref]         refs/pull/38432/head -> origin/pr/38432
Merge made by the 'recursive' strategy.
 hack/ci/windows.ps1                                |   7 +-
 integration-cli/check_test.go                      |   3 +-
 integration-cli/docker_api_swarm_node_test.go      |   2 -
 integration-cli/docker_api_swarm_service_test.go   |  79 ---------
 .../docker_api_swarm_service_unix_test.go          |  90 ++++++++++
 integration-cli/docker_api_swarm_test.go           |   2 -
 integration-cli/docker_cli_swarm_test.go           | 196 ---------------------
 integration-cli/docker_cli_swarm_unix_test.go      | 195 ++++++++++++++++++++
 internal/test/daemon/daemon.go                     |   7 +-
 internal/test/daemon/daemon_unix.go                |   6 +
 internal/test/daemon/daemon_windows.go             |   6 +
 internal/test/daemon/swarm.go                      |   4 -
 internal/test/daemon/swarm_unix.go                 |   7 +
 internal/test/daemon/swarm_windows.go              |   7 +
 14 files changed, 317 insertions(+), 294 deletions(-)
 create mode 100644 integration-cli/docker_api_swarm_service_unix_test.go
 create mode 100644 internal/test/daemon/swarm_unix.go
 create mode 100644 internal/test/daemon/swarm_windows.go
Sending build context to Docker daemon  45.09MB
Step 1/94 : FROM golang:1.11.4 AS base
 ---> 343df9d12b7b
Step 2/94 : ARG APT_MIRROR=deb.debian.org
 ---> Using cache
 ---> ffc2e5a808bb
Step 3/94 : RUN sed -ri "s/(httpredir|deb).debian.org/$APT_MIRROR/g" /etc/apt/sources.list
 ---> Using cache
 ---> 105b5fb0122f
Step 4/94 : FROM base AS criu
 ---> 105b5fb0122f
Step 5/94 : ENV CRIU_VERSION 3.6
 ---> Using cache
 ---> 50c8250f0052
Step 6/94 : RUN apt-get update && apt-get install -y 	libnet-dev 	libprotobuf-c0-dev 	libprotobuf-dev 	libnl-3-dev 	libcap-dev 	protobuf-compiler 	protobuf-c-compiler 	python-protobuf 	&& mkdir -p /usr/src/criu 	&& curl -sSL https://github.com/checkpoint-restore/criu/archive/v${CRIU_VERSION}.tar.gz | tar -C /usr/src/criu/ -xz --strip-components=1 	&& cd /usr/src/criu 	&& make 	&& make PREFIX=/build/ install-criu
 ---> Using cache
 ---> 18080022d061
Step 7/94 : FROM base AS registry
 ---> 105b5fb0122f
Step 8/94 : ENV REGISTRY_COMMIT_SCHEMA1 ec87e9b6971d831f0eff752ddb54fb64693e51cd
 ---> Using cache
 ---> d4967e462773
Step 9/94 : ENV REGISTRY_COMMIT 47a064d4195a9b56133891bbb13620c3ac83a827
 ---> Using cache
 ---> 8386edcac34e
Step 10/94 : RUN set -x 	&& export GOPATH="$(mktemp -d)" 	&& git clone https://github.com/docker/distribution.git "$GOPATH/src/github.com/docker/distribution" 	&& (cd "$GOPATH/src/github.com/docker/distribution" && git checkout -q "$REGISTRY_COMMIT") 	&& GOPATH="$GOPATH/src/github.com/docker/distribution/Godeps/_workspace:$GOPATH" 		go build -buildmode=pie -o /build/registry-v2 github.com/docker/distribution/cmd/registry 	&& case $(dpkg --print-architecture) in 		amd64|ppc64*|s390x) 		(cd "$GOPATH/src/github.com/docker/distribution" && git checkout -q "$REGISTRY_COMMIT_SCHEMA1"); 		GOPATH="$GOPATH/src/github.com/docker/distribution/Godeps/_workspace:$GOPATH"; 			go build -buildmode=pie -o /build/registry-v2-schema1 github.com/docker/distribution/cmd/registry; 		;; 	   esac 	&& rm -rf "$GOPATH"
 ---> Using cache
 ---> 91afdc7d122e
Step 11/94 : FROM base AS docker-py
 ---> 105b5fb0122f
Step 12/94 : ENV DOCKER_PY_COMMIT 8b246db271a85d6541dc458838627e89c683e42f
 ---> Using cache
 ---> 716c5d3c4979
Step 13/94 : RUN git clone https://github.com/docker/docker-py.git /build 	&& cd /build 	&& git checkout -q $DOCKER_PY_COMMIT
 ---> Using cache
 ---> c70c09d276f1
Step 14/94 : FROM base AS swagger
 ---> 105b5fb0122f
Step 15/94 : ENV GO_SWAGGER_COMMIT c28258affb0b6251755d92489ef685af8d4ff3eb
 ---> Using cache
 ---> ed47ea2399c2
Step 16/94 : RUN set -x 	&& export GOPATH="$(mktemp -d)" 	&& git clone https://github.com/go-swagger/go-swagger.git "$GOPATH/src/github.com/go-swagger/go-swagger" 	&& (cd "$GOPATH/src/github.com/go-swagger/go-swagger" && git checkout -q "$GO_SWAGGER_COMMIT") 	&& go build -o /build/swagger github.com/go-swagger/go-swagger/cmd/swagger 	&& rm -rf "$GOPATH"
 ---> Using cache
 ---> 7de6ddcb2db9
Step 17/94 : FROM base AS frozen-images
 ---> 105b5fb0122f
Step 18/94 : RUN apt-get update && apt-get install -y jq ca-certificates --no-install-recommends
 ---> Using cache
 ---> 95d726c37fb1
Step 19/94 : COPY contrib/download-frozen-image-v2.sh /
 ---> Using cache
 ---> 59e7ce27f5f6
Step 20/94 : RUN /download-frozen-image-v2.sh /build 	buildpack-deps:jessie@sha256:dd86dced7c9cd2a724e779730f0a53f93b7ef42228d4344b25ce9a42a1486251 	busybox:latest@sha256:bbc3a03235220b170ba48a157dd097dd1379299370e1ed99ce976df0355d24f0 	busybox:glibc@sha256:0b55a30394294ab23b9afd58fab94e61a923f5834fba7ddbae7f8e0c11ba85e6 	debian:jessie@sha256:287a20c5f73087ab406e6b364833e3fb7b3ae63ca0eb3486555dc27ed32c6e60 	hello-world:latest@sha256:be0cd392e45be79ffeffa6b05338b98ebb16c87b255f48e297ec7f98e123905c
 ---> Using cache
 ---> 16e1ad1e9526
Step 21/94 : FROM base AS runtime-dev
 ---> 105b5fb0122f
Step 22/94 : RUN apt-get update && apt-get install -y 	libapparmor-dev 	libseccomp-dev
 ---> Using cache
 ---> 86f4a8e9e631
Step 23/94 : FROM base AS tomlv
 ---> 105b5fb0122f
Step 24/94 : ENV INSTALL_BINARY_NAME=tomlv
 ---> Using cache
 ---> d97b7c44715e
Step 25/94 : COPY hack/dockerfile/install/install.sh ./install.sh
 ---> Using cache
 ---> 898c685008c5
Step 26/94 : COPY hack/dockerfile/install/$INSTALL_BINARY_NAME.installer ./
 ---> Using cache
 ---> 813e939fad75
Step 27/94 : RUN PREFIX=/build ./install.sh $INSTALL_BINARY_NAME
 ---> Using cache
 ---> 2ee12aef223e
Step 28/94 : FROM base AS vndr
 ---> 105b5fb0122f
Step 29/94 : ENV INSTALL_BINARY_NAME=vndr
 ---> Using cache
 ---> a2dbc499efa6
Step 30/94 : COPY hack/dockerfile/install/install.sh ./install.sh
 ---> Using cache
 ---> 286c9de6ec29
Step 31/94 : COPY hack/dockerfile/install/$INSTALL_BINARY_NAME.installer ./
 ---> Using cache
 ---> 82b79684193b
Step 32/94 : RUN PREFIX=/build ./install.sh $INSTALL_BINARY_NAME
 ---> Using cache
 ---> 9b00f8119f36
Step 33/94 : FROM base AS containerd
 ---> 105b5fb0122f
Step 34/94 : RUN apt-get update && apt-get install -y btrfs-tools
 ---> Using cache
 ---> 39c0041590a2
Step 35/94 : ENV INSTALL_BINARY_NAME=containerd
 ---> Using cache
 ---> 12e06af7cb44
Step 36/94 : COPY hack/dockerfile/install/install.sh ./install.sh
 ---> Using cache
 ---> 98045e2e3884
Step 37/94 : COPY hack/dockerfile/install/$INSTALL_BINARY_NAME.installer ./
 ---> Using cache
 ---> ec9c38a0fc6a
Step 38/94 : RUN PREFIX=/build ./install.sh $INSTALL_BINARY_NAME
 ---> Using cache
 ---> 076244e8e346
Step 39/94 : FROM base AS proxy
 ---> 105b5fb0122f
Step 40/94 : ENV INSTALL_BINARY_NAME=proxy
 ---> Using cache
 ---> 0d5f87b4748a
Step 41/94 : COPY hack/dockerfile/install/install.sh ./install.sh
 ---> Using cache
 ---> e604cee4ed52
Step 42/94 : COPY hack/dockerfile/install/$INSTALL_BINARY_NAME.installer ./
 ---> Using cache
 ---> 59bebaac34af
Step 43/94 : RUN PREFIX=/build ./install.sh $INSTALL_BINARY_NAME
 ---> Using cache
 ---> 5dca1fddfc6c
Step 44/94 : FROM base AS gometalinter
 ---> 105b5fb0122f
Step 45/94 : ENV INSTALL_BINARY_NAME=gometalinter
 ---> Using cache
 ---> 3b8fd2b8e52f
Step 46/94 : COPY hack/dockerfile/install/install.sh ./install.sh
 ---> Using cache
 ---> 77c4eab135e6
Step 47/94 : COPY hack/dockerfile/install/$INSTALL_BINARY_NAME.installer ./
 ---> Using cache
 ---> 8771e4beca39
Step 48/94 : RUN PREFIX=/build ./install.sh $INSTALL_BINARY_NAME
 ---> Using cache
 ---> e83c71802f57
Step 49/94 : FROM base AS dockercli
 ---> 105b5fb0122f
Step 50/94 : ENV INSTALL_BINARY_NAME=dockercli
 ---> Using cache
 ---> 3eff98e28595
Step 51/94 : COPY hack/dockerfile/install/install.sh ./install.sh
 ---> Using cache
 ---> fe897510caf6
Step 52/94 : COPY hack/dockerfile/install/$INSTALL_BINARY_NAME.installer ./
 ---> Using cache
 ---> df5ca4481dfe
Step 53/94 : RUN PREFIX=/build ./install.sh $INSTALL_BINARY_NAME
 ---> Using cache
 ---> 0a2a9349f8c6
Step 54/94 : FROM runtime-dev AS runc
 ---> 86f4a8e9e631
Step 55/94 : ENV INSTALL_BINARY_NAME=runc
 ---> Using cache
 ---> b581c6a69cd1
Step 56/94 : COPY hack/dockerfile/install/install.sh ./install.sh
 ---> Using cache
 ---> 1197930ba236
Step 57/94 : COPY hack/dockerfile/install/$INSTALL_BINARY_NAME.installer ./
 ---> Using cache
 ---> 2dcc1393be75
Step 58/94 : RUN PREFIX=/build ./install.sh $INSTALL_BINARY_NAME
 ---> Using cache
 ---> b1635db0dcf4
Step 59/94 : FROM base AS tini
 ---> 105b5fb0122f
Step 60/94 : RUN apt-get update && apt-get install -y cmake vim-common
 ---> Using cache
 ---> 166f72ad0233
Step 61/94 : COPY hack/dockerfile/install/install.sh ./install.sh
 ---> Using cache
 ---> eb4f8e4be1e2
Step 62/94 : ENV INSTALL_BINARY_NAME=tini
 ---> Using cache
 ---> 8d1a0519000f
Step 63/94 : COPY hack/dockerfile/install/$INSTALL_BINARY_NAME.installer ./
 ---> Using cache
 ---> d1bd0af7f6cc
Step 64/94 : RUN PREFIX=/build ./install.sh $INSTALL_BINARY_NAME
 ---> Using cache
 ---> 9492df82e362
Step 65/94 : FROM runtime-dev AS dev
 ---> 86f4a8e9e631
Step 66/94 : RUN groupadd -r docker
 ---> Using cache
 ---> 4cb621be3ae5
Step 67/94 : RUN useradd --create-home --gid docker unprivilegeduser
 ---> Using cache
 ---> 85c3c707a8ee
Step 68/94 : RUN ln -sfv /go/src/github.com/docker/docker/.bashrc ~/.bashrc
 ---> Using cache
 ---> 37c8ea0f6f87
Step 69/94 : RUN echo "source /usr/share/bash-completion/bash_completion" >> /etc/bash.bashrc
 ---> Using cache
 ---> 592f45c68bb9
Step 70/94 : RUN ln -s /usr/local/completion/bash/docker /etc/bash_completion.d/docker
 ---> Using cache
 ---> 9ee1f9a83ef6
Step 71/94 : RUN ldconfig
 ---> Using cache
 ---> 53a894f3aae5
Step 72/94 : RUN apt-get update && apt-get install -y 	apparmor 	aufs-tools 	bash-completion 	btrfs-tools 	iptables 	jq 	libcap2-bin 	libdevmapper-dev 	libudev-dev 	libsystemd-dev 	binutils-mingw-w64 	g++-mingw-w64-x86-64 	net-tools 	pigz 	python-backports.ssl-match-hostname 	python-dev 	python-mock 	python-pip 	python-requests 	python-setuptools 	python-websocket 	python-wheel 	thin-provisioning-tools 	vim 	vim-common 	xfsprogs 	zip 	bzip2 	xz-utils 	--no-install-recommends
 ---> Using cache
 ---> b21ce24dcb7c
Step 73/94 : COPY --from=swagger /build/swagger* /usr/local/bin/
 ---> Using cache
 ---> a54e655eacc0
Step 74/94 : COPY --from=frozen-images /build/ /docker-frozen-images
 ---> Using cache
 ---> 9731c99792e4
Step 75/94 : COPY --from=gometalinter /build/ /usr/local/bin/
 ---> Using cache
 ---> 28ebf612dc59
Step 76/94 : COPY --from=tomlv /build/ /usr/local/bin/
 ---> Using cache
 ---> 9fdaa37dd1cc
Step 77/94 : COPY --from=vndr /build/ /usr/local/bin/
 ---> Using cache
 ---> db1b85b1f903
Step 78/94 : COPY --from=tini /build/ /usr/local/bin/
 ---> Using cache
 ---> 46b8853c0a70
Step 79/94 : COPY --from=runc /build/ /usr/local/bin/
 ---> Using cache
 ---> b00ca884a95a
Step 80/94 : COPY --from=containerd /build/ /usr/local/bin/
 ---> Using cache
 ---> c66dce213270
Step 81/94 : COPY --from=proxy /build/ /usr/local/bin/
 ---> Using cache
 ---> d43cc181d590
Step 82/94 : COPY --from=dockercli /build/ /usr/local/cli
 ---> Using cache
 ---> 4393535de0a9
Step 83/94 : COPY --from=registry /build/registry* /usr/local/bin/
 ---> Using cache
 ---> ec429b8f0bf4
Step 84/94 : COPY --from=criu /build/ /usr/local/
 ---> Using cache
 ---> 7dc145942ef1
Step 85/94 : COPY --from=docker-py /build/ /docker-py
 ---> Using cache
 ---> 1114b18d0e2f
Step 86/94 : RUN cd /docker-py 	&& pip install docker-pycreds==0.2.1 	&& pip install yamllint==1.5.0 	&& pip install -r test-requirements.txt
 ---> Using cache
 ---> 5c4aa8444cac
Step 87/94 : ENV PATH=/usr/local/cli:$PATH
 ---> Using cache
 ---> 03d0f41592c9
Step 88/94 : ENV DOCKER_BUILDTAGS apparmor seccomp selinux
 ---> Using cache
 ---> c6e1615b7967
Step 89/94 : ENV GOMETALINTER_OPTS="--deadline=2m"
 ---> Using cache
 ---> e31482d320ee
Step 90/94 : WORKDIR /go/src/github.com/docker/docker
 ---> Using cache
 ---> e6025c4a98dc
Step 91/94 : VOLUME /var/lib/docker
 ---> Using cache
 ---> d406054b8840
Step 92/94 : ENTRYPOINT ["hack/dind"]
 ---> Using cache
 ---> b9f3e90aa9e5
Step 93/94 : FROM dev AS final
 ---> b9f3e90aa9e5
Step 94/94 : COPY . /go/src/github.com/docker/docker
 ---> b257ab613f3c
Successfully built b257ab613f3c
Successfully tagged docker:8d8e08c-exp

Removing bundles/

---> Making bundle: binary-daemon (in bundles/binary-daemon)
Building: bundles/binary-daemon/dockerd-dev
Created binary: bundles/binary-daemon/dockerd-dev
Copying nested executables into bundles/binary-daemon

---> Making bundle: test-integration (in bundles/test-integration)
Building test suite binary ./integration-cli/test.main
Building test suite binary ./integration/plugin/test.main
Building test suite binary ./integration/plugin/authz/test.main
Building test suite binary ./integration/plugin/logging/test.main
Building test suite binary ./integration/plugin/logging/cmd/test.main
Building test suite binary ./integration/plugin/logging/cmd/close_on_start/test.main
Building test suite binary ./integration/plugin/logging/cmd/dummy/test.main
Building test suite binary ./integration/plugin/common/test.main
Building test suite binary ./integration/plugin/volumes/test.main
Building test suite binary ./integration/plugin/volumes/cmd/test.main
Building test suite binary ./integration/plugin/volumes/cmd/dummy/test.main
Building test suite binary ./integration/plugin/graphdriver/test.main
Building test suite binary ./integration/config/test.main
Building test suite binary ./integration/service/test.main
Building test suite binary ./integration/network/test.main
Building test suite binary ./integration/network/ipvlan/test.main
Building test suite binary ./integration/network/macvlan/test.main
Building test suite binary ./integration/secret/test.main
Building test suite binary ./integration/session/test.main
Building test suite binary ./integration/container/test.main
Building test suite binary ./integration/build/test.main
Building test suite binary ./integration/volume/test.main
Building test suite binary ./integration/system/test.main
Building test suite binary ./integration/image/test.main
---> Making bundle: .integration-daemon-start (in bundles/test-integration)
Using test binary docker
# DOCKER_EXPERIMENTAL is set: starting daemon with experimental features enabled! 
/etc/init.d/apparmor: 130: /etc/init.d/apparmor: systemd-detect-virt: not found
Starting AppArmor profiles:Warning from stdin (line 1): /sbin/apparmor_parser: cannot use or update cache, disable, or force-complain via stdin
Warning failed to create cache: (null)
.
INFO: Waiting for daemon to start...
Starting dockerd
.
---> Making bundle: .integration-daemon-setup (in bundles/test-integration)
---> Making bundle: .ensure-emptyfs (in bundles/test-integration)
Error: No such image: emptyfs
Running integration-test (iteration 1)
Running /go/src/github.com/docker/docker/integration/plugin
testing: warning: no tests to run
PASS
Running /go/src/github.com/docker/docker/integration/plugin/authz
Loaded image: buildpack-deps:jessie
Loaded image: busybox:latest
Loaded image: busybox:glibc
Loaded image: debian:jessie
Loaded image: hello-world:latest
INFO: Testing against a local daemon
=== RUN   TestAuthZPluginAllowRequest
--- PASS: TestAuthZPluginAllowRequest (7.74s)
    daemon.go:291: [db6a647dc4353] waiting for daemon to start
    daemon.go:323: [db6a647dc4353] daemon started
    daemon.go:278: [db6a647dc4353] exiting daemon
=== RUN   TestAuthZPluginTLS
--- PASS: TestAuthZPluginTLS (3.08s)
    daemon.go:291: [d1c7a68e8d283] waiting for daemon to start
    daemon.go:323: [d1c7a68e8d283] daemon started
    daemon.go:278: [d1c7a68e8d283] exiting daemon
=== RUN   TestAuthZPluginDenyRequest
--- PASS: TestAuthZPluginDenyRequest (0.53s)
    daemon.go:291: [d32c9d8a7093d] waiting for daemon to start
    daemon.go:323: [d32c9d8a7093d] daemon started
    daemon.go:278: [d32c9d8a7093d] exiting daemon
=== RUN   TestAuthZPluginAPIDenyResponse
--- PASS: TestAuthZPluginAPIDenyResponse (0.53s)
    daemon.go:291: [d6e2995765198] waiting for daemon to start
    daemon.go:323: [d6e2995765198] daemon started
    daemon.go:278: [d6e2995765198] exiting daemon
=== RUN   TestAuthZPluginDenyResponse
--- PASS: TestAuthZPluginDenyResponse (0.52s)
    daemon.go:291: [d91252de31daf] waiting for daemon to start
    daemon.go:323: [d91252de31daf] daemon started
    daemon.go:278: [d91252de31daf] exiting daemon
=== RUN   TestAuthZPluginAllowEventStream
--- PASS: TestAuthZPluginAllowEventStream (1.21s)
    daemon.go:291: [d9e513c770a19] waiting for daemon to start
    daemon.go:323: [d9e513c770a19] daemon started
    daemon.go:278: [d9e513c770a19] exiting daemon
=== RUN   TestAuthZPluginErrorResponse
--- PASS: TestAuthZPluginErrorResponse (0.52s)
    daemon.go:291: [db70772740555] waiting for daemon to start
    daemon.go:323: [db70772740555] daemon started
    daemon.go:278: [db70772740555] exiting daemon
=== RUN   TestAuthZPluginErrorRequest
--- PASS: TestAuthZPluginErrorRequest (0.53s)
    daemon.go:291: [d2c7b5fb356fe] waiting for daemon to start
    daemon.go:323: [d2c7b5fb356fe] daemon started
    daemon.go:278: [d2c7b5fb356fe] exiting daemon
=== RUN   TestAuthZPluginEnsureNoDuplicatePluginRegistration
--- PASS: TestAuthZPluginEnsureNoDuplicatePluginRegistration (0.52s)
    daemon.go:291: [dc605ccf9bd3d] waiting for daemon to start
    daemon.go:323: [dc605ccf9bd3d] daemon started
    daemon.go:278: [dc605ccf9bd3d] exiting daemon
=== RUN   TestAuthZPluginEnsureLoadImportWorking
--- PASS: TestAuthZPluginEnsureLoadImportWorking (1.46s)
    daemon.go:291: [d29089b0ef47b] waiting for daemon to start
    daemon.go:323: [d29089b0ef47b] daemon started
    daemon.go:278: [d29089b0ef47b] exiting daemon
=== RUN   TestAuthzPluginEnsureContainerCopyToFrom
--- PASS: TestAuthzPluginEnsureContainerCopyToFrom (1.51s)
    daemon.go:291: [da139332d053f] waiting for daemon to start
    daemon.go:323: [da139332d053f] daemon started
    daemon.go:278: [da139332d053f] exiting daemon
=== RUN   TestAuthZPluginHeader
--- PASS: TestAuthZPluginHeader (0.71s)
    daemon.go:291: [d89584b7d8bf2] waiting for daemon to start
    daemon.go:323: [d89584b7d8bf2] daemon started
    daemon.go:278: [d89584b7d8bf2] exiting daemon
=== RUN   TestAuthZPluginV2AllowNonVolumeRequest
--- PASS: TestAuthZPluginV2AllowNonVolumeRequest (6.56s)
    daemon.go:291: [d0357a9ba8849] waiting for daemon to start
    daemon.go:323: [d0357a9ba8849] daemon started
    daemon.go:278: [d0357a9ba8849] exiting daemon
    daemon.go:291: [d0357a9ba8849] waiting for daemon to start
    daemon.go:323: [d0357a9ba8849] daemon started
    daemon.go:278: [d0357a9ba8849] exiting daemon
=== RUN   TestAuthZPluginV2Disable
--- PASS: TestAuthZPluginV2Disable (7.49s)
    daemon.go:291: [d2a7d0d8a5a06] waiting for daemon to start
    daemon.go:323: [d2a7d0d8a5a06] daemon started
    daemon.go:278: [d2a7d0d8a5a06] exiting daemon
    daemon.go:291: [d2a7d0d8a5a06] waiting for daemon to start
    daemon.go:323: [d2a7d0d8a5a06] daemon started
    daemon.go:278: [d2a7d0d8a5a06] exiting daemon
=== RUN   TestAuthZPluginV2RejectVolumeRequests
--- PASS: TestAuthZPluginV2RejectVolumeRequests (6.03s)
    daemon.go:291: [d417474e3e5e0] waiting for daemon to start
    daemon.go:323: [d417474e3e5e0] daemon started
    daemon.go:278: [d417474e3e5e0] exiting daemon
    daemon.go:291: [d417474e3e5e0] waiting for daemon to start
    daemon.go:323: [d417474e3e5e0] daemon started
    daemon.go:278: [d417474e3e5e0] exiting daemon
=== RUN   TestAuthZPluginV2BadManifestFailsDaemonStart
--- PASS: TestAuthZPluginV2BadManifestFailsDaemonStart (13.62s)
    daemon.go:291: [d691803e167ac] waiting for daemon to start
    daemon.go:323: [d691803e167ac] daemon started
    daemon.go:278: [d691803e167ac] exiting daemon
    daemon.go:291: [d691803e167ac] waiting for daemon to start
    daemon.go:291: [d691803e167ac] waiting for daemon to start
    daemon.go:278: [d691803e167ac] exiting daemon
    daemon.go:291: [d691803e167ac] waiting for daemon to start
    daemon.go:323: [d691803e167ac] daemon started
    daemon.go:278: [d691803e167ac] exiting daemon
=== RUN   TestAuthZPluginV2NonexistentFailsDaemonStart
--- PASS: TestAuthZPluginV2NonexistentFailsDaemonStart (16.53s)
    daemon.go:291: [dfee52fd5472f] waiting for daemon to start
    daemon.go:323: [dfee52fd5472f] daemon started
    daemon.go:278: [dfee52fd5472f] exiting daemon
    daemon.go:291: [dfee52fd5472f] waiting for daemon to start
    daemon.go:291: [dfee52fd5472f] waiting for daemon to start
    daemon.go:291: [dfee52fd5472f] waiting for daemon to start
    daemon.go:323: [dfee52fd5472f] daemon started
    daemon.go:278: [dfee52fd5472f] exiting daemon
PASS
Running /go/src/github.com/docker/docker/integration/plugin/logging
INFO: Testing against a local daemon
=== RUN   TestContinueAfterPluginCrash
=== PAUSE TestContinueAfterPluginCrash
=== RUN   TestDaemonStartWithLogOpt
=== PAUSE TestDaemonStartWithLogOpt
=== CONT  TestContinueAfterPluginCrash
=== CONT  TestDaemonStartWithLogOpt
--- PASS: TestDaemonStartWithLogOpt (14.98s)
    daemon.go:291: [d199b646582a2] waiting for daemon to start
    daemon.go:323: [d199b646582a2] daemon started
    daemon.go:278: [d199b646582a2] exiting daemon
    daemon.go:291: [d199b646582a2] waiting for daemon to start
    daemon.go:323: [d199b646582a2] daemon started
    daemon.go:278: [d199b646582a2] exiting daemon
--- PASS: TestContinueAfterPluginCrash (20.27s)
    daemon.go:291: [d0b62641297ee] waiting for daemon to start
    daemon.go:323: [d0b62641297ee] daemon started
    daemon.go:278: [d0b62641297ee] exiting daemon
PASS
Running /go/src/github.com/docker/docker/integration/plugin/logging/cmd
testing: warning: no tests to run
PASS
Running /go/src/github.com/docker/docker/integration/plugin/logging/cmd/close_on_start
testing: warning: no tests to run
PASS
Running /go/src/github.com/docker/docker/integration/plugin/logging/cmd/dummy
testing: warning: no tests to run
PASS
Running /go/src/github.com/docker/docker/integration/plugin/common
INFO: Testing against a local daemon
=== RUN   TestPluginInvalidJSON
=== RUN   TestPluginInvalidJSON//plugins/foobar/set
=== PAUSE TestPluginInvalidJSON//plugins/foobar/set
=== CONT  TestPluginInvalidJSON//plugins/foobar/set
--- PASS: TestPluginInvalidJSON (0.01s)
    --- PASS: TestPluginInvalidJSON//plugins/foobar/set (0.00s)
PASS
Running /go/src/github.com/docker/docker/integration/plugin/volumes
INFO: Testing against a local daemon
=== RUN   TestPluginWithDevMounts
=== PAUSE TestPluginWithDevMounts
=== CONT  TestPluginWithDevMounts
--- PASS: TestPluginWithDevMounts (1.76s)
    daemon.go:291: [dd9587e16b8de] waiting for daemon to start
    daemon.go:323: [dd9587e16b8de] daemon started
    daemon.go:278: [dd9587e16b8de] exiting daemon
PASS
Running /go/src/github.com/docker/docker/integration/plugin/volumes/cmd
testing: warning: no tests to run
PASS
Running /go/src/github.com/docker/docker/integration/plugin/volumes/cmd/dummy
testing: warning: no tests to run
PASS
Running /go/src/github.com/docker/docker/integration/plugin/graphdriver
INFO: Testing against a local daemon
=== RUN   TestExternalGraphDriver
=== RUN   TestExternalGraphDriver/json
=== RUN   TestExternalGraphDriver/spec
=== RUN   TestExternalGraphDriver/pull
--- PASS: TestExternalGraphDriver (7.03s)
    daemon.go:291: [dfc7b5c087199] waiting for daemon to start
    daemon.go:323: [dfc7b5c087199] daemon started
    daemon.go:278: [dfc7b5c087199] exiting daemon
    daemon.go:291: [dfc7b5c087199] waiting for daemon to start
    daemon.go:323: [dfc7b5c087199] daemon started
    daemon.go:278: [dfc7b5c087199] exiting daemon
    --- PASS: TestExternalGraphDriver/json (1.73s)
    daemon.go:291: [dfc7b5c087199] waiting for daemon to start
    daemon.go:323: [dfc7b5c087199] daemon started
    daemon.go:278: [dfc7b5c087199] exiting daemon
    daemon.go:291: [dfc7b5c087199] waiting for daemon to start
    daemon.go:323: [dfc7b5c087199] daemon started
    daemon.go:278: [dfc7b5c087199] exiting daemon
    --- PASS: TestExternalGraphDriver/spec (1.73s)
    daemon.go:291: [dfc7b5c087199] waiting for daemon to start
    daemon.go:323: [dfc7b5c087199] daemon started
    daemon.go:278: [dfc7b5c087199] exiting daemon
    --- PASS: TestExternalGraphDriver/pull (3.11s)
=== RUN   TestGraphdriverPluginV2
--- SKIP: TestGraphdriverPluginV2 (0.34s)
    external_test.go:411: !requirement.Overlay2Supported(testEnv.DaemonInfo.KernelVersion)
PASS
Running /go/src/github.com/docker/docker/integration/config
INFO: Testing against a local daemon
=== RUN   TestConfigList
--- PASS: TestConfigList (2.09s)
    daemon.go:291: [dd5b67ed8ca27] waiting for daemon to start
    daemon.go:323: [dd5b67ed8ca27] daemon started
    daemon.go:278: [dd5b67ed8ca27] exiting daemon
=== RUN   TestConfigsCreateAndDelete
--- PASS: TestConfigsCreateAndDelete (2.14s)
    daemon.go:291: [df20711209a96] waiting for daemon to start
    daemon.go:323: [df20711209a96] daemon started
    daemon.go:278: [df20711209a96] exiting daemon
=== RUN   TestConfigsUpdate
--- PASS: TestConfigsUpdate (2.05s)
    daemon.go:291: [deb22f2741dda] waiting for daemon to start
    daemon.go:323: [deb22f2741dda] daemon started
    daemon.go:278: [deb22f2741dda] exiting daemon
=== RUN   TestTemplatedConfig
--- PASS: TestTemplatedConfig (2.51s)
    daemon.go:291: [d8a9071af4581] waiting for daemon to start
    daemon.go:323: [d8a9071af4581] daemon started
    daemon.go:278: [d8a9071af4581] exiting daemon
=== RUN   TestConfigInspect
--- PASS: TestConfigInspect (2.15s)
    daemon.go:291: [dc06f79c303df] waiting for daemon to start
    daemon.go:323: [dc06f79c303df] daemon started
    daemon.go:278: [dc06f79c303df] exiting daemon
=== RUN   TestConfigCreateWithLabels
--- PASS: TestConfigCreateWithLabels (2.03s)
    daemon.go:291: [d414c6fb324c3] waiting for daemon to start
    daemon.go:323: [d414c6fb324c3] daemon started
    daemon.go:278: [d414c6fb324c3] exiting daemon
=== RUN   TestConfigCreateResolve
--- PASS: TestConfigCreateResolve (2.17s)
    daemon.go:291: [d66fda9d28471] waiting for daemon to start
    daemon.go:323: [d66fda9d28471] daemon started
    daemon.go:278: [d66fda9d28471] exiting daemon
PASS
Running /go/src/github.com/docker/docker/integration/service
INFO: Testing against a local daemon
=== RUN   TestServiceCreateInit
=== RUN   TestServiceCreateInit/daemonInitDisabled
=== RUN   TestServiceCreateInit/daemonInitEnabled
--- PASS: TestServiceCreateInit (7.94s)
    --- PASS: TestServiceCreateInit/daemonInitDisabled (3.98s)
        daemon.go:291: [d8613b48c2615] waiting for daemon to start
        daemon.go:323: [d8613b48c2615] daemon started
        daemon.go:278: [d8613b48c2615] exiting daemon
    --- PASS: TestServiceCreateInit/daemonInitEnabled (3.94s)
        daemon.go:291: [d8b8ec8e9fd10] waiting for daemon to start
        daemon.go:323: [d8b8ec8e9fd10] daemon started
        daemon.go:278: [d8b8ec8e9fd10] exiting daemon
=== RUN   TestCreateServiceMultipleTimes
--- PASS: TestCreateServiceMultipleTimes (24.02s)
    daemon.go:291: [d5bc55e478223] waiting for daemon to start
    daemon.go:323: [d5bc55e478223] daemon started
    daemon.go:278: [d5bc55e478223] exiting daemon
=== RUN   TestCreateServiceConflict
--- PASS: TestCreateServiceConflict (2.15s)
    daemon.go:291: [d4bc6e5010b5d] waiting for daemon to start
    daemon.go:323: [d4bc6e5010b5d] daemon started
    daemon.go:278: [d4bc6e5010b5d] exiting daemon
=== RUN   TestCreateServiceMaxReplicas
--- PASS: TestCreateServiceMaxReplicas (2.80s)
    daemon.go:291: [dc19afcec5821] waiting for daemon to start
    daemon.go:323: [dc19afcec5821] daemon started
    daemon.go:278: [dc19afcec5821] exiting daemon
=== RUN   TestCreateWithDuplicateNetworkNames
--- PASS: TestCreateWithDuplicateNetworkNames (12.95s)
    daemon.go:291: [d2514d0f21b72] waiting for daemon to start
    daemon.go:323: [d2514d0f21b72] daemon started
    daemon.go:278: [d2514d0f21b72] exiting daemon
=== RUN   TestCreateServiceSecretFileMode
--- PASS: TestCreateServiceSecretFileMode (2.68s)
    daemon.go:291: [db32d0b6bd200] waiting for daemon to start
    daemon.go:323: [db32d0b6bd200] daemon started
    daemon.go:278: [db32d0b6bd200] exiting daemon
=== RUN   TestCreateServiceConfigFileMode
--- PASS: TestCreateServiceConfigFileMode (2.69s)
    daemon.go:291: [d99ba5b943708] waiting for daemon to start
    daemon.go:323: [d99ba5b943708] daemon started
    daemon.go:278: [d99ba5b943708] exiting daemon
=== RUN   TestCreateServiceSysctls
--- PASS: TestCreateServiceSysctls (3.26s)
    daemon.go:291: [d11f6d369c9b4] waiting for daemon to start
    daemon.go:323: [d11f6d369c9b4] daemon started
    daemon.go:278: [d11f6d369c9b4] exiting daemon
=== RUN   TestInspect
--- PASS: TestInspect (2.15s)
    daemon.go:291: [d83411599cc77] waiting for daemon to start
    daemon.go:323: [d83411599cc77] daemon started
    daemon.go:278: [d83411599cc77] exiting daemon
=== RUN   TestDockerNetworkConnectAlias
--- PASS: TestDockerNetworkConnectAlias (3.98s)
    daemon.go:291: [d18e9ef86a83f] waiting for daemon to start
    daemon.go:323: [d18e9ef86a83f] daemon started
    daemon.go:278: [d18e9ef86a83f] exiting daemon
=== RUN   TestServicePlugin
--- PASS: TestServicePlugin (34.87s)
    daemon.go:291: [d539997aab821] waiting for daemon to start
    daemon.go:323: [d539997aab821] daemon started
    daemon.go:278: [d539997aab821] exiting daemon
    daemon.go:291: [d84044c8d1d66] waiting for daemon to start
    daemon.go:323: [d84044c8d1d66] daemon started
    daemon.go:291: [d47e7ad495a68] waiting for daemon to start
    daemon.go:323: [d47e7ad495a68] daemon started
    daemon.go:291: [dc3e7d5da1850] waiting for daemon to start
    daemon.go:323: [dc3e7d5da1850] daemon started
    daemon.go:278: [dc3e7d5da1850] exiting daemon
    daemon.go:278: [d47e7ad495a68] exiting daemon
    daemon.go:278: [d84044c8d1d66] exiting daemon
PASS
Running /go/src/github.com/docker/docker/integration/network
INFO: Testing against a local daemon
=== RUN   TestNetworkCreateDelete
--- PASS: TestNetworkCreateDelete (0.12s)
=== RUN   TestDockerNetworkDeletePreferID
--- PASS: TestDockerNetworkDeletePreferID (0.28s)
=== RUN   TestInspectNetwork
--- PASS: TestInspectNetwork (24.28s)
    daemon.go:291: [da8d593a096b1] waiting for daemon to start
    daemon.go:323: [da8d593a096b1] daemon started
    daemon.go:278: [da8d593a096b1] exiting daemon
=== RUN   TestRunContainerWithBridgeNone
--- PASS: TestRunContainerWithBridgeNone (2.05s)
    daemon.go:291: [dbdc6898fe226] waiting for daemon to start
    daemon.go:323: [dbdc6898fe226] daemon started
    daemon.go:278: [dbdc6898fe226] exiting daemon
=== RUN   TestNetworkInvalidJSON
=== RUN   TestNetworkInvalidJSON//networks/create
=== PAUSE TestNetworkInvalidJSON//networks/create
=== RUN   TestNetworkInvalidJSON//networks/bridge/connect
=== PAUSE TestNetworkInvalidJSON//networks/bridge/connect
=== RUN   TestNetworkInvalidJSON//networks/bridge/disconnect
=== PAUSE TestNetworkInvalidJSON//networks/bridge/disconnect
=== CONT  TestNetworkInvalidJSON//networks/create
=== CONT  TestNetworkInvalidJSON//networks/bridge/disconnect
=== CONT  TestNetworkInvalidJSON//networks/bridge/connect
--- PASS: TestNetworkInvalidJSON (0.01s)
    --- PASS: TestNetworkInvalidJSON//networks/create (0.00s)
    --- PASS: TestNetworkInvalidJSON//networks/bridge/disconnect (0.00s)
    --- PASS: TestNetworkInvalidJSON//networks/bridge/connect (0.00s)
=== RUN   TestDaemonRestartWithLiveRestore
--- PASS: TestDaemonRestartWithLiveRestore (1.04s)
    daemon.go:291: [dc5e296a209ca] waiting for daemon to start
    daemon.go:323: [dc5e296a209ca] daemon started
    daemon.go:278: [dc5e296a209ca] exiting daemon
    daemon.go:291: [dc5e296a209ca] waiting for daemon to start
    daemon.go:323: [dc5e296a209ca] daemon started
    daemon.go:278: [dc5e296a209ca] exiting daemon
=== RUN   TestDaemonDefaultNetworkPools
--- PASS: TestDaemonDefaultNetworkPools (0.66s)
    daemon.go:291: [debea084ce575] waiting for daemon to start
    daemon.go:323: [debea084ce575] daemon started
    daemon.go:278: [debea084ce575] exiting daemon
=== RUN   TestDaemonRestartWithExistingNetwork
--- PASS: TestDaemonRestartWithExistingNetwork (1.10s)
    daemon.go:291: [d0ce9da0b278f] waiting for daemon to start
    daemon.go:323: [d0ce9da0b278f] daemon started
    daemon.go:278: [d0ce9da0b278f] exiting daemon
    daemon.go:291: [d0ce9da0b278f] waiting for daemon to start
    daemon.go:323: [d0ce9da0b278f] daemon started
    daemon.go:278: [d0ce9da0b278f] exiting daemon
=== RUN   TestDaemonRestartWithExistingNetworkWithDefaultPoolRange
--- PASS: TestDaemonRestartWithExistingNetworkWithDefaultPoolRange (1.18s)
    daemon.go:291: [d86c90ebef674] waiting for daemon to start
    daemon.go:323: [d86c90ebef674] daemon started
    daemon.go:278: [d86c90ebef674] exiting daemon
    daemon.go:291: [d86c90ebef674] waiting for daemon to start
    daemon.go:323: [d86c90ebef674] daemon started
    daemon.go:278: [d86c90ebef674] exiting daemon
=== RUN   TestDaemonWithBipAndDefaultNetworkPool
--- PASS: TestDaemonWithBipAndDefaultNetworkPool (0.54s)
    daemon.go:291: [dbba1cb94cddf] waiting for daemon to start
    daemon.go:323: [dbba1cb94cddf] daemon started
    daemon.go:278: [dbba1cb94cddf] exiting daemon
=== RUN   TestServiceWithPredefinedNetwork
--- PASS: TestServiceWithPredefinedNetwork (2.02s)
    daemon.go:291: [d42a19ebe29f4] waiting for daemon to start
    daemon.go:323: [d42a19ebe29f4] daemon started
    daemon.go:278: [d42a19ebe29f4] exiting daemon
=== RUN   TestServiceRemoveKeepsIngressNetwork
--- PASS: TestServiceRemoveKeepsIngressNetwork (12.10s)
    daemon.go:291: [d5f2bf28ef79e] waiting for daemon to start
    daemon.go:323: [d5f2bf28ef79e] daemon started
    daemon.go:278: [d5f2bf28ef79e] exiting daemon
=== RUN   TestServiceWithDataPathPortInit
--- PASS: TestServiceWithDataPathPortInit (4.36s)
    daemon.go:291: [d89076d1eda1d] waiting for daemon to start
    daemon.go:323: [d89076d1eda1d] daemon started
    daemon.go:278: [d89076d1eda1d] exiting daemon
    daemon.go:291: [df0f24efb2337] waiting for daemon to start
    daemon.go:323: [df0f24efb2337] daemon started
    daemon.go:278: [df0f24efb2337] exiting daemon
=== RUN   TestServiceWithDefaultAddressPoolInit
--- PASS: TestServiceWithDefaultAddressPoolInit (4.25s)
    daemon.go:291: [dc3eb277a7487] waiting for daemon to start
    daemon.go:323: [dc3eb277a7487] daemon started
    service_test.go:415: TestServiceWithDefaultAddressPoolInit: NetworkInspect: {Name:saanvisthiraTestServiceWithDefaultAddressPoolInit ID:19wes9wpygrc14b2ss1d4kkut Created:2018-12-31 14:35:31.288600611 +0000 UTC Scope:swarm Driver:overlay EnableIPv6:false IPAM:{Driver:default Options:map[] Config:[{Subnet:20.20.0.0/24 IPRange: Gateway:20.20.0.1 AuxAddress:map[]}]} Internal:false Attachable:false Ingress:false ConfigFrom:{Network:} ConfigOnly:false Containers:map[] Options:map[com.docker.network.driver.overlay.vxlanid_list:4097] Labels:map[] Peers:[] Services:map[]}
    daemon.go:278: [dc3eb277a7487] exiting daemon
    daemon.go:291: [d1c4886ee75c2] waiting for daemon to start
    daemon.go:323: [d1c4886ee75c2] daemon started
    daemon.go:278: [d1c4886ee75c2] exiting daemon
PASS
Running /go/src/github.com/docker/docker/integration/network/ipvlan
INFO: Testing against a local daemon
=== RUN   TestDockerNetworkIpvlanPersistance
--- PASS: TestDockerNetworkIpvlanPersistance (1.25s)
    daemon.go:291: [dc16b40375834] waiting for daemon to start
    daemon.go:323: [dc16b40375834] daemon started
    daemon.go:278: [dc16b40375834] exiting daemon
    daemon.go:291: [dc16b40375834] waiting for daemon to start
    daemon.go:323: [dc16b40375834] daemon started
    daemon.go:278: [dc16b40375834] exiting daemon
=== RUN   TestDockerNetworkIpvlan
=== RUN   TestDockerNetworkIpvlan/Subinterface
=== RUN   TestDockerNetworkIpvlan/OverlapParent
=== RUN   TestDockerNetworkIpvlan/L2NilParent
=== RUN   TestDockerNetworkIpvlan/L2InternalMode
=== RUN   TestDockerNetworkIpvlan/L3NilParent
=== RUN   TestDockerNetworkIpvlan/L3InternalMode
=== RUN   TestDockerNetworkIpvlan/L2MultiSubnet
=== RUN   TestDockerNetworkIpvlan/L3MultiSubnet
=== RUN   TestDockerNetworkIpvlan/Addressing
--- PASS: TestDockerNetworkIpvlan (110.01s)
    daemon.go:291: [d1ba15f072685] waiting for daemon to start
    daemon.go:323: [d1ba15f072685] daemon started
    --- PASS: TestDockerNetworkIpvlan/Subinterface (0.08s)
    daemon.go:278: [d1ba15f072685] exiting daemon
    daemon.go:291: [d8ca0578a14cd] waiting for daemon to start
    daemon.go:323: [d8ca0578a14cd] daemon started
    --- PASS: TestDockerNetworkIpvlan/OverlapParent (0.05s)
    daemon.go:278: [d8ca0578a14cd] exiting daemon
    daemon.go:291: [daa72cf3d8e07] waiting for daemon to start
    daemon.go:323: [daa72cf3d8e07] daemon started
    --- PASS: TestDockerNetworkIpvlan/L2NilParent (0.86s)
    daemon.go:278: [daa72cf3d8e07] exiting daemon
    daemon.go:291: [dd426d9428e00] waiting for daemon to start
    daemon.go:323: [dd426d9428e00] daemon started
    --- PASS: TestDockerNetworkIpvlan/L2InternalMode (1.85s)
    daemon.go:278: [dd426d9428e00] exiting daemon
    daemon.go:291: [d2a8e86949e12] waiting for daemon to start
    daemon.go:323: [d2a8e86949e12] daemon started
    --- PASS: TestDockerNetworkIpvlan/L3NilParent (15.84s)
    daemon.go:278: [d2a8e86949e12] exiting daemon
    daemon.go:291: [db9663ec47052] waiting for daemon to start
    daemon.go:323: [db9663ec47052] daemon started
    --- PASS: TestDockerNetworkIpvlan/L3InternalMode (16.86s)
    daemon.go:278: [db9663ec47052] exiting daemon
    daemon.go:291: [dd60604780e4a] waiting for daemon to start
    daemon.go:323: [dd60604780e4a] daemon started
    --- PASS: TestDockerNetworkIpvlan/L2MultiSubnet (17.21s)
    daemon.go:278: [dd60604780e4a] exiting daemon
    daemon.go:291: [d671ec7e1d6b9] waiting for daemon to start
    daemon.go:323: [d671ec7e1d6b9] daemon started
    --- PASS: TestDockerNetworkIpvlan/L3MultiSubnet (17.19s)
    daemon.go:278: [d671ec7e1d6b9] exiting daemon
    daemon.go:291: [d40a175263d6e] waiting for daemon to start
    daemon.go:323: [d40a175263d6e] daemon started
    --- PASS: TestDockerNetworkIpvlan/Addressing (31.25s)
    daemon.go:278: [d40a175263d6e] exiting daemon
PASS
Running /go/src/github.com/docker/docker/integration/network/macvlan
INFO: Testing against a local daemon
=== RUN   TestDockerNetworkMacvlanPersistance
--- PASS: TestDockerNetworkMacvlanPersistance (1.27s)
    daemon.go:291: [d3e40d265300b] waiting for daemon to start
    daemon.go:323: [d3e40d265300b] daemon started
    daemon.go:278: [d3e40d265300b] exiting daemon
    daemon.go:291: [d3e40d265300b] waiting for daemon to start
    daemon.go:323: [d3e40d265300b] daemon started
    daemon.go:278: [d3e40d265300b] exiting daemon
=== RUN   TestDockerNetworkMacvlan
=== RUN   TestDockerNetworkMacvlan/Subinterface
=== RUN   TestDockerNetworkMacvlan/OverlapParent
=== RUN   TestDockerNetworkMacvlan/NilParent
=== RUN   TestDockerNetworkMacvlan/InternalMode
=== RUN   TestDockerNetworkMacvlan/Addressing
--- PASS: TestDockerNetworkMacvlan (22.92s)
    daemon.go:291: [d9195b60c04de] waiting for daemon to start
    daemon.go:323: [d9195b60c04de] daemon started
    --- PASS: TestDockerNetworkMacvlan/Subinterface (0.06s)
    daemon.go:278: [d9195b60c04de] exiting daemon
    daemon.go:291: [dd158419a58ad] waiting for daemon to start
    daemon.go:323: [dd158419a58ad] daemon started
    --- PASS: TestDockerNetworkMacvlan/OverlapParent (0.07s)
    daemon.go:278: [dd158419a58ad] exiting daemon
    daemon.go:291: [d309fcebb5307] waiting for daemon to start
    daemon.go:323: [d309fcebb5307] daemon started
    --- PASS: TestDockerNetworkMacvlan/NilParent (0.84s)
    daemon.go:278: [d309fcebb5307] exiting daemon
    daemon.go:291: [d2baec5750511] waiting for daemon to start
    daemon.go:323: [d2baec5750511] daemon started
    --- PASS: TestDockerNetworkMacvlan/InternalMode (1.83s)
    daemon.go:278: [d2baec5750511] exiting daemon
    daemon.go:291: [dadcecf9ed512] waiting for daemon to start
    daemon.go:323: [dadcecf9ed512] daemon started
    --- PASS: TestDockerNetworkMacvlan/Addressing (15.66s)
    daemon.go:278: [dadcecf9ed512] exiting daemon
PASS
Running /go/src/github.com/docker/docker/integration/secret
INFO: Testing against a local daemon
=== RUN   TestSecretInspect
--- PASS: TestSecretInspect (2.15s)
    daemon.go:291: [d7eae7fb26cea] waiting for daemon to start
    daemon.go:323: [d7eae7fb26cea] daemon started
    daemon.go:278: [d7eae7fb26cea] exiting daemon
=== RUN   TestSecretList
--- PASS: TestSecretList (2.11s)
    daemon.go:291: [dd23ed4707443] waiting for daemon to start
    daemon.go:323: [dd23ed4707443] daemon started
    daemon.go:278: [dd23ed4707443] exiting daemon
=== RUN   TestSecretsCreateAndDelete
Set build name.
New build name is '#38432'
Build was aborted
Aborted by Gordon
[PostBuildScript] - Executing post build scripts.
/tmp/jenkins450700488270411576.sh: line 21: 25685 Terminated              docker run --rm -t --privileged -v "$WORKSPACE/bundles:/go/src/github.com/docker/docker/bundles" -e DOCKER_EXPERIMENTAL=y --name docker-pr-exp$BUILD_NUMBER -e DOCKER_GITCOMMIT=${GITCOMMIT} -e DOCKER_GRAPHDRIVER=vfs -e DOCKER_EXECDRIVER=native docker:${GITCOMMIT}-exp hack/ci/experimental
[Docker-PRs-experimental] $ /bin/sh -xe /tmp/jenkins6677437831321213677.sh
+ echo Ensuring container killed.
Ensuring container killed.
+ docker rm -vf docker-pr-exp43479
docker-pr-exp43479
+ echo Chowning /workspace to jenkins user
Chowning /workspace to jenkins user
+ id -u
+ id -g
+ docker run --rm -v /home/ubuntu/workspace/Docker-PRs-experimental:/workspace busybox chown -R 1000:1000 /workspace
[Docker-PRs-experimental] $ /bin/sh -xe /tmp/jenkins4587802202399422577.sh
+ echo Creating bundles.tar.gz
Creating bundles.tar.gz
+ xargs tar -czf bundles.tar.gz
+ find bundles -name *.log
Archiving artifacts
Notifying endpoint with url 'https://leeroy.dockerproject.org/notification/jenkins'
[WS-CLEANUP] Deleting project workspace...[WS-CLEANUP] done
Finished: ABORTED
