Started by user Gordon
Notifying endpoint with url 'https://leeroy.dockerproject.org/notification/jenkins'
[EnvInject] - Loading node environment variables.
Building remotely on azure-windows-rs1-5 (windows-rs1) in workspace /gopath/src/github.com/docker/docker
Wiping out workspace first.
Cloning the remote Git repository
Cloning repository https://github.com/moby/moby.git
 > git init C:\gopath\src\github.com\docker\docker # timeout=10
Fetching upstream changes from https://github.com/moby/moby.git
 > git --version # timeout=10
 > git fetch --tags --progress https://github.com/moby/moby.git +refs/heads/*:refs/remotes/origin/*
 > git config remote.origin.url https://github.com/moby/moby.git # timeout=10
 > git config --add remote.origin.fetch +refs/heads/*:refs/remotes/origin/* # timeout=10
 > git config remote.origin.url https://github.com/moby/moby.git # timeout=10
Fetching upstream changes from https://github.com/moby/moby.git
 > git fetch --tags --progress https://github.com/moby/moby.git +refs/heads/*:refs/remotes/origin/*
 > git rev-parse "origin/master^{commit}" # timeout=10
Checking out Revision e0e9942dc5466884e7b2ef5c509a9dab33c4a01a (origin/master)
 > git config core.sparsecheckout # timeout=10
 > git checkout -f e0e9942dc5466884e7b2ef5c509a9dab33c4a01a
Commit message: "Merge pull request #38419 from thaJeztah/fix_nuke_everything"
 > git rev-list --no-walk e0e9942dc5466884e7b2ef5c509a9dab33c4a01a # timeout=10
Set build name.
New build name is '#38410'
[docker] $ sh -xe C:\Users\jenkins\jenkins7866190996086506335.sh
+ git fetch origin +refs/pull/38410/head:refs/remotes/origin/pr/38410
From https://github.com/moby/moby
 * [new ref]               refs/pull/38410/head -> origin/pr/38410
+ git merge origin/pr/38410
Auto-merging hack/ci/windows.ps1
Merge made by the 'recursive' strategy.
 Dockerfile.windows  | 123 +++++++++++++++-------------------------------------
 hack/ci/windows.ps1 |  33 +++++++-------
 2 files changed, 51 insertions(+), 105 deletions(-)
[docker] $ powershell.exe -NonInteractive -ExecutionPolicy ByPass "& 'C:\Users\jenkins\jenkins384686519495500737.ps1'"
NEW entrypoint

INFO: executeCI.ps1 starting at Wed Jan  2 16:08:39 CUT 2019

INFO: Script version 28-Aug-2018 09:33 PDT
INFO: Running git version 2.18.0.windows.1
INFO: Branch:rs1_release Build:14393.2312.180607-1919
INFO: Environment variables:

Name                           Value                                                                                   
----                           -----                                                                                   
_                              /cygdrive/c/ProgramData/Oracle/Java/javapath/java                                       
ALLUSERSPROFILE                C:\ProgramData                                                                          
APPDATA                        C:\Users\jenkins\AppData\Roaming                                                        
BASE_BRANCH                    master                                                                                  
BUILD_CAUSE                    MANUALTRIGGER                                                                           
BUILD_CAUSE_MANUALTRIGGER      true                                                                                    
BUILD_DISPLAY_NAME             #38410                                                                                  
BUILD_ID                       23512                                                                                   
BUILD_NUMBER                   23512                                                                                   
BUILD_TAG                      jenkins-Docker-PRs-WoW-RS1-23512                                                        
BUILD_URL                      https://jenkins.dockerproject.org/job/Docker-PRs-WoW-RS1/23512/                         
CommonProgramFiles             C:\Program Files\Common Files                                                           
CommonProgramFiles(x86)        C:\Program Files (x86)\Common Files                                                     
CommonProgramW6432             C:\Program Files\Common Files                                                           
COMPUTERNAME                   jenkins-rs1-5                                                                           
COMSPEC                        C:\Windows\system32\cmd.exe                                                             
ConfigSet                      rs                                                                                      
CYGWIN                         binmode ntsec                                                                           
EXECUTOR_NUMBER                0                                                                                       
GIT_AUTHOR_EMAIL               janky@dockerproject.org                                                                 
GIT_AUTHOR_NAME                Docker Jenkins                                                                          
GIT_BASE_REPO                  moby/moby                                                                               
GIT_BRANCH                     origin/master                                                                           
GIT_COMMIT                     e0e9942dc5466884e7b2ef5c509a9dab33c4a01a                                                
GIT_COMMITTER_EMAIL            janky@dockerproject.org                                                                 
GIT_COMMITTER_NAME             Docker Jenkins                                                                          
GIT_HEAD_REPO                  thaJeztah/docker                                                                        
GIT_PREVIOUS_COMMIT            e0e9942dc5466884e7b2ef5c509a9dab33c4a01a                                                
GIT_PREVIOUS_SUCCESSFUL_COMMIT e0e9942dc5466884e7b2ef5c509a9dab33c4a01a                                                
GIT_SHA1                       513ff6b2c67f05af074c533730ec05c7cc6735e8                                                
GIT_URL                        https://github.com/moby/moby.git                                                        
GITHUB_URL                     https://github.com/moby/moby/pull/38410                                                 
HOME                           C:\cygwin\home\jenkins                                                                  
HOMEDRIVE                      C:                                                                                      
HOMEPATH                       \cygwin\home\jenkins                                                                    
HUDSON_COOKIE                  9014a7d5-f45b-4d1b-99ee-f17197da2b54                                                    
HUDSON_HOME                    /var/jenkins_home                                                                       
HUDSON_SERVER_COOKIE           5654907fc74b1465                                                                        
HUDSON_URL                     https://jenkins.dockerproject.org/                                                      
JENKINS_HOME                   /var/jenkins_home                                                                       
JENKINS_SERVER_COOKIE          5654907fc74b1465                                                                        
JENKINS_URL                    https://jenkins.dockerproject.org/                                                      
JOB_BASE_NAME                  Docker-PRs-WoW-RS1                                                                      
JOB_DISPLAY_URL                https://jenkins.dockerproject.org/job/Docker-PRs-WoW-RS1/display/redirect               
JOB_NAME                       Docker-PRs-WoW-RS1                                                                      
JOB_URL                        https://jenkins.dockerproject.org/job/Docker-PRs-WoW-RS1/                               
LOCALAPPDATA                   C:\Users\jenkins\AppData\Local                                                          
LOGNAME                        jenkins                                                                                 
LOGONSERVER                    \\jenkins-rs1-5                                                                         
MAIL                           /var/spool/mail//jenkins                                                                
NODE_LABELS                    azure-windows-rs1-5 windows-rs1                                                         
NODE_NAME                      azure-windows-rs1-5                                                                     
NUMBER_OF_PROCESSORS           4                                                                                       
OLDPWD                         /home/jenkins                                                                           
OS                             Windows_NT                                                                              
PATH                           C:\cygwin\bin;C:\ProgramData\Oracle\Java\javapath;C:\pstools;C:\Program Files\Notepad...
PATHEXT                        .COM;.EXE;.BAT;.CMD;.VBS;.VBE;.JS;.JSE;.WSF;.WSH;.MSC;.CPL                              
PR                             38410                                                                                   
PROCESSOR_ARCHITECTURE         AMD64                                                                                   
PROCESSOR_IDENTIFIER           Intel64 Family 6 Model 79 Stepping 1, GenuineIntel                                      
PROCESSOR_LEVEL                6                                                                                       
PROCESSOR_REVISION             4f01                                                                                    
ProgramData                    C:\ProgramData                                                                          
PROGRAMFILES                   C:\Program Files                                                                        
ProgramFiles(x86)              C:\Program Files (x86)                                                                  
ProgramW6432                   C:\Program Files                                                                        
PSExecutionPolicyPreference    Bypass                                                                                  
PSModulePath                   C:\Users\jenkins\Documents\WindowsPowerShell\Modules;C:\Program Files\WindowsPowerShe...
PUBLIC                         C:\Users\Public                                                                         
PWD                            /cygdrive/c/workspace                                                                   
ROOT_BUILD_CAUSE               MANUALTRIGGER                                                                           
ROOT_BUILD_CAUSE_MANUALTRIGGER true                                                                                    
RUN_CHANGES_DISPLAY_URL        https://jenkins.dockerproject.org/job/Docker-PRs-WoW-RS1/23512/display/redirect?page=...
RUN_DISPLAY_URL                https://jenkins.dockerproject.org/job/Docker-PRs-WoW-RS1/23512/display/redirect         
SHELL                          /bin/bash                                                                               
SHLVL                          1                                                                                       
SOURCES_DRIVE                  c                                                                                       
SOURCES_SUBDIR                 gopath                                                                                  
SSH_CLIENT                     52.88.204.51 44926 22                                                                   
SSH_CONNECTION                 52.88.204.51 44926 10.0.0.13 22                                                         
SYSTEMDRIVE                    C:                                                                                      
SYSTEMROOT                     C:\Windows                                                                              
TEMP                           d:\temp                                                                                 
TESTRUN_DRIVE                  d                                                                                       
TESTRUN_SUBDIR                 CI                                                                                      
USER                           jenkins                                                                                 
USERDOMAIN                     jenkins-rs1-5                                                                           
USERNAME                       jenkins                                                                                 
USERPROFILE                    C:\Users\jenkins                                                                        
WINDIR                         C:\Windows                                                                              
WORKSPACE                      /gopath/src/github.com/docker/docker                                                    
xxxxxWINDOWS_BASE_IMAGE        microsoft/nanoserver                                                                    



INFO: PR#38410 (https://github.com/docker/docker/pull/38410)
INFO: Sources under c:\gopath\...
INFO: Test run under d:\CI\...
INFO: Running in C:\gopath\src\github.com\docker\docker
INFO: docker/docker repository was found
INFO: Image microsoft/windowsservercore:latest is already loaded in the control daemon
INFO: Version of microsoft/windowsservercore:latest is '10.0.14393.2312'
INFO: Docker version of control daemon

Client:
 Version:           master-dockerproject-2018-10-09
 API version:       1.39
 Go version:        go1.10.4
 Git commit:        ab50c2f2
 Built:             Tue Oct  9 23:49:39 2018
 OS/Arch:           windows/amd64
 Experimental:      false

Server:
 Engine:
  Version:          master-dockerproject-2018-10-09
  API version:      1.39 (minimum version 1.24)
  Go version:       go1.11.1
  Git commit:       82a4797
  Built:            Tue Oct  9 23:58:23 2018
  OS/Arch:          windows/amd64
  Experimental:     false

INFO: Docker info of control daemon

Containers: 0
 Running: 0
 Paused: 0
 Stopped: 0
Images: 7
Server Version: master-dockerproject-2018-10-09
Storage Driver: windowsfilter
 Windows: 
Logging Driver: json-file
Plugins:
 Volume: local
 Network: ics l2bridge l2tunnel nat null overlay transparent
 Log: awslogs etwlogs fluentd gcplogs gelf json-file local logentries splunk syslog
Swarm: inactive
Default Isolation: process
Kernel Version: 10.0 14393 (14393.2312.amd64fre.rs1_release.180607-1919)
Operating System: Windows Server 2016 Datacenter Version 1607 (OS Build 14393.2312)
OSType: windows
Architecture: x86_64
CPUs: 4
Total Memory: 14GiB
Name: jenkins-rs1-5
ID: CNRO:GSKR:O7K3:UTV7:OUDG:5UQW:ISR5:G266:UVLP:JMOD:4JXH:PAHW
Docker Root Dir: D:\control
Debug Mode (client): false
Debug Mode (server): false
Registry: https://index.docker.io/v1/
Labels:
Experimental: false
Insecure Registries:
 127.0.0.0/8
Live Restore Enabled: false


INFO: Commit hash is 83b5ea2c25
INFO: Nuke-Everything...
INFO: Container count on control daemon to delete is 0
INFO: Nuking d:\CI
INFO: Zapped successfully
INFO: Location for testing is d:\CI\CI-83b5ea2c25
INFO: Validating GOLang consistency in Dockerfile.windows...


INFO: Building the image from Dockerfile.windows at 01/02/2019 16:08:41...

Sending build context to Docker daemon  46.38MB

Step 1/17 : FROM golang:1.11.4-windowsservercore AS compiler
1.11.4-windowsservercore: Pulling from library/golang
3889bb8d808b: Pulling fs layer
bf261bf8d7bc: Pulling fs layer
88c3d7be4c27: Pulling fs layer
ba99f131ffca: Pulling fs layer
027f2cb2189f: Pulling fs layer
9312ae5904ea: Pulling fs layer
5efa782757b9: Pulling fs layer
27f199241336: Pulling fs layer
a5fc3a200145: Pulling fs layer
d81563325f66: Pulling fs layer
e66e09740839: Pulling fs layer
3fb2867267a2: Pulling fs layer
3c2d1e1abbab: Pulling fs layer
027f2cb2189f: Waiting
9312ae5904ea: Waiting
5efa782757b9: Waiting
27f199241336: Waiting
a5fc3a200145: Waiting
d81563325f66: Waiting
e66e09740839: Waiting
3fb2867267a2: Waiting
3c2d1e1abbab: Waiting
ba99f131ffca: Waiting
88c3d7be4c27: Verifying Checksum
88c3d7be4c27: Download complete
ba99f131ffca: Verifying Checksum
ba99f131ffca: Download complete
027f2cb2189f: Verifying Checksum
027f2cb2189f: Download complete
9312ae5904ea: Verifying Checksum
9312ae5904ea: Download complete
5efa782757b9: Verifying Checksum
5efa782757b9: Download complete
27f199241336: Verifying Checksum
27f199241336: Download complete
a5fc3a200145: Verifying Checksum
a5fc3a200145: Download complete
d81563325f66: Verifying Checksum
d81563325f66: Download complete
e66e09740839: Verifying Checksum
e66e09740839: Download complete
3fb2867267a2: Verifying Checksum
3fb2867267a2: Download complete
3c2d1e1abbab: Verifying Checksum
3c2d1e1abbab: Download complete
bf261bf8d7bc: Verifying Checksum
bf261bf8d7bc: Download complete
3889bb8d808b: Verifying Checksum
3889bb8d808b: Download complete
Set build name.
New build name is '#38410'
Build was aborted
Aborted by Gordon
[PostBuildScript] - Executing post build scripts.
Notifying endpoint with url 'https://leeroy.dockerproject.org/notification/jenkins'
Finished: ABORTED
