Started by user Gordon
Notifying endpoint with url 'https://leeroy.dockerproject.org/notification/jenkins'
[EnvInject] - Loading node environment variables.
Building remotely on ppc64le-ubuntu-25 (linux ppc64le-ubuntu-1604 ppc64le) in workspace /home/docker/workspace/Docker-PRs-powerpc
Running Prebuild steps
[Docker-PRs-powerpc] $ /bin/sh -xe /tmp/jenkins1312955448652244283.sh
+ id -u
+ id -g
+ sudo chown -R 1001:1001 /home/docker/workspace/Docker-PRs-powerpc/bundles
chown: cannot access '/home/docker/workspace/Docker-PRs-powerpc/bundles': No such file or directory
Failed build for hudson.tasks.Shell@606cc55d
No credentials specified
Wiping out workspace first.
Cloning the remote Git repository
Cloning repository https://github.com/moby/moby.git
 > git init /home/docker/workspace/Docker-PRs-powerpc # timeout=10
Fetching upstream changes from https://github.com/moby/moby.git
 > git --version # timeout=10
 > git fetch --tags --progress https://github.com/moby/moby.git +refs/heads/*:refs/remotes/origin/*
 > git config remote.origin.url https://github.com/moby/moby.git # timeout=10
 > git config --add remote.origin.fetch +refs/heads/*:refs/remotes/origin/* # timeout=10
 > git config remote.origin.url https://github.com/moby/moby.git # timeout=10
Fetching upstream changes from https://github.com/moby/moby.git
 > git fetch --tags --progress https://github.com/moby/moby.git +refs/heads/*:refs/remotes/origin/*
 > git rev-parse origin/master^{commit} # timeout=10
Checking out Revision 8d760280a232f98d92440539e1e8a8f66c213bdb (origin/master)
 > git config core.sparsecheckout # timeout=10
 > git checkout -f 8d760280a232f98d92440539e1e8a8f66c213bdb
Commit message: "Merge pull request #39275 from wiktor-k/move-var-run-to-run"
 > git rev-list --no-walk 8d760280a232f98d92440539e1e8a8f66c213bdb # timeout=10
Set build name.
New build name is '#39283'
[Set GitHub commit status (universal)] PENDING on repos [] (sha:8d76028) with context:Docker-PRs-powerpc
[Docker-PRs-powerpc] $ /bin/bash /tmp/jenkins6377785771338776979.sh
From https://github.com/moby/moby
 * [new ref]         refs/pull/39283/head -> origin/pr/39283
Updating 8d76028..745972a
Fast-forward
 hack/ci/windows.ps1 | 24 ++++++++++++++++++++++++
 1 file changed, 24 insertions(+)
Sending build context to Docker daemon     48MB
Step 1/112 : ARG CROSS="false"
Step 2/112 : FROM golang:1.12.5 AS base
1.12.5: Pulling from library/golang
c6c4df30bc4f: Pulling fs layer
bb8b6d64c781: Pulling fs layer
663d68dc2e12: Pulling fs layer
cb9e53310a32: Pulling fs layer
adda1ed7fac4: Pulling fs layer
081da8db1356: Pulling fs layer
ccc1417e31a3: Pulling fs layer
cb9e53310a32: Waiting
ccc1417e31a3: Waiting
081da8db1356: Waiting
adda1ed7fac4: Waiting
663d68dc2e12: Verifying Checksum
663d68dc2e12: Download complete
bb8b6d64c781: Verifying Checksum
bb8b6d64c781: Download complete
c6c4df30bc4f: Verifying Checksum
c6c4df30bc4f: Download complete
cb9e53310a32: Verifying Checksum
cb9e53310a32: Download complete
ccc1417e31a3: Verifying Checksum
ccc1417e31a3: Download complete
adda1ed7fac4: Verifying Checksum
adda1ed7fac4: Download complete
/tmp/jenkins6377785771338776979.sh: line 11: 17712 Terminated              docker build --rm --force-rm --build-arg APT_MIRROR=cdn-fastly.deb.debian.org -t docker-powerpc:$GITCOMMIT -f Dockerfile .
Set build name.
New build name is '#39283'
Build was aborted
Aborted by Gordon
Performing Post build task...
Match found for : : True
Logical operation result is TRUE
Running script  : 
Unable to find image 'docker-powerpc:745972a' locally
[Docker-PRs-powerpc] $ /bin/sh -xe /tmp/jenkins3301962828320795919.sh
POST BUILD TASK : SUCCESS
END OF POST BUILD TASK : 0
[PostBuildScript] - Executing post build scripts.
[Docker-PRs-powerpc] $ /bin/sh -xe /tmp/jenkins1099833793381115075.sh
+ echo Chowning /workspace to jenkins user
Chowning /workspace to jenkins user
+ id -u
+ id -g
+ docker run --rm -v /home/docker/workspace/Docker-PRs-powerpc:/workspace ppc64le/busybox chown -R 1001:1001 /workspace
Unable to find image 'ppc64le/busybox:latest' locally
latest: Pulling from ppc64le/busybox
b18bb9483cb4: Pulling fs layer
b18bb9483cb4: Download complete
b18bb9483cb4: Pull complete
Digest: sha256:a09f03056efb5d3facb5077a9e58e83e9bba74ad4d343b2afa92c70b5ae01e2b
Status: Downloaded newer image for ppc64le/busybox:latest
[Docker-PRs-powerpc] $ /bin/sh -xe /tmp/jenkins1678868761011846300.sh
+ echo Creating bundles.tar.gz
Creating bundles.tar.gz
+ xargs tar -czf bundles.tar.gz
+ find bundles -name *.log
find: ‘bundles’: No such file or directory
tar: Cowardly refusing to create an empty archive
Try 'tar --help' or 'tar --usage' for more information.
+ true
Archiving artifacts
Notifying endpoint with url 'https://leeroy.dockerproject.org/notification/jenkins'
[WS-CLEANUP] Deleting project workspace...[WS-CLEANUP] done
Finished: ABORTED
