Started by user Gordon
Notifying endpoint with url 'https://leeroy.dockerproject.org/notification/jenkins'
[EnvInject] - Loading node environment variables.
Building remotely on ppc64le-ubuntu-27 (linux ppc64le-ubuntu-1604 ppc64le) in workspace /home/docker/workspace/Docker-PRs-powerpc
Running Prebuild steps
[Docker-PRs-powerpc] $ /bin/sh -xe /tmp/jenkins4530618533615128745.sh
+ id -u
+ id -g
+ sudo chown -R 1001:1001 /home/docker/workspace/Docker-PRs-powerpc/bundles
Success build forhudson.tasks.Shell@39ff8a96
Wiping out workspace first.
Cloning the remote Git repository
Cloning repository https://github.com/moby/moby.git
 > git init /home/docker/workspace/Docker-PRs-powerpc # timeout=10
Fetching upstream changes from https://github.com/moby/moby.git
 > git --version # timeout=10
 > git fetch --tags --progress https://github.com/moby/moby.git +refs/heads/*:refs/remotes/origin/*
 > git config remote.origin.url https://github.com/moby/moby.git # timeout=10
 > git config --add remote.origin.fetch +refs/heads/*:refs/remotes/origin/* # timeout=10
 > git config remote.origin.url https://github.com/moby/moby.git # timeout=10
Fetching upstream changes from https://github.com/moby/moby.git
 > git fetch --tags --progress https://github.com/moby/moby.git +refs/heads/*:refs/remotes/origin/*
 > git rev-parse origin/master^{commit} # timeout=10
Checking out Revision f76d6a078d881f410c00e8d900dcdfc2e026c841 (origin/master)
 > git config core.sparsecheckout # timeout=10
 > git checkout -f f76d6a078d881f410c00e8d900dcdfc2e026c841
Commit message: "Merge pull request #38370 from farnasirim/36413-bind-dir-skip-copy"
 > git rev-list --no-walk f76d6a078d881f410c00e8d900dcdfc2e026c841 # timeout=10
Set build name.
New build name is '#38392'
[Set GitHub commit status (universal)] PENDING on repos [] (sha:f76d6a0) with context:Docker-PRs-powerpc
[Docker-PRs-powerpc] $ /bin/bash /tmp/jenkins8488657259155607455.sh
From https://github.com/moby/moby
 * [new ref]         refs/pull/38392/head -> origin/pr/38392
Merge made by the 'recursive' strategy.
 hack/ci/windows.ps1 | 24 ++++++++++++++++++++++++
 1 file changed, 24 insertions(+)
Sending build context to Docker daemon  45.09MB
Step 1/94 : FROM golang:1.11.4 AS base
1.11.4: Pulling from library/golang
56fd7f7cdb66: Pulling fs layer
9f635fa148b3: Pulling fs layer
f8c0099cf676: Pulling fs layer
ac453cf9be46: Pulling fs layer
87753e667bd2: Pulling fs layer
fd06104180c0: Pulling fs layer
c571c0ef23fa: Pulling fs layer
87753e667bd2: Waiting
fd06104180c0: Waiting
c571c0ef23fa: Waiting
ac453cf9be46: Waiting
/tmp/jenkins8488657259155607455.sh: line 11: 15856 Terminated              docker build --rm --force-rm --build-arg APT_MIRROR=cdn-fastly.deb.debian.org -t docker-powerpc:$GITCOMMIT -f Dockerfile .
Set build name.
New build name is '#38392'
Build was aborted
Aborted by Gordon
Performing Post build task...
Match found for : : True
Logical operation result is TRUE
Running script  : 
Unable to find image 'docker-powerpc:70e3f85' locally
[Docker-PRs-powerpc] $ /bin/sh -xe /tmp/jenkins5217351235794530450.sh
docker: Error response from daemon: pull access denied for docker-powerpc, repository does not exist or may require 'docker login'.
See 'docker run --help'.
POST BUILD TASK : SUCCESS
END OF POST BUILD TASK : 0
[PostBuildScript] - Executing post build scripts.
[Docker-PRs-powerpc] $ /bin/sh -xe /tmp/jenkins7492224475017491104.sh
+ echo Chowning /workspace to jenkins user
Chowning /workspace to jenkins user
+ id -u
+ id -g
+ docker run --rm -v /home/docker/workspace/Docker-PRs-powerpc:/workspace ppc64le/busybox chown -R 1001:1001 /workspace
Unable to find image 'ppc64le/busybox:latest' locally
latest: Pulling from ppc64le/busybox
5e48c64d6cf7: Pulling fs layer
5e48c64d6cf7: Verifying Checksum
5e48c64d6cf7: Download complete
5e48c64d6cf7: Pull complete
Digest: sha256:fdff51e478909117f6bc422d047e37c2e3cdef176af29903c3575cd2292c9b0f
Status: Downloaded newer image for ppc64le/busybox:latest
[Docker-PRs-powerpc] $ /bin/sh -xe /tmp/jenkins1339338946592080983.sh
+ echo Creating bundles.tar.gz
Creating bundles.tar.gz
+ find bundles -name *.log
+ xargs tar -czf bundles.tar.gz
find: ‘bundles’: No such file or directory
tar: Cowardly refusing to create an empty archive
Try 'tar --help' or 'tar --usage' for more information.
+ true
Archiving artifacts
Notifying endpoint with url 'https://leeroy.dockerproject.org/notification/jenkins'
[WS-CLEANUP] Deleting project workspace...[WS-CLEANUP] done
Finished: ABORTED
