Started by user Gordon
Notifying endpoint with url 'https://leeroy.dockerproject.org/notification/jenkins'
[EnvInject] - Loading node environment variables.
Building remotely on ubuntu-1604-overlay2-stable (i-0b3e3c33adb0268c8) (x86_64 ec2 ubuntu overlay2 linux ubuntu-1604 ubuntu-1604-overlay2-stable amd64 docker us-west-2) in workspace /home/ubuntu/workspace/Docker-PRs
Wiping out workspace first.
Cloning the remote Git repository
Cloning repository https://github.com/moby/moby.git
 > git init /home/ubuntu/workspace/Docker-PRs # timeout=10
Fetching upstream changes from https://github.com/moby/moby.git
 > git --version # timeout=10
 > git fetch --tags --progress https://github.com/moby/moby.git +refs/heads/*:refs/remotes/origin/*
 > git config remote.origin.url https://github.com/moby/moby.git # timeout=10
 > git config --add remote.origin.fetch +refs/heads/*:refs/remotes/origin/* # timeout=10
 > git config remote.origin.url https://github.com/moby/moby.git # timeout=10
Fetching upstream changes from https://github.com/moby/moby.git
 > git fetch --tags --progress https://github.com/moby/moby.git +refs/heads/*:refs/remotes/origin/*
 > git rev-parse origin/master^{commit} # timeout=10
Checking out Revision 92b34ec9c6a6be8c1b5751b1572b6293c7708423 (origin/master)
 > git config core.sparsecheckout # timeout=10
 > git checkout -f 92b34ec9c6a6be8c1b5751b1572b6293c7708423
Commit message: "Merge pull request #38408 from josegonzalez/patch-1"
 > git rev-list --no-walk 92b34ec9c6a6be8c1b5751b1572b6293c7708423 # timeout=10
Set build name.
New build name is '#38410'
[Docker-PRs] $ /bin/bash /tmp/jenkins2823859426010547468.sh
From https://github.com/moby/moby
 * [new ref]         refs/pull/38410/head -> origin/pr/38410
Merge made by the 'recursive' strategy.
 Dockerfile          |  2 +-
 Dockerfile.e2e      |  2 +-
 Dockerfile.simple   |  2 +-
 Dockerfile.windows  | 91 +++--------------------------------------------------
 hack/ci/windows.ps1 | 20 ++++++------
 5 files changed, 19 insertions(+), 98 deletions(-)
Sending build context to Docker daemon  45.08MB
Step 1/93 : FROM golang:1.11.4 AS base
 ---> 2422e4d43e15
Step 2/93 : ARG APT_MIRROR=deb.debian.org
 ---> Using cache
 ---> 0d25a1eff947
Step 3/93 : RUN sed -ri "s/(httpredir|deb).debian.org/$APT_MIRROR/g" /etc/apt/sources.list
 ---> Using cache
 ---> 58e622ddf83f
Step 4/93 : FROM base AS criu
 ---> 58e622ddf83f
Step 5/93 : ENV CRIU_VERSION 3.6
 ---> Using cache
 ---> d01b425be466
Step 6/93 : RUN apt-get update && apt-get install -y 	libnet-dev 	libprotobuf-c0-dev 	libprotobuf-dev 	libnl-3-dev 	libcap-dev 	protobuf-compiler 	protobuf-c-compiler 	python-protobuf 	&& mkdir -p /usr/src/criu 	&& curl -sSL https://github.com/checkpoint-restore/criu/archive/v${CRIU_VERSION}.tar.gz | tar -C /usr/src/criu/ -xz --strip-components=1 	&& cd /usr/src/criu 	&& make 	&& make PREFIX=/build/ install-criu
 ---> Using cache
 ---> c84f3f3430e3
Step 7/93 : FROM base AS registry
 ---> 58e622ddf83f
Step 8/93 : ENV REGISTRY_COMMIT_SCHEMA1 ec87e9b6971d831f0eff752ddb54fb64693e51cd
 ---> Using cache
 ---> 731d5c3f3706
Step 9/93 : ENV REGISTRY_COMMIT 47a064d4195a9b56133891bbb13620c3ac83a827
 ---> Using cache
 ---> 33c7960e4800
Step 10/93 : RUN set -x 	&& export GOPATH="$(mktemp -d)" 	&& git clone https://github.com/docker/distribution.git "$GOPATH/src/github.com/docker/distribution" 	&& (cd "$GOPATH/src/github.com/docker/distribution" && git checkout -q "$REGISTRY_COMMIT") 	&& GOPATH="$GOPATH/src/github.com/docker/distribution/Godeps/_workspace:$GOPATH" 		go build -buildmode=pie -o /build/registry-v2 github.com/docker/distribution/cmd/registry 	&& case $(dpkg --print-architecture) in 		amd64|ppc64*|s390x) 		(cd "$GOPATH/src/github.com/docker/distribution" && git checkout -q "$REGISTRY_COMMIT_SCHEMA1"); 		GOPATH="$GOPATH/src/github.com/docker/distribution/Godeps/_workspace:$GOPATH"; 			go build -buildmode=pie -o /build/registry-v2-schema1 github.com/docker/distribution/cmd/registry; 		;; 	   esac 	&& rm -rf "$GOPATH"
 ---> Using cache
 ---> bef90924c8ab
Step 11/93 : FROM base AS docker-py
 ---> 58e622ddf83f
Step 12/93 : ENV DOCKER_PY_COMMIT 8b246db271a85d6541dc458838627e89c683e42f
 ---> Using cache
 ---> 2c686be20539
Step 13/93 : RUN git clone https://github.com/docker/docker-py.git /build 	&& cd /build 	&& git checkout -q $DOCKER_PY_COMMIT
 ---> Using cache
 ---> f897bdf3aa30
Step 14/93 : FROM base AS swagger
 ---> 58e622ddf83f
Step 15/93 : ENV GO_SWAGGER_COMMIT c28258affb0b6251755d92489ef685af8d4ff3eb
 ---> Using cache
 ---> bcd8785b7c0a
Step 16/93 : RUN set -x 	&& export GOPATH="$(mktemp -d)" 	&& git clone https://github.com/go-swagger/go-swagger.git "$GOPATH/src/github.com/go-swagger/go-swagger" 	&& (cd "$GOPATH/src/github.com/go-swagger/go-swagger" && git checkout -q "$GO_SWAGGER_COMMIT") 	&& go build -o /build/swagger github.com/go-swagger/go-swagger/cmd/swagger 	&& rm -rf "$GOPATH"
 ---> Using cache
 ---> a0af0f4b0b09
Step 17/93 : FROM base AS frozen-images
 ---> 58e622ddf83f
Step 18/93 : RUN apt-get update && apt-get install -y jq ca-certificates --no-install-recommends
 ---> Using cache
 ---> 4c9d53a718fe
Step 19/93 : COPY contrib/download-frozen-image-v2.sh /
 ---> Using cache
 ---> b2c4268bde2b
Step 20/93 : RUN /download-frozen-image-v2.sh /build 	buildpack-deps:jessie@sha256:dd86dced7c9cd2a724e779730f0a53f93b7ef42228d4344b25ce9a42a1486251 	busybox:latest@sha256:bbc3a03235220b170ba48a157dd097dd1379299370e1ed99ce976df0355d24f0 	busybox:glibc@sha256:0b55a30394294ab23b9afd58fab94e61a923f5834fba7ddbae7f8e0c11ba85e6 	debian:jessie@sha256:287a20c5f73087ab406e6b364833e3fb7b3ae63ca0eb3486555dc27ed32c6e60 	hello-world:latest@sha256:be0cd392e45be79ffeffa6b05338b98ebb16c87b255f48e297ec7f98e123905c
 ---> Using cache
 ---> 464b5599cc7f
Step 21/93 : FROM base AS runtime-dev
 ---> 58e622ddf83f
Step 22/93 : RUN apt-get update && apt-get install -y 	libapparmor-dev 	libseccomp-dev
 ---> Using cache
 ---> 1c434c1d2d33
Step 23/93 : FROM base AS tomlv
 ---> 58e622ddf83f
Step 24/93 : ENV INSTALL_BINARY_NAME=tomlv
 ---> Using cache
 ---> eb252c0590be
Step 25/93 : COPY hack/dockerfile/install/install.sh ./install.sh
 ---> Using cache
 ---> 5466c19763eb
Step 26/93 : COPY hack/dockerfile/install/$INSTALL_BINARY_NAME.installer ./
 ---> Using cache
 ---> 67160c30adfe
Step 27/93 : RUN PREFIX=/build/ ./install.sh $INSTALL_BINARY_NAME
 ---> Using cache
 ---> 9ece9c9ec409
Step 28/93 : FROM base AS vndr
 ---> 58e622ddf83f
Step 29/93 : ENV INSTALL_BINARY_NAME=vndr
 ---> Using cache
 ---> bbe846172695
Step 30/93 : COPY hack/dockerfile/install/install.sh ./install.sh
 ---> Using cache
 ---> b5a225f85dcd
Step 31/93 : COPY hack/dockerfile/install/$INSTALL_BINARY_NAME.installer ./
 ---> Using cache
 ---> 6bc6d4d749f3
Step 32/93 : RUN PREFIX=/build/ ./install.sh $INSTALL_BINARY_NAME
 ---> Using cache
 ---> 71fc49b178e7
Step 33/93 : FROM base AS containerd
 ---> 58e622ddf83f
Step 34/93 : RUN apt-get update && apt-get install -y btrfs-tools
 ---> Using cache
 ---> 220f1bf5d59a
Step 35/93 : ENV INSTALL_BINARY_NAME=containerd
 ---> Using cache
 ---> 770ddd068c76
Step 36/93 : COPY hack/dockerfile/install/install.sh ./install.sh
 ---> Using cache
 ---> f3eac8f58cce
Step 37/93 : COPY hack/dockerfile/install/$INSTALL_BINARY_NAME.installer ./
 ---> Using cache
 ---> 03079de961f8
Step 38/93 : RUN PREFIX=/build/ ./install.sh $INSTALL_BINARY_NAME
 ---> Using cache
 ---> 01a7bbb60b0d
Step 39/93 : FROM base AS proxy
 ---> 58e622ddf83f
Step 40/93 : ENV INSTALL_BINARY_NAME=proxy
 ---> Using cache
 ---> 22015865b513
Step 41/93 : COPY hack/dockerfile/install/install.sh ./install.sh
 ---> Using cache
 ---> 235223b414f7
Step 42/93 : COPY hack/dockerfile/install/$INSTALL_BINARY_NAME.installer ./
 ---> Using cache
 ---> e6f547f79ddb
Step 43/93 : RUN PREFIX=/build/ ./install.sh $INSTALL_BINARY_NAME
 ---> Using cache
 ---> d40ffaf14320
Step 44/93 : FROM base AS gometalinter
 ---> 58e622ddf83f
Step 45/93 : ENV INSTALL_BINARY_NAME=gometalinter
 ---> Using cache
 ---> e2990a56d84a
Step 46/93 : COPY hack/dockerfile/install/install.sh ./install.sh
 ---> Using cache
 ---> 590f290fcd67
Step 47/93 : COPY hack/dockerfile/install/$INSTALL_BINARY_NAME.installer ./
 ---> Using cache
 ---> 11e93c95422f
Step 48/93 : RUN PREFIX=/build/ ./install.sh $INSTALL_BINARY_NAME
 ---> Using cache
 ---> e1ac7c6122ed
Step 49/93 : FROM base AS dockercli
 ---> 58e622ddf83f
Step 50/93 : ENV INSTALL_BINARY_NAME=dockercli
 ---> Using cache
 ---> 41418e39341f
Step 51/93 : COPY hack/dockerfile/install/install.sh ./install.sh
 ---> Using cache
 ---> 7a01a502ec87
Step 52/93 : COPY hack/dockerfile/install/$INSTALL_BINARY_NAME.installer ./
 ---> Using cache
 ---> 865c13a9def8
Step 53/93 : RUN PREFIX=/build/ ./install.sh $INSTALL_BINARY_NAME
 ---> Using cache
 ---> a2a03050a9f2
Step 54/93 : FROM runtime-dev AS runc
 ---> 1c434c1d2d33
Step 55/93 : ENV INSTALL_BINARY_NAME=runc
 ---> Using cache
 ---> f54bca514030
Step 56/93 : COPY hack/dockerfile/install/install.sh ./install.sh
 ---> Using cache
 ---> a0f0a1f401bc
Step 57/93 : COPY hack/dockerfile/install/$INSTALL_BINARY_NAME.installer ./
 ---> Using cache
 ---> 4c2173c747e3
Step 58/93 : RUN PREFIX=/build/ ./install.sh $INSTALL_BINARY_NAME
 ---> Using cache
 ---> 6f3d0f3afa5a
Step 59/93 : FROM base AS tini
 ---> 58e622ddf83f
Step 60/93 : RUN apt-get update && apt-get install -y cmake vim-common
 ---> Using cache
 ---> e2ec96ab1e6b
Step 61/93 : COPY hack/dockerfile/install/install.sh ./install.sh
 ---> Using cache
 ---> 765d8ca7e704
Step 62/93 : ENV INSTALL_BINARY_NAME=tini
 ---> Using cache
 ---> d89132c029e6
Step 63/93 : COPY hack/dockerfile/install/$INSTALL_BINARY_NAME.installer ./
 ---> Using cache
 ---> 486aa3f3b51a
Step 64/93 : RUN PREFIX=/build/ ./install.sh $INSTALL_BINARY_NAME
 ---> Using cache
 ---> f268bee8fdbc
Step 65/93 : FROM runtime-dev AS dev
 ---> 1c434c1d2d33
Step 66/93 : RUN groupadd -r docker
 ---> Using cache
 ---> f00c2218c252
Step 67/93 : RUN useradd --create-home --gid docker unprivilegeduser
 ---> Using cache
 ---> 28c397369f52
Step 68/93 : RUN ln -sfv /go/src/github.com/docker/docker/.bashrc ~/.bashrc
 ---> Using cache
 ---> 33acba56b6d9
Step 69/93 : RUN echo "source /usr/share/bash-completion/bash_completion" >> /etc/bash.bashrc
 ---> Using cache
 ---> b11ee08d438f
Step 70/93 : RUN ln -s /usr/local/completion/bash/docker /etc/bash_completion.d/docker
 ---> Using cache
 ---> 20fe2c0cd518
Step 71/93 : RUN ldconfig
 ---> Using cache
 ---> c5adb4a2021c
Step 72/93 : RUN apt-get update && apt-get install -y 	apparmor 	aufs-tools 	bash-completion 	btrfs-tools 	iptables 	jq 	libcap2-bin 	libdevmapper-dev 	libudev-dev 	libsystemd-dev 	binutils-mingw-w64 	g++-mingw-w64-x86-64 	net-tools 	pigz 	python-backports.ssl-match-hostname 	python-dev 	python-mock 	python-pip 	python-requests 	python-setuptools 	python-websocket 	python-wheel 	thin-provisioning-tools 	vim 	vim-common 	xfsprogs 	zip 	bzip2 	xz-utils 	--no-install-recommends
 ---> Using cache
 ---> 81b0713f2955
Step 73/93 : COPY --from=swagger /build/swagger* /usr/local/bin/
 ---> Using cache
 ---> a534bd5f8b5d
Step 74/93 : COPY --from=frozen-images /build/ /docker-frozen-images
 ---> Using cache
 ---> bcdeb9c87b6d
Step 75/93 : COPY --from=gometalinter /build/ /usr/local/bin/
 ---> Using cache
 ---> 022a30502962
Step 76/93 : COPY --from=tomlv /build/ /usr/local/bin/
 ---> Using cache
 ---> 42ed906b2b9d
Step 77/93 : COPY --from=vndr /build/ /usr/local/bin/
 ---> Using cache
 ---> 349e8d58c287
Step 78/93 : COPY --from=tini /build/ /usr/local/bin/
 ---> Using cache
 ---> fb377e94c68e
Step 79/93 : COPY --from=runc /build/ /usr/local/bin/
 ---> Using cache
 ---> ed04128e0241
Step 80/93 : COPY --from=containerd /build/ /usr/local/bin/
 ---> Using cache
 ---> d56f8095a9f7
Step 81/93 : COPY --from=proxy /build/ /usr/local/bin/
 ---> Using cache
 ---> 5243acd8f98e
Step 82/93 : COPY --from=dockercli /build/ /usr/local/cli
 ---> Using cache
 ---> f20b43dd89aa
Step 83/93 : COPY --from=registry /build/registry* /usr/local/bin/
 ---> Using cache
 ---> 3ed83f4eb6a7
Step 84/93 : COPY --from=criu /build/ /usr/local/
 ---> Using cache
 ---> 2a30485ab6b7
Step 85/93 : COPY --from=docker-py /build/ /docker-py
 ---> Using cache
 ---> fde81083190d
Step 86/93 : RUN cd /docker-py 	&& pip install docker-pycreds==0.2.1 	&& pip install yamllint==1.5.0 	&& pip install -r test-requirements.txt
 ---> Using cache
 ---> eada6ff2c20e
Step 87/93 : ENV PATH=/usr/local/cli:$PATH
 ---> Using cache
 ---> 7c12a2bb1909
Step 88/93 : ENV DOCKER_BUILDTAGS apparmor seccomp selinux
 ---> Using cache
 ---> e85676a0ffaf
Step 89/93 : ENV GOMETALINTER_OPTS="--deadline=2m"
 ---> Using cache
 ---> 6b891f65efe2
Step 90/93 : WORKDIR /go/src/github.com/docker/docker
 ---> Using cache
 ---> 51034c594748
Step 91/93 : VOLUME /var/lib/docker
 ---> Using cache
 ---> 144c8246153a
Step 92/93 : ENTRYPOINT ["hack/dind"]
 ---> Using cache
 ---> 5c82038ecfb8
Step 93/93 : COPY . /go/src/github.com/docker/docker
 ---> b1b1263a38e0
Successfully built b1b1263a38e0
Successfully tagged docker:12913bd
Congratulations!  All commits are properly signed with the DCO!
Congratulations!  "./pkg/..." is safely isolated from internal code.
No api/types/ or api/swagger.yaml changes in diff.
Congratulations!  No testing.T found.
Congratulations!  All toml source files changed here have valid syntax.
Congratulations!  Changelog CHANGELOG.md is well-formed.
Congratulations!  Changelog CHANGELOG.md dates are in descending order.
Congratulations!  No new tests added to integration-cli.
?   	github.com/docker/docker/api	[no test files]
ok  	github.com/docker/docker/api/server	0.004s	coverage: 7.9% of statements
?   	github.com/docker/docker/api/server/backend/build	[no test files]
ok  	github.com/docker/docker/api/server/httputils	0.004s	coverage: 11.1% of statements
ok  	github.com/docker/docker/api/server/middleware	0.004s	coverage: 43.4% of statements
?   	github.com/docker/docker/api/server/router	[no test files]
?   	github.com/docker/docker/api/server/router/build	[no test files]
?   	github.com/docker/docker/api/server/router/checkpoint	[no test files]
?   	github.com/docker/docker/api/server/router/container	[no test files]
?   	github.com/docker/docker/api/server/router/debug	[no test files]
?   	github.com/docker/docker/api/server/router/distribution	[no test files]
?   	github.com/docker/docker/api/server/router/image	[no test files]
?   	github.com/docker/docker/api/server/router/network	[no test files]
?   	github.com/docker/docker/api/server/router/plugin	[no test files]
?   	github.com/docker/docker/api/server/router/session	[no test files]
?   	github.com/docker/docker/api/server/router/swarm	[no test files]
?   	github.com/docker/docker/api/server/router/system	[no test files]
?   	github.com/docker/docker/api/server/router/volume	[no test files]
?   	github.com/docker/docker/api/types	[no test files]
?   	github.com/docker/docker/api/types/backend	[no test files]
?   	github.com/docker/docker/api/types/blkiodev	[no test files]
?   	github.com/docker/docker/api/types/container	[no test files]
?   	github.com/docker/docker/api/types/events	[no test files]
ok  	github.com/docker/docker/api/types/filters	0.003s	coverage: 94.2% of statements
?   	github.com/docker/docker/api/types/image	[no test files]
?   	github.com/docker/docker/api/types/mount	[no test files]
?   	github.com/docker/docker/api/types/network	[no test files]
?   	github.com/docker/docker/api/types/plugins/logdriver	[no test files]
?   	github.com/docker/docker/api/types/registry	[no test files]
ok  	github.com/docker/docker/api/types/strslice	0.002s	coverage: 90.0% of statements
?   	github.com/docker/docker/api/types/swarm	[no test files]
?   	github.com/docker/docker/api/types/swarm/runtime	[no test files]
ok  	github.com/docker/docker/api/types/time	0.002s	coverage: 100.0% of statements
ok  	github.com/docker/docker/api/types/versions	0.002s	coverage: 75.0% of statements
?   	github.com/docker/docker/api/types/versions/v1p19	[no test files]
?   	github.com/docker/docker/api/types/versions/v1p20	[no test files]
?   	github.com/docker/docker/api/types/volume	[no test files]
?   	github.com/docker/docker/builder	[no test files]
?   	github.com/docker/docker/builder/builder-next	[no test files]
?   	github.com/docker/docker/builder/builder-next/adapters/containerimage	[no test files]
?   	github.com/docker/docker/builder/builder-next/adapters/snapshot	[no test files]
?   	github.com/docker/docker/builder/builder-next/exporter	[no test files]
?   	github.com/docker/docker/builder/builder-next/imagerefchecker	[no test files]
?   	github.com/docker/docker/builder/builder-next/worker	[no test files]
ok  	github.com/docker/docker/builder/dockerfile	0.397s	coverage: 45.4% of statements
ok  	github.com/docker/docker/builder/dockerignore	0.002s	coverage: 96.8% of statements
ok  	github.com/docker/docker/builder/fscache	0.111s	coverage: 69.2% of statements
ok  	github.com/docker/docker/builder/remotecontext	0.166s	coverage: 13.7% of statements
ok  	github.com/docker/docker/builder/remotecontext/git	0.626s	coverage: 78.8% of statements
?   	github.com/docker/docker/cli	[no test files]
?   	github.com/docker/docker/cli/config	[no test files]
ok  	github.com/docker/docker/cli/debug	0.002s	coverage: 100.0% of statements
ok  	github.com/docker/docker/client	0.098s	coverage: 75.6% of statements
ok  	github.com/docker/docker/cmd/dockerd	0.042s	coverage: 31.4% of statements
ok  	github.com/docker/docker/cmd/dockerd/hack	0.002s	coverage: 72.9% of statements
ok  	github.com/docker/docker/container	0.114s	coverage: 35.6% of statements
?   	github.com/docker/docker/container/stream	[no test files]
?   	github.com/docker/docker/contrib/apparmor	[no test files]
?   	github.com/docker/docker/contrib/docker-device-tool	[no test files]
?   	github.com/docker/docker/contrib/httpserver	[no test files]
ok  	github.com/docker/docker/daemon	12.126s	coverage: 17.2% of statements
ok  	github.com/docker/docker/daemon/cluster	0.031s	coverage: 0.5% of statements
ok  	github.com/docker/docker/daemon/cluster/controllers/plugin	0.009s	coverage: 65.3% of statements
ok  	github.com/docker/docker/daemon/cluster/convert	0.006s	coverage: 28.0% of statements
?   	github.com/docker/docker/daemon/cluster/executor	[no test files]
ok  	github.com/docker/docker/daemon/cluster/executor/container	3.432s	coverage: 12.6% of statements
?   	github.com/docker/docker/daemon/cluster/provider	[no test files]
ok  	github.com/docker/docker/daemon/config	0.024s	coverage: 84.8% of statements
ok  	github.com/docker/docker/daemon/discovery	0.004s	coverage: 30.4% of statements
ok  	github.com/docker/docker/daemon/events	0.057s	coverage: 50.0% of statements
?   	github.com/docker/docker/daemon/events/testutils	[no test files]
?   	github.com/docker/docker/daemon/exec	[no test files]
ok  	github.com/docker/docker/daemon/graphdriver	0.004s	coverage: 2.2% of statements
ok  	github.com/docker/docker/daemon/graphdriver/aufs	5.107s	coverage: 73.6% of statements
ok  	github.com/docker/docker/daemon/graphdriver/btrfs	0.004s	coverage: 2.9% of statements
ok  	github.com/docker/docker/daemon/graphdriver/copy	0.175s	coverage: 57.0% of statements
ok  	github.com/docker/docker/daemon/graphdriver/devmapper	2.525s	coverage: 45.9% of statements
?   	github.com/docker/docker/daemon/graphdriver/graphtest	[no test files]
ok  	github.com/docker/docker/daemon/graphdriver/overlay	0.787s	coverage: 50.8% of statements
ok  	github.com/docker/docker/daemon/graphdriver/overlay2	2.044s	coverage: 56.8% of statements
?   	github.com/docker/docker/daemon/graphdriver/overlayutils	[no test files]
ok  	github.com/docker/docker/daemon/graphdriver/quota	0.281s	coverage: 75.2% of statements
?   	github.com/docker/docker/daemon/graphdriver/register	[no test files]
ok  	github.com/docker/docker/daemon/graphdriver/vfs	0.006s	coverage: 70.5% of statements
ok  	github.com/docker/docker/daemon/graphdriver/zfs	0.005s	coverage: 3.0% of statements
ok  	github.com/docker/docker/daemon/images	0.010s	coverage: 4.9% of statements
?   	github.com/docker/docker/daemon/initlayer	[no test files]
ok  	github.com/docker/docker/daemon/links	0.002s	coverage: 93.0% of statements
?   	github.com/docker/docker/daemon/listeners	[no test files]
ok  	github.com/docker/docker/daemon/logger	0.214s	coverage: 43.7% of statements
ok  	github.com/docker/docker/daemon/logger/awslogs	0.112s	coverage: 71.4% of statements
?   	github.com/docker/docker/daemon/logger/fluentd	[no test files]
?   	github.com/docker/docker/daemon/logger/gcplogs	[no test files]
ok  	github.com/docker/docker/daemon/logger/gelf	0.005s	coverage: 68.2% of statements
ok  	github.com/docker/docker/daemon/logger/journald	0.004s	coverage: 26.2% of statements
ok  	github.com/docker/docker/daemon/logger/jsonfilelog	0.006s	coverage: 62.1% of statements
ok  	github.com/docker/docker/daemon/logger/jsonfilelog/jsonlog	0.003s	coverage: 88.3% of statements
ok  	github.com/docker/docker/daemon/logger/local	0.011s	coverage: 74.7% of statements
?   	github.com/docker/docker/daemon/logger/logentries	[no test files]
ok  	github.com/docker/docker/daemon/logger/loggerutils	0.008s	coverage: 18.6% of statements
ok  	github.com/docker/docker/daemon/logger/splunk	1.504s	coverage: 84.5% of statements
ok  	github.com/docker/docker/daemon/logger/syslog	0.004s	coverage: 22.8% of statements
ok  	github.com/docker/docker/daemon/logger/templates	0.002s	coverage: 8.3% of statements
?   	github.com/docker/docker/daemon/names	[no test files]
ok  	github.com/docker/docker/daemon/network	0.003s	coverage: 57.1% of statements
?   	github.com/docker/docker/daemon/stats	[no test files]
ok  	github.com/docker/docker/distribution	1.177s	coverage: 16.8% of statements
ok  	github.com/docker/docker/distribution/metadata	0.029s	coverage: 48.2% of statements
?   	github.com/docker/docker/distribution/utils	[no test files]
ok  	github.com/docker/docker/distribution/xfer	1.434s	coverage: 83.9% of statements
?   	github.com/docker/docker/dockerversion	[no test files]
ok  	github.com/docker/docker/errdefs	0.002s	coverage: 76.6% of statements
ok  	github.com/docker/docker/image	0.016s	coverage: 86.3% of statements
ok  	github.com/docker/docker/image/cache	0.006s	coverage: 19.2% of statements
?   	github.com/docker/docker/image/tarexport	[no test files]
ok  	github.com/docker/docker/image/v1	0.006s	coverage: 25.0% of statements
ok  	github.com/docker/docker/internal/procfs	0.003s	coverage: 78.4% of statements
?   	github.com/docker/docker/internal/test	[no test files]
?   	github.com/docker/docker/internal/test/daemon	[no test files]
?   	github.com/docker/docker/internal/test/environment	[no test files]
?   	github.com/docker/docker/internal/test/fakecontext	[no test files]
?   	github.com/docker/docker/internal/test/fakegit	[no test files]
?   	github.com/docker/docker/internal/test/fakestorage	[no test files]
?   	github.com/docker/docker/internal/test/fixtures/load	[no test files]
?   	github.com/docker/docker/internal/test/fixtures/plugin	[no test files]
?   	github.com/docker/docker/internal/test/fixtures/plugin/basic	[no test files]
?   	github.com/docker/docker/internal/test/registry	[no test files]
?   	github.com/docker/docker/internal/test/request	[no test files]
ok  	github.com/docker/docker/internal/testutil	0.002s	coverage: 62.5% of statements
ok  	github.com/docker/docker/layer	7.999s	coverage: 71.4% of statements
ok  	github.com/docker/docker/libcontainerd	0.027s	coverage: 3.4% of statements
?   	github.com/docker/docker/libcontainerd/supervisor	[no test files]
?   	github.com/docker/docker/oci	[no test files]
?   	github.com/docker/docker/oci/caps	[no test files]
ok  	github.com/docker/docker/opts	0.018s	coverage: 68.4% of statements
ok  	github.com/docker/docker/pkg/aaparser	0.002s	coverage: 50.0% of statements
ok  	github.com/docker/docker/pkg/archive	0.299s	coverage: 82.3% of statements
ok  	github.com/docker/docker/pkg/authorization	0.155s	coverage: 66.7% of statements
ok  	github.com/docker/docker/pkg/broadcaster	0.002s	coverage: 100.0% of statements
ok  	github.com/docker/docker/pkg/chrootarchive	2.820s	coverage: 37.0% of statements
?   	github.com/docker/docker/pkg/containerfs	[no test files]
?   	github.com/docker/docker/pkg/devicemapper	[no test files]
ok  	github.com/docker/docker/pkg/directory	0.003s	coverage: 80.0% of statements
ok  	github.com/docker/docker/pkg/discovery	0.004s	coverage: 58.3% of statements
ok  	github.com/docker/docker/pkg/discovery/file	0.004s	coverage: 92.9% of statements
ok  	github.com/docker/docker/pkg/discovery/kv	3.066s	coverage: 84.1% of statements
ok  	github.com/docker/docker/pkg/discovery/memory	0.003s	coverage: 92.3% of statements
ok  	github.com/docker/docker/pkg/discovery/nodes	0.003s	coverage: 93.8% of statements
ok  	github.com/docker/docker/pkg/dmesg	0.003s	coverage: 83.3% of statements
ok  	github.com/docker/docker/pkg/filenotify	0.603s	coverage: 66.3% of statements
ok  	github.com/docker/docker/pkg/fileutils	0.006s	coverage: 89.5% of statements
ok  	github.com/docker/docker/pkg/fsutils	0.154s	coverage: 85.1% of statements
ok  	github.com/docker/docker/pkg/homedir	0.003s	coverage: 41.7% of statements
ok  	github.com/docker/docker/pkg/idtools	0.304s	coverage: 70.2% of statements
ok  	github.com/docker/docker/pkg/ioutils	0.385s	coverage: 69.1% of statements
ok  	github.com/docker/docker/pkg/jsonmessage	0.003s	coverage: 88.3% of statements
ok  	github.com/docker/docker/pkg/locker	0.012s	coverage: 88.9% of statements
ok  	github.com/docker/docker/pkg/longpath	0.002s	coverage: 100.0% of statements
?   	github.com/docker/docker/pkg/loopback	[no test files]
ok  	github.com/docker/docker/pkg/mount	0.483s	coverage: 68.6% of statements
ok  	github.com/docker/docker/pkg/namesgenerator	0.002s	coverage: 85.7% of statements
?   	github.com/docker/docker/pkg/namesgenerator/cmd/names-generator	[no test files]
ok  	github.com/docker/docker/pkg/parsers	0.002s	coverage: 97.0% of statements
ok  	github.com/docker/docker/pkg/parsers/kernel	0.002s	coverage: 60.0% of statements
ok  	github.com/docker/docker/pkg/parsers/operatingsystem	0.002s	coverage: 90.0% of statements
ok  	github.com/docker/docker/pkg/pidfile	0.002s	coverage: 82.4% of statements
?   	github.com/docker/docker/pkg/platform	[no test files]
?   	github.com/docker/docker/pkg/plugingetter	[no test files]
ok  	github.com/docker/docker/pkg/plugins	33.617s	coverage: 76.8% of statements
ok  	github.com/docker/docker/pkg/plugins/pluginrpc-gen	0.008s	coverage: 56.8% of statements
?   	github.com/docker/docker/pkg/plugins/pluginrpc-gen/fixtures	[no test files]
?   	github.com/docker/docker/pkg/plugins/pluginrpc-gen/fixtures/otherfixture	[no test files]
ok  	github.com/docker/docker/pkg/plugins/transport	0.003s	coverage: 85.7% of statements
ok  	github.com/docker/docker/pkg/pools	0.002s	coverage: 87.9% of statements
ok  	github.com/docker/docker/pkg/progress	0.002s	coverage: 75.9% of statements
ok  	github.com/docker/docker/pkg/pubsub	1.036s	coverage: 72.7% of statements
ok  	github.com/docker/docker/pkg/reexec	0.007s	coverage: 82.4% of statements
ok  	github.com/docker/docker/pkg/signal	2.367s	coverage: 61.0% of statements
?   	github.com/docker/docker/pkg/signal/testfiles	[no test files]
ok  	github.com/docker/docker/pkg/stdcopy	0.003s	coverage: 100.0% of statements
ok  	github.com/docker/docker/pkg/streamformatter	0.003s	coverage: 66.2% of statements
ok  	github.com/docker/docker/pkg/stringid	0.002s	coverage: 76.0% of statements
ok  	github.com/docker/docker/pkg/symlink	0.006s	coverage: 87.7% of statements
ok  	github.com/docker/docker/pkg/sysinfo	0.004s	coverage: 75.8% of statements
ok  	github.com/docker/docker/pkg/system	0.022s	coverage: 36.1% of statements
ok  	github.com/docker/docker/pkg/tailfile	0.017s	coverage: 88.6% of statements
ok  	github.com/docker/docker/pkg/tarsum	0.047s	coverage: 89.3% of statements
ok  	github.com/docker/docker/pkg/term	0.003s	coverage: 84.8% of statements
ok  	github.com/docker/docker/pkg/term/windows	0.002s	coverage: 0.0% of statements [no tests to run]
ok  	github.com/docker/docker/pkg/truncindex	0.103s	coverage: 91.5% of statements
ok  	github.com/docker/docker/pkg/urlutil	0.002s	coverage: 100.0% of statements
ok  	github.com/docker/docker/pkg/useragent	0.002s	coverage: 88.9% of statements
ok  	github.com/docker/docker/plugin	0.535s	coverage: 27.3% of statements
ok  	github.com/docker/docker/plugin/executor/containerd	0.007s	coverage: 33.3% of statements
ok  	github.com/docker/docker/plugin/v2	0.003s	coverage: 14.5% of statements
?   	github.com/docker/docker/profiles/apparmor	[no test files]
ok  	github.com/docker/docker/profiles/seccomp	0.004s	coverage: 79.4% of statements
ok  	github.com/docker/docker/reference	0.006s	coverage: 84.4% of statements
ok  	github.com/docker/docker/registry	0.103s	coverage: 57.0% of statements
ok  	github.com/docker/docker/registry/resumable	0.016s	coverage: 100.0% of statements
ok  	github.com/docker/docker/restartmanager	0.002s	coverage: 49.0% of statements
ok  	github.com/docker/docker/runconfig	0.006s	coverage: 68.2% of statements
?   	github.com/docker/docker/runconfig/opts	[no test files]
?   	github.com/docker/docker/volume	[no test files]
ok  	github.com/docker/docker/volume/drivers	0.005s	coverage: 36.1% of statements
ok  	github.com/docker/docker/volume/local	0.017s	coverage: 73.0% of statements
ok  	github.com/docker/docker/volume/mounts	0.025s	coverage: 66.8% of statements
ok  	github.com/docker/docker/volume/service	0.015s	coverage: 73.0% of statements
?   	github.com/docker/docker/volume/service/opts	[no test files]
?   	github.com/docker/docker/volume/testutils	[no test files]

  _____          _
 / ____|        | |
| |     ___   __| | ___  ___ _____   __
| |    / _ \ / _` |/ _ \/ __/ _ \ \ / /
| |___| (_) | (_| |  __/ (_| (_) \ V /
 \_____\___/ \__,_|\___|\___\___/ \_/
                              Bash-0b37652


x> No CI provider detected.
    Testing inside Docker? http://docs.codecov.io/docs/testing-with-docker
    Testing with Tox? https://docs.codecov.io/docs/python#section-testing-with-tox
    project root: .
--> token set from env
    Yaml found at: codecov.yml
    -> Found 1 reports
==> Detecting git/mercurial file structure
==> Reading reports
    + coverage.txt bytes=1661612
==> Appending adjustments
    http://docs.codecov.io/docs/fixing-reports
    + Found adjustments
==> Gzipping contents
==> Uploading reports
    url: https://codecov.io
    query: branch=&commit=f48f7e10edd347066a46fbf3a0409fd6d3203f8a&build=&build_url=&name=&tag=&slug=moby%2Fmoby&service=&flags=&pr=&job=
    -> Pinging Codecov
    -> Uploading
    -> View reports at https://codecov.io/github/moby/moby/commit/f48f7e10edd347066a46fbf3a0409fd6d3203f8a

Removing bundles/

---> Making bundle: binary-daemon (in bundles/binary-daemon)
Building: bundles/binary-daemon/dockerd-dev
Created binary: bundles/binary-daemon/dockerd-dev
Copying nested executables into bundles/binary-daemon

---> Making bundle: dynbinary (in bundles/dynbinary)
Building: bundles/dynbinary-daemon/dockerd-dev
Created binary: bundles/dynbinary-daemon/dockerd-dev

---> Making bundle: test-docker-py (in bundles/test-docker-py)
---> Making bundle: .integration-daemon-start (in bundles/test-docker-py)
Using test binary docker
/etc/init.d/apparmor: 130: /etc/init.d/apparmor: systemd-detect-virt: not found
Starting AppArmor profiles:Warning from stdin (line 1): /sbin/apparmor_parser: cannot use or update cache, disable, or force-complain via stdin
Warning failed to create cache: (null)
.
INFO: Waiting for daemon to start...
Starting dockerd
.
============================= test session starts ==============================
platform linux2 -- Python 2.7.13, pytest-2.9.1, py-1.7.0, pluggy-0.3.1
rootdir: /docker-py, inifile: pytest.ini
plugins: cov-2.1.0
collected 338 items

../../../../../docker-py/tests/integration/api_build_test.py ....s..s........
../../../../../docker-py/tests/integration/api_client_test.py .......
../../../../../docker-py/tests/integration/api_config_test.py .....
../../../../../docker-py/tests/integration/api_container_test.py ....x....x.......x............................................................
../../../../../docker-py/tests/integration/api_exec_test.py .............
../../../../../docker-py/tests/integration/api_healthcheck_test.py ....
../../../../../docker-py/tests/integration/api_image_test.py ...s........s....
../../../../../docker-py/tests/integration/api_network_test.py ...........................
../../../../../docker-py/tests/integration/api_plugin_test.py ...........
../../../../../docker-py/tests/integration/api_secret_test.py .....
../../../../../docker-py/tests/integration/api_service_test.py ......................................................
../../../../../docker-py/tests/integration/api_swarm_test.py ..s...x......
../../../../../docker-py/tests/integration/api_volume_test.py .........
../../../../../docker-py/tests/integration/client_test.py ....
../../../../../docker-py/tests/integration/errors_test.py .
../../../../../docker-py/tests/integration/models_containers_test.py ..............................
../../../../../docker-py/tests/integration/models_images_test.py .............
../../../../../docker-py/tests/integration/models_networks_test.py ....
../../../../../docker-py/tests/integration/models_nodes_test.py .
../../../../../docker-py/tests/integration/models_resources_test.py .
../../../../../docker-py/tests/integration/models_services_test.py ..............X.
../../../../../docker-py/tests/integration/models_swarm_test.py .
../../../../../docker-py/tests/integration/models_volumes_test.py ..
../../../../../docker-py/tests/integration/regression_test.py ......

 generated xml file: /go/src/github.com/docker/docker/bundles/test-docker-py/results.xml 
=========================== short test summary info ============================
XFAIL ../../../../../docker-py/tests/integration/api_container_test.py::CreateContainerTest::test_create_with_cpu_rt_options
  CONFIG_RT_GROUP_SCHED isn't enabled
XFAIL ../../../../../docker-py/tests/integration/api_container_test.py::CreateContainerTest::test_create_with_init_path
  init-path removed in 17.05.0
XFAIL ../../../../../docker-py/tests/integration/api_container_test.py::CreateContainerTest::test_create_with_storage_opt
  Not supported on most drivers
XFAIL ../../../../../docker-py/tests/integration/api_swarm_test.py::SwarmTest::test_init_swarm_with_log_driver
  This doesn't seem to be taken into account by the engine
SKIP [1] tests/integration/api_image_test.py:289: Doesn't work inside a container - FIXME
SKIP [1] /docker-py/tests/integration/api_swarm_test.py:31: Test stalls the engine on 1.12.0
SKIP [3] /docker-py/tests/helpers.py:69: Feature requires Docker Engine experimental mode
======== 328 passed, 5 skipped, 4 xfailed, 1 xpassed in 354.59 seconds =========
---> Making bundle: .integration-daemon-stop (in bundles/test-docker-py)
Clearing AppArmor profiles cache:.
All profile caches have been cleared, but no profiles have been unloaded.
Unloading profiles will leave already running processes permanently
unconfined, which can lead to unexpected situations.

To set a process to complain mode, use the command line tool
'aa-complain'. To really tear down all profiles, run the init script
with the 'teardown' option."

---> Making bundle: test-integration (in bundles/test-integration)
Building test suite binary ./integration-cli/test.main
Building test suite binary ./integration/plugin/test.main
Building test suite binary ./integration/plugin/authz/test.main
Building test suite binary ./integration/plugin/logging/test.main
Building test suite binary ./integration/plugin/logging/cmd/test.main
Building test suite binary ./integration/plugin/logging/cmd/close_on_start/test.main
Building test suite binary ./integration/plugin/logging/cmd/dummy/test.main
Building test suite binary ./integration/plugin/common/test.main
Building test suite binary ./integration/plugin/volumes/test.main
Building test suite binary ./integration/plugin/volumes/cmd/test.main
Building test suite binary ./integration/plugin/volumes/cmd/dummy/test.main
Building test suite binary ./integration/plugin/graphdriver/test.main
Building test suite binary ./integration/config/test.main
Building test suite binary ./integration/service/test.main
Building test suite binary ./integration/network/test.main
Building test suite binary ./integration/network/ipvlan/test.main
Building test suite binary ./integration/network/macvlan/test.main
Building test suite binary ./integration/secret/test.main
Building test suite binary ./integration/session/test.main
Building test suite binary ./integration/container/test.main
Building test suite binary ./integration/build/test.main
Building test suite binary ./integration/volume/test.main
Building test suite binary ./integration/system/test.main
Building test suite binary ./integration/image/test.main
---> Making bundle: .integration-daemon-start (in bundles/test-integration)
Using test binary docker
/etc/init.d/apparmor: 130: /etc/init.d/apparmor: systemd-detect-virt: not found
Starting AppArmor profiles:Warning from stdin (line 1): /sbin/apparmor_parser: cannot use or update cache, disable, or force-complain via stdin
Warning failed to create cache: (null)
.
Starting dockerd
INFO: Waiting for daemon to start...
.
---> Making bundle: .integration-daemon-setup (in bundles/test-integration)
---> Making bundle: .ensure-emptyfs (in bundles/test-integration)
Error: No such image: emptyfs
Running integration-test (iteration 1)
Running /go/src/github.com/docker/docker/integration/plugin
testing: warning: no tests to run
PASS
Running /go/src/github.com/docker/docker/integration/plugin/authz
Loaded image: buildpack-deps:jessie
The image busybox:latest already exists, renaming the old one with ID sha256:59788edf1f3e78cd0ebe6ce1446e9d10788225db3dedcfd1a59f764bad2b2690 to empty string
Loaded image: busybox:latest
Loaded image: busybox:glibc
Loaded image: debian:jessie
The image hello-world:latest already exists, renaming the old one with ID sha256:4ab4c602aa5eed5528a6620ff18a1dc4faef0e1ab3a5eddeddb410714478c67f to empty string
Loaded image: hello-world:latest
INFO: Testing against a local daemon
=== RUN   TestAuthZPluginAllowRequest
--- PASS: TestAuthZPluginAllowRequest (7.71s)
    daemon.go:296: [d36e2eefc2d99] waiting for daemon to start
    daemon.go:328: [d36e2eefc2d99] daemon started
    daemon.go:283: [d36e2eefc2d99] exiting daemon
=== RUN   TestAuthZPluginTLS
--- PASS: TestAuthZPluginTLS (2.46s)
    daemon.go:296: [d258fc06afa24] waiting for daemon to start
    daemon.go:328: [d258fc06afa24] daemon started
    daemon.go:283: [d258fc06afa24] exiting daemon
=== RUN   TestAuthZPluginDenyRequest
--- PASS: TestAuthZPluginDenyRequest (2.98s)
    daemon.go:296: [dc84766100450] waiting for daemon to start
    daemon.go:328: [dc84766100450] daemon started
    daemon.go:283: [dc84766100450] exiting daemon
=== RUN   TestAuthZPluginAPIDenyResponse
--- PASS: TestAuthZPluginAPIDenyResponse (0.53s)
    daemon.go:296: [d58a5f4822561] waiting for daemon to start
    daemon.go:328: [d58a5f4822561] daemon started
    daemon.go:283: [d58a5f4822561] exiting daemon
=== RUN   TestAuthZPluginDenyResponse
--- PASS: TestAuthZPluginDenyResponse (0.53s)
    daemon.go:296: [dc3b81e75ace8] waiting for daemon to start
    daemon.go:328: [dc3b81e75ace8] daemon started
    daemon.go:283: [dc3b81e75ace8] exiting daemon
=== RUN   TestAuthZPluginAllowEventStream
--- PASS: TestAuthZPluginAllowEventStream (1.24s)
    daemon.go:296: [dc386289df3d3] waiting for daemon to start
    daemon.go:328: [dc386289df3d3] daemon started
    daemon.go:283: [dc386289df3d3] exiting daemon
=== RUN   TestAuthZPluginErrorResponse
--- PASS: TestAuthZPluginErrorResponse (0.53s)
    daemon.go:296: [d45f5d9006b75] waiting for daemon to start
    daemon.go:328: [d45f5d9006b75] daemon started
    daemon.go:283: [d45f5d9006b75] exiting daemon
=== RUN   TestAuthZPluginErrorRequest
--- PASS: TestAuthZPluginErrorRequest (0.54s)
    daemon.go:296: [d70746bd7ac68] waiting for daemon to start
    daemon.go:328: [d70746bd7ac68] daemon started
    daemon.go:283: [d70746bd7ac68] exiting daemon
=== RUN   TestAuthZPluginEnsureNoDuplicatePluginRegistration
--- PASS: TestAuthZPluginEnsureNoDuplicatePluginRegistration (0.53s)
    daemon.go:296: [d9c400ae6cb43] waiting for daemon to start
    daemon.go:328: [d9c400ae6cb43] daemon started
    daemon.go:283: [d9c400ae6cb43] exiting daemon
=== RUN   TestAuthZPluginEnsureLoadImportWorking
--- PASS: TestAuthZPluginEnsureLoadImportWorking (1.45s)
    daemon.go:296: [d6f0784ba322e] waiting for daemon to start
    daemon.go:328: [d6f0784ba322e] daemon started
    daemon.go:283: [d6f0784ba322e] exiting daemon
=== RUN   TestAuthzPluginEnsureContainerCopyToFrom
--- PASS: TestAuthzPluginEnsureContainerCopyToFrom (1.48s)
    daemon.go:296: [dab5be045b1d8] waiting for daemon to start
    daemon.go:328: [dab5be045b1d8] daemon started
    daemon.go:283: [dab5be045b1d8] exiting daemon
=== RUN   TestAuthZPluginHeader
--- PASS: TestAuthZPluginHeader (0.71s)
    daemon.go:296: [df5ce46a9ede2] waiting for daemon to start
    daemon.go:328: [df5ce46a9ede2] daemon started
    daemon.go:283: [df5ce46a9ede2] exiting daemon
=== RUN   TestAuthZPluginV2AllowNonVolumeRequest
--- PASS: TestAuthZPluginV2AllowNonVolumeRequest (6.80s)
    daemon.go:296: [d159d7f81fc93] waiting for daemon to start
    daemon.go:328: [d159d7f81fc93] daemon started
    daemon.go:283: [d159d7f81fc93] exiting daemon
    daemon.go:296: [d159d7f81fc93] waiting for daemon to start
    daemon.go:328: [d159d7f81fc93] daemon started
    daemon.go:283: [d159d7f81fc93] exiting daemon
=== RUN   TestAuthZPluginV2Disable
--- PASS: TestAuthZPluginV2Disable (5.94s)
    daemon.go:296: [d826595da8725] waiting for daemon to start
    daemon.go:328: [d826595da8725] daemon started
    daemon.go:283: [d826595da8725] exiting daemon
    daemon.go:296: [d826595da8725] waiting for daemon to start
    daemon.go:328: [d826595da8725] daemon started
    daemon.go:283: [d826595da8725] exiting daemon
=== RUN   TestAuthZPluginV2RejectVolumeRequests
--- PASS: TestAuthZPluginV2RejectVolumeRequests (5.75s)
    daemon.go:296: [d623e423fe33b] waiting for daemon to start
    daemon.go:328: [d623e423fe33b] daemon started
    daemon.go:283: [d623e423fe33b] exiting daemon
    daemon.go:296: [d623e423fe33b] waiting for daemon to start
    daemon.go:328: [d623e423fe33b] daemon started
    daemon.go:283: [d623e423fe33b] exiting daemon
=== RUN   TestAuthZPluginV2BadManifestFailsDaemonStart
--- PASS: TestAuthZPluginV2BadManifestFailsDaemonStart (13.80s)
    daemon.go:296: [dfee2eeaa1bf9] waiting for daemon to start
    daemon.go:328: [dfee2eeaa1bf9] daemon started
    daemon.go:283: [dfee2eeaa1bf9] exiting daemon
    daemon.go:296: [dfee2eeaa1bf9] waiting for daemon to start
    daemon.go:296: [dfee2eeaa1bf9] waiting for daemon to start
    daemon.go:283: [dfee2eeaa1bf9] exiting daemon
    daemon.go:296: [dfee2eeaa1bf9] waiting for daemon to start
    daemon.go:328: [dfee2eeaa1bf9] daemon started
    daemon.go:283: [dfee2eeaa1bf9] exiting daemon
=== RUN   TestAuthZPluginV2NonexistentFailsDaemonStart
--- PASS: TestAuthZPluginV2NonexistentFailsDaemonStart (16.51s)
    daemon.go:296: [df34ee884b2ca] waiting for daemon to start
    daemon.go:328: [df34ee884b2ca] daemon started
    daemon.go:283: [df34ee884b2ca] exiting daemon
    daemon.go:296: [df34ee884b2ca] waiting for daemon to start
    daemon.go:296: [df34ee884b2ca] waiting for daemon to start
    daemon.go:296: [df34ee884b2ca] waiting for daemon to start
    daemon.go:328: [df34ee884b2ca] daemon started
    daemon.go:283: [df34ee884b2ca] exiting daemon
PASS
Running /go/src/github.com/docker/docker/integration/plugin/logging
INFO: Testing against a local daemon
=== RUN   TestContinueAfterPluginCrash
=== PAUSE TestContinueAfterPluginCrash
=== RUN   TestDaemonStartWithLogOpt
=== PAUSE TestDaemonStartWithLogOpt
=== CONT  TestDaemonStartWithLogOpt
=== CONT  TestContinueAfterPluginCrash
--- PASS: TestDaemonStartWithLogOpt (14.26s)
    daemon.go:296: [dd25c8f0f715e] waiting for daemon to start
    daemon.go:328: [dd25c8f0f715e] daemon started
    daemon.go:283: [dd25c8f0f715e] exiting daemon
    daemon.go:296: [dd25c8f0f715e] waiting for daemon to start
    daemon.go:328: [dd25c8f0f715e] daemon started
    daemon.go:283: [dd25c8f0f715e] exiting daemon
--- PASS: TestContinueAfterPluginCrash (16.00s)
    daemon.go:296: [d0b689a163bdb] waiting for daemon to start
    daemon.go:328: [d0b689a163bdb] daemon started
    daemon.go:283: [d0b689a163bdb] exiting daemon
PASS
Running /go/src/github.com/docker/docker/integration/plugin/logging/cmd
testing: warning: no tests to run
PASS
Running /go/src/github.com/docker/docker/integration/plugin/logging/cmd/close_on_start
testing: warning: no tests to run
PASS
Running /go/src/github.com/docker/docker/integration/plugin/logging/cmd/dummy
testing: warning: no tests to run
PASS
Running /go/src/github.com/docker/docker/integration/plugin/common
INFO: Testing against a local daemon
=== RUN   TestPluginInvalidJSON
=== RUN   TestPluginInvalidJSON//plugins/foobar/set
=== PAUSE TestPluginInvalidJSON//plugins/foobar/set
=== CONT  TestPluginInvalidJSON//plugins/foobar/set
--- PASS: TestPluginInvalidJSON (0.02s)
    --- PASS: TestPluginInvalidJSON//plugins/foobar/set (0.00s)
PASS
Running /go/src/github.com/docker/docker/integration/plugin/volumes
INFO: Testing against a local daemon
=== RUN   TestPluginWithDevMounts
=== PAUSE TestPluginWithDevMounts
=== CONT  TestPluginWithDevMounts
--- PASS: TestPluginWithDevMounts (1.75s)
    daemon.go:296: [d9a665a5a6d9d] waiting for daemon to start
    daemon.go:328: [d9a665a5a6d9d] daemon started
    daemon.go:283: [d9a665a5a6d9d] exiting daemon
PASS
Running /go/src/github.com/docker/docker/integration/plugin/volumes/cmd
testing: warning: no tests to run
PASS
Running /go/src/github.com/docker/docker/integration/plugin/volumes/cmd/dummy
testing: warning: no tests to run
PASS
Running /go/src/github.com/docker/docker/integration/plugin/graphdriver
INFO: Testing against a local daemon
=== RUN   TestExternalGraphDriver
=== RUN   TestExternalGraphDriver/json
=== RUN   TestExternalGraphDriver/spec
=== RUN   TestExternalGraphDriver/pull
--- PASS: TestExternalGraphDriver (6.98s)
    daemon.go:296: [d97891c372ede] waiting for daemon to start
    daemon.go:328: [d97891c372ede] daemon started
    daemon.go:283: [d97891c372ede] exiting daemon
    daemon.go:296: [d97891c372ede] waiting for daemon to start
    daemon.go:328: [d97891c372ede] daemon started
    daemon.go:283: [d97891c372ede] exiting daemon
    --- PASS: TestExternalGraphDriver/json (1.67s)
    daemon.go:296: [d97891c372ede] waiting for daemon to start
    daemon.go:328: [d97891c372ede] daemon started
    daemon.go:283: [d97891c372ede] exiting daemon
    daemon.go:296: [d97891c372ede] waiting for daemon to start
    daemon.go:328: [d97891c372ede] daemon started
    daemon.go:283: [d97891c372ede] exiting daemon
    --- PASS: TestExternalGraphDriver/spec (1.69s)
    daemon.go:296: [d97891c372ede] waiting for daemon to start
    daemon.go:328: [d97891c372ede] daemon started
    daemon.go:283: [d97891c372ede] exiting daemon
    --- PASS: TestExternalGraphDriver/pull (3.10s)
=== RUN   TestGraphdriverPluginV2
--- PASS: TestGraphdriverPluginV2 (6.72s)
    daemon.go:296: [d4d2eb61057ba] waiting for daemon to start
    daemon.go:328: [d4d2eb61057ba] daemon started
    daemon.go:283: [d4d2eb61057ba] exiting daemon
    daemon.go:296: [d4d2eb61057ba] waiting for daemon to start
    daemon.go:328: [d4d2eb61057ba] daemon started
    daemon.go:283: [d4d2eb61057ba] exiting daemon
PASS
Running /go/src/github.com/docker/docker/integration/config
INFO: Testing against a local daemon
=== RUN   TestConfigList
--- PASS: TestConfigList (2.00s)
    daemon.go:296: [d9d3736ab2f50] waiting for daemon to start
    daemon.go:328: [d9d3736ab2f50] daemon started
    daemon.go:283: [d9d3736ab2f50] exiting daemon
=== RUN   TestConfigsCreateAndDelete
--- PASS: TestConfigsCreateAndDelete (2.03s)
    daemon.go:296: [d693918f661c1] waiting for daemon to start
    daemon.go:328: [d693918f661c1] daemon started
    daemon.go:283: [d693918f661c1] exiting daemon
=== RUN   TestConfigsUpdate
--- PASS: TestConfigsUpdate (2.06s)
    daemon.go:296: [d906d55b0e6b2] waiting for daemon to start
    daemon.go:328: [d906d55b0e6b2] daemon started
    daemon.go:283: [d906d55b0e6b2] exiting daemon
=== RUN   TestTemplatedConfig
--- PASS: TestTemplatedConfig (2.62s)
    daemon.go:296: [df9c3db01ea2d] waiting for daemon to start
    daemon.go:328: [df9c3db01ea2d] daemon started
    daemon.go:283: [df9c3db01ea2d] exiting daemon
=== RUN   TestConfigInspect
--- PASS: TestConfigInspect (2.15s)
    daemon.go:296: [d82ab39e17e33] waiting for daemon to start
    daemon.go:328: [d82ab39e17e33] daemon started
    daemon.go:283: [d82ab39e17e33] exiting daemon
=== RUN   TestConfigCreateWithLabels
--- PASS: TestConfigCreateWithLabels (2.10s)
    daemon.go:296: [de39ce23488be] waiting for daemon to start
    daemon.go:328: [de39ce23488be] daemon started
    daemon.go:283: [de39ce23488be] exiting daemon
=== RUN   TestConfigCreateResolve
--- PASS: TestConfigCreateResolve (2.16s)
    daemon.go:296: [d34cfad3b84e6] waiting for daemon to start
    daemon.go:328: [d34cfad3b84e6] daemon started
    daemon.go:283: [d34cfad3b84e6] exiting daemon
PASS
Running /go/src/github.com/docker/docker/integration/service
INFO: Testing against a local daemon
=== RUN   TestServiceCreateInit
=== RUN   TestServiceCreateInit/daemonInitDisabled
=== RUN   TestServiceCreateInit/daemonInitEnabled
--- PASS: TestServiceCreateInit (8.17s)
    --- PASS: TestServiceCreateInit/daemonInitDisabled (4.06s)
        daemon.go:296: [d31744dd54d5c] waiting for daemon to start
        daemon.go:328: [d31744dd54d5c] daemon started
        daemon.go:283: [d31744dd54d5c] exiting daemon
    --- PASS: TestServiceCreateInit/daemonInitEnabled (4.10s)
        daemon.go:296: [d7231e7c0892f] waiting for daemon to start
        daemon.go:328: [d7231e7c0892f] daemon started
        daemon.go:283: [d7231e7c0892f] exiting daemon
=== RUN   TestCreateServiceMultipleTimes
--- PASS: TestCreateServiceMultipleTimes (23.33s)
    daemon.go:296: [dfed397d8de3c] waiting for daemon to start
    daemon.go:328: [dfed397d8de3c] daemon started
    daemon.go:283: [dfed397d8de3c] exiting daemon
=== RUN   TestCreateServiceConflict
--- PASS: TestCreateServiceConflict (2.16s)
    daemon.go:296: [d631a0a22d3e2] waiting for daemon to start
    daemon.go:328: [d631a0a22d3e2] daemon started
    daemon.go:283: [d631a0a22d3e2] exiting daemon
=== RUN   TestCreateWithDuplicateNetworkNames
--- PASS: TestCreateWithDuplicateNetworkNames (13.10s)
    daemon.go:296: [d4e79f26f53d6] waiting for daemon to start
    daemon.go:328: [d4e79f26f53d6] daemon started
    daemon.go:283: [d4e79f26f53d6] exiting daemon
=== RUN   TestCreateServiceSecretFileMode
--- PASS: TestCreateServiceSecretFileMode (2.50s)
    daemon.go:296: [d015b9d31df88] waiting for daemon to start
    daemon.go:328: [d015b9d31df88] daemon started
    daemon.go:283: [d015b9d31df88] exiting daemon
=== RUN   TestCreateServiceConfigFileMode
--- PASS: TestCreateServiceConfigFileMode (2.69s)
    daemon.go:296: [dc207d94ddd91] waiting for daemon to start
    daemon.go:328: [dc207d94ddd91] daemon started
    daemon.go:283: [dc207d94ddd91] exiting daemon
=== RUN   TestCreateServiceSysctls
Set build name.
New build name is '#38410'
Build was aborted
Aborted by Gordon
[PostBuildScript] - Executing post build scripts.
[Docker-PRs] $ /bin/sh -xe /tmp/jenkins18347182802237646.sh
/tmp/jenkins2823859426010547468.sh: line 26: 18017 Terminated              docker run --rm -t --privileged -v "$WORKSPACE/bundles:/go/src/github.com/docker/docker/bundles" -v "$WORKSPACE/.git:/go/src/github.com/docker/docker/.git" --name docker-pr$BUILD_NUMBER -e DOCKER_GITCOMMIT=${GITCOMMIT} -e DOCKER_GRAPHDRIVER=vfs -e DOCKER_EXECDRIVER=native -e CODECOV_TOKEN -e GIT_SHA1 docker:$GITCOMMIT hack/ci/janky
+ echo Ensuring container killed.
Ensuring container killed.
+ docker rm -vf docker-pr52125
docker-pr52125
+ echo Chowning /workspace to jenkins user
Chowning /workspace to jenkins user
+ id -u
+ id -g
+ docker run --rm -v /home/ubuntu/workspace/Docker-PRs:/workspace busybox chown -R 1000:1000 /workspace
[Docker-PRs] $ /bin/sh -xe /tmp/jenkins1290934546864361803.sh
+ echo Creating bundles.tar.gz
Creating bundles.tar.gz
+ find+ xargs tar -czf bundles.tar.gz
 bundles -name *.log -o -name *.prof -o -name integration.test
Archiving artifacts
Notifying endpoint with url 'https://leeroy.dockerproject.org/notification/jenkins'
[WS-CLEANUP] Deleting project workspace...[WS-CLEANUP] done
Finished: ABORTED
