Started by user Gordon
Notifying endpoint with url 'https://leeroy.dockerproject.org/notification/jenkins'
[EnvInject] - Loading node environment variables.
Building remotely on ubuntu-1604-overlay2-stable (i-062559d304c2f32fc) (x86_64 ec2 ubuntu overlay2 linux ubuntu-1604 ubuntu-1604-overlay2-stable amd64 docker us-west-2) in workspace /home/ubuntu/workspace/Docker-PRs
Wiping out workspace first.
Cloning the remote Git repository
Cloning repository https://github.com/moby/moby.git
 > git init /home/ubuntu/workspace/Docker-PRs # timeout=10
Fetching upstream changes from https://github.com/moby/moby.git
 > git --version # timeout=10
 > git fetch --tags --progress https://github.com/moby/moby.git +refs/heads/*:refs/remotes/origin/*
 > git config remote.origin.url https://github.com/moby/moby.git # timeout=10
 > git config --add remote.origin.fetch +refs/heads/*:refs/remotes/origin/* # timeout=10
 > git config remote.origin.url https://github.com/moby/moby.git # timeout=10
Fetching upstream changes from https://github.com/moby/moby.git
 > git fetch --tags --progress https://github.com/moby/moby.git +refs/heads/*:refs/remotes/origin/*
 > git rev-parse origin/master^{commit} # timeout=10
Checking out Revision 92b34ec9c6a6be8c1b5751b1572b6293c7708423 (origin/master)
 > git config core.sparsecheckout # timeout=10
 > git checkout -f 92b34ec9c6a6be8c1b5751b1572b6293c7708423
Commit message: "Merge pull request #38408 from josegonzalez/patch-1"
 > git rev-list --no-walk bcd817ee6b6655ea8a1300c10af66b5bdfcfaf4f # timeout=10
Set build name.
New build name is '#38409'
[Docker-PRs] $ /bin/bash /tmp/jenkins8279392093751956713.sh
From https://github.com/moby/moby
 * [new ref]         refs/pull/38409/head -> origin/pr/38409
Updating 92b34ec..0c6fb98
Fast-forward
 daemon/checkpoint.go | 2 +-
 1 file changed, 1 insertion(+), 1 deletion(-)
Sending build context to Docker daemon  45.08MB
Step 1/93 : FROM golang:1.11.3 AS base
 ---> bbf428bade77
Step 2/93 : ARG APT_MIRROR=deb.debian.org
 ---> Using cache
 ---> c763e9a3446a
Step 3/93 : RUN sed -ri "s/(httpredir|deb).debian.org/$APT_MIRROR/g" /etc/apt/sources.list
 ---> Using cache
 ---> d90cf4398d36
Step 4/93 : FROM base AS criu
 ---> d90cf4398d36
Step 5/93 : ENV CRIU_VERSION 3.6
 ---> Using cache
 ---> af1e84965604
Step 6/93 : RUN apt-get update && apt-get install -y 	libnet-dev 	libprotobuf-c0-dev 	libprotobuf-dev 	libnl-3-dev 	libcap-dev 	protobuf-compiler 	protobuf-c-compiler 	python-protobuf 	&& mkdir -p /usr/src/criu 	&& curl -sSL https://github.com/checkpoint-restore/criu/archive/v${CRIU_VERSION}.tar.gz | tar -C /usr/src/criu/ -xz --strip-components=1 	&& cd /usr/src/criu 	&& make 	&& make PREFIX=/build/ install-criu
 ---> Using cache
 ---> 16f393c72761
Step 7/93 : FROM base AS registry
 ---> d90cf4398d36
Step 8/93 : ENV REGISTRY_COMMIT_SCHEMA1 ec87e9b6971d831f0eff752ddb54fb64693e51cd
 ---> Using cache
 ---> 1a17a3ff1afe
Step 9/93 : ENV REGISTRY_COMMIT 47a064d4195a9b56133891bbb13620c3ac83a827
 ---> Using cache
 ---> f2ee20e4bcfc
Step 10/93 : RUN set -x 	&& export GOPATH="$(mktemp -d)" 	&& git clone https://github.com/docker/distribution.git "$GOPATH/src/github.com/docker/distribution" 	&& (cd "$GOPATH/src/github.com/docker/distribution" && git checkout -q "$REGISTRY_COMMIT") 	&& GOPATH="$GOPATH/src/github.com/docker/distribution/Godeps/_workspace:$GOPATH" 		go build -buildmode=pie -o /build/registry-v2 github.com/docker/distribution/cmd/registry 	&& case $(dpkg --print-architecture) in 		amd64|ppc64*|s390x) 		(cd "$GOPATH/src/github.com/docker/distribution" && git checkout -q "$REGISTRY_COMMIT_SCHEMA1"); 		GOPATH="$GOPATH/src/github.com/docker/distribution/Godeps/_workspace:$GOPATH"; 			go build -buildmode=pie -o /build/registry-v2-schema1 github.com/docker/distribution/cmd/registry; 		;; 	   esac 	&& rm -rf "$GOPATH"
 ---> Using cache
 ---> f981bc0deb3a
Step 11/93 : FROM base AS docker-py
 ---> d90cf4398d36
Step 12/93 : ENV DOCKER_PY_COMMIT 8b246db271a85d6541dc458838627e89c683e42f
 ---> Using cache
 ---> bad087ef07a1
Step 13/93 : RUN git clone https://github.com/docker/docker-py.git /build 	&& cd /build 	&& git checkout -q $DOCKER_PY_COMMIT
 ---> Using cache
 ---> 5a0fc7b65237
Step 14/93 : FROM base AS swagger
 ---> d90cf4398d36
Step 15/93 : ENV GO_SWAGGER_COMMIT c28258affb0b6251755d92489ef685af8d4ff3eb
 ---> Using cache
 ---> 9a366039b0f7
Step 16/93 : RUN set -x 	&& export GOPATH="$(mktemp -d)" 	&& git clone https://github.com/go-swagger/go-swagger.git "$GOPATH/src/github.com/go-swagger/go-swagger" 	&& (cd "$GOPATH/src/github.com/go-swagger/go-swagger" && git checkout -q "$GO_SWAGGER_COMMIT") 	&& go build -o /build/swagger github.com/go-swagger/go-swagger/cmd/swagger 	&& rm -rf "$GOPATH"
 ---> Using cache
 ---> cf3188703c9e
Step 17/93 : FROM base AS frozen-images
 ---> d90cf4398d36
Step 18/93 : RUN apt-get update && apt-get install -y jq ca-certificates --no-install-recommends
 ---> Using cache
 ---> 0235a3db06ba
Step 19/93 : COPY contrib/download-frozen-image-v2.sh /
 ---> Using cache
 ---> 930a719f69c5
Step 20/93 : RUN /download-frozen-image-v2.sh /build 	buildpack-deps:jessie@sha256:dd86dced7c9cd2a724e779730f0a53f93b7ef42228d4344b25ce9a42a1486251 	busybox:latest@sha256:bbc3a03235220b170ba48a157dd097dd1379299370e1ed99ce976df0355d24f0 	busybox:glibc@sha256:0b55a30394294ab23b9afd58fab94e61a923f5834fba7ddbae7f8e0c11ba85e6 	debian:jessie@sha256:287a20c5f73087ab406e6b364833e3fb7b3ae63ca0eb3486555dc27ed32c6e60 	hello-world:latest@sha256:be0cd392e45be79ffeffa6b05338b98ebb16c87b255f48e297ec7f98e123905c
 ---> Using cache
 ---> d2b88ae1d7f2
Step 21/93 : FROM base AS runtime-dev
 ---> d90cf4398d36
Step 22/93 : RUN apt-get update && apt-get install -y 	libapparmor-dev 	libseccomp-dev
 ---> Using cache
 ---> 6c7d27c7cf8f
Step 23/93 : FROM base AS tomlv
 ---> d90cf4398d36
Step 24/93 : ENV INSTALL_BINARY_NAME=tomlv
 ---> Using cache
 ---> 17b03fdf71af
Step 25/93 : COPY hack/dockerfile/install/install.sh ./install.sh
 ---> Using cache
 ---> 558bc9a55122
Step 26/93 : COPY hack/dockerfile/install/$INSTALL_BINARY_NAME.installer ./
 ---> Using cache
 ---> 16ce847f1488
Step 27/93 : RUN PREFIX=/build/ ./install.sh $INSTALL_BINARY_NAME
 ---> Using cache
 ---> 1b0b526ffc3f
Step 28/93 : FROM base AS vndr
 ---> d90cf4398d36
Step 29/93 : ENV INSTALL_BINARY_NAME=vndr
 ---> Using cache
 ---> e750c03e0d06
Step 30/93 : COPY hack/dockerfile/install/install.sh ./install.sh
 ---> Using cache
 ---> 66b0dc2fc342
Step 31/93 : COPY hack/dockerfile/install/$INSTALL_BINARY_NAME.installer ./
 ---> Using cache
 ---> 1f53905f3312
Step 32/93 : RUN PREFIX=/build/ ./install.sh $INSTALL_BINARY_NAME
 ---> Using cache
 ---> c12ad796041f
Step 33/93 : FROM base AS containerd
 ---> d90cf4398d36
Step 34/93 : RUN apt-get update && apt-get install -y btrfs-tools
 ---> Using cache
 ---> 57d1cc4d771c
Step 35/93 : ENV INSTALL_BINARY_NAME=containerd
 ---> Using cache
 ---> bb9e441aa8bc
Step 36/93 : COPY hack/dockerfile/install/install.sh ./install.sh
 ---> Using cache
 ---> c7d8727a2882
Step 37/93 : COPY hack/dockerfile/install/$INSTALL_BINARY_NAME.installer ./
 ---> Using cache
 ---> 0752267daa6f
Step 38/93 : RUN PREFIX=/build/ ./install.sh $INSTALL_BINARY_NAME
 ---> Using cache
 ---> 10eb57028c86
Step 39/93 : FROM base AS proxy
 ---> d90cf4398d36
Step 40/93 : ENV INSTALL_BINARY_NAME=proxy
 ---> Using cache
 ---> a5b0523e7a57
Step 41/93 : COPY hack/dockerfile/install/install.sh ./install.sh
 ---> Using cache
 ---> c0c98bacd317
Step 42/93 : COPY hack/dockerfile/install/$INSTALL_BINARY_NAME.installer ./
 ---> Using cache
 ---> 8509a3fafcea
Step 43/93 : RUN PREFIX=/build/ ./install.sh $INSTALL_BINARY_NAME
 ---> Using cache
 ---> c26bcd210304
Step 44/93 : FROM base AS gometalinter
 ---> d90cf4398d36
Step 45/93 : ENV INSTALL_BINARY_NAME=gometalinter
 ---> Using cache
 ---> 5b1905a84348
Step 46/93 : COPY hack/dockerfile/install/install.sh ./install.sh
 ---> Using cache
 ---> 64b71b6262fb
Step 47/93 : COPY hack/dockerfile/install/$INSTALL_BINARY_NAME.installer ./
 ---> Using cache
 ---> aaa621ce097a
Step 48/93 : RUN PREFIX=/build/ ./install.sh $INSTALL_BINARY_NAME
 ---> Using cache
 ---> b5008fd25bed
Step 49/93 : FROM base AS dockercli
 ---> d90cf4398d36
Step 50/93 : ENV INSTALL_BINARY_NAME=dockercli
 ---> Using cache
 ---> 751719ae4adf
Step 51/93 : COPY hack/dockerfile/install/install.sh ./install.sh
 ---> Using cache
 ---> ac6bb678b170
Step 52/93 : COPY hack/dockerfile/install/$INSTALL_BINARY_NAME.installer ./
 ---> Using cache
 ---> 5f28838c4fd1
Step 53/93 : RUN PREFIX=/build/ ./install.sh $INSTALL_BINARY_NAME
 ---> Using cache
 ---> 4be199c13d63
Step 54/93 : FROM runtime-dev AS runc
 ---> 6c7d27c7cf8f
Step 55/93 : ENV INSTALL_BINARY_NAME=runc
 ---> Using cache
 ---> 69a8462d44f3
Step 56/93 : COPY hack/dockerfile/install/install.sh ./install.sh
 ---> Using cache
 ---> 076722dfc68c
Step 57/93 : COPY hack/dockerfile/install/$INSTALL_BINARY_NAME.installer ./
 ---> Using cache
 ---> 40961f80baf5
Step 58/93 : RUN PREFIX=/build/ ./install.sh $INSTALL_BINARY_NAME
 ---> Using cache
 ---> 022894a9df8f
Step 59/93 : FROM base AS tini
 ---> d90cf4398d36
Step 60/93 : RUN apt-get update && apt-get install -y cmake vim-common
 ---> Using cache
 ---> a2ab8d4dcde2
Step 61/93 : COPY hack/dockerfile/install/install.sh ./install.sh
 ---> Using cache
 ---> f8c69f8c30f9
Step 62/93 : ENV INSTALL_BINARY_NAME=tini
 ---> Using cache
 ---> fdf2ba7543bf
Step 63/93 : COPY hack/dockerfile/install/$INSTALL_BINARY_NAME.installer ./
 ---> Using cache
 ---> fb44c325c10e
Step 64/93 : RUN PREFIX=/build/ ./install.sh $INSTALL_BINARY_NAME
 ---> Using cache
 ---> 9352816a7a96
Step 65/93 : FROM runtime-dev AS dev
 ---> 6c7d27c7cf8f
Step 66/93 : RUN groupadd -r docker
 ---> Using cache
 ---> b7b9a50994d2
Step 67/93 : RUN useradd --create-home --gid docker unprivilegeduser
 ---> Using cache
 ---> 87bfd8139615
Step 68/93 : RUN ln -sfv /go/src/github.com/docker/docker/.bashrc ~/.bashrc
 ---> Using cache
 ---> dc10f710f069
Step 69/93 : RUN echo "source /usr/share/bash-completion/bash_completion" >> /etc/bash.bashrc
 ---> Using cache
 ---> 8c387c1eb979
Step 70/93 : RUN ln -s /usr/local/completion/bash/docker /etc/bash_completion.d/docker
 ---> Using cache
 ---> 820e9625476e
Step 71/93 : RUN ldconfig
 ---> Using cache
 ---> d764b6315527
Step 72/93 : RUN apt-get update && apt-get install -y 	apparmor 	aufs-tools 	bash-completion 	btrfs-tools 	iptables 	jq 	libcap2-bin 	libdevmapper-dev 	libudev-dev 	libsystemd-dev 	binutils-mingw-w64 	g++-mingw-w64-x86-64 	net-tools 	pigz 	python-backports.ssl-match-hostname 	python-dev 	python-mock 	python-pip 	python-requests 	python-setuptools 	python-websocket 	python-wheel 	thin-provisioning-tools 	vim 	vim-common 	xfsprogs 	zip 	bzip2 	xz-utils 	--no-install-recommends
 ---> Using cache
 ---> c2dddebb4a71
Step 73/93 : COPY --from=swagger /build/swagger* /usr/local/bin/
 ---> Using cache
 ---> c376642d0313
Step 74/93 : COPY --from=frozen-images /build/ /docker-frozen-images
 ---> Using cache
 ---> 9c87577a2ac4
Step 75/93 : COPY --from=gometalinter /build/ /usr/local/bin/
 ---> Using cache
 ---> 7f3e230f21cd
Step 76/93 : COPY --from=tomlv /build/ /usr/local/bin/
 ---> Using cache
 ---> eef63fb57ee9
Step 77/93 : COPY --from=vndr /build/ /usr/local/bin/
 ---> Using cache
 ---> bf1f29d94146
Step 78/93 : COPY --from=tini /build/ /usr/local/bin/
 ---> Using cache
 ---> d1cb4f6ce21c
Step 79/93 : COPY --from=runc /build/ /usr/local/bin/
 ---> Using cache
 ---> 252461100dc6
Step 80/93 : COPY --from=containerd /build/ /usr/local/bin/
 ---> Using cache
 ---> e1d69a8d062d
Step 81/93 : COPY --from=proxy /build/ /usr/local/bin/
 ---> Using cache
 ---> f76033ce5661
Step 82/93 : COPY --from=dockercli /build/ /usr/local/cli
 ---> Using cache
 ---> abfd85af6b58
Step 83/93 : COPY --from=registry /build/registry* /usr/local/bin/
 ---> Using cache
 ---> ae1282cb6042
Step 84/93 : COPY --from=criu /build/ /usr/local/
 ---> Using cache
 ---> 401b247daee2
Step 85/93 : COPY --from=docker-py /build/ /docker-py
 ---> Using cache
 ---> 8f7a463bf421
Step 86/93 : RUN cd /docker-py 	&& pip install docker-pycreds==0.2.1 	&& pip install yamllint==1.5.0 	&& pip install -r test-requirements.txt
 ---> Using cache
 ---> 50c03facbbc6
Step 87/93 : ENV PATH=/usr/local/cli:$PATH
 ---> Using cache
 ---> e3cea072cf79
Step 88/93 : ENV DOCKER_BUILDTAGS apparmor seccomp selinux
 ---> Using cache
 ---> 419e1f12cf68
Step 89/93 : ENV GOMETALINTER_OPTS="--deadline=2m"
 ---> Using cache
 ---> 0ed3d12e6131
Step 90/93 : WORKDIR /go/src/github.com/docker/docker
 ---> Using cache
 ---> e0d40c94a8d3
Step 91/93 : VOLUME /var/lib/docker
 ---> Using cache
 ---> 582850042a6f
Step 92/93 : ENTRYPOINT ["hack/dind"]
 ---> Using cache
 ---> 6d03a7ed5edf
Step 93/93 : COPY . /go/src/github.com/docker/docker
 ---> 106a1fe34f9f
Successfully built 106a1fe34f9f
Successfully tagged docker:0c6fb98
These commits do not have a proper 'Signed-off-by:' marker:
 - 0c6fb987b49103c505df370bf6ddbed02feff81c

Please amend each commit to include a properly formatted DCO marker.

Visit the following URL for information about the Docker DCO:
 https://github.com/docker/docker/blob/master/CONTRIBUTING.md#sign-your-work

Build step 'Execute shell' marked build as failure
Set build name.
New build name is '#38409'
[PostBuildScript] - Executing post build scripts.
[Docker-PRs] $ /bin/sh -xe /tmp/jenkins7222834495343761461.sh
+ echo Ensuring container killed.
Ensuring container killed.
+ docker rm -vf docker-pr52121
Error: No such container: docker-pr52121
+ true
+ echo Chowning /workspace to jenkins user
Chowning /workspace to jenkins user
+ id -u
+ id -g
+ docker run --rm -v /home/ubuntu/workspace/Docker-PRs:/workspace busybox chown -R 1000:1000 /workspace
[Docker-PRs] $ /bin/sh -xe /tmp/jenkins336638192491606814.sh
+ echo Creating bundles.tar.gz
Creating bundles.tar.gz
+ find+ xargs tar -czf bundles.tar.gz
 bundles -name *.log -o -name *.prof -o -name integration.test
tar: Cowardly refusing to create an empty archive
Try 'tar --help' or 'tar --usage' for more information.
+ true
Archiving artifacts
Notifying endpoint with url 'https://leeroy.dockerproject.org/notification/jenkins'
[WS-CLEANUP] Deleting project workspace...[WS-CLEANUP] done
Finished: FAILURE
