Started by user Gordon
Notifying endpoint with url 'https://leeroy.dockerproject.org/notification/jenkins'
[EnvInject] - Loading node environment variables.
Building remotely on s390x-ubuntu-32 (linux s390x-ubuntu-1604 s390x) in workspace /home/jenkins/workspace/Docker-PRs-s390x
Running Prebuild steps
[Docker-PRs-s390x] $ /bin/sh -xe /tmp/jenkins1580401313593800219.sh
+ pwd
+ id -u
+ id -g
+ docker run --rm -v /home/jenkins/workspace/Docker-PRs-s390x:/workspace s390x/busybox chown -R 1001:1001 /workspace
Success build forhudson.tasks.Shell@54493290
Wiping out workspace first.
Cloning the remote Git repository
Cloning repository https://github.com/moby/moby.git
 > git init /home/jenkins/workspace/Docker-PRs-s390x # timeout=10
Fetching upstream changes from https://github.com/moby/moby.git
 > git --version # timeout=10
 > git fetch --tags --progress https://github.com/moby/moby.git +refs/heads/*:refs/remotes/origin/*
 > git config remote.origin.url https://github.com/moby/moby.git # timeout=10
 > git config --add remote.origin.fetch +refs/heads/*:refs/remotes/origin/* # timeout=10
 > git config remote.origin.url https://github.com/moby/moby.git # timeout=10
Fetching upstream changes from https://github.com/moby/moby.git
 > git fetch --tags --progress https://github.com/moby/moby.git +refs/heads/*:refs/remotes/origin/*
 > git rev-parse origin/master^{commit} # timeout=10
Checking out Revision de640c9f4932d851316a0a72470c4d3446f6f5ac (origin/master)
 > git config core.sparsecheckout # timeout=10
 > git checkout -f de640c9f4932d851316a0a72470c4d3446f6f5ac
Commit message: "Merge pull request #38038 from AkihiroSuda/ubuntu-overlayfs"
 > git rev-list --no-walk de640c9f4932d851316a0a72470c4d3446f6f5ac # timeout=10
Set build name.
New build name is '#38474'
[Docker-PRs-s390x] $ /bin/bash /tmp/jenkins3652964233046025051.sh
From https://github.com/moby/moby
 * [new ref]         refs/pull/38474/head -> origin/pr/38474
Updating de640c9..376f2dc
Fast-forward
 integration/service/update_test.go | 22 +++++++++++++++++++++-
 1 file changed, 21 insertions(+), 1 deletion(-)
Sending build context to Docker daemon  45.11MB
Step 1/94 : FROM golang:1.11.4 AS base
 ---> ee5c1a481166
Step 2/94 : ARG APT_MIRROR=deb.debian.org
 ---> Using cache
 ---> 6d7fc0276c0b
Step 3/94 : RUN sed -ri "s/(httpredir|deb).debian.org/$APT_MIRROR/g" /etc/apt/sources.list
 ---> Using cache
 ---> 3db733f42746
Step 4/94 : FROM base AS criu
 ---> 3db733f42746
Step 5/94 : ENV CRIU_VERSION 3.6
 ---> Using cache
 ---> c9bfdff0fdce
Step 6/94 : RUN apt-get update && apt-get install -y 	libnet-dev 	libprotobuf-c0-dev 	libprotobuf-dev 	libnl-3-dev 	libcap-dev 	protobuf-compiler 	protobuf-c-compiler 	python-protobuf 	&& mkdir -p /usr/src/criu 	&& curl -sSL https://github.com/checkpoint-restore/criu/archive/v${CRIU_VERSION}.tar.gz | tar -C /usr/src/criu/ -xz --strip-components=1 	&& cd /usr/src/criu 	&& make 	&& make PREFIX=/build/ install-criu
 ---> Using cache
 ---> d5180e06a58e
Step 7/94 : FROM base AS registry
 ---> 3db733f42746
Step 8/94 : ENV REGISTRY_COMMIT_SCHEMA1 ec87e9b6971d831f0eff752ddb54fb64693e51cd
 ---> Using cache
 ---> 5a12d2540602
Step 9/94 : ENV REGISTRY_COMMIT 47a064d4195a9b56133891bbb13620c3ac83a827
 ---> Using cache
 ---> 8d0afaa874ea
Step 10/94 : RUN set -x 	&& export GOPATH="$(mktemp -d)" 	&& git clone https://github.com/docker/distribution.git "$GOPATH/src/github.com/docker/distribution" 	&& (cd "$GOPATH/src/github.com/docker/distribution" && git checkout -q "$REGISTRY_COMMIT") 	&& GOPATH="$GOPATH/src/github.com/docker/distribution/Godeps/_workspace:$GOPATH" 		go build -buildmode=pie -o /build/registry-v2 github.com/docker/distribution/cmd/registry 	&& case $(dpkg --print-architecture) in 		amd64|ppc64*|s390x) 		(cd "$GOPATH/src/github.com/docker/distribution" && git checkout -q "$REGISTRY_COMMIT_SCHEMA1"); 		GOPATH="$GOPATH/src/github.com/docker/distribution/Godeps/_workspace:$GOPATH"; 			go build -buildmode=pie -o /build/registry-v2-schema1 github.com/docker/distribution/cmd/registry; 		;; 	   esac 	&& rm -rf "$GOPATH"
 ---> Using cache
 ---> 0448f4ab0e44
Step 11/94 : FROM base AS docker-py
 ---> 3db733f42746
Step 12/94 : ENV DOCKER_PY_COMMIT 8b246db271a85d6541dc458838627e89c683e42f
 ---> Using cache
 ---> e815c7756f65
Step 13/94 : RUN git clone https://github.com/docker/docker-py.git /build 	&& cd /build 	&& git checkout -q $DOCKER_PY_COMMIT
 ---> Using cache
 ---> e7df873fcc38
Step 14/94 : FROM base AS swagger
 ---> 3db733f42746
Step 15/94 : ENV GO_SWAGGER_COMMIT c28258affb0b6251755d92489ef685af8d4ff3eb
 ---> Using cache
 ---> e6c29ab3f818
Step 16/94 : RUN set -x 	&& export GOPATH="$(mktemp -d)" 	&& git clone https://github.com/go-swagger/go-swagger.git "$GOPATH/src/github.com/go-swagger/go-swagger" 	&& (cd "$GOPATH/src/github.com/go-swagger/go-swagger" && git checkout -q "$GO_SWAGGER_COMMIT") 	&& go build -o /build/swagger github.com/go-swagger/go-swagger/cmd/swagger 	&& rm -rf "$GOPATH"
 ---> Using cache
 ---> 3899c014e0bf
Step 17/94 : FROM base AS frozen-images
 ---> 3db733f42746
Step 18/94 : RUN apt-get update && apt-get install -y jq ca-certificates --no-install-recommends
 ---> Using cache
 ---> f8d988f6acf4
Step 19/94 : COPY contrib/download-frozen-image-v2.sh /
 ---> Using cache
 ---> 38096ebb4b97
Step 20/94 : RUN /download-frozen-image-v2.sh /build 	buildpack-deps:jessie@sha256:dd86dced7c9cd2a724e779730f0a53f93b7ef42228d4344b25ce9a42a1486251 	busybox:latest@sha256:bbc3a03235220b170ba48a157dd097dd1379299370e1ed99ce976df0355d24f0 	busybox:glibc@sha256:0b55a30394294ab23b9afd58fab94e61a923f5834fba7ddbae7f8e0c11ba85e6 	debian:jessie@sha256:287a20c5f73087ab406e6b364833e3fb7b3ae63ca0eb3486555dc27ed32c6e60 	hello-world:latest@sha256:be0cd392e45be79ffeffa6b05338b98ebb16c87b255f48e297ec7f98e123905c
 ---> Using cache
 ---> a5c51361c29f
Step 21/94 : FROM base AS runtime-dev
 ---> 3db733f42746
Step 22/94 : RUN apt-get update && apt-get install -y 	libapparmor-dev 	libseccomp-dev
 ---> Using cache
 ---> 635d93bc7f57
Step 23/94 : FROM base AS tomlv
 ---> 3db733f42746
Step 24/94 : ENV INSTALL_BINARY_NAME=tomlv
 ---> Using cache
 ---> af810f170986
Step 25/94 : COPY hack/dockerfile/install/install.sh ./install.sh
 ---> Using cache
 ---> 077d66423bae
Step 26/94 : COPY hack/dockerfile/install/$INSTALL_BINARY_NAME.installer ./
 ---> Using cache
 ---> 50c41db96af5
Step 27/94 : RUN PREFIX=/build ./install.sh $INSTALL_BINARY_NAME
 ---> Using cache
 ---> a2658b2480cd
Step 28/94 : FROM base AS vndr
 ---> 3db733f42746
Step 29/94 : ENV INSTALL_BINARY_NAME=vndr
 ---> Using cache
 ---> 1d684d207325
Step 30/94 : COPY hack/dockerfile/install/install.sh ./install.sh
 ---> Using cache
 ---> 4b4eec574b25
Step 31/94 : COPY hack/dockerfile/install/$INSTALL_BINARY_NAME.installer ./
 ---> Using cache
 ---> 8dfde9b36bba
Step 32/94 : RUN PREFIX=/build ./install.sh $INSTALL_BINARY_NAME
 ---> Using cache
 ---> 757e96c9a2df
Step 33/94 : FROM base AS containerd
 ---> 3db733f42746
Step 34/94 : RUN apt-get update && apt-get install -y btrfs-tools
 ---> Using cache
 ---> a06042b81bc2
Step 35/94 : ENV INSTALL_BINARY_NAME=containerd
 ---> Using cache
 ---> e0683943540a
Step 36/94 : COPY hack/dockerfile/install/install.sh ./install.sh
 ---> Using cache
 ---> 051ed90b3d8b
Step 37/94 : COPY hack/dockerfile/install/$INSTALL_BINARY_NAME.installer ./
 ---> Using cache
 ---> 98696938ccc1
Step 38/94 : RUN PREFIX=/build ./install.sh $INSTALL_BINARY_NAME
 ---> Using cache
 ---> 51bdd9b8197e
Step 39/94 : FROM base AS proxy
 ---> 3db733f42746
Step 40/94 : ENV INSTALL_BINARY_NAME=proxy
 ---> Using cache
 ---> 74e6bad5b7c0
Step 41/94 : COPY hack/dockerfile/install/install.sh ./install.sh
 ---> Using cache
 ---> 148f45c65b9f
Step 42/94 : COPY hack/dockerfile/install/$INSTALL_BINARY_NAME.installer ./
 ---> Using cache
 ---> 89c1d2980280
Step 43/94 : RUN PREFIX=/build ./install.sh $INSTALL_BINARY_NAME
 ---> Using cache
 ---> a29dea61cfa2
Step 44/94 : FROM base AS gometalinter
 ---> 3db733f42746
Step 45/94 : ENV INSTALL_BINARY_NAME=gometalinter
 ---> Using cache
 ---> 348478fcd02f
Step 46/94 : COPY hack/dockerfile/install/install.sh ./install.sh
 ---> Using cache
 ---> b60d12c6c05c
Step 47/94 : COPY hack/dockerfile/install/$INSTALL_BINARY_NAME.installer ./
 ---> Using cache
 ---> 0607cc7f2c23
Step 48/94 : RUN PREFIX=/build ./install.sh $INSTALL_BINARY_NAME
 ---> Using cache
 ---> f61f0400f35a
Step 49/94 : FROM base AS dockercli
 ---> 3db733f42746
Step 50/94 : ENV INSTALL_BINARY_NAME=dockercli
 ---> Using cache
 ---> d8b190be69c8
Step 51/94 : COPY hack/dockerfile/install/install.sh ./install.sh
 ---> Using cache
 ---> 6657ca69de45
Step 52/94 : COPY hack/dockerfile/install/$INSTALL_BINARY_NAME.installer ./
 ---> Using cache
 ---> 0ef6531a9fae
Step 53/94 : RUN PREFIX=/build ./install.sh $INSTALL_BINARY_NAME
 ---> Using cache
 ---> e9edd4c9d601
Step 54/94 : FROM runtime-dev AS runc
 ---> 635d93bc7f57
Step 55/94 : ENV INSTALL_BINARY_NAME=runc
 ---> Using cache
 ---> b99736992736
Step 56/94 : COPY hack/dockerfile/install/install.sh ./install.sh
 ---> Using cache
 ---> f103d9a1247a
Step 57/94 : COPY hack/dockerfile/install/$INSTALL_BINARY_NAME.installer ./
 ---> Using cache
 ---> 871abd0217f4
Step 58/94 : RUN PREFIX=/build ./install.sh $INSTALL_BINARY_NAME
 ---> Using cache
 ---> 772019c9cce9
Step 59/94 : FROM base AS tini
 ---> 3db733f42746
Step 60/94 : RUN apt-get update && apt-get install -y cmake vim-common
 ---> Using cache
 ---> 8e11b674e1b5
Step 61/94 : COPY hack/dockerfile/install/install.sh ./install.sh
 ---> Using cache
 ---> db9b33a6d6ad
Step 62/94 : ENV INSTALL_BINARY_NAME=tini
 ---> Using cache
 ---> 041e06ed8925
Step 63/94 : COPY hack/dockerfile/install/$INSTALL_BINARY_NAME.installer ./
 ---> Using cache
 ---> 7ac989fb8a15
Step 64/94 : RUN PREFIX=/build ./install.sh $INSTALL_BINARY_NAME
 ---> Using cache
 ---> 0195613b0dd1
Step 65/94 : FROM runtime-dev AS dev
 ---> 635d93bc7f57
Step 66/94 : RUN groupadd -r docker
 ---> Using cache
 ---> e43ad61b60eb
Step 67/94 : RUN useradd --create-home --gid docker unprivilegeduser
 ---> Using cache
 ---> 2a6faeee5b3d
Step 68/94 : RUN ln -sfv /go/src/github.com/docker/docker/.bashrc ~/.bashrc
 ---> Using cache
 ---> 3cac4e6fbcd2
Step 69/94 : RUN echo "source /usr/share/bash-completion/bash_completion" >> /etc/bash.bashrc
 ---> Using cache
 ---> 66cef5e98ec2
Step 70/94 : RUN ln -s /usr/local/completion/bash/docker /etc/bash_completion.d/docker
 ---> Using cache
 ---> 89e86db3cdbb
Step 71/94 : RUN ldconfig
 ---> Using cache
 ---> 7527c45a915f
Step 72/94 : RUN apt-get update && apt-get install -y 	apparmor 	aufs-tools 	bash-completion 	btrfs-tools 	iptables 	jq 	libcap2-bin 	libdevmapper-dev 	libudev-dev 	libsystemd-dev 	binutils-mingw-w64 	g++-mingw-w64-x86-64 	net-tools 	pigz 	python-backports.ssl-match-hostname 	python-dev 	python-mock 	python-pip 	python-requests 	python-setuptools 	python-websocket 	python-wheel 	thin-provisioning-tools 	vim 	vim-common 	xfsprogs 	zip 	bzip2 	xz-utils 	--no-install-recommends
 ---> Using cache
 ---> 2b753fdb9108
Step 73/94 : COPY --from=swagger /build/swagger* /usr/local/bin/
 ---> Using cache
 ---> b6e799f1376e
Step 74/94 : COPY --from=frozen-images /build/ /docker-frozen-images
 ---> Using cache
 ---> cac39c383186
Step 75/94 : COPY --from=gometalinter /build/ /usr/local/bin/
 ---> Using cache
 ---> 242641a07977
Step 76/94 : COPY --from=tomlv /build/ /usr/local/bin/
 ---> Using cache
 ---> 8f7e01c2c960
Step 77/94 : COPY --from=vndr /build/ /usr/local/bin/
 ---> Using cache
 ---> 6ababe7931c9
Step 78/94 : COPY --from=tini /build/ /usr/local/bin/
 ---> Using cache
 ---> d20d16bd1012
Step 79/94 : COPY --from=runc /build/ /usr/local/bin/
 ---> Using cache
 ---> 27bb3c02cbd4
Step 80/94 : COPY --from=containerd /build/ /usr/local/bin/
 ---> Using cache
 ---> 7d87f50cfc97
Step 81/94 : COPY --from=proxy /build/ /usr/local/bin/
 ---> Using cache
 ---> 03ca506d4c83
Step 82/94 : COPY --from=dockercli /build/ /usr/local/cli
 ---> Using cache
 ---> f6699627ece9
Step 83/94 : COPY --from=registry /build/registry* /usr/local/bin/
 ---> Using cache
 ---> b64627cb8f0c
Step 84/94 : COPY --from=criu /build/ /usr/local/
 ---> Using cache
 ---> a60df94ed8af
Step 85/94 : COPY --from=docker-py /build/ /docker-py
 ---> Using cache
 ---> 38eb157b72a2
Step 86/94 : RUN cd /docker-py 	&& pip install docker-pycreds==0.2.1 	&& pip install yamllint==1.5.0 	&& pip install -r test-requirements.txt
 ---> Using cache
 ---> f17242256e66
Step 87/94 : ENV PATH=/usr/local/cli:$PATH
 ---> Using cache
 ---> f91a979b55f6
Step 88/94 : ENV DOCKER_BUILDTAGS apparmor seccomp selinux
 ---> Using cache
 ---> cf7ed191763a
Step 89/94 : ENV GOMETALINTER_OPTS="--deadline=2m"
 ---> Using cache
 ---> f07a0adb6afc
Step 90/94 : WORKDIR /go/src/github.com/docker/docker
 ---> Using cache
 ---> d20276296b25
Step 91/94 : VOLUME /var/lib/docker
 ---> Using cache
 ---> 691f2cf7393b
Step 92/94 : ENTRYPOINT ["hack/dind"]
 ---> Using cache
 ---> 9fea7cceb1c1
Step 93/94 : FROM dev AS final
 ---> 9fea7cceb1c1
Step 94/94 : COPY . /go/src/github.com/docker/docker
 ---> 0f19bd930f66
Successfully built 0f19bd930f66
Successfully tagged docker-s390x:376f2dc
?   	github.com/docker/docker/api	[no test files]
ok  	github.com/docker/docker/api/server	0.005s	coverage: 7.9% of statements
?   	github.com/docker/docker/api/server/backend/build	[no test files]
ok  	github.com/docker/docker/api/server/httputils	0.004s	coverage: 11.1% of statements
ok  	github.com/docker/docker/api/server/middleware	0.004s	coverage: 43.4% of statements
?   	github.com/docker/docker/api/server/router	[no test files]
?   	github.com/docker/docker/api/server/router/build	[no test files]
?   	github.com/docker/docker/api/server/router/checkpoint	[no test files]
?   	github.com/docker/docker/api/server/router/container	[no test files]
?   	github.com/docker/docker/api/server/router/debug	[no test files]
?   	github.com/docker/docker/api/server/router/distribution	[no test files]
?   	github.com/docker/docker/api/server/router/image	[no test files]
?   	github.com/docker/docker/api/server/router/network	[no test files]
?   	github.com/docker/docker/api/server/router/plugin	[no test files]
?   	github.com/docker/docker/api/server/router/session	[no test files]
?   	github.com/docker/docker/api/server/router/swarm	[no test files]
?   	github.com/docker/docker/api/server/router/system	[no test files]
?   	github.com/docker/docker/api/server/router/volume	[no test files]
?   	github.com/docker/docker/api/types	[no test files]
?   	github.com/docker/docker/api/types/backend	[no test files]
?   	github.com/docker/docker/api/types/blkiodev	[no test files]
?   	github.com/docker/docker/api/types/container	[no test files]
?   	github.com/docker/docker/api/types/events	[no test files]
ok  	github.com/docker/docker/api/types/filters	0.003s	coverage: 94.2% of statements
?   	github.com/docker/docker/api/types/image	[no test files]
?   	github.com/docker/docker/api/types/mount	[no test files]
?   	github.com/docker/docker/api/types/network	[no test files]
?   	github.com/docker/docker/api/types/plugins/logdriver	[no test files]
?   	github.com/docker/docker/api/types/registry	[no test files]
ok  	github.com/docker/docker/api/types/strslice	0.002s	coverage: 90.0% of statements
?   	github.com/docker/docker/api/types/swarm	[no test files]
?   	github.com/docker/docker/api/types/swarm/runtime	[no test files]
ok  	github.com/docker/docker/api/types/time	0.003s	coverage: 100.0% of statements
ok  	github.com/docker/docker/api/types/versions	0.002s	coverage: 75.0% of statements
?   	github.com/docker/docker/api/types/versions/v1p19	[no test files]
?   	github.com/docker/docker/api/types/versions/v1p20	[no test files]
?   	github.com/docker/docker/api/types/volume	[no test files]
?   	github.com/docker/docker/builder	[no test files]
?   	github.com/docker/docker/builder/builder-next	[no test files]
?   	github.com/docker/docker/builder/builder-next/adapters/containerimage	[no test files]
?   	github.com/docker/docker/builder/builder-next/adapters/snapshot	[no test files]
?   	github.com/docker/docker/builder/builder-next/exporter	[no test files]
?   	github.com/docker/docker/builder/builder-next/imagerefchecker	[no test files]
?   	github.com/docker/docker/builder/builder-next/worker	[no test files]
ok  	github.com/docker/docker/builder/dockerfile	0.865s	coverage: 45.4% of statements
ok  	github.com/docker/docker/builder/dockerignore	0.002s	coverage: 96.8% of statements
ok  	github.com/docker/docker/builder/fscache	0.110s	coverage: 69.2% of statements
ok  	github.com/docker/docker/builder/remotecontext	0.267s	coverage: 13.7% of statements
ok  	github.com/docker/docker/builder/remotecontext/git	0.647s	coverage: 78.8% of statements
?   	github.com/docker/docker/cli	[no test files]
?   	github.com/docker/docker/cli/config	[no test files]
ok  	github.com/docker/docker/cli/debug	0.002s	coverage: 100.0% of statements
ok  	github.com/docker/docker/client	0.207s	coverage: 75.6% of statements
ok  	github.com/docker/docker/cmd/dockerd	0.037s	coverage: 31.4% of statements
ok  	github.com/docker/docker/cmd/dockerd/hack	0.002s	coverage: 72.9% of statements
ok  	github.com/docker/docker/container	0.111s	coverage: 35.6% of statements
?   	github.com/docker/docker/container/stream	[no test files]
?   	github.com/docker/docker/contrib/apparmor	[no test files]
?   	github.com/docker/docker/contrib/docker-device-tool	[no test files]
?   	github.com/docker/docker/contrib/httpserver	[no test files]
ok  	github.com/docker/docker/daemon	12.212s	coverage: 17.1% of statements
ok  	github.com/docker/docker/daemon/cluster	0.023s	coverage: 0.5% of statements
ok  	github.com/docker/docker/daemon/cluster/controllers/plugin	0.007s	coverage: 65.3% of statements
ok  	github.com/docker/docker/daemon/cluster/convert	0.005s	coverage: 28.0% of statements
?   	github.com/docker/docker/daemon/cluster/executor	[no test files]
ok  	github.com/docker/docker/daemon/cluster/executor/container	3.429s	coverage: 12.7% of statements
?   	github.com/docker/docker/daemon/cluster/provider	[no test files]
ok  	github.com/docker/docker/daemon/config	0.033s	coverage: 84.8% of statements
ok  	github.com/docker/docker/daemon/discovery	0.004s	coverage: 30.4% of statements
ok  	github.com/docker/docker/daemon/events	0.057s	coverage: 50.0% of statements
?   	github.com/docker/docker/daemon/events/testutils	[no test files]
?   	github.com/docker/docker/daemon/exec	[no test files]
ok  	github.com/docker/docker/daemon/graphdriver	0.006s	coverage: 2.2% of statements
ok  	github.com/docker/docker/daemon/graphdriver/aufs	11.569s	coverage: 73.6% of statements
ok  	github.com/docker/docker/daemon/graphdriver/btrfs	0.004s	coverage: 2.9% of statements
ok  	github.com/docker/docker/daemon/graphdriver/copy	0.189s	coverage: 57.0% of statements
ok  	github.com/docker/docker/daemon/graphdriver/devmapper	4.489s	coverage: 45.9% of statements
?   	github.com/docker/docker/daemon/graphdriver/graphtest	[no test files]
ok  	github.com/docker/docker/daemon/graphdriver/overlay	1.828s	coverage: 50.8% of statements
ok  	github.com/docker/docker/daemon/graphdriver/overlay2	4.777s	coverage: 56.8% of statements
?   	github.com/docker/docker/daemon/graphdriver/overlayutils	[no test files]
ok  	github.com/docker/docker/daemon/graphdriver/quota	0.762s	coverage: 75.2% of statements
?   	github.com/docker/docker/daemon/graphdriver/register	[no test files]
ok  	github.com/docker/docker/daemon/graphdriver/vfs	0.005s	coverage: 70.5% of statements
ok  	github.com/docker/docker/daemon/graphdriver/zfs	0.006s	coverage: 3.0% of statements
ok  	github.com/docker/docker/daemon/images	0.010s	coverage: 4.9% of statements
?   	github.com/docker/docker/daemon/initlayer	[no test files]
ok  	github.com/docker/docker/daemon/links	0.002s	coverage: 93.0% of statements
?   	github.com/docker/docker/daemon/listeners	[no test files]
ok  	github.com/docker/docker/daemon/logger	0.213s	coverage: 43.7% of statements
ok  	github.com/docker/docker/daemon/logger/awslogs	0.080s	coverage: 78.2% of statements
?   	github.com/docker/docker/daemon/logger/fluentd	[no test files]
?   	github.com/docker/docker/daemon/logger/gcplogs	[no test files]
ok  	github.com/docker/docker/daemon/logger/gelf	0.004s	coverage: 68.2% of statements
ok  	github.com/docker/docker/daemon/logger/journald	0.004s	coverage: 26.2% of statements
ok  	github.com/docker/docker/daemon/logger/jsonfilelog	0.004s	coverage: 62.1% of statements
ok  	github.com/docker/docker/daemon/logger/jsonfilelog/jsonlog	0.003s	coverage: 88.3% of statements
ok  	github.com/docker/docker/daemon/logger/local	0.011s	coverage: 74.7% of statements
?   	github.com/docker/docker/daemon/logger/logentries	[no test files]
ok  	github.com/docker/docker/daemon/logger/loggerutils	0.007s	coverage: 18.6% of statements
ok  	github.com/docker/docker/daemon/logger/splunk	1.528s	coverage: 84.5% of statements
ok  	github.com/docker/docker/daemon/logger/syslog	0.004s	coverage: 47.8% of statements
ok  	github.com/docker/docker/daemon/logger/templates	0.002s	coverage: 8.3% of statements
?   	github.com/docker/docker/daemon/names	[no test files]
ok  	github.com/docker/docker/daemon/network	0.002s	coverage: 57.1% of statements
?   	github.com/docker/docker/daemon/stats	[no test files]
ok  	github.com/docker/docker/distribution	0.254s	coverage: 16.8% of statements
ok  	github.com/docker/docker/distribution/metadata	0.024s	coverage: 48.2% of statements
?   	github.com/docker/docker/distribution/utils	[no test files]
ok  	github.com/docker/docker/distribution/xfer	1.426s	coverage: 83.4% of statements
?   	github.com/docker/docker/dockerversion	[no test files]
ok  	github.com/docker/docker/errdefs	0.002s	coverage: 76.0% of statements
ok  	github.com/docker/docker/image	0.012s	coverage: 86.3% of statements
ok  	github.com/docker/docker/image/cache	0.005s	coverage: 19.2% of statements
?   	github.com/docker/docker/image/tarexport	[no test files]
ok  	github.com/docker/docker/image/v1	0.005s	coverage: 25.0% of statements
ok  	github.com/docker/docker/internal/procfs	0.002s	coverage: 78.4% of statements
?   	github.com/docker/docker/internal/test	[no test files]
?   	github.com/docker/docker/internal/test/daemon	[no test files]
?   	github.com/docker/docker/internal/test/environment	[no test files]
?   	github.com/docker/docker/internal/test/fakecontext	[no test files]
?   	github.com/docker/docker/internal/test/fakegit	[no test files]
?   	github.com/docker/docker/internal/test/fakestorage	[no test files]
?   	github.com/docker/docker/internal/test/fixtures/load	[no test files]
?   	github.com/docker/docker/internal/test/fixtures/plugin	[no test files]
?   	github.com/docker/docker/internal/test/fixtures/plugin/basic	[no test files]
?   	github.com/docker/docker/internal/test/registry	[no test files]
?   	github.com/docker/docker/internal/test/request	[no test files]
ok  	github.com/docker/docker/internal/testutil	0.002s	coverage: 62.5% of statements
ok  	github.com/docker/docker/layer	8.004s	coverage: 71.4% of statements
ok  	github.com/docker/docker/libcontainerd	0.027s	coverage: 3.4% of statements
?   	github.com/docker/docker/libcontainerd/supervisor	[no test files]
?   	github.com/docker/docker/oci	[no test files]
?   	github.com/docker/docker/oci/caps	[no test files]
ok  	github.com/docker/docker/opts	0.016s	coverage: 68.4% of statements
ok  	github.com/docker/docker/pkg/aaparser	0.002s	coverage: 50.0% of statements
ok  	github.com/docker/docker/pkg/archive	0.491s	coverage: 76.6% of statements
ok  	github.com/docker/docker/pkg/authorization	0.333s	coverage: 66.7% of statements
ok  	github.com/docker/docker/pkg/broadcaster	0.001s	coverage: 100.0% of statements
ok  	github.com/docker/docker/pkg/chrootarchive	3.173s	coverage: 37.0% of statements
?   	github.com/docker/docker/pkg/containerfs	[no test files]
?   	github.com/docker/docker/pkg/devicemapper	[no test files]
ok  	github.com/docker/docker/pkg/directory	0.002s	coverage: 80.0% of statements
ok  	github.com/docker/docker/pkg/discovery	0.003s	coverage: 58.3% of statements
ok  	github.com/docker/docker/pkg/discovery/file	0.003s	coverage: 97.6% of statements
ok  	github.com/docker/docker/pkg/discovery/kv	3.111s	coverage: 84.1% of statements
ok  	github.com/docker/docker/pkg/discovery/memory	0.002s	coverage: 92.3% of statements
ok  	github.com/docker/docker/pkg/discovery/nodes	0.002s	coverage: 93.8% of statements
ok  	github.com/docker/docker/pkg/dmesg	0.002s	coverage: 83.3% of statements
ok  	github.com/docker/docker/pkg/filenotify	0.603s	coverage: 66.3% of statements
ok  	github.com/docker/docker/pkg/fileutils	0.005s	coverage: 89.5% of statements
ok  	github.com/docker/docker/pkg/fsutils	0.399s	coverage: 85.1% of statements
ok  	github.com/docker/docker/pkg/homedir	0.003s	coverage: 41.7% of statements
ok  	github.com/docker/docker/pkg/idtools	0.246s	coverage: 70.2% of statements
ok  	github.com/docker/docker/pkg/ioutils	0.332s	coverage: 70.4% of statements
ok  	github.com/docker/docker/pkg/jsonmessage	0.003s	coverage: 88.3% of statements
ok  	github.com/docker/docker/pkg/locker	0.039s	coverage: 88.9% of statements
ok  	github.com/docker/docker/pkg/longpath	0.002s	coverage: 100.0% of statements
?   	github.com/docker/docker/pkg/loopback	[no test files]
ok  	github.com/docker/docker/pkg/mount	1.021s	coverage: 68.6% of statements
ok  	github.com/docker/docker/pkg/namesgenerator	0.002s	coverage: 85.7% of statements
?   	github.com/docker/docker/pkg/namesgenerator/cmd/names-generator	[no test files]
ok  	github.com/docker/docker/pkg/parsers	0.002s	coverage: 97.0% of statements
ok  	github.com/docker/docker/pkg/parsers/kernel	0.002s	coverage: 60.0% of statements
ok  	github.com/docker/docker/pkg/parsers/operatingsystem	0.002s	coverage: 90.0% of statements
ok  	github.com/docker/docker/pkg/pidfile	0.002s	coverage: 82.4% of statements
?   	github.com/docker/docker/pkg/platform	[no test files]
?   	github.com/docker/docker/pkg/plugingetter	[no test files]
ok  	github.com/docker/docker/pkg/plugins	33.616s	coverage: 76.8% of statements
ok  	github.com/docker/docker/pkg/plugins/pluginrpc-gen	0.011s	coverage: 56.8% of statements
?   	github.com/docker/docker/pkg/plugins/pluginrpc-gen/fixtures	[no test files]
?   	github.com/docker/docker/pkg/plugins/pluginrpc-gen/fixtures/otherfixture	[no test files]
ok  	github.com/docker/docker/pkg/plugins/transport	0.003s	coverage: 85.7% of statements
ok  	github.com/docker/docker/pkg/pools	0.002s	coverage: 87.9% of statements
ok  	github.com/docker/docker/pkg/progress	0.002s	coverage: 75.9% of statements
ok  	github.com/docker/docker/pkg/pubsub	1.048s	coverage: 72.7% of statements
ok  	github.com/docker/docker/pkg/reexec	0.005s	coverage: 82.4% of statements
ok  	github.com/docker/docker/pkg/signal	2.378s	coverage: 61.0% of statements
?   	github.com/docker/docker/pkg/signal/testfiles	[no test files]
ok  	github.com/docker/docker/pkg/stdcopy	0.002s	coverage: 100.0% of statements
ok  	github.com/docker/docker/pkg/streamformatter	0.002s	coverage: 66.2% of statements
ok  	github.com/docker/docker/pkg/stringid	0.002s	coverage: 76.0% of statements
ok  	github.com/docker/docker/pkg/symlink	0.007s	coverage: 87.7% of statements
ok  	github.com/docker/docker/pkg/sysinfo	0.004s	coverage: 75.8% of statements
ok  	github.com/docker/docker/pkg/system	0.049s	coverage: 36.1% of statements
ok  	github.com/docker/docker/pkg/tailfile	0.012s	coverage: 88.6% of statements
ok  	github.com/docker/docker/pkg/tarsum	0.030s	coverage: 89.3% of statements
ok  	github.com/docker/docker/pkg/term	0.003s	coverage: 84.8% of statements
ok  	github.com/docker/docker/pkg/term/windows	0.002s	coverage: 0.0% of statements [no tests to run]
ok  	github.com/docker/docker/pkg/truncindex	0.102s	coverage: 91.5% of statements
ok  	github.com/docker/docker/pkg/urlutil	0.002s	coverage: 100.0% of statements
ok  	github.com/docker/docker/pkg/useragent	0.002s	coverage: 88.9% of statements
ok  	github.com/docker/docker/plugin	0.573s	coverage: 27.3% of statements
ok  	github.com/docker/docker/plugin/executor/containerd	0.006s	coverage: 33.3% of statements
ok  	github.com/docker/docker/plugin/v2	0.003s	coverage: 14.5% of statements
?   	github.com/docker/docker/profiles/apparmor	[no test files]
ok  	github.com/docker/docker/profiles/seccomp	0.003s	coverage: 81.0% of statements
ok  	github.com/docker/docker/reference	0.005s	coverage: 84.4% of statements
ok  	github.com/docker/docker/registry	0.207s	coverage: 57.0% of statements
ok  	github.com/docker/docker/registry/resumable	0.015s	coverage: 100.0% of statements
ok  	github.com/docker/docker/restartmanager	0.002s	coverage: 49.0% of statements
ok  	github.com/docker/docker/runconfig	0.006s	coverage: 68.2% of statements
?   	github.com/docker/docker/runconfig/opts	[no test files]
?   	github.com/docker/docker/volume	[no test files]
ok  	github.com/docker/docker/volume/drivers	0.004s	coverage: 36.1% of statements
ok  	github.com/docker/docker/volume/local	0.034s	coverage: 73.0% of statements
ok  	github.com/docker/docker/volume/mounts	0.026s	coverage: 66.8% of statements
ok  	github.com/docker/docker/volume/service	0.009s	coverage: 73.0% of statements
?   	github.com/docker/docker/volume/service/opts	[no test files]
?   	github.com/docker/docker/volume/testutils	[no test files]

Removing bundles/

---> Making bundle: dynbinary (in bundles/dynbinary)
Building: bundles/dynbinary-daemon/dockerd-dev
Created binary: bundles/dynbinary-daemon/dockerd-dev

---> Making bundle: test-integration (in bundles/test-integration)
Building test suite binary ./integration-cli/test.main
Building test suite binary ./integration/config/test.main
Building test suite binary ./integration/secret/test.main
Building test suite binary ./integration/session/test.main
Building test suite binary ./integration/plugin/test.main
Building test suite binary ./integration/plugin/logging/test.main
Building test suite binary ./integration/plugin/logging/cmd/test.main
Building test suite binary ./integration/plugin/logging/cmd/dummy/test.main
Building test suite binary ./integration/plugin/logging/cmd/close_on_start/test.main
Building test suite binary ./integration/plugin/authz/test.main
Building test suite binary ./integration/plugin/graphdriver/test.main
Building test suite binary ./integration/plugin/common/test.main
Building test suite binary ./integration/plugin/volumes/test.main
Building test suite binary ./integration/plugin/volumes/cmd/test.main
Building test suite binary ./integration/plugin/volumes/cmd/dummy/test.main
Building test suite binary ./integration/container/test.main
Building test suite binary ./integration/system/test.main
Building test suite binary ./integration/volume/test.main
Building test suite binary ./integration/build/test.main
Building test suite binary ./integration/network/test.main
Building test suite binary ./integration/network/ipvlan/test.main
Building test suite binary ./integration/network/macvlan/test.main
Building test suite binary ./integration/service/test.main
Building test suite binary ./integration/image/test.main
---> Making bundle: .integration-daemon-start (in bundles/test-integration)
Using test binary docker
/etc/init.d/apparmor: 130: /etc/init.d/apparmor: systemd-detect-virt: not found
Starting AppArmor profiles:Warning from stdin (line 1): /sbin/apparmor_parser: cannot use or update cache, disable, or force-complain via stdin
Warning failed to create cache: (null)
.
INFO: Waiting for daemon to start...
Starting dockerd
.
---> Making bundle: .integration-daemon-setup (in bundles/test-integration)
---> Making bundle: .ensure-emptyfs (in bundles/test-integration)
Error: No such image: emptyfs
Running integration-test (iteration 1)
Running /go/src/github.com/docker/docker/integration/config
Loaded image: buildpack-deps:jessie
Loaded image: busybox:latest
Loaded image: busybox:glibc
Loaded image: debian:jessie
Loaded image: hello-world:latest
INFO: Testing against a local daemon
=== RUN   TestConfigList
--- PASS: TestConfigList (2.90s)
    daemon.go:296: [d019fea5295ab] waiting for daemon to start
    daemon.go:328: [d019fea5295ab] daemon started
    daemon.go:283: [d019fea5295ab] exiting daemon
=== RUN   TestConfigsCreateAndDelete
--- PASS: TestConfigsCreateAndDelete (2.77s)
    daemon.go:296: [d12e80ced3007] waiting for daemon to start
    daemon.go:328: [d12e80ced3007] daemon started
    daemon.go:283: [d12e80ced3007] exiting daemon
=== RUN   TestConfigsUpdate
--- PASS: TestConfigsUpdate (2.85s)
    daemon.go:296: [dd97c5b2307cd] waiting for daemon to start
    daemon.go:328: [dd97c5b2307cd] daemon started
    daemon.go:283: [dd97c5b2307cd] exiting daemon
=== RUN   TestTemplatedConfig
--- PASS: TestTemplatedConfig (3.30s)
    daemon.go:296: [dd312ba9cbd21] waiting for daemon to start
    daemon.go:328: [dd312ba9cbd21] daemon started
    daemon.go:283: [dd312ba9cbd21] exiting daemon
=== RUN   TestConfigInspect
--- PASS: TestConfigInspect (2.76s)
    daemon.go:296: [d86e44424cf7b] waiting for daemon to start
    daemon.go:328: [d86e44424cf7b] daemon started
    daemon.go:283: [d86e44424cf7b] exiting daemon
=== RUN   TestConfigCreateWithLabels
--- PASS: TestConfigCreateWithLabels (2.82s)
    daemon.go:296: [dad0329685faa] waiting for daemon to start
    daemon.go:328: [dad0329685faa] daemon started
    daemon.go:283: [dad0329685faa] exiting daemon
=== RUN   TestConfigCreateResolve
--- PASS: TestConfigCreateResolve (2.84s)
    daemon.go:296: [d04b32a58661b] waiting for daemon to start
    daemon.go:328: [d04b32a58661b] daemon started
    daemon.go:283: [d04b32a58661b] exiting daemon
PASS
Running /go/src/github.com/docker/docker/integration/secret
INFO: Testing against a local daemon
=== RUN   TestSecretInspect
--- PASS: TestSecretInspect (2.39s)
    daemon.go:296: [d22f81b274527] waiting for daemon to start
    daemon.go:328: [d22f81b274527] daemon started
    daemon.go:283: [d22f81b274527] exiting daemon
=== RUN   TestSecretList
--- PASS: TestSecretList (2.32s)
    daemon.go:296: [d22bacc443eb4] waiting for daemon to start
    daemon.go:328: [d22bacc443eb4] daemon started
    daemon.go:283: [d22bacc443eb4] exiting daemon
=== RUN   TestSecretsCreateAndDelete
--- PASS: TestSecretsCreateAndDelete (2.84s)
    daemon.go:296: [d5bf36fd23100] waiting for daemon to start
    daemon.go:328: [d5bf36fd23100] daemon started
    daemon.go:283: [d5bf36fd23100] exiting daemon
=== RUN   TestSecretsUpdate
--- PASS: TestSecretsUpdate (2.87s)
    daemon.go:296: [dfb87717724dd] waiting for daemon to start
    daemon.go:328: [dfb87717724dd] daemon started
    daemon.go:283: [dfb87717724dd] exiting daemon
=== RUN   TestTemplatedSecret
--- PASS: TestTemplatedSecret (3.37s)
    daemon.go:296: [d6fb41a1204ff] waiting for daemon to start
    daemon.go:328: [d6fb41a1204ff] daemon started
    daemon.go:283: [d6fb41a1204ff] exiting daemon
=== RUN   TestSecretCreateResolve
--- PASS: TestSecretCreateResolve (2.40s)
    daemon.go:296: [d50ebbd6da846] waiting for daemon to start
    daemon.go:328: [d50ebbd6da846] daemon started
    daemon.go:283: [d50ebbd6da846] exiting daemon
PASS
Running /go/src/github.com/docker/docker/integration/session
INFO: Testing against a local daemon
=== RUN   TestSessionCreate
--- SKIP: TestSessionCreate (0.00s)
    session_test.go:14: !testEnv.DaemonInfo.ExperimentalBuild
=== RUN   TestSessionCreateWithBadUpgrade
--- SKIP: TestSessionCreateWithBadUpgrade (0.00s)
    session_test.go:31: !testEnv.DaemonInfo.ExperimentalBuild
PASS
Running /go/src/github.com/docker/docker/integration/plugin
testing: warning: no tests to run
PASS
Running /go/src/github.com/docker/docker/integration/plugin/logging
INFO: Testing against a local daemon
=== RUN   TestContinueAfterPluginCrash
=== PAUSE TestContinueAfterPluginCrash
=== RUN   TestDaemonStartWithLogOpt
=== PAUSE TestDaemonStartWithLogOpt
=== CONT  TestContinueAfterPluginCrash
=== CONT  TestDaemonStartWithLogOpt
--- PASS: TestDaemonStartWithLogOpt (7.88s)
    daemon.go:296: [de8b37ec727d4] waiting for daemon to start
    daemon.go:328: [de8b37ec727d4] daemon started
    daemon.go:283: [de8b37ec727d4] exiting daemon
    daemon.go:296: [de8b37ec727d4] waiting for daemon to start
    daemon.go:328: [de8b37ec727d4] daemon started
    daemon.go:283: [de8b37ec727d4] exiting daemon
--- PASS: TestContinueAfterPluginCrash (13.21s)
    daemon.go:296: [d169e58145714] waiting for daemon to start
    daemon.go:328: [d169e58145714] daemon started
    daemon.go:283: [d169e58145714] exiting daemon
PASS
Running /go/src/github.com/docker/docker/integration/plugin/logging/cmd
testing: warning: no tests to run
PASS
Running /go/src/github.com/docker/docker/integration/plugin/logging/cmd/dummy
testing: warning: no tests to run
PASS
Running /go/src/github.com/docker/docker/integration/plugin/logging/cmd/close_on_start
testing: warning: no tests to run
PASS
Running /go/src/github.com/docker/docker/integration/plugin/authz
INFO: Testing against a local daemon
=== RUN   TestAuthZPluginAllowRequest
--- PASS: TestAuthZPluginAllowRequest (1.68s)
    daemon.go:296: [dbdc740cbeab0] waiting for daemon to start
    daemon.go:328: [dbdc740cbeab0] daemon started
    daemon.go:283: [dbdc740cbeab0] exiting daemon
=== RUN   TestAuthZPluginTLS
--- PASS: TestAuthZPluginTLS (0.53s)
    daemon.go:296: [d86a8cb594079] waiting for daemon to start
    daemon.go:328: [d86a8cb594079] daemon started
    daemon.go:283: [d86a8cb594079] exiting daemon
=== RUN   TestAuthZPluginDenyRequest
--- PASS: TestAuthZPluginDenyRequest (0.53s)
    daemon.go:296: [dac4ea2acf1dc] waiting for daemon to start
    daemon.go:328: [dac4ea2acf1dc] daemon started
    daemon.go:283: [dac4ea2acf1dc] exiting daemon
=== RUN   TestAuthZPluginAPIDenyResponse
--- PASS: TestAuthZPluginAPIDenyResponse (0.53s)
    daemon.go:296: [ddfe2eb048e66] waiting for daemon to start
    daemon.go:328: [ddfe2eb048e66] daemon started
    daemon.go:283: [ddfe2eb048e66] exiting daemon
=== RUN   TestAuthZPluginDenyResponse
--- PASS: TestAuthZPluginDenyResponse (0.53s)
    daemon.go:296: [d045f5d17048e] waiting for daemon to start
    daemon.go:328: [d045f5d17048e] daemon started
    daemon.go:283: [d045f5d17048e] exiting daemon
=== RUN   TestAuthZPluginAllowEventStream
--- PASS: TestAuthZPluginAllowEventStream (1.53s)
    daemon.go:296: [d4ac35dda3690] waiting for daemon to start
    daemon.go:328: [d4ac35dda3690] daemon started
    daemon.go:283: [d4ac35dda3690] exiting daemon
=== RUN   TestAuthZPluginErrorResponse
--- PASS: TestAuthZPluginErrorResponse (0.53s)
    daemon.go:296: [d44a9544fa6eb] waiting for daemon to start
    daemon.go:328: [d44a9544fa6eb] daemon started
    daemon.go:283: [d44a9544fa6eb] exiting daemon
=== RUN   TestAuthZPluginErrorRequest
--- PASS: TestAuthZPluginErrorRequest (0.53s)
    daemon.go:296: [d8cfb87c9db8b] waiting for daemon to start
    daemon.go:328: [d8cfb87c9db8b] daemon started
    daemon.go:283: [d8cfb87c9db8b] exiting daemon
=== RUN   TestAuthZPluginEnsureNoDuplicatePluginRegistration
--- PASS: TestAuthZPluginEnsureNoDuplicatePluginRegistration (0.53s)
    daemon.go:296: [d8881bde0c8ed] waiting for daemon to start
    daemon.go:328: [d8881bde0c8ed] daemon started
    daemon.go:283: [d8881bde0c8ed] exiting daemon
=== RUN   TestAuthZPluginEnsureLoadImportWorking
--- PASS: TestAuthZPluginEnsureLoadImportWorking (1.87s)
    daemon.go:296: [d0657f84fbce2] waiting for daemon to start
    daemon.go:328: [d0657f84fbce2] daemon started
    daemon.go:283: [d0657f84fbce2] exiting daemon
=== RUN   TestAuthzPluginEnsureContainerCopyToFrom
--- PASS: TestAuthzPluginEnsureContainerCopyToFrom (1.97s)
    daemon.go:296: [d1be7c909986f] waiting for daemon to start
    daemon.go:328: [d1be7c909986f] daemon started
    daemon.go:283: [d1be7c909986f] exiting daemon
=== RUN   TestAuthZPluginHeader
--- PASS: TestAuthZPluginHeader (0.78s)
    daemon.go:296: [d141e6f362444] waiting for daemon to start
    daemon.go:328: [d141e6f362444] daemon started
    daemon.go:283: [d141e6f362444] exiting daemon
=== RUN   TestAuthZPluginV2AllowNonVolumeRequest
--- SKIP: TestAuthZPluginV2AllowNonVolumeRequest (0.00s)
    authz_plugin_v2_test.go:43: os.Getenv("DOCKER_ENGINE_GOARCH") != "amd64"
=== RUN   TestAuthZPluginV2Disable
--- SKIP: TestAuthZPluginV2Disable (0.00s)
    authz_plugin_v2_test.go:67: os.Getenv("DOCKER_ENGINE_GOARCH") != "amd64"
=== RUN   TestAuthZPluginV2RejectVolumeRequests
--- SKIP: TestAuthZPluginV2RejectVolumeRequests (0.00s)
    authz_plugin_v2_test.go:94: os.Getenv("DOCKER_ENGINE_GOARCH") != "amd64"
=== RUN   TestAuthZPluginV2BadManifestFailsDaemonStart
--- SKIP: TestAuthZPluginV2BadManifestFailsDaemonStart (0.00s)
    authz_plugin_v2_test.go:130: os.Getenv("DOCKER_ENGINE_GOARCH") != "amd64"
=== RUN   TestAuthZPluginV2NonexistentFailsDaemonStart
--- PASS: TestAuthZPluginV2NonexistentFailsDaemonStart (16.46s)
    daemon.go:296: [d8feec3057900] waiting for daemon to start
    daemon.go:328: [d8feec3057900] daemon started
    daemon.go:283: [d8feec3057900] exiting daemon
    daemon.go:296: [d8feec3057900] waiting for daemon to start
    daemon.go:296: [d8feec3057900] waiting for daemon to start
    daemon.go:296: [d8feec3057900] waiting for daemon to start
    daemon.go:328: [d8feec3057900] daemon started
    daemon.go:283: [d8feec3057900] exiting daemon
PASS
Running /go/src/github.com/docker/docker/integration/plugin/graphdriver
INFO: Testing against a local daemon
=== RUN   TestExternalGraphDriver
=== RUN   TestExternalGraphDriver/json
=== RUN   TestExternalGraphDriver/spec
=== RUN   TestExternalGraphDriver/pull
--- PASS: TestExternalGraphDriver (6.20s)
    daemon.go:296: [d83b6230e7fa1] waiting for daemon to start
    daemon.go:328: [d83b6230e7fa1] daemon started
    daemon.go:283: [d83b6230e7fa1] exiting daemon
    daemon.go:296: [d83b6230e7fa1] waiting for daemon to start
    daemon.go:328: [d83b6230e7fa1] daemon started
    daemon.go:283: [d83b6230e7fa1] exiting daemon
    --- PASS: TestExternalGraphDriver/json (1.98s)
    daemon.go:296: [d83b6230e7fa1] waiting for daemon to start
    daemon.go:328: [d83b6230e7fa1] daemon started
    daemon.go:283: [d83b6230e7fa1] exiting daemon
    daemon.go:296: [d83b6230e7fa1] waiting for daemon to start
    daemon.go:328: [d83b6230e7fa1] daemon started
    daemon.go:283: [d83b6230e7fa1] exiting daemon
    --- PASS: TestExternalGraphDriver/spec (2.00s)
    daemon.go:296: [d83b6230e7fa1] waiting for daemon to start
    daemon.go:328: [d83b6230e7fa1] daemon started
    daemon.go:283: [d83b6230e7fa1] exiting daemon
    --- PASS: TestExternalGraphDriver/pull (2.07s)
=== RUN   TestGraphdriverPluginV2
--- SKIP: TestGraphdriverPluginV2 (0.14s)
    external_test.go:410: os.Getenv("DOCKER_ENGINE_GOARCH") != "amd64"
PASS
Running /go/src/github.com/docker/docker/integration/plugin/common
INFO: Testing against a local daemon
=== RUN   TestPluginInvalidJSON
=== RUN   TestPluginInvalidJSON//plugins/foobar/set
=== PAUSE TestPluginInvalidJSON//plugins/foobar/set
=== CONT  TestPluginInvalidJSON//plugins/foobar/set
--- PASS: TestPluginInvalidJSON (0.01s)
    --- PASS: TestPluginInvalidJSON//plugins/foobar/set (0.00s)
PASS
Running /go/src/github.com/docker/docker/integration/plugin/volumes
INFO: Testing against a local daemon
=== RUN   TestPluginWithDevMounts
=== PAUSE TestPluginWithDevMounts
=== CONT  TestPluginWithDevMounts
--- PASS: TestPluginWithDevMounts (1.86s)
    daemon.go:296: [d117e78854efe] waiting for daemon to start
    daemon.go:328: [d117e78854efe] daemon started
    daemon.go:283: [d117e78854efe] exiting daemon
PASS
Running /go/src/github.com/docker/docker/integration/plugin/volumes/cmd
testing: warning: no tests to run
PASS
Running /go/src/github.com/docker/docker/integration/plugin/volumes/cmd/dummy
testing: warning: no tests to run
PASS
Running /go/src/github.com/docker/docker/integration/container
INFO: Testing against a local daemon
=== RUN   TestContainerInvalidJSON
=== RUN   TestContainerInvalidJSON//containers/foobar/copy
=== PAUSE TestContainerInvalidJSON//containers/foobar/copy
=== RUN   TestContainerInvalidJSON//containers/foobar/exec
=== PAUSE TestContainerInvalidJSON//containers/foobar/exec
=== RUN   TestContainerInvalidJSON//exec/foobar/start
=== PAUSE TestContainerInvalidJSON//exec/foobar/start
=== CONT  TestContainerInvalidJSON//containers/foobar/copy
=== CONT  TestContainerInvalidJSON//exec/foobar/start
=== CONT  TestContainerInvalidJSON//containers/foobar/exec
--- PASS: TestContainerInvalidJSON (0.01s)
    --- PASS: TestContainerInvalidJSON//containers/foobar/copy (0.00s)
    --- PASS: TestContainerInvalidJSON//exec/foobar/start (0.00s)
    --- PASS: TestContainerInvalidJSON//containers/foobar/exec (0.00s)
=== RUN   TestCopyFromContainerPathDoesNotExist
--- PASS: TestCopyFromContainerPathDoesNotExist (0.05s)
=== RUN   TestCopyFromContainerPathIsNotDir
--- PASS: TestCopyFromContainerPathIsNotDir (0.05s)
=== RUN   TestCopyToContainerPathDoesNotExist
--- PASS: TestCopyToContainerPathDoesNotExist (0.06s)
=== RUN   TestCopyToContainerPathIsNotDir
--- PASS: TestCopyToContainerPathIsNotDir (0.06s)
=== RUN   TestCreateFailsWhenIdentifierDoesNotExist
=== RUN   TestCreateFailsWhenIdentifierDoesNotExist/image_and_tag
=== PAUSE TestCreateFailsWhenIdentifierDoesNotExist/image_and_tag
=== RUN   TestCreateFailsWhenIdentifierDoesNotExist/image_no_tag
=== PAUSE TestCreateFailsWhenIdentifierDoesNotExist/image_no_tag
=== RUN   TestCreateFailsWhenIdentifierDoesNotExist/digest
=== PAUSE TestCreateFailsWhenIdentifierDoesNotExist/digest
=== CONT  TestCreateFailsWhenIdentifierDoesNotExist/image_and_tag
=== CONT  TestCreateFailsWhenIdentifierDoesNotExist/digest
=== CONT  TestCreateFailsWhenIdentifierDoesNotExist/image_no_tag
--- PASS: TestCreateFailsWhenIdentifierDoesNotExist (0.01s)
    --- PASS: TestCreateFailsWhenIdentifierDoesNotExist/digest (0.00s)
    --- PASS: TestCreateFailsWhenIdentifierDoesNotExist/image_and_tag (0.01s)
    --- PASS: TestCreateFailsWhenIdentifierDoesNotExist/image_no_tag (0.00s)
=== RUN   TestCreateWithInvalidEnv
=== RUN   TestCreateWithInvalidEnv/0
=== PAUSE TestCreateWithInvalidEnv/0
=== RUN   TestCreateWithInvalidEnv/1
=== PAUSE TestCreateWithInvalidEnv/1
=== RUN   TestCreateWithInvalidEnv/2
=== PAUSE TestCreateWithInvalidEnv/2
=== CONT  TestCreateWithInvalidEnv/0
=== CONT  TestCreateWithInvalidEnv/2
=== CONT  TestCreateWithInvalidEnv/1
--- PASS: TestCreateWithInvalidEnv (0.01s)
    --- PASS: TestCreateWithInvalidEnv/0 (0.00s)
    --- PASS: TestCreateWithInvalidEnv/2 (0.00s)
    --- PASS: TestCreateWithInvalidEnv/1 (0.00s)
=== RUN   TestCreateTmpfsMountsTarget
--- PASS: TestCreateTmpfsMountsTarget (0.01s)
=== RUN   TestCreateWithCustomMaskedPaths
--- PASS: TestCreateWithCustomMaskedPaths (2.32s)
=== RUN   TestCreateWithCustomReadonlyPaths
--- PASS: TestCreateWithCustomReadonlyPaths (2.60s)
=== RUN   TestCreateWithInvalidHealthcheckParams
=== RUN   TestCreateWithInvalidHealthcheckParams/test_invalid_Interval_in_Healthcheck:_less_than_0s
=== PAUSE TestCreateWithInvalidHealthcheckParams/test_invalid_Interval_in_Healthcheck:_less_than_0s
=== RUN   TestCreateWithInvalidHealthcheckParams/test_invalid_Interval_in_Healthcheck:_larger_than_0s_but_less_than_1ms
=== PAUSE TestCreateWithInvalidHealthcheckParams/test_invalid_Interval_in_Healthcheck:_larger_than_0s_but_less_than_1ms
=== RUN   TestCreateWithInvalidHealthcheckParams/test_invalid_Timeout_in_Healthcheck:_less_than_1ms
=== PAUSE TestCreateWithInvalidHealthcheckParams/test_invalid_Timeout_in_Healthcheck:_less_than_1ms
=== RUN   TestCreateWithInvalidHealthcheckParams/test_invalid_Retries_in_Healthcheck:_less_than_0
=== PAUSE TestCreateWithInvalidHealthcheckParams/test_invalid_Retries_in_Healthcheck:_less_than_0
=== RUN   TestCreateWithInvalidHealthcheckParams/test_invalid_StartPeriod_in_Healthcheck:_not_0_and_less_than_1ms
=== PAUSE TestCreateWithInvalidHealthcheckParams/test_invalid_StartPeriod_in_Healthcheck:_not_0_and_less_than_1ms
=== CONT  TestCreateWithInvalidHealthcheckParams/test_invalid_Interval_in_Healthcheck:_less_than_0s
=== CONT  TestCreateWithInvalidHealthcheckParams/test_invalid_StartPeriod_in_Healthcheck:_not_0_and_less_than_1ms
=== CONT  TestCreateWithInvalidHealthcheckParams/test_invalid_Retries_in_Healthcheck:_less_than_0
=== CONT  TestCreateWithInvalidHealthcheckParams/test_invalid_Timeout_in_Healthcheck:_less_than_1ms
=== CONT  TestCreateWithInvalidHealthcheckParams/test_invalid_Interval_in_Healthcheck:_larger_than_0s_but_less_than_1ms
--- PASS: TestCreateWithInvalidHealthcheckParams (0.01s)
    --- PASS: TestCreateWithInvalidHealthcheckParams/test_invalid_Interval_in_Healthcheck:_less_than_0s (0.00s)
    --- PASS: TestCreateWithInvalidHealthcheckParams/test_invalid_Retries_in_Healthcheck:_less_than_0 (0.00s)
    --- PASS: TestCreateWithInvalidHealthcheckParams/test_invalid_Timeout_in_Healthcheck:_less_than_1ms (0.00s)
    --- PASS: TestCreateWithInvalidHealthcheckParams/test_invalid_StartPeriod_in_Healthcheck:_not_0_and_less_than_1ms (0.01s)
    --- PASS: TestCreateWithInvalidHealthcheckParams/test_invalid_Interval_in_Healthcheck:_larger_than_0s_but_less_than_1ms (0.00s)
=== RUN   TestContainerStartOnDaemonRestart
=== PAUSE TestContainerStartOnDaemonRestart
=== RUN   TestDiff
--- PASS: TestDiff (0.82s)
=== RUN   TestExecWithCloseStdin
--- PASS: TestExecWithCloseStdin (1.03s)
=== RUN   TestExec
--- PASS: TestExec (0.96s)
=== RUN   TestExportContainerAndImportImage
--- PASS: TestExportContainerAndImportImage (1.02s)
=== RUN   TestExportContainerAfterDaemonRestart
--- PASS: TestExportContainerAfterDaemonRestart (1.34s)
    daemon.go:296: [db81322d362e1] waiting for daemon to start
    daemon.go:328: [db81322d362e1] daemon started
    daemon.go:283: [db81322d362e1] exiting daemon
    daemon.go:296: [db81322d362e1] waiting for daemon to start
    daemon.go:328: [db81322d362e1] daemon started
    daemon.go:283: [db81322d362e1] exiting daemon
=== RUN   TestHealthCheckWorkdir
--- PASS: TestHealthCheckWorkdir (0.99s)
=== RUN   TestInspectCpusetInConfigPre120
--- PASS: TestInspectCpusetInConfigPre120 (0.88s)
=== RUN   TestIpcModeNone
--- PASS: TestIpcModeNone (0.96s)
=== RUN   TestIpcModePrivate
--- PASS: TestIpcModePrivate (0.93s)
    ipcmode_test.go:87: [testIpcPrivateShareable] ipcmode: private, ipcdev: 0:293, shared: false, mustBeShared: false
=== RUN   TestIpcModeShareable
--- PASS: TestIpcModeShareable (1.05s)
    ipcmode_test.go:87: [testIpcPrivateShareable] ipcmode: shareable, ipcdev: 0:287, shared: true, mustBeShared: true
=== RUN   TestAPIIpcModeShareableAndContainer
--- PASS: TestAPIIpcModeShareableAndContainer (2.66s)
=== RUN   TestAPIIpcModeHost
--- PASS: TestAPIIpcModeHost (0.71s)
=== RUN   TestDaemonIpcModeShareable
--- PASS: TestDaemonIpcModeShareable (1.59s)
    daemon.go:296: [d1e45f92a8d69] waiting for daemon to start
    daemon.go:328: [d1e45f92a8d69] daemon started
    ipcmode_test.go:255: [testDaemonIpcPrivateShareable] ipcdev: 0:294, shared: true, mustBeShared: true
    daemon.go:283: [d1e45f92a8d69] exiting daemon
=== RUN   TestDaemonIpcModePrivate
--- PASS: TestDaemonIpcModePrivate (1.53s)
    daemon.go:296: [d2500d6d5730d] waiting for daemon to start
    daemon.go:328: [d2500d6d5730d] daemon started
    ipcmode_test.go:255: [testDaemonIpcPrivateShareable] ipcdev: 0:300, shared: false, mustBeShared: false
    daemon.go:283: [d2500d6d5730d] exiting daemon
=== RUN   TestDaemonIpcModePrivateFromConfig
--- PASS: TestDaemonIpcModePrivateFromConfig (1.57s)
    daemon.go:296: [d3c0b31f92cac] waiting for daemon to start
    daemon.go:328: [d3c0b31f92cac] daemon started
    ipcmode_test.go:255: [testDaemonIpcPrivateShareable] ipcdev: 0:300, shared: false, mustBeShared: false
    daemon.go:283: [d3c0b31f92cac] exiting daemon
=== RUN   TestDaemonIpcModeShareableFromConfig
--- PASS: TestDaemonIpcModeShareableFromConfig (1.58s)
    daemon.go:296: [d10820686872b] waiting for daemon to start
    daemon.go:328: [d10820686872b] daemon started
    ipcmode_test.go:255: [testDaemonIpcPrivateShareable] ipcdev: 0:294, shared: true, mustBeShared: true
    daemon.go:283: [d10820686872b] exiting daemon
=== RUN   TestKillContainerInvalidSignal
--- PASS: TestKillContainerInvalidSignal (0.88s)
=== RUN   TestKillContainer
=== RUN   TestKillContainer/no_signal
=== RUN   TestKillContainer/non_killing_signal
=== RUN   TestKillContainer/killing_signal
--- PASS: TestKillContainer (2.59s)
    --- PASS: TestKillContainer/no_signal (0.86s)
    --- PASS: TestKillContainer/non_killing_signal (0.59s)
    --- PASS: TestKillContainer/killing_signal (0.76s)
=== RUN   TestKillWithStopSignalAndRestartPolicies
=== RUN   TestKillWithStopSignalAndRestartPolicies/same-signal-disables-restart-policy
=== RUN   TestKillWithStopSignalAndRestartPolicies/different-signal-keep-restart-policy
--- PASS: TestKillWithStopSignalAndRestartPolicies (1.85s)
    --- PASS: TestKillWithStopSignalAndRestartPolicies/same-signal-disables-restart-policy (0.89s)
    --- PASS: TestKillWithStopSignalAndRestartPolicies/different-signal-keep-restart-policy (0.59s)
=== RUN   TestKillStoppedContainer
--- PASS: TestKillStoppedContainer (0.07s)
=== RUN   TestKillStoppedContainerAPIPre120
--- PASS: TestKillStoppedContainerAPIPre120 (0.05s)
=== RUN   TestKillDifferentUserContainer
--- PASS: TestKillDifferentUserContainer (0.76s)
=== RUN   TestInspectOomKilledTrue
--- SKIP: TestInspectOomKilledTrue (0.00s)
    kill_test.go:153: testEnv.DaemonInfo.OSType == "windows" || !testEnv.DaemonInfo.MemoryLimit || !testEnv.DaemonInfo.SwapLimit
=== RUN   TestInspectOomKilledFalse
--- SKIP: TestInspectOomKilledFalse (0.00s)
    kill_test.go:171: testEnv.DaemonInfo.OSType == "windows" || !testEnv.DaemonInfo.MemoryLimit || !testEnv.DaemonInfo.SwapLimit
=== RUN   TestLinksEtcHostsContentMatch
--- PASS: TestLinksEtcHostsContentMatch (0.58s)
=== RUN   TestLinksContainerNames
--- PASS: TestLinksContainerNames (1.54s)
=== RUN   TestLogsFollowTailEmpty
--- PASS: TestLogsFollowTailEmpty (0.89s)
=== RUN   TestContainerNetworkMountsNoChown
--- PASS: TestContainerNetworkMountsNoChown (0.84s)
=== RUN   TestMountDaemonRoot
=== RUN   TestMountDaemonRoot/default
=== PAUSE TestMountDaemonRoot/default
=== RUN   TestMountDaemonRoot/private
=== PAUSE TestMountDaemonRoot/private
=== RUN   TestMountDaemonRoot/rprivate
=== PAUSE TestMountDaemonRoot/rprivate
=== RUN   TestMountDaemonRoot/slave
=== PAUSE TestMountDaemonRoot/slave
=== RUN   TestMountDaemonRoot/rslave
=== PAUSE TestMountDaemonRoot/rslave
=== RUN   TestMountDaemonRoot/shared
=== PAUSE TestMountDaemonRoot/shared
=== RUN   TestMountDaemonRoot/rshared
=== PAUSE TestMountDaemonRoot/rshared
=== CONT  TestMountDaemonRoot/default
=== RUN   TestMountDaemonRoot/default/bind_root
=== PAUSE TestMountDaemonRoot/default/bind_root
=== RUN   TestMountDaemonRoot/default/bind_subpath
=== PAUSE TestMountDaemonRoot/default/bind_subpath
=== RUN   TestMountDaemonRoot/default/mount_root
=== PAUSE TestMountDaemonRoot/default/mount_root
=== RUN   TestMountDaemonRoot/default/mount_subpath
=== PAUSE TestMountDaemonRoot/default/mount_subpath
=== CONT  TestMountDaemonRoot/default/bind_root
=== CONT  TestMountDaemonRoot/rshared
=== RUN   TestMountDaemonRoot/rshared/mount_subpath
=== PAUSE TestMountDaemonRoot/rshared/mount_subpath
=== RUN   TestMountDaemonRoot/rshared/bind_root
=== PAUSE TestMountDaemonRoot/rshared/bind_root
=== RUN   TestMountDaemonRoot/rshared/bind_subpath
=== PAUSE TestMountDaemonRoot/rshared/bind_subpath
=== RUN   TestMountDaemonRoot/rshared/mount_root
=== PAUSE TestMountDaemonRoot/rshared/mount_root
=== CONT  TestMountDaemonRoot/rshared/mount_subpath
=== CONT  TestMountDaemonRoot/shared
=== RUN   TestMountDaemonRoot/shared/mount_subpath
=== PAUSE TestMountDaemonRoot/shared/mount_subpath
=== RUN   TestMountDaemonRoot/shared/bind_root
=== PAUSE TestMountDaemonRoot/shared/bind_root
=== RUN   TestMountDaemonRoot/shared/bind_subpath
=== PAUSE TestMountDaemonRoot/shared/bind_subpath
=== RUN   TestMountDaemonRoot/shared/mount_root
=== PAUSE TestMountDaemonRoot/shared/mount_root
=== CONT  TestMountDaemonRoot/rslave
=== RUN   TestMountDaemonRoot/rslave/mount_subpath
=== PAUSE TestMountDaemonRoot/rslave/mount_subpath
=== RUN   TestMountDaemonRoot/rslave/bind_root
=== PAUSE TestMountDaemonRoot/rslave/bind_root
=== RUN   TestMountDaemonRoot/rslave/bind_subpath
=== PAUSE TestMountDaemonRoot/rslave/bind_subpath
=== RUN   TestMountDaemonRoot/rslave/mount_root
=== PAUSE TestMountDaemonRoot/rslave/mount_root
=== CONT  TestMountDaemonRoot/slave
=== RUN   TestMountDaemonRoot/slave/bind_subpath
=== PAUSE TestMountDaemonRoot/slave/bind_subpath
=== RUN   TestMountDaemonRoot/slave/mount_root
=== PAUSE TestMountDaemonRoot/slave/mount_root
=== RUN   TestMountDaemonRoot/slave/mount_subpath
=== PAUSE TestMountDaemonRoot/slave/mount_subpath
=== RUN   TestMountDaemonRoot/slave/bind_root
=== PAUSE TestMountDaemonRoot/slave/bind_root
=== CONT  TestMountDaemonRoot/rprivate
=== RUN   TestMountDaemonRoot/rprivate/bind_root
=== PAUSE TestMountDaemonRoot/rprivate/bind_root
=== RUN   TestMountDaemonRoot/rprivate/bind_subpath
=== PAUSE TestMountDaemonRoot/rprivate/bind_subpath
=== RUN   TestMountDaemonRoot/rprivate/mount_root
=== PAUSE TestMountDaemonRoot/rprivate/mount_root
=== RUN   TestMountDaemonRoot/rprivate/mount_subpath
=== PAUSE TestMountDaemonRoot/rprivate/mount_subpath
=== CONT  TestMountDaemonRoot/private
=== RUN   TestMountDaemonRoot/private/bind_root
=== PAUSE TestMountDaemonRoot/private/bind_root
=== RUN   TestMountDaemonRoot/private/bind_subpath
=== PAUSE TestMountDaemonRoot/private/bind_subpath
=== RUN   TestMountDaemonRoot/private/mount_root
=== PAUSE TestMountDaemonRoot/private/mount_root
=== RUN   TestMountDaemonRoot/private/mount_subpath
=== PAUSE TestMountDaemonRoot/private/mount_subpath
=== CONT  TestMountDaemonRoot/default/mount_subpath
=== CONT  TestMountDaemonRoot/default/mount_root
=== CONT  TestMountDaemonRoot/default/bind_subpath
=== CONT  TestMountDaemonRoot/rshared/mount_root
=== CONT  TestMountDaemonRoot/rshared/bind_subpath
=== CONT  TestMountDaemonRoot/rshared/bind_root
=== CONT  TestMountDaemonRoot/shared/mount_subpath
=== CONT  TestMountDaemonRoot/rslave/mount_subpath
=== CONT  TestMountDaemonRoot/shared/mount_root
=== CONT  TestMountDaemonRoot/shared/bind_subpath
=== CONT  TestMountDaemonRoot/shared/bind_root
=== CONT  TestMountDaemonRoot/slave/bind_subpath
=== CONT  TestMountDaemonRoot/rslave/mount_root
=== CONT  TestMountDaemonRoot/rslave/bind_subpath
=== CONT  TestMountDaemonRoot/rslave/bind_root
=== CONT  TestMountDaemonRoot/rprivate/bind_root
=== CONT  TestMountDaemonRoot/slave/bind_root
=== CONT  TestMountDaemonRoot/slave/mount_subpath
=== CONT  TestMountDaemonRoot/slave/mount_root
=== CONT  TestMountDaemonRoot/private/bind_root
=== CONT  TestMountDaemonRoot/rprivate/mount_subpath
=== CONT  TestMountDaemonRoot/rprivate/mount_root
=== CONT  TestMountDaemonRoot/rprivate/bind_subpath
=== CONT  TestMountDaemonRoot/private/mount_subpath
=== CONT  TestMountDaemonRoot/private/mount_root
=== CONT  TestMountDaemonRoot/private/bind_subpath
--- PASS: TestMountDaemonRoot (0.03s)
    --- PASS: TestMountDaemonRoot/default (0.00s)
        --- PASS: TestMountDaemonRoot/default/bind_root (0.08s)
        --- PASS: TestMountDaemonRoot/default/mount_subpath (0.09s)
        --- PASS: TestMountDaemonRoot/default/mount_root (0.09s)
        --- PASS: TestMountDaemonRoot/default/bind_subpath (0.13s)
    --- PASS: TestMountDaemonRoot/rshared (0.00s)
        --- PASS: TestMountDaemonRoot/rshared/mount_subpath (0.09s)
        --- PASS: TestMountDaemonRoot/rshared/mount_root (0.08s)
        --- PASS: TestMountDaemonRoot/rshared/bind_subpath (0.08s)
        --- PASS: TestMountDaemonRoot/rshared/bind_root (0.08s)
    --- PASS: TestMountDaemonRoot/shared (0.00s)
        --- PASS: TestMountDaemonRoot/shared/mount_subpath (0.08s)
        --- PASS: TestMountDaemonRoot/shared/mount_root (0.08s)
        --- PASS: TestMountDaemonRoot/shared/bind_subpath (0.08s)
        --- PASS: TestMountDaemonRoot/shared/bind_root (0.11s)
    --- PASS: TestMountDaemonRoot/rslave (0.00s)
        --- PASS: TestMountDaemonRoot/rslave/mount_subpath (0.10s)
        --- PASS: TestMountDaemonRoot/rslave/mount_root (0.09s)
        --- PASS: TestMountDaemonRoot/rslave/bind_subpath (0.13s)
        --- PASS: TestMountDaemonRoot/rslave/bind_root (0.07s)
    --- PASS: TestMountDaemonRoot/slave (0.00s)
        --- PASS: TestMountDaemonRoot/slave/bind_subpath (0.06s)
        --- PASS: TestMountDaemonRoot/slave/bind_root (0.12s)
        --- PASS: TestMountDaemonRoot/slave/mount_subpath (0.07s)
        --- PASS: TestMountDaemonRoot/slave/mount_root (0.08s)
    --- PASS: TestMountDaemonRoot/rprivate (0.00s)
        --- PASS: TestMountDaemonRoot/rprivate/bind_root (0.07s)
        --- PASS: TestMountDaemonRoot/rprivate/mount_subpath (0.09s)
        --- PASS: TestMountDaemonRoot/rprivate/mount_root (0.09s)
        --- PASS: TestMountDaemonRoot/rprivate/bind_subpath (0.08s)
    --- PASS: TestMountDaemonRoot/private (0.00s)
        --- PASS: TestMountDaemonRoot/private/bind_root (0.08s)
        --- PASS: TestMountDaemonRoot/private/mount_subpath (0.08s)
        --- PASS: TestMountDaemonRoot/private/mount_root (0.08s)
        --- PASS: TestMountDaemonRoot/private/bind_subpath (0.08s)
=== RUN   TestContainerBindMountNonRecursive
--- PASS: TestContainerBindMountNonRecursive (1.72s)
=== RUN   TestNetworkNat
--- PASS: TestNetworkNat (0.79s)
=== RUN   TestNetworkLocalhostTCPNat
--- PASS: TestNetworkLocalhostTCPNat (0.92s)
=== RUN   TestNetworkLoopbackNat
--- PASS: TestNetworkLoopbackNat (1.13s)
=== RUN   TestPause
--- PASS: TestPause (0.91s)
=== RUN   TestPauseFailsOnWindowsServerContainers
--- SKIP: TestPauseFailsOnWindowsServerContainers (0.00s)
    pause_test.go:54: testEnv.DaemonInfo.OSType != "windows" || testEnv.DaemonInfo.Isolation != "process"
=== RUN   TestPauseStopPausedContainer
--- PASS: TestPauseStopPausedContainer (0.86s)
=== RUN   TestPsFilter
--- PASS: TestPsFilter (0.18s)
=== RUN   TestRemoveContainerWithRemovedVolume
--- PASS: TestRemoveContainerWithRemovedVolume (0.77s)
=== RUN   TestRemoveContainerWithVolume
--- PASS: TestRemoveContainerWithVolume (0.89s)
=== RUN   TestRemoveContainerRunning
--- PASS: TestRemoveContainerRunning (0.86s)
=== RUN   TestRemoveContainerForceRemoveRunning
--- PASS: TestRemoveContainerForceRemoveRunning (0.90s)
=== RUN   TestRemoveInvalidContainer
--- PASS: TestRemoveInvalidContainer (0.01s)
=== RUN   TestRenameLinkedContainer
--- PASS: TestRenameLinkedContainer (3.27s)
=== RUN   TestRenameStoppedContainer
--- PASS: TestRenameStoppedContainer (0.78s)
=== RUN   TestRenameRunningContainerAndReuse
--- PASS: TestRenameRunningContainerAndReuse (1.62s)
=== RUN   TestRenameInvalidName
--- PASS: TestRenameInvalidName (0.91s)
=== RUN   TestRenameAnonymousContainer
--- PASS: TestRenameAnonymousContainer (2.82s)
=== RUN   TestRenameContainerWithSameName
--- PASS: TestRenameContainerWithSameName (0.74s)
=== RUN   TestRenameContainerWithLinkedContainer
--- PASS: TestRenameContainerWithLinkedContainer (1.65s)
=== RUN   TestResize
--- PASS: TestResize (0.85s)
=== RUN   TestResizeWithInvalidSize
--- PASS: TestResizeWithInvalidSize (0.95s)
=== RUN   TestResizeWhenContainerNotStarted
--- PASS: TestResizeWhenContainerNotStarted (0.89s)
=== RUN   TestDaemonRestartKillContainers
=== RUN   TestDaemonRestartKillContainers/live-restore=false/container_without_restart_policy/kill-daemon
=== PAUSE TestDaemonRestartKillContainers/live-restore=false/container_without_restart_policy/kill-daemon
=== RUN   TestDaemonRestartKillContainers/live-restore=false/container_without_restart_policy/stop-daemon
=== PAUSE TestDaemonRestartKillContainers/live-restore=false/container_without_restart_policy/stop-daemon
=== RUN   TestDaemonRestartKillContainers/live-restore=true/container_without_restart_policy/kill-daemon
=== PAUSE TestDaemonRestartKillContainers/live-restore=true/container_without_restart_policy/kill-daemon
=== RUN   TestDaemonRestartKillContainers/live-restore=true/container_without_restart_policy/stop-daemon
=== PAUSE TestDaemonRestartKillContainers/live-restore=true/container_without_restart_policy/stop-daemon
=== RUN   TestDaemonRestartKillContainers/live-restore=false/container_with_restart=always/kill-daemon
=== PAUSE TestDaemonRestartKillContainers/live-restore=false/container_with_restart=always/kill-daemon
=== RUN   TestDaemonRestartKillContainers/live-restore=false/container_with_restart=always/stop-daemon
=== PAUSE TestDaemonRestartKillContainers/live-restore=false/container_with_restart=always/stop-daemon
=== RUN   TestDaemonRestartKillContainers/live-restore=true/container_with_restart=always/kill-daemon
=== PAUSE TestDaemonRestartKillContainers/live-restore=true/container_with_restart=always/kill-daemon
=== RUN   TestDaemonRestartKillContainers/live-restore=true/container_with_restart=always/stop-daemon
=== PAUSE TestDaemonRestartKillContainers/live-restore=true/container_with_restart=always/stop-daemon
=== RUN   TestDaemonRestartKillContainers/live-restore=false/container_created_should_not_be_restarted/kill-daemon
=== PAUSE TestDaemonRestartKillContainers/live-restore=false/container_created_should_not_be_restarted/kill-daemon
=== RUN   TestDaemonRestartKillContainers/live-restore=false/container_created_should_not_be_restarted/stop-daemon
=== PAUSE TestDaemonRestartKillContainers/live-restore=false/container_created_should_not_be_restarted/stop-daemon
=== RUN   TestDaemonRestartKillContainers/live-restore=true/container_created_should_not_be_restarted/kill-daemon
=== PAUSE TestDaemonRestartKillContainers/live-restore=true/container_created_should_not_be_restarted/kill-daemon
=== RUN   TestDaemonRestartKillContainers/live-restore=true/container_created_should_not_be_restarted/stop-daemon
=== PAUSE TestDaemonRestartKillContainers/live-restore=true/container_created_should_not_be_restarted/stop-daemon
=== CONT  TestDaemonRestartKillContainers/live-restore=false/container_without_restart_policy/kill-daemon
=== CONT  TestDaemonRestartKillContainers/live-restore=true/container_with_restart=always/kill-daemon
=== CONT  TestDaemonRestartKillContainers/live-restore=true/container_created_should_not_be_restarted/stop-daemon
=== CONT  TestDaemonRestartKillContainers/live-restore=true/container_created_should_not_be_restarted/kill-daemon
=== CONT  TestDaemonRestartKillContainers/live-restore=false/container_created_should_not_be_restarted/stop-daemon
=== CONT  TestDaemonRestartKillContainers/live-restore=false/container_created_should_not_be_restarted/kill-daemon
=== CONT  TestDaemonRestartKillContainers/live-restore=true/container_with_restart=always/stop-daemon
=== CONT  TestDaemonRestartKillContainers/live-restore=true/container_without_restart_policy/stop-daemon
=== CONT  TestDaemonRestartKillContainers/live-restore=false/container_with_restart=always/stop-daemon
=== CONT  TestDaemonRestartKillContainers/live-restore=false/container_with_restart=always/kill-daemon
=== CONT  TestDaemonRestartKillContainers/live-restore=true/container_without_restart_policy/kill-daemon
=== CONT  TestDaemonRestartKillContainers/live-restore=false/container_without_restart_policy/stop-daemon
--- PASS: TestDaemonRestartKillContainers (0.00s)
    --- PASS: TestDaemonRestartKillContainers/live-restore=false/container_without_restart_policy/kill-daemon (1.97s)
        daemon.go:296: [dc7857f24432a] waiting for daemon to start
        daemon.go:328: [dc7857f24432a] daemon started
        daemon.go:296: [dc7857f24432a] waiting for daemon to start
        daemon.go:328: [dc7857f24432a] daemon started
        daemon.go:283: [dc7857f24432a] exiting daemon
    --- PASS: TestDaemonRestartKillContainers/live-restore=true/container_with_restart=always/kill-daemon (2.34s)
        daemon.go:296: [d56b3545a3f26] waiting for daemon to start
        daemon.go:328: [d56b3545a3f26] daemon started
        daemon.go:296: [d56b3545a3f26] waiting for daemon to start
        daemon.go:328: [d56b3545a3f26] daemon started
        daemon.go:283: [d56b3545a3f26] exiting daemon
    --- PASS: TestDaemonRestartKillContainers/live-restore=true/container_created_should_not_be_restarted/stop-daemon (1.40s)
        daemon.go:296: [de72bb079b44d] waiting for daemon to start
        daemon.go:328: [de72bb079b44d] daemon started
        daemon.go:283: [de72bb079b44d] exiting daemon
        daemon.go:296: [de72bb079b44d] waiting for daemon to start
        daemon.go:328: [de72bb079b44d] daemon started
        daemon.go:283: [de72bb079b44d] exiting daemon
    --- PASS: TestDaemonRestartKillContainers/live-restore=true/container_created_should_not_be_restarted/kill-daemon (1.40s)
        daemon.go:296: [d1ec3faabf468] waiting for daemon to start
        daemon.go:328: [d1ec3faabf468] daemon started
        daemon.go:296: [d1ec3faabf468] waiting for daemon to start
        daemon.go:328: [d1ec3faabf468] daemon started
        daemon.go:283: [d1ec3faabf468] exiting daemon
    --- PASS: TestDaemonRestartKillContainers/live-restore=false/container_created_should_not_be_restarted/stop-daemon (1.42s)
        daemon.go:296: [d087c4c79213f] waiting for daemon to start
        daemon.go:328: [d087c4c79213f] daemon started
        daemon.go:283: [d087c4c79213f] exiting daemon
        daemon.go:296: [d087c4c79213f] waiting for daemon to start
        daemon.go:328: [d087c4c79213f] daemon started
        daemon.go:283: [d087c4c79213f] exiting daemon
    --- PASS: TestDaemonRestartKillContainers/live-restore=false/container_created_should_not_be_restarted/kill-daemon (1.41s)
        daemon.go:296: [da219e1faa0d1] waiting for daemon to start
        daemon.go:328: [da219e1faa0d1] daemon started
        daemon.go:296: [da219e1faa0d1] waiting for daemon to start
        daemon.go:328: [da219e1faa0d1] daemon started
        daemon.go:283: [da219e1faa0d1] exiting daemon
    --- PASS: TestDaemonRestartKillContainers/live-restore=true/container_with_restart=always/stop-daemon (2.15s)
        daemon.go:296: [d8d16a5aff720] waiting for daemon to start
        daemon.go:328: [d8d16a5aff720] daemon started
        daemon.go:283: [d8d16a5aff720] exiting daemon
        daemon.go:296: [d8d16a5aff720] waiting for daemon to start
        daemon.go:328: [d8d16a5aff720] daemon started
        daemon.go:283: [d8d16a5aff720] exiting daemon
    --- PASS: TestDaemonRestartKillContainers/live-restore=true/container_without_restart_policy/stop-daemon (2.21s)
        daemon.go:296: [d2c842a5b80d8] waiting for daemon to start
        daemon.go:328: [d2c842a5b80d8] daemon started
        daemon.go:283: [d2c842a5b80d8] exiting daemon
        daemon.go:296: [d2c842a5b80d8] waiting for daemon to start
        daemon.go:328: [d2c842a5b80d8] daemon started
        daemon.go:283: [d2c842a5b80d8] exiting daemon
    --- PASS: TestDaemonRestartKillContainers/live-restore=false/container_with_restart=always/stop-daemon (2.78s)
        daemon.go:296: [da7570da4b479] waiting for daemon to start
        daemon.go:328: [da7570da4b479] daemon started
        daemon.go:283: [da7570da4b479] exiting daemon
        daemon.go:296: [da7570da4b479] waiting for daemon to start
        daemon.go:328: [da7570da4b479] daemon started
        daemon.go:283: [da7570da4b479] exiting daemon
    --- PASS: TestDaemonRestartKillContainers/live-restore=false/container_with_restart=always/kill-daemon (2.89s)
        daemon.go:296: [d5bd6dfa39489] waiting for daemon to start
        daemon.go:328: [d5bd6dfa39489] daemon started
        daemon.go:296: [d5bd6dfa39489] waiting for daemon to start
        daemon.go:328: [d5bd6dfa39489] daemon started
        daemon.go:283: [d5bd6dfa39489] exiting daemon
    --- PASS: TestDaemonRestartKillContainers/live-restore=true/container_without_restart_policy/kill-daemon (2.26s)
        daemon.go:296: [de72e2e9be9c7] waiting for daemon to start
        daemon.go:328: [de72e2e9be9c7] daemon started
        daemon.go:296: [de72e2e9be9c7] waiting for daemon to start
        daemon.go:328: [de72e2e9be9c7] daemon started
        daemon.go:283: [de72e2e9be9c7] exiting daemon
    --- PASS: TestDaemonRestartKillContainers/live-restore=false/container_without_restart_policy/stop-daemon (2.23s)
        daemon.go:296: [dd37878ca0015] waiting for daemon to start
        daemon.go:328: [dd37878ca0015] daemon started
        daemon.go:283: [dd37878ca0015] exiting daemon
        daemon.go:296: [dd37878ca0015] waiting for daemon to start
        daemon.go:328: [dd37878ca0015] daemon started
        daemon.go:283: [dd37878ca0015] exiting daemon
=== RUN   TestKernelTCPMemory
--- PASS: TestKernelTCPMemory (0.85s)
=== RUN   TestNISDomainname
--- PASS: TestNISDomainname (1.09s)
=== RUN   TestStats
--- PASS: TestStats (2.29s)
=== RUN   TestStopContainerWithTimeout
=== RUN   TestStopContainerWithTimeout/0
=== PAUSE TestStopContainerWithTimeout/0
=== RUN   TestStopContainerWithTimeout/1
=== PAUSE TestStopContainerWithTimeout/1
=== RUN   TestStopContainerWithTimeout/3
=== PAUSE TestStopContainerWithTimeout/3
=== RUN   TestStopContainerWithTimeout/-1
=== PAUSE TestStopContainerWithTimeout/-1
=== CONT  TestStopContainerWithTimeout/0
=== CONT  TestStopContainerWithTimeout/-1
=== CONT  TestStopContainerWithTimeout/3
=== CONT  TestStopContainerWithTimeout/1
--- PASS: TestStopContainerWithTimeout (0.01s)
    --- PASS: TestStopContainerWithTimeout/0 (1.00s)
    --- PASS: TestStopContainerWithTimeout/-1 (2.90s)
    --- PASS: TestStopContainerWithTimeout/3 (2.87s)
    --- PASS: TestStopContainerWithTimeout/1 (1.95s)
=== RUN   TestDeleteDevicemapper
--- SKIP: TestDeleteDevicemapper (0.00s)
    stop_linux_test.go:74: testEnv.DaemonInfo.Driver != "devicemapper"
=== RUN   TestStopContainerWithRestartPolicyAlways
--- PASS: TestStopContainerWithRestartPolicyAlways (3.01s)
=== RUN   TestUpdateMemory
--- SKIP: TestUpdateMemory (0.00s)
    update_linux_test.go:21: !testEnv.DaemonInfo.SwapLimit
=== RUN   TestUpdateCPUQuota
--- PASS: TestUpdateCPUQuota (1.24s)
=== RUN   TestUpdateRestartPolicy
--- PASS: TestUpdateRestartPolicy (12.77s)
=== RUN   TestUpdateRestartWithAutoRemove
--- PASS: TestUpdateRestartWithAutoRemove (0.93s)
=== RUN   TestWaitNonBlocked
=== RUN   TestWaitNonBlocked/wait-nonblocking-exit-0
=== PAUSE TestWaitNonBlocked/wait-nonblocking-exit-0
=== RUN   TestWaitNonBlocked/wait-nonblocking-exit-random
=== PAUSE TestWaitNonBlocked/wait-nonblocking-exit-random
=== CONT  TestWaitNonBlocked/wait-nonblocking-exit-0
=== CONT  TestWaitNonBlocked/wait-nonblocking-exit-random
--- PASS: TestWaitNonBlocked (0.01s)
    --- PASS: TestWaitNonBlocked/wait-nonblocking-exit-0 (0.95s)
    --- PASS: TestWaitNonBlocked/wait-nonblocking-exit-random (1.00s)
=== RUN   TestWaitBlocked
=== RUN   TestWaitBlocked/test-wait-blocked-exit-zero
=== PAUSE TestWaitBlocked/test-wait-blocked-exit-zero
=== RUN   TestWaitBlocked/test-wait-blocked-exit-random
=== PAUSE TestWaitBlocked/test-wait-blocked-exit-random
=== CONT  TestWaitBlocked/test-wait-blocked-exit-zero
=== CONT  TestWaitBlocked/test-wait-blocked-exit-random
--- PASS: TestWaitBlocked (0.01s)
    --- PASS: TestWaitBlocked/test-wait-blocked-exit-zero (0.95s)
    --- PASS: TestWaitBlocked/test-wait-blocked-exit-random (1.03s)
=== CONT  TestContainerStartOnDaemonRestart
--- PASS: TestContainerStartOnDaemonRestart (2.77s)
    daemon.go:296: [ddb691b0554df] waiting for daemon to start
    daemon.go:328: [ddb691b0554df] daemon started
    daemon.go:296: [ddb691b0554df] waiting for daemon to start
    daemon.go:328: [ddb691b0554df] daemon started
    daemon.go:283: [ddb691b0554df] exiting daemon
PASS
Running /go/src/github.com/docker/docker/integration/system
INFO: Testing against a local daemon
=== RUN   TestCgroupDriverSystemdMemoryLimit
=== PAUSE TestCgroupDriverSystemdMemoryLimit
=== RUN   TestEventsExecDie
--- PASS: TestEventsExecDie (0.94s)
=== RUN   TestEventsBackwardsCompatible
--- PASS: TestEventsBackwardsCompatible (0.06s)
=== RUN   TestInfoBinaryCommits
--- PASS: TestInfoBinaryCommits (0.02s)
=== RUN   TestInfoAPIVersioned
--- PASS: TestInfoAPIVersioned (0.01s)
=== RUN   TestInfoAPI
--- PASS: TestInfoAPI (0.02s)
=== RUN   TestInfoAPIWarnings
--- PASS: TestInfoAPIWarnings (0.80s)
    daemon.go:296: [d9b72ed31718d] waiting for daemon to start
    daemon.go:328: [d9b72ed31718d] daemon started
    daemon.go:283: [d9b72ed31718d] exiting daemon
=== RUN   TestLoginFailsWithBadCredentials
--- PASS: TestLoginFailsWithBadCredentials (0.40s)
=== RUN   TestVersion
--- PASS: TestVersion (0.01s)
=== CONT  TestCgroupDriverSystemdMemoryLimit
--- SKIP: TestCgroupDriverSystemdMemoryLimit (0.00s)
    cgroupdriver_systemd_test.go:35: systemd not available
PASS
Running /go/src/github.com/docker/docker/integration/volume
INFO: Testing against a local daemon
=== RUN   TestVolumesCreateAndList
--- PASS: TestVolumesCreateAndList (0.02s)
=== RUN   TestVolumesRemove
--- PASS: TestVolumesRemove (0.06s)
=== RUN   TestVolumesInspect
--- PASS: TestVolumesInspect (0.01s)
=== RUN   TestVolumesInvalidJSON
=== RUN   TestVolumesInvalidJSON//volumes/create
=== PAUSE TestVolumesInvalidJSON//volumes/create
=== CONT  TestVolumesInvalidJSON//volumes/create
--- PASS: TestVolumesInvalidJSON (0.01s)
    --- PASS: TestVolumesInvalidJSON//volumes/create (0.00s)
PASS
Running /go/src/github.com/docker/docker/integration/build
INFO: Testing against a local daemon
=== RUN   TestBuildWithSession
--- PASS: TestBuildWithSession (4.52s)
    daemon.go:296: [d1c8217731ea4] waiting for daemon to start
    daemon.go:328: [d1c8217731ea4] daemon started
    daemon.go:283: [d1c8217731ea4] exiting daemon
=== RUN   TestBuildSquashParent
--- SKIP: TestBuildSquashParent (0.00s)
    build_squash_test.go:23: !testEnv.DaemonInfo.ExperimentalBuild
=== RUN   TestBuildWithRemoveAndForceRemove
=== RUN   TestBuildWithRemoveAndForceRemove/successful_build_with_no_removal
=== PAUSE TestBuildWithRemoveAndForceRemove/successful_build_with_no_removal
=== RUN   TestBuildWithRemoveAndForceRemove/successful_build_with_remove
=== PAUSE TestBuildWithRemoveAndForceRemove/successful_build_with_remove
=== RUN   TestBuildWithRemoveAndForceRemove/successful_build_with_remove_and_force_remove
=== PAUSE TestBuildWithRemoveAndForceRemove/successful_build_with_remove_and_force_remove
=== RUN   TestBuildWithRemoveAndForceRemove/failed_build_with_no_removal
=== PAUSE TestBuildWithRemoveAndForceRemove/failed_build_with_no_removal
=== RUN   TestBuildWithRemoveAndForceRemove/failed_build_with_remove
=== PAUSE TestBuildWithRemoveAndForceRemove/failed_build_with_remove
=== RUN   TestBuildWithRemoveAndForceRemove/failed_build_with_remove_and_force_remove
=== PAUSE TestBuildWithRemoveAndForceRemove/failed_build_with_remove_and_force_remove
=== CONT  TestBuildWithRemoveAndForceRemove/successful_build_with_no_removal
=== CONT  TestBuildWithRemoveAndForceRemove/failed_build_with_remove_and_force_remove
=== CONT  TestBuildWithRemoveAndForceRemove/failed_build_with_remove
=== CONT  TestBuildWithRemoveAndForceRemove/failed_build_with_no_removal
=== CONT  TestBuildWithRemoveAndForceRemove/successful_build_with_remove_and_force_remove
=== CONT  TestBuildWithRemoveAndForceRemove/successful_build_with_remove
--- PASS: TestBuildWithRemoveAndForceRemove (0.02s)
    --- PASS: TestBuildWithRemoveAndForceRemove/failed_build_with_remove_and_force_remove (2.54s)
    --- PASS: TestBuildWithRemoveAndForceRemove/successful_build_with_no_removal (2.60s)
    --- PASS: TestBuildWithRemoveAndForceRemove/failed_build_with_no_removal (2.95s)
    --- PASS: TestBuildWithRemoveAndForceRemove/failed_build_with_remove (3.12s)
    --- PASS: TestBuildWithRemoveAndForceRemove/successful_build_with_remove_and_force_remove (1.82s)
    --- PASS: TestBuildWithRemoveAndForceRemove/successful_build_with_remove (2.71s)
=== RUN   TestBuildMultiStageParentConfig
--- PASS: TestBuildMultiStageParentConfig (34.28s)
    build_test.go:175: [{-1 1546619217 sha256:240b808803d29162d61a9ce83eef93edbabda087c37e343a55b6a7b4d15dc58e map[] sha256:5ebd30912c2b73f078762efb43836dc06f6917528289cb48442e45d449f3d291 [] [build1:latest] -1 4459754 4459754} {-1 1546619216 sha256:8743ddda563592b114c0e5a55e8a4e545122debe99ad78e04aab0390b18fd42c map[] sha256:0470604c8e7e3bc8a66eafa4f066b0a54c00f3ad63f2709f55ab10f78c4d15d4 [<none>@<none>] [<none>:<none>] -1 4459754 4459754} {-1 1546619212 sha256:b4fdd8ffa9258488e0e36921785abfdf62b338b1643ec1fe3d6e69c534181cf7 map[] sha256:36e9590454976dc0eb44c15bc80fe4fbd52aaa91df37ec76cd3ed245e1a12829 [<none>@<none>] [<none>:<none>] -1 4459754 4459754} {-1 1546619212 sha256:5a64b975a9f14160647e8f7c430aef76bbec8c3777bea6884fcdf2aa6d86f382 map[] sha256:36e9590454976dc0eb44c15bc80fe4fbd52aaa91df37ec76cd3ed245e1a12829 [<none>@<none>] [<none>:<none>] -1 4459754 4459754} {-1 1546619209 sha256:ef9f4c699acacd688075dcb2da7b1ad332f984a0b01956a7489e013a2775be5d map[] sha256:36e9590454976dc0eb44c15bc80fe4fbd52aaa91df37ec76cd3ed245e1a12829 [<none>@<none>] [<none>:<none>] -1 4459754 4459754} {-1 1546619209 sha256:6b069b63379fb7ee13cd9aa173b45e2f87b1aca06aa5ceebb46d102c7dc05d2f map[] sha256:36e9590454976dc0eb44c15bc80fe4fbd52aaa91df37ec76cd3ed245e1a12829 [<none>@<none>] [<none>:<none>] -1 4459754 4459754} {-1 1546619206 sha256:c10ec5d98aa01393ec6fdb79cd0ee1204cfdf8c87f44f211951d120b540c5d88 map[] sha256:36e9590454976dc0eb44c15bc80fe4fbd52aaa91df37ec76cd3ed245e1a12829 [<none>@<none>] [<none>:<none>] -1 4459754 4459754} {-1 1546619206 sha256:95b8a6b6bcfc39bcb8f77fff9ecbb20e51eea8c9b6f038205ed43bc2f2d6bd74 map[] sha256:36e9590454976dc0eb44c15bc80fe4fbd52aaa91df37ec76cd3ed245e1a12829 [<none>@<none>] [<none>:<none>] -1 4459754 4459754} {-1 1546619204 sha256:a227018a6a1de2354c6ad56fe31c38320d22fcd1a1aba19f5f6fdda419bcfe97 map[] sha256:9612e1b18c1e45dbb40221fa3ed80148e08e1e34a430acebc2306c51b80a99eb [<none>@<none>] [<none>:<none>] -1 4459780 4459780} {-1 1516785504 sha256:1e1e09d79a9fd4fa5faae6a9f150ecfe3e403a3efdfb78666c67227e656988b2 map[]  [] [busybox:glibc] -1 4476202 4476202} {-1 1511271291 sha256:3ab301db05ea4e52e26aadb6daabc1222e58c0be7cfa2b8945443d801b6b9585 map[]  [] [hello-world:frozen] -1 1976 1976} {-1 1509640958 sha256:9b0236353396efce03211408c208e6f90f31e7636682fa01f5eb4e38bbf571d6 map[]  [] [buildpack-deps:jessie] -1 595217275 595217275} {-1 1509610708 sha256:36e9590454976dc0eb44c15bc80fe4fbd52aaa91df37ec76cd3ed245e1a12829 map[]  [] [busybox:latest] -1 4459754 4459754} {-1 1507585344 sha256:de6513af1fcb9db380e4954f276ea347858dcb7bff0299953aa25c4abd54bc0b map[]  [] [debian:jessie] -1 129082379 129082379} {-1 1371157430 sha256:11f64303f0f7ffdc71f001788132bca5346831939a956e3e975c93267d89a16d map[]  [] [emptyfs:latest] -1 0 0}]
=== RUN   TestBuildLabelWithTargets
--- PASS: TestBuildLabelWithTargets (7.99s)
=== RUN   TestBuildWithEmptyLayers
--- PASS: TestBuildWithEmptyLayers (3.00s)
=== RUN   TestBuildMultiStageOnBuild
--- PASS: TestBuildMultiStageOnBuild (5.02s)
=== RUN   TestBuildUncleanTarFilenames
--- PASS: TestBuildUncleanTarFilenames (1.11s)
=== RUN   TestBuildMultiStageLayerLeak
--- PASS: TestBuildMultiStageLayerLeak (4.89s)
=== RUN   TestBuildWithHugeFile
--- PASS: TestBuildWithHugeFile (24.96s)
PASS
Running /go/src/github.com/docker/docker/integration/network
INFO: Testing against a local daemon
=== RUN   TestNetworkCreateDelete
--- PASS: TestNetworkCreateDelete (0.19s)
=== RUN   TestDockerNetworkDeletePreferID
--- PASS: TestDockerNetworkDeletePreferID (0.51s)
=== RUN   TestInspectNetwork
--- PASS: TestInspectNetwork (26.99s)
    daemon.go:296: [d5381f9e2b077] waiting for daemon to start
    daemon.go:328: [d5381f9e2b077] daemon started
    daemon.go:283: [d5381f9e2b077] exiting daemon
=== RUN   TestRunContainerWithBridgeNone
--- PASS: TestRunContainerWithBridgeNone (2.38s)
    daemon.go:296: [d2abeeab4c51c] waiting for daemon to start
    daemon.go:328: [d2abeeab4c51c] daemon started
    daemon.go:283: [d2abeeab4c51c] exiting daemon
=== RUN   TestNetworkInvalidJSON
=== RUN   TestNetworkInvalidJSON//networks/create
=== PAUSE TestNetworkInvalidJSON//networks/create
=== RUN   TestNetworkInvalidJSON//networks/bridge/connect
=== PAUSE TestNetworkInvalidJSON//networks/bridge/connect
=== RUN   TestNetworkInvalidJSON//networks/bridge/disconnect
=== PAUSE TestNetworkInvalidJSON//networks/bridge/disconnect
=== CONT  TestNetworkInvalidJSON//networks/create
=== CONT  TestNetworkInvalidJSON//networks/bridge/disconnect
=== CONT  TestNetworkInvalidJSON//networks/bridge/connect
--- PASS: TestNetworkInvalidJSON (0.03s)
    --- PASS: TestNetworkInvalidJSON//networks/create (0.01s)
    --- PASS: TestNetworkInvalidJSON//networks/bridge/disconnect (0.01s)
    --- PASS: TestNetworkInvalidJSON//networks/bridge/connect (0.00s)
=== RUN   TestDaemonRestartWithLiveRestore
--- PASS: TestDaemonRestartWithLiveRestore (1.03s)
    daemon.go:296: [d92ef53984667] waiting for daemon to start
    daemon.go:328: [d92ef53984667] daemon started
    daemon.go:283: [d92ef53984667] exiting daemon
    daemon.go:296: [d92ef53984667] waiting for daemon to start
    daemon.go:328: [d92ef53984667] daemon started
    daemon.go:283: [d92ef53984667] exiting daemon
=== RUN   TestDaemonDefaultNetworkPools
--- PASS: TestDaemonDefaultNetworkPools (0.75s)
    daemon.go:296: [d87da06b859f4] waiting for daemon to start
    daemon.go:328: [d87da06b859f4] daemon started
    daemon.go:283: [d87da06b859f4] exiting daemon
=== RUN   TestDaemonRestartWithExistingNetwork
--- PASS: TestDaemonRestartWithExistingNetwork (1.17s)
    daemon.go:296: [de939ee8efb3a] waiting for daemon to start
    daemon.go:328: [de939ee8efb3a] daemon started
    daemon.go:283: [de939ee8efb3a] exiting daemon
    daemon.go:296: [de939ee8efb3a] waiting for daemon to start
    daemon.go:328: [de939ee8efb3a] daemon started
    daemon.go:283: [de939ee8efb3a] exiting daemon
=== RUN   TestDaemonRestartWithExistingNetworkWithDefaultPoolRange
--- PASS: TestDaemonRestartWithExistingNetworkWithDefaultPoolRange (1.30s)
    daemon.go:296: [dd6ef6d9f9772] waiting for daemon to start
    daemon.go:328: [dd6ef6d9f9772] daemon started
    daemon.go:283: [dd6ef6d9f9772] exiting daemon
    daemon.go:296: [dd6ef6d9f9772] waiting for daemon to start
    daemon.go:328: [dd6ef6d9f9772] daemon started
    daemon.go:283: [dd6ef6d9f9772] exiting daemon
=== RUN   TestDaemonWithBipAndDefaultNetworkPool
--- PASS: TestDaemonWithBipAndDefaultNetworkPool (0.58s)
    daemon.go:296: [d39a1b2c591de] waiting for daemon to start
    daemon.go:328: [d39a1b2c591de] daemon started
    daemon.go:283: [d39a1b2c591de] exiting daemon
=== RUN   TestServiceWithPredefinedNetwork
--- PASS: TestServiceWithPredefinedNetwork (2.77s)
    daemon.go:296: [d1c20cb5bb152] waiting for daemon to start
    daemon.go:328: [d1c20cb5bb152] daemon started
    daemon.go:283: [d1c20cb5bb152] exiting daemon
=== RUN   TestServiceRemoveKeepsIngressNetwork
--- PASS: TestServiceRemoveKeepsIngressNetwork (12.83s)
    daemon.go:296: [d3efb544b0fda] waiting for daemon to start
    daemon.go:328: [d3efb544b0fda] daemon started
    daemon.go:283: [d3efb544b0fda] exiting daemon
=== RUN   TestServiceWithDataPathPortInit
--- PASS: TestServiceWithDataPathPortInit (5.53s)
    daemon.go:296: [d668c15818ce0] waiting for daemon to start
    daemon.go:328: [d668c15818ce0] daemon started
    daemon.go:283: [d668c15818ce0] exiting daemon
    daemon.go:296: [dee840a7bf3cc] waiting for daemon to start
    daemon.go:328: [dee840a7bf3cc] daemon started
    daemon.go:283: [dee840a7bf3cc] exiting daemon
=== RUN   TestServiceWithDefaultAddressPoolInit
--- PASS: TestServiceWithDefaultAddressPoolInit (5.64s)
    daemon.go:296: [dea4d9ffc3914] waiting for daemon to start
    daemon.go:328: [dea4d9ffc3914] daemon started
    service_test.go:415: TestServiceWithDefaultAddressPoolInit: NetworkInspect: {Name:saanvisthiraTestServiceWithDefaultAddressPoolInit ID:im30awjahweqco213mhno4ygc Created:2019-01-04 16:29:12.770748451 +0000 UTC Scope:swarm Driver:overlay EnableIPv6:false IPAM:{Driver:default Options:map[] Config:[{Subnet:20.20.0.0/24 IPRange: Gateway:20.20.0.1 AuxAddress:map[]}]} Internal:false Attachable:false Ingress:false ConfigFrom:{Network:} ConfigOnly:false Containers:map[] Options:map[com.docker.network.driver.overlay.vxlanid_list:4097] Labels:map[] Peers:[] Services:map[]}
    daemon.go:283: [dea4d9ffc3914] exiting daemon
    daemon.go:296: [d0f79ddc65baf] waiting for daemon to start
    daemon.go:328: [d0f79ddc65baf] daemon started
    daemon.go:283: [d0f79ddc65baf] exiting daemon
PASS
Running /go/src/github.com/docker/docker/integration/network/ipvlan
INFO: Testing against a local daemon
=== RUN   TestDockerNetworkIpvlanPersistance
--- PASS: TestDockerNetworkIpvlanPersistance (1.42s)
    daemon.go:296: [df068b96219c2] waiting for daemon to start
    daemon.go:328: [df068b96219c2] daemon started
    daemon.go:283: [df068b96219c2] exiting daemon
    daemon.go:296: [df068b96219c2] waiting for daemon to start
    daemon.go:328: [df068b96219c2] daemon started
    daemon.go:283: [df068b96219c2] exiting daemon
=== RUN   TestDockerNetworkIpvlan
=== RUN   TestDockerNetworkIpvlan/Subinterface
=== RUN   TestDockerNetworkIpvlan/OverlapParent
=== RUN   TestDockerNetworkIpvlan/L2NilParent
=== RUN   TestDockerNetworkIpvlan/L2InternalMode
=== RUN   TestDockerNetworkIpvlan/L3NilParent
/tmp/jenkins3652964233046025051.sh: line 22:   383 Terminated              docker run --rm -t --privileged -v "$WORKSPACE/bundles:/go/src/github.com/docker/docker/bundles" --name docker-pr-s390x$BUILD_NUMBER -e DOCKER_GRAPHDRIVER=vfs -e DOCKER_EXECDRIVER=native -e TIMEOUT="300m" -e DOCKER_GITCOMMIT=${GITCOMMIT} docker-s390x:$GITCOMMIT hack/ci/z
Set build name.
New build name is '#38474'
Build was aborted
Aborted by Gordon
[PostBuildScript] - Executing post build scripts.
[Docker-PRs-s390x] $ /bin/sh -xe /tmp/jenkins8494868038603872413.sh
+ echo Chowning /workspace to jenkins user
Chowning /workspace to jenkins user
+ id -u
+ id -g
+ docker run --rm -v /home/jenkins/workspace/Docker-PRs-s390x:/workspace s390x/busybox chown -R 1001:1001 /workspace
[Docker-PRs-s390x] $ /bin/sh -xe /tmp/jenkins2630250263418121813.sh
+ echo Creating bundles.tar.gz
Creating bundles.tar.gz
+ xargs tar -czf bundles.tar.gz
+ find bundles -name *.log
Archiving artifacts
Notifying endpoint with url 'https://leeroy.dockerproject.org/notification/jenkins'
Finished: ABORTED
