Started by user Gordon
Notifying endpoint with url 'https://leeroy.dockerproject.org/notification/jenkins'
[EnvInject] - Loading node environment variables.
Building remotely on ubuntu-1604-overlay2-stable (i-015f229add47b855b) (x86_64 ec2 ubuntu overlay2 linux ubuntu-1604 ubuntu-1604-overlay2-stable amd64 docker us-west-2) in workspace /home/ubuntu/workspace/Docker-PRs
Wiping out workspace first.
Cloning the remote Git repository
Cloning repository https://github.com/moby/moby.git
 > git init /home/ubuntu/workspace/Docker-PRs # timeout=10
Fetching upstream changes from https://github.com/moby/moby.git
 > git --version # timeout=10
 > git fetch --tags --progress https://github.com/moby/moby.git +refs/heads/*:refs/remotes/origin/*
 > git config remote.origin.url https://github.com/moby/moby.git # timeout=10
 > git config --add remote.origin.fetch +refs/heads/*:refs/remotes/origin/* # timeout=10
 > git config remote.origin.url https://github.com/moby/moby.git # timeout=10
Fetching upstream changes from https://github.com/moby/moby.git
 > git fetch --tags --progress https://github.com/moby/moby.git +refs/heads/*:refs/remotes/origin/*
 > git rev-parse origin/master^{commit} # timeout=10
Checking out Revision 77df18c24acf62778f132d30a058d559a0b8b2ba (origin/master)
 > git config core.sparsecheckout # timeout=10
 > git checkout -f 77df18c24acf62778f132d30a058d559a0b8b2ba
Commit message: "Merge pull request #38509 from thaJeztah/bump_containerd_v1.2.2"
 > git rev-list --no-walk 77df18c24acf62778f132d30a058d559a0b8b2ba # timeout=10
Set build name.
New build name is '#38499'
[Docker-PRs] $ /bin/bash /tmp/jenkins7910575173088044453.sh
From https://github.com/moby/moby
 * [new ref]         refs/pull/38499/head -> origin/pr/38499
Merge made by the 'recursive' strategy.
 integration/service/update_test.go | 34 +++++++++++++++++++++++++++-------
 1 file changed, 27 insertions(+), 7 deletions(-)
Sending build context to Docker daemon  45.11MB
Step 1/94 : FROM golang:1.11.4 AS base
 ---> 343df9d12b7b
Step 2/94 : ARG APT_MIRROR=deb.debian.org
 ---> Using cache
 ---> ca9b089190d6
Step 3/94 : RUN sed -ri "s/(httpredir|deb).debian.org/$APT_MIRROR/g" /etc/apt/sources.list
 ---> Using cache
 ---> 83539bc066f2
Step 4/94 : FROM base AS criu
 ---> 83539bc066f2
Step 5/94 : ENV CRIU_VERSION 3.6
 ---> Using cache
 ---> 0ea1806027bd
Step 6/94 : RUN apt-get update && apt-get install -y 	libnet-dev 	libprotobuf-c0-dev 	libprotobuf-dev 	libnl-3-dev 	libcap-dev 	protobuf-compiler 	protobuf-c-compiler 	python-protobuf 	&& mkdir -p /usr/src/criu 	&& curl -sSL https://github.com/checkpoint-restore/criu/archive/v${CRIU_VERSION}.tar.gz | tar -C /usr/src/criu/ -xz --strip-components=1 	&& cd /usr/src/criu 	&& make 	&& make PREFIX=/build/ install-criu
 ---> Using cache
 ---> 4ff321f0f363
Step 7/94 : FROM base AS registry
 ---> 83539bc066f2
Step 8/94 : ENV REGISTRY_COMMIT_SCHEMA1 ec87e9b6971d831f0eff752ddb54fb64693e51cd
 ---> Using cache
 ---> 2337c9c50393
Step 9/94 : ENV REGISTRY_COMMIT 47a064d4195a9b56133891bbb13620c3ac83a827
 ---> Using cache
 ---> 0b7131feb68f
Step 10/94 : RUN set -x 	&& export GOPATH="$(mktemp -d)" 	&& git clone https://github.com/docker/distribution.git "$GOPATH/src/github.com/docker/distribution" 	&& (cd "$GOPATH/src/github.com/docker/distribution" && git checkout -q "$REGISTRY_COMMIT") 	&& GOPATH="$GOPATH/src/github.com/docker/distribution/Godeps/_workspace:$GOPATH" 		go build -buildmode=pie -o /build/registry-v2 github.com/docker/distribution/cmd/registry 	&& case $(dpkg --print-architecture) in 		amd64|ppc64*|s390x) 		(cd "$GOPATH/src/github.com/docker/distribution" && git checkout -q "$REGISTRY_COMMIT_SCHEMA1"); 		GOPATH="$GOPATH/src/github.com/docker/distribution/Godeps/_workspace:$GOPATH"; 			go build -buildmode=pie -o /build/registry-v2-schema1 github.com/docker/distribution/cmd/registry; 		;; 	   esac 	&& rm -rf "$GOPATH"
 ---> Using cache
 ---> 8fe943ed16bb
Step 11/94 : FROM base AS docker-py
 ---> 83539bc066f2
Step 12/94 : ENV DOCKER_PY_COMMIT 8b246db271a85d6541dc458838627e89c683e42f
 ---> Using cache
 ---> 6842d8c7ff38
Step 13/94 : RUN git clone https://github.com/docker/docker-py.git /build 	&& cd /build 	&& git checkout -q $DOCKER_PY_COMMIT
 ---> Using cache
 ---> aa44a62d6be5
Step 14/94 : FROM base AS swagger
 ---> 83539bc066f2
Step 15/94 : ENV GO_SWAGGER_COMMIT c28258affb0b6251755d92489ef685af8d4ff3eb
 ---> Using cache
 ---> 656817e79c02
Step 16/94 : RUN set -x 	&& export GOPATH="$(mktemp -d)" 	&& git clone https://github.com/go-swagger/go-swagger.git "$GOPATH/src/github.com/go-swagger/go-swagger" 	&& (cd "$GOPATH/src/github.com/go-swagger/go-swagger" && git checkout -q "$GO_SWAGGER_COMMIT") 	&& go build -o /build/swagger github.com/go-swagger/go-swagger/cmd/swagger 	&& rm -rf "$GOPATH"
 ---> Using cache
 ---> a576432e049b
Step 17/94 : FROM base AS frozen-images
 ---> 83539bc066f2
Step 18/94 : RUN apt-get update && apt-get install -y jq ca-certificates --no-install-recommends
 ---> Using cache
 ---> 06436a64a8b3
Step 19/94 : COPY contrib/download-frozen-image-v2.sh /
 ---> Using cache
 ---> 755a8b7cd8b1
Step 20/94 : RUN /download-frozen-image-v2.sh /build 	buildpack-deps:jessie@sha256:dd86dced7c9cd2a724e779730f0a53f93b7ef42228d4344b25ce9a42a1486251 	busybox:latest@sha256:bbc3a03235220b170ba48a157dd097dd1379299370e1ed99ce976df0355d24f0 	busybox:glibc@sha256:0b55a30394294ab23b9afd58fab94e61a923f5834fba7ddbae7f8e0c11ba85e6 	debian:jessie@sha256:287a20c5f73087ab406e6b364833e3fb7b3ae63ca0eb3486555dc27ed32c6e60 	hello-world:latest@sha256:be0cd392e45be79ffeffa6b05338b98ebb16c87b255f48e297ec7f98e123905c
 ---> Using cache
 ---> f1acf1f6c8cb
Step 21/94 : FROM base AS runtime-dev
 ---> 83539bc066f2
Step 22/94 : RUN apt-get update && apt-get install -y 	libapparmor-dev 	libseccomp-dev
 ---> Using cache
 ---> 15fb716fdc7b
Step 23/94 : FROM base AS tomlv
 ---> 83539bc066f2
Step 24/94 : ENV INSTALL_BINARY_NAME=tomlv
 ---> Using cache
 ---> 611d2d07f2b9
Step 25/94 : COPY hack/dockerfile/install/install.sh ./install.sh
 ---> Using cache
 ---> aca2757314f4
Step 26/94 : COPY hack/dockerfile/install/$INSTALL_BINARY_NAME.installer ./
 ---> Using cache
 ---> 79fe8b8b2c35
Step 27/94 : RUN PREFIX=/build ./install.sh $INSTALL_BINARY_NAME
 ---> Using cache
 ---> cac5afc16383
Step 28/94 : FROM base AS vndr
 ---> 83539bc066f2
Step 29/94 : ENV INSTALL_BINARY_NAME=vndr
 ---> Using cache
 ---> a05f81191e76
Step 30/94 : COPY hack/dockerfile/install/install.sh ./install.sh
 ---> Using cache
 ---> 66ab10972cb4
Step 31/94 : COPY hack/dockerfile/install/$INSTALL_BINARY_NAME.installer ./
 ---> Using cache
 ---> 74e96f4142d8
Step 32/94 : RUN PREFIX=/build ./install.sh $INSTALL_BINARY_NAME
 ---> Using cache
 ---> 5798e86b5bc7
Step 33/94 : FROM base AS containerd
 ---> 83539bc066f2
Step 34/94 : RUN apt-get update && apt-get install -y btrfs-tools
 ---> Using cache
 ---> 50dd9b337d24
Step 35/94 : ENV INSTALL_BINARY_NAME=containerd
 ---> Using cache
 ---> 9548922853b8
Step 36/94 : COPY hack/dockerfile/install/install.sh ./install.sh
 ---> Using cache
 ---> 5191220aa35e
Step 37/94 : COPY hack/dockerfile/install/$INSTALL_BINARY_NAME.installer ./
 ---> Using cache
 ---> 94b4ae121d9b
Step 38/94 : RUN PREFIX=/build ./install.sh $INSTALL_BINARY_NAME
 ---> Using cache
 ---> 352d0e89479c
Step 39/94 : FROM base AS proxy
 ---> 83539bc066f2
Step 40/94 : ENV INSTALL_BINARY_NAME=proxy
 ---> Using cache
 ---> 1d73ecfc465f
Step 41/94 : COPY hack/dockerfile/install/install.sh ./install.sh
 ---> Using cache
 ---> fc84e6b0c375
Step 42/94 : COPY hack/dockerfile/install/$INSTALL_BINARY_NAME.installer ./
 ---> Using cache
 ---> 0cd2ea958d6b
Step 43/94 : RUN PREFIX=/build ./install.sh $INSTALL_BINARY_NAME
 ---> Using cache
 ---> 62f1dc72ad08
Step 44/94 : FROM base AS gometalinter
 ---> 83539bc066f2
Step 45/94 : ENV INSTALL_BINARY_NAME=gometalinter
 ---> Using cache
 ---> 6fff6e7ace53
Step 46/94 : COPY hack/dockerfile/install/install.sh ./install.sh
 ---> Using cache
 ---> dc3836a6407a
Step 47/94 : COPY hack/dockerfile/install/$INSTALL_BINARY_NAME.installer ./
 ---> Using cache
 ---> f60f384f4d5d
Step 48/94 : RUN PREFIX=/build ./install.sh $INSTALL_BINARY_NAME
 ---> Using cache
 ---> 5e285ba0de7e
Step 49/94 : FROM base AS dockercli
 ---> 83539bc066f2
Step 50/94 : ENV INSTALL_BINARY_NAME=dockercli
 ---> Using cache
 ---> 34d6fb9d9ca0
Step 51/94 : COPY hack/dockerfile/install/install.sh ./install.sh
 ---> Using cache
 ---> 4e97f950f33d
Step 52/94 : COPY hack/dockerfile/install/$INSTALL_BINARY_NAME.installer ./
 ---> Using cache
 ---> 8511a7db83af
Step 53/94 : RUN PREFIX=/build ./install.sh $INSTALL_BINARY_NAME
 ---> Using cache
 ---> 7dd71f2dca28
Step 54/94 : FROM runtime-dev AS runc
 ---> 15fb716fdc7b
Step 55/94 : ENV INSTALL_BINARY_NAME=runc
 ---> Using cache
 ---> 35259389690a
Step 56/94 : COPY hack/dockerfile/install/install.sh ./install.sh
 ---> Using cache
 ---> af77cc1550d5
Step 57/94 : COPY hack/dockerfile/install/$INSTALL_BINARY_NAME.installer ./
 ---> Using cache
 ---> 86da0622432e
Step 58/94 : RUN PREFIX=/build ./install.sh $INSTALL_BINARY_NAME
 ---> Using cache
 ---> e96bc4c9e5d3
Step 59/94 : FROM base AS tini
 ---> 83539bc066f2
Step 60/94 : RUN apt-get update && apt-get install -y cmake vim-common
 ---> Using cache
 ---> 3962845e7e02
Step 61/94 : COPY hack/dockerfile/install/install.sh ./install.sh
 ---> Using cache
 ---> ca3672057e28
Step 62/94 : ENV INSTALL_BINARY_NAME=tini
 ---> Using cache
 ---> f8b75e5fff64
Step 63/94 : COPY hack/dockerfile/install/$INSTALL_BINARY_NAME.installer ./
 ---> Using cache
 ---> e26ef452b0d4
Step 64/94 : RUN PREFIX=/build ./install.sh $INSTALL_BINARY_NAME
 ---> Using cache
 ---> 43dfd59dc583
Step 65/94 : FROM runtime-dev AS dev
 ---> 15fb716fdc7b
Step 66/94 : RUN groupadd -r docker
 ---> Using cache
 ---> 746f46590185
Step 67/94 : RUN useradd --create-home --gid docker unprivilegeduser
 ---> Using cache
 ---> 7be67e7d8dd0
Step 68/94 : RUN ln -sfv /go/src/github.com/docker/docker/.bashrc ~/.bashrc
 ---> Using cache
 ---> 2ec021e5a00f
Step 69/94 : RUN echo "source /usr/share/bash-completion/bash_completion" >> /etc/bash.bashrc
 ---> Using cache
 ---> 89a9568ae84b
Step 70/94 : RUN ln -s /usr/local/completion/bash/docker /etc/bash_completion.d/docker
 ---> Using cache
 ---> 0e0244905542
Step 71/94 : RUN ldconfig
 ---> Using cache
 ---> 0abac14c968e
Step 72/94 : RUN apt-get update && apt-get install -y 	apparmor 	aufs-tools 	bash-completion 	btrfs-tools 	iptables 	jq 	libcap2-bin 	libdevmapper-dev 	libudev-dev 	libsystemd-dev 	binutils-mingw-w64 	g++-mingw-w64-x86-64 	net-tools 	pigz 	python-backports.ssl-match-hostname 	python-dev 	python-mock 	python-pip 	python-requests 	python-setuptools 	python-websocket 	python-wheel 	thin-provisioning-tools 	vim 	vim-common 	xfsprogs 	zip 	bzip2 	xz-utils 	--no-install-recommends
 ---> Using cache
 ---> fa8428381ddc
Step 73/94 : COPY --from=swagger /build/swagger* /usr/local/bin/
 ---> Using cache
 ---> 5a183756f401
Step 74/94 : COPY --from=frozen-images /build/ /docker-frozen-images
 ---> Using cache
 ---> a994692b0392
Step 75/94 : COPY --from=gometalinter /build/ /usr/local/bin/
 ---> Using cache
 ---> bae705b46891
Step 76/94 : COPY --from=tomlv /build/ /usr/local/bin/
 ---> Using cache
 ---> 068b43ffa16f
Step 77/94 : COPY --from=vndr /build/ /usr/local/bin/
 ---> Using cache
 ---> 803e25fcb90e
Step 78/94 : COPY --from=tini /build/ /usr/local/bin/
 ---> Using cache
 ---> 1bf32b0b6e30
Step 79/94 : COPY --from=runc /build/ /usr/local/bin/
 ---> Using cache
 ---> 4097695e368b
Step 80/94 : COPY --from=containerd /build/ /usr/local/bin/
 ---> Using cache
 ---> bba3db71a8a6
Step 81/94 : COPY --from=proxy /build/ /usr/local/bin/
 ---> Using cache
 ---> 012be1e6649a
Step 82/94 : COPY --from=dockercli /build/ /usr/local/cli
 ---> Using cache
 ---> eee65f6b8d12
Step 83/94 : COPY --from=registry /build/registry* /usr/local/bin/
 ---> Using cache
 ---> 603b4f66dfb1
Step 84/94 : COPY --from=criu /build/ /usr/local/
 ---> Using cache
 ---> 12f9dd4c5e2e
Step 85/94 : COPY --from=docker-py /build/ /docker-py
 ---> Using cache
 ---> f8649f5aee72
Step 86/94 : RUN cd /docker-py 	&& pip install docker-pycreds==0.2.1 	&& pip install yamllint==1.5.0 	&& pip install -r test-requirements.txt
 ---> Using cache
 ---> 8a8d75b1798f
Step 87/94 : ENV PATH=/usr/local/cli:$PATH
 ---> Using cache
 ---> e0d9b928f4b5
Step 88/94 : ENV DOCKER_BUILDTAGS apparmor seccomp selinux
 ---> Using cache
 ---> c779cb8bcd84
Step 89/94 : ENV GOMETALINTER_OPTS="--deadline=2m"
 ---> Using cache
 ---> d773c2828fe3
Step 90/94 : WORKDIR /go/src/github.com/docker/docker
 ---> Using cache
 ---> 84c0af7a05dc
Step 91/94 : VOLUME /var/lib/docker
 ---> Using cache
 ---> 3b9a0b42cf32
Step 92/94 : ENTRYPOINT ["hack/dind"]
 ---> Using cache
 ---> 27a46fbafe75
Step 93/94 : FROM dev AS final
 ---> 27a46fbafe75
Step 94/94 : COPY . /go/src/github.com/docker/docker
 ---> 319d11e3c740
Successfully built 319d11e3c740
Successfully tagged docker:b0963a1
Congratulations!  All commits are properly signed with the DCO!
Congratulations!  "./pkg/..." is safely isolated from internal code.
No api/types/ or api/swagger.yaml changes in diff.
Congratulations!  No testing.T found.
Congratulations!  All toml source files changed here have valid syntax.
Congratulations!  Changelog CHANGELOG.md is well-formed.
Congratulations!  Changelog CHANGELOG.md dates are in descending order.
Congratulations!  No new tests added to integration-cli.
?   	github.com/docker/docker/api	[no test files]
ok  	github.com/docker/docker/api/server	0.004s	coverage: 7.9% of statements
Set build name.
New build name is '#38499'
Build was aborted
Aborted by Gordon
[PostBuildScript] - Executing post build scripts.
[Docker-PRs] $ /bin/sh -xe /tmp/jenkins1448732010895092716.sh
+ echo Ensuring container killed.
Ensuring container killed.
+ docker rm -vf docker-pr52457
/tmp/jenkins7910575173088044453.sh: line 26:  2401 Terminated              docker run --rm -t --privileged -v "$WORKSPACE/bundles:/go/src/github.com/docker/docker/bundles" -v "$WORKSPACE/.git:/go/src/github.com/docker/docker/.git" --name docker-pr$BUILD_NUMBER -e DOCKER_GITCOMMIT=${GITCOMMIT} -e DOCKER_GRAPHDRIVER=vfs -e DOCKER_EXECDRIVER=native -e CODECOV_TOKEN -e GIT_SHA1 docker:$GITCOMMIT hack/ci/janky
docker-pr52457
+ echo Chowning /workspace to jenkins user
Chowning /workspace to jenkins user
+ id -u
+ id -g
+ docker run --rm -v /home/ubuntu/workspace/Docker-PRs:/workspace busybox chown -R 1000:1000 /workspace
[Docker-PRs] $ /bin/sh -xe /tmp/jenkins524512173978477973.sh
+ echo Creating bundles.tar.gz
Creating bundles.tar.gz
+ xargs tar -czf bundles.tar.gz
+ find bundles -name *.log -o -name *.prof -o -name integration.test
tar: Cowardly refusing to create an empty archive
Try 'tar --help' or 'tar --usage' for more information.
+ true
Archiving artifacts
Notifying endpoint with url 'https://leeroy.dockerproject.org/notification/jenkins'
[WS-CLEANUP] Deleting project workspace...[WS-CLEANUP] done
Finished: ABORTED
