Started by user Gordon
Notifying endpoint with url 'https://leeroy.dockerproject.org/notification/jenkins'
[EnvInject] - Loading node environment variables.
Building remotely on ubuntu-1604-overlay2-stable (i-041fae22a1e6de22f) (x86_64 ec2 ubuntu overlay2 linux ubuntu-1604 ubuntu-1604-overlay2-stable amd64 docker us-west-2) in workspace /home/ubuntu/workspace/Docker-PRs
Wiping out workspace first.
Cloning the remote Git repository
Cloning repository https://github.com/moby/moby.git
 > git init /home/ubuntu/workspace/Docker-PRs # timeout=10
Fetching upstream changes from https://github.com/moby/moby.git
 > git --version # timeout=10
 > git fetch --tags --progress https://github.com/moby/moby.git +refs/heads/*:refs/remotes/origin/*
 > git config remote.origin.url https://github.com/moby/moby.git # timeout=10
 > git config --add remote.origin.fetch +refs/heads/*:refs/remotes/origin/* # timeout=10
 > git config remote.origin.url https://github.com/moby/moby.git # timeout=10
Fetching upstream changes from https://github.com/moby/moby.git
 > git fetch --tags --progress https://github.com/moby/moby.git +refs/heads/*:refs/remotes/origin/*
 > git rev-parse origin/master^{commit} # timeout=10
Checking out Revision 5a718ef0f94f605fe4e4885937133c2f76ad2a41 (origin/master)
 > git config core.sparsecheckout # timeout=10
 > git checkout -f 5a718ef0f94f605fe4e4885937133c2f76ad2a41
Commit message: "Merge pull request #38496 from Microsoft/jjh/dockerfile.windows"
 > git rev-list --no-walk 5a718ef0f94f605fe4e4885937133c2f76ad2a41 # timeout=10
Set build name.
New build name is '#38487'
[Docker-PRs] $ /bin/bash /tmp/jenkins3557868246837968963.sh
From https://github.com/moby/moby
 * [new ref]         refs/pull/38487/head -> origin/pr/38487
Auto-merging integration/build/build_test.go
Merge made by the 'recursive' strategy.
 builder/remotecontext/detect.go                    |  9 +++-
 integration/build/build_test.go                    | 46 ++++++++++++++++++
 vendor.conf                                        |  2 +-
 vendor/github.com/moby/buildkit/README.md          | 56 +++++-----------------
 .../dockerfile/dockerfile2llb/convert_secrets.go   | 16 +++++++
 .../dockerfile/dockerfile2llb/convert_ssh.go       | 17 ++++++-
 .../dockerfile/instructions/commands_runmount.go   | 35 ++++++++++++++
 .../buildkit/frontend/dockerfile/parser/parser.go  |  5 ++
 .../moby/buildkit/snapshot/snapshotter.go          |  2 +-
 .../moby/buildkit/solver/llbsolver/ops/exec.go     |  4 +-
 vendor/github.com/moby/buildkit/vendor.conf        |  8 ++--
 11 files changed, 145 insertions(+), 55 deletions(-)
Sending build context to Docker daemon  45.11MB
Step 1/94 : FROM golang:1.11.4 AS base
 ---> 343df9d12b7b
Step 2/94 : ARG APT_MIRROR=deb.debian.org
 ---> Using cache
 ---> 48b7b4c8b952
Step 3/94 : RUN sed -ri "s/(httpredir|deb).debian.org/$APT_MIRROR/g" /etc/apt/sources.list
 ---> Using cache
 ---> 28372776378f
Step 4/94 : FROM base AS criu
 ---> 28372776378f
Step 5/94 : ENV CRIU_VERSION 3.6
 ---> Using cache
 ---> c2010ba539bb
Step 6/94 : RUN apt-get update && apt-get install -y 	libnet-dev 	libprotobuf-c0-dev 	libprotobuf-dev 	libnl-3-dev 	libcap-dev 	protobuf-compiler 	protobuf-c-compiler 	python-protobuf 	&& mkdir -p /usr/src/criu 	&& curl -sSL https://github.com/checkpoint-restore/criu/archive/v${CRIU_VERSION}.tar.gz | tar -C /usr/src/criu/ -xz --strip-components=1 	&& cd /usr/src/criu 	&& make 	&& make PREFIX=/build/ install-criu
 ---> Using cache
 ---> 9db6194d9f31
Step 7/94 : FROM base AS registry
 ---> 28372776378f
Step 8/94 : ENV REGISTRY_COMMIT_SCHEMA1 ec87e9b6971d831f0eff752ddb54fb64693e51cd
 ---> Using cache
 ---> 852fcd0dae89
Step 9/94 : ENV REGISTRY_COMMIT 47a064d4195a9b56133891bbb13620c3ac83a827
 ---> Using cache
 ---> 3bf7d8d34a72
Step 10/94 : RUN set -x 	&& export GOPATH="$(mktemp -d)" 	&& git clone https://github.com/docker/distribution.git "$GOPATH/src/github.com/docker/distribution" 	&& (cd "$GOPATH/src/github.com/docker/distribution" && git checkout -q "$REGISTRY_COMMIT") 	&& GOPATH="$GOPATH/src/github.com/docker/distribution/Godeps/_workspace:$GOPATH" 		go build -buildmode=pie -o /build/registry-v2 github.com/docker/distribution/cmd/registry 	&& case $(dpkg --print-architecture) in 		amd64|ppc64*|s390x) 		(cd "$GOPATH/src/github.com/docker/distribution" && git checkout -q "$REGISTRY_COMMIT_SCHEMA1"); 		GOPATH="$GOPATH/src/github.com/docker/distribution/Godeps/_workspace:$GOPATH"; 			go build -buildmode=pie -o /build/registry-v2-schema1 github.com/docker/distribution/cmd/registry; 		;; 	   esac 	&& rm -rf "$GOPATH"
 ---> Using cache
 ---> 0255b9267b57
Step 11/94 : FROM base AS docker-py
 ---> 28372776378f
Step 12/94 : ENV DOCKER_PY_COMMIT 8b246db271a85d6541dc458838627e89c683e42f
 ---> Using cache
 ---> 28d2af33fe53
Step 13/94 : RUN git clone https://github.com/docker/docker-py.git /build 	&& cd /build 	&& git checkout -q $DOCKER_PY_COMMIT
 ---> Using cache
 ---> ba7f373bf7b3
Step 14/94 : FROM base AS swagger
 ---> 28372776378f
Step 15/94 : ENV GO_SWAGGER_COMMIT c28258affb0b6251755d92489ef685af8d4ff3eb
 ---> Using cache
 ---> 4a6e4fd83c5d
Step 16/94 : RUN set -x 	&& export GOPATH="$(mktemp -d)" 	&& git clone https://github.com/go-swagger/go-swagger.git "$GOPATH/src/github.com/go-swagger/go-swagger" 	&& (cd "$GOPATH/src/github.com/go-swagger/go-swagger" && git checkout -q "$GO_SWAGGER_COMMIT") 	&& go build -o /build/swagger github.com/go-swagger/go-swagger/cmd/swagger 	&& rm -rf "$GOPATH"
 ---> Using cache
 ---> e3399bf0c2da
Step 17/94 : FROM base AS frozen-images
 ---> 28372776378f
Step 18/94 : RUN apt-get update && apt-get install -y jq ca-certificates --no-install-recommends
 ---> Using cache
 ---> ab85b7f081c3
Step 19/94 : COPY contrib/download-frozen-image-v2.sh /
 ---> Using cache
 ---> 7ee70c7fcaf1
Step 20/94 : RUN /download-frozen-image-v2.sh /build 	buildpack-deps:jessie@sha256:dd86dced7c9cd2a724e779730f0a53f93b7ef42228d4344b25ce9a42a1486251 	busybox:latest@sha256:bbc3a03235220b170ba48a157dd097dd1379299370e1ed99ce976df0355d24f0 	busybox:glibc@sha256:0b55a30394294ab23b9afd58fab94e61a923f5834fba7ddbae7f8e0c11ba85e6 	debian:jessie@sha256:287a20c5f73087ab406e6b364833e3fb7b3ae63ca0eb3486555dc27ed32c6e60 	hello-world:latest@sha256:be0cd392e45be79ffeffa6b05338b98ebb16c87b255f48e297ec7f98e123905c
 ---> Using cache
 ---> 6dbc671bc03f
Step 21/94 : FROM base AS runtime-dev
 ---> 28372776378f
Step 22/94 : RUN apt-get update && apt-get install -y 	libapparmor-dev 	libseccomp-dev
 ---> Using cache
 ---> ac204c7363de
Step 23/94 : FROM base AS tomlv
 ---> 28372776378f
Step 24/94 : ENV INSTALL_BINARY_NAME=tomlv
 ---> Using cache
 ---> caccc87edabb
Step 25/94 : COPY hack/dockerfile/install/install.sh ./install.sh
 ---> Using cache
 ---> 9591d3e1514c
Step 26/94 : COPY hack/dockerfile/install/$INSTALL_BINARY_NAME.installer ./
 ---> Using cache
 ---> ce473307a3c0
Step 27/94 : RUN PREFIX=/build ./install.sh $INSTALL_BINARY_NAME
 ---> Using cache
 ---> a91848a59ff1
Step 28/94 : FROM base AS vndr
 ---> 28372776378f
Step 29/94 : ENV INSTALL_BINARY_NAME=vndr
 ---> Using cache
 ---> b595babb0336
Step 30/94 : COPY hack/dockerfile/install/install.sh ./install.sh
 ---> Using cache
 ---> c1b581af29a2
Step 31/94 : COPY hack/dockerfile/install/$INSTALL_BINARY_NAME.installer ./
 ---> Using cache
 ---> d78bd1c477cd
Step 32/94 : RUN PREFIX=/build ./install.sh $INSTALL_BINARY_NAME
 ---> Using cache
 ---> bcbf64ba05ef
Step 33/94 : FROM base AS containerd
 ---> 28372776378f
Step 34/94 : RUN apt-get update && apt-get install -y btrfs-tools
 ---> Using cache
 ---> 456bffe9b7b0
Step 35/94 : ENV INSTALL_BINARY_NAME=containerd
 ---> Using cache
 ---> 851c9e11474d
Step 36/94 : COPY hack/dockerfile/install/install.sh ./install.sh
 ---> Using cache
 ---> 98ecdb418161
Step 37/94 : COPY hack/dockerfile/install/$INSTALL_BINARY_NAME.installer ./
 ---> Using cache
 ---> 158fc975799f
Step 38/94 : RUN PREFIX=/build ./install.sh $INSTALL_BINARY_NAME
 ---> Using cache
 ---> 3ec85db11652
Step 39/94 : FROM base AS proxy
 ---> 28372776378f
Step 40/94 : ENV INSTALL_BINARY_NAME=proxy
 ---> Using cache
 ---> d2dbf68b2e1e
Step 41/94 : COPY hack/dockerfile/install/install.sh ./install.sh
 ---> Using cache
 ---> 8a0537c4b21c
Step 42/94 : COPY hack/dockerfile/install/$INSTALL_BINARY_NAME.installer ./
 ---> Using cache
 ---> 1585836d6f63
Step 43/94 : RUN PREFIX=/build ./install.sh $INSTALL_BINARY_NAME
 ---> Using cache
 ---> 448544106adc
Step 44/94 : FROM base AS gometalinter
 ---> 28372776378f
Step 45/94 : ENV INSTALL_BINARY_NAME=gometalinter
 ---> Using cache
 ---> 0e9a6e2ae036
Step 46/94 : COPY hack/dockerfile/install/install.sh ./install.sh
 ---> Using cache
 ---> 8f2e8077230e
Step 47/94 : COPY hack/dockerfile/install/$INSTALL_BINARY_NAME.installer ./
 ---> Using cache
 ---> b298d98d0bbf
Step 48/94 : RUN PREFIX=/build ./install.sh $INSTALL_BINARY_NAME
 ---> Using cache
 ---> 1b4aa4a2ef11
Step 49/94 : FROM base AS dockercli
 ---> 28372776378f
Step 50/94 : ENV INSTALL_BINARY_NAME=dockercli
 ---> Using cache
 ---> 456757059968
Step 51/94 : COPY hack/dockerfile/install/install.sh ./install.sh
 ---> Using cache
 ---> b18814a07cd1
Step 52/94 : COPY hack/dockerfile/install/$INSTALL_BINARY_NAME.installer ./
 ---> Using cache
 ---> ee90b59c51cf
Step 53/94 : RUN PREFIX=/build ./install.sh $INSTALL_BINARY_NAME
 ---> Using cache
 ---> b72f14fd6cd5
Step 54/94 : FROM runtime-dev AS runc
 ---> ac204c7363de
Step 55/94 : ENV INSTALL_BINARY_NAME=runc
 ---> Using cache
 ---> f7ed9aeb8be6
Step 56/94 : COPY hack/dockerfile/install/install.sh ./install.sh
 ---> Using cache
 ---> 484659b691b6
Step 57/94 : COPY hack/dockerfile/install/$INSTALL_BINARY_NAME.installer ./
 ---> Using cache
 ---> ec3af017f6ad
Step 58/94 : RUN PREFIX=/build ./install.sh $INSTALL_BINARY_NAME
 ---> Using cache
 ---> 0ee9334e965d
Step 59/94 : FROM base AS tini
 ---> 28372776378f
Step 60/94 : RUN apt-get update && apt-get install -y cmake vim-common
 ---> Using cache
 ---> 24355cc809f3
Step 61/94 : COPY hack/dockerfile/install/install.sh ./install.sh
 ---> Using cache
 ---> 22e77aef363f
Step 62/94 : ENV INSTALL_BINARY_NAME=tini
 ---> Using cache
 ---> 7300f4531dd3
Step 63/94 : COPY hack/dockerfile/install/$INSTALL_BINARY_NAME.installer ./
 ---> Using cache
 ---> 4dba1fc81d03
Step 64/94 : RUN PREFIX=/build ./install.sh $INSTALL_BINARY_NAME
 ---> Using cache
 ---> 89b28df2d605
Step 65/94 : FROM runtime-dev AS dev
 ---> ac204c7363de
Step 66/94 : RUN groupadd -r docker
 ---> Using cache
 ---> 9413b5c46b29
Step 67/94 : RUN useradd --create-home --gid docker unprivilegeduser
 ---> Using cache
 ---> b6ba56d69d51
Step 68/94 : RUN ln -sfv /go/src/github.com/docker/docker/.bashrc ~/.bashrc
 ---> Using cache
 ---> bec9cebee2bb
Step 69/94 : RUN echo "source /usr/share/bash-completion/bash_completion" >> /etc/bash.bashrc
 ---> Using cache
 ---> df319eeb4893
Step 70/94 : RUN ln -s /usr/local/completion/bash/docker /etc/bash_completion.d/docker
 ---> Using cache
 ---> f7825383be9e
Step 71/94 : RUN ldconfig
 ---> Using cache
 ---> 31cd2f0956c2
Step 72/94 : RUN apt-get update && apt-get install -y 	apparmor 	aufs-tools 	bash-completion 	btrfs-tools 	iptables 	jq 	libcap2-bin 	libdevmapper-dev 	libudev-dev 	libsystemd-dev 	binutils-mingw-w64 	g++-mingw-w64-x86-64 	net-tools 	pigz 	python-backports.ssl-match-hostname 	python-dev 	python-mock 	python-pip 	python-requests 	python-setuptools 	python-websocket 	python-wheel 	thin-provisioning-tools 	vim 	vim-common 	xfsprogs 	zip 	bzip2 	xz-utils 	--no-install-recommends
 ---> Using cache
 ---> ad95f5e2f3a2
Step 73/94 : COPY --from=swagger /build/swagger* /usr/local/bin/
 ---> Using cache
 ---> 6a88bfecd8d8
Step 74/94 : COPY --from=frozen-images /build/ /docker-frozen-images
 ---> Using cache
 ---> c0cd19d99f77
Step 75/94 : COPY --from=gometalinter /build/ /usr/local/bin/
 ---> Using cache
 ---> 9b517c899176
Step 76/94 : COPY --from=tomlv /build/ /usr/local/bin/
 ---> Using cache
 ---> 4a7598cdde3c
Step 77/94 : COPY --from=vndr /build/ /usr/local/bin/
 ---> Using cache
 ---> 77357ed57f32
Step 78/94 : COPY --from=tini /build/ /usr/local/bin/
 ---> Using cache
 ---> 167e875619b8
Step 79/94 : COPY --from=runc /build/ /usr/local/bin/
 ---> Using cache
 ---> dd1e30129c6a
Step 80/94 : COPY --from=containerd /build/ /usr/local/bin/
 ---> Using cache
 ---> 8e48334cdd0c
Step 81/94 : COPY --from=proxy /build/ /usr/local/bin/
 ---> Using cache
 ---> 0e5bdcd0b737
Step 82/94 : COPY --from=dockercli /build/ /usr/local/cli
 ---> Using cache
 ---> a599b2d0800e
Step 83/94 : COPY --from=registry /build/registry* /usr/local/bin/
 ---> Using cache
 ---> 9b2e16cca75d
Step 84/94 : COPY --from=criu /build/ /usr/local/
 ---> Using cache
 ---> 268109503237
Step 85/94 : COPY --from=docker-py /build/ /docker-py
 ---> Using cache
 ---> c9d02141c8f8
Step 86/94 : RUN cd /docker-py 	&& pip install docker-pycreds==0.2.1 	&& pip install yamllint==1.5.0 	&& pip install -r test-requirements.txt
 ---> Using cache
 ---> 1a9f8ade9d32
Step 87/94 : ENV PATH=/usr/local/cli:$PATH
 ---> Using cache
 ---> 6faa215c7d1f
Step 88/94 : ENV DOCKER_BUILDTAGS apparmor seccomp selinux
 ---> Using cache
 ---> 74aab2b1b57c
Step 89/94 : ENV GOMETALINTER_OPTS="--deadline=2m"
 ---> Using cache
 ---> 688cee7221b0
Step 90/94 : WORKDIR /go/src/github.com/docker/docker
 ---> Using cache
 ---> e22a3faea6bd
Step 91/94 : VOLUME /var/lib/docker
 ---> Using cache
 ---> 7379acf6f724
Step 92/94 : ENTRYPOINT ["hack/dind"]
 ---> Using cache
 ---> e22139e9c351
Step 93/94 : FROM dev AS final
 ---> e22139e9c351
Step 94/94 : COPY . /go/src/github.com/docker/docker
 ---> 1c9c1ae61e62
Successfully built 1c9c1ae61e62
Successfully tagged docker:6cf1577
Congratulations!  All commits are properly signed with the DCO!
Congratulations!  "./pkg/..." is safely isolated from internal code.
No api/types/ or api/swagger.yaml changes in diff.
Congratulations!  No testing.T found.
Congratulations!  All toml source files changed here have valid syntax.
Congratulations!  Changelog CHANGELOG.md is well-formed.
Congratulations!  Changelog CHANGELOG.md dates are in descending order.
Congratulations!  No new tests added to integration-cli.
?   	github.com/docker/docker/api	[no test files]
ok  	github.com/docker/docker/api/server	0.004s	coverage: 7.9% of statements
?   	github.com/docker/docker/api/server/backend/build	[no test files]
ok  	github.com/docker/docker/api/server/httputils	0.003s	coverage: 11.1% of statements
ok  	github.com/docker/docker/api/server/middleware	0.004s	coverage: 43.4% of statements
?   	github.com/docker/docker/api/server/router	[no test files]
?   	github.com/docker/docker/api/server/router/build	[no test files]
?   	github.com/docker/docker/api/server/router/checkpoint	[no test files]
?   	github.com/docker/docker/api/server/router/container	[no test files]
?   	github.com/docker/docker/api/server/router/debug	[no test files]
?   	github.com/docker/docker/api/server/router/distribution	[no test files]
?   	github.com/docker/docker/api/server/router/image	[no test files]
?   	github.com/docker/docker/api/server/router/network	[no test files]
?   	github.com/docker/docker/api/server/router/plugin	[no test files]
?   	github.com/docker/docker/api/server/router/session	[no test files]
?   	github.com/docker/docker/api/server/router/swarm	[no test files]
?   	github.com/docker/docker/api/server/router/system	[no test files]
?   	github.com/docker/docker/api/server/router/volume	[no test files]
?   	github.com/docker/docker/api/types	[no test files]
?   	github.com/docker/docker/api/types/backend	[no test files]
?   	github.com/docker/docker/api/types/blkiodev	[no test files]
?   	github.com/docker/docker/api/types/container	[no test files]
?   	github.com/docker/docker/api/types/events	[no test files]
ok  	github.com/docker/docker/api/types/filters	0.003s	coverage: 94.2% of statements
?   	github.com/docker/docker/api/types/image	[no test files]
?   	github.com/docker/docker/api/types/mount	[no test files]
?   	github.com/docker/docker/api/types/network	[no test files]
?   	github.com/docker/docker/api/types/plugins/logdriver	[no test files]
?   	github.com/docker/docker/api/types/registry	[no test files]
ok  	github.com/docker/docker/api/types/strslice	0.002s	coverage: 90.0% of statements
?   	github.com/docker/docker/api/types/swarm	[no test files]
?   	github.com/docker/docker/api/types/swarm/runtime	[no test files]
ok  	github.com/docker/docker/api/types/time	0.004s	coverage: 100.0% of statements
ok  	github.com/docker/docker/api/types/versions	0.002s	coverage: 75.0% of statements
?   	github.com/docker/docker/api/types/versions/v1p19	[no test files]
?   	github.com/docker/docker/api/types/versions/v1p20	[no test files]
?   	github.com/docker/docker/api/types/volume	[no test files]
?   	github.com/docker/docker/builder	[no test files]
?   	github.com/docker/docker/builder/builder-next	[no test files]
?   	github.com/docker/docker/builder/builder-next/adapters/containerimage	[no test files]
?   	github.com/docker/docker/builder/builder-next/adapters/snapshot	[no test files]
?   	github.com/docker/docker/builder/builder-next/exporter	[no test files]
?   	github.com/docker/docker/builder/builder-next/imagerefchecker	[no test files]
?   	github.com/docker/docker/builder/builder-next/worker	[no test files]
ok  	github.com/docker/docker/builder/dockerfile	0.399s	coverage: 45.4% of statements
ok  	github.com/docker/docker/builder/dockerignore	0.002s	coverage: 96.8% of statements
ok  	github.com/docker/docker/builder/fscache	0.112s	coverage: 69.2% of statements
ok  	github.com/docker/docker/builder/remotecontext	0.143s	coverage: 13.6% of statements
ok  	github.com/docker/docker/builder/remotecontext/git	0.643s	coverage: 78.8% of statements
?   	github.com/docker/docker/cli	[no test files]
?   	github.com/docker/docker/cli/config	[no test files]
ok  	github.com/docker/docker/cli/debug	0.002s	coverage: 100.0% of statements
ok  	github.com/docker/docker/client	0.250s	coverage: 75.6% of statements
ok  	github.com/docker/docker/cmd/dockerd	0.057s	coverage: 31.4% of statements
ok  	github.com/docker/docker/cmd/dockerd/hack	0.002s	coverage: 72.9% of statements
ok  	github.com/docker/docker/container	0.113s	coverage: 35.6% of statements
?   	github.com/docker/docker/container/stream	[no test files]
?   	github.com/docker/docker/contrib/apparmor	[no test files]
?   	github.com/docker/docker/contrib/docker-device-tool	[no test files]
?   	github.com/docker/docker/contrib/httpserver	[no test files]
ok  	github.com/docker/docker/daemon	12.121s	coverage: 17.1% of statements
ok  	github.com/docker/docker/daemon/cluster	0.033s	coverage: 0.5% of statements
ok  	github.com/docker/docker/daemon/cluster/controllers/plugin	0.008s	coverage: 65.3% of statements
ok  	github.com/docker/docker/daemon/cluster/convert	0.006s	coverage: 28.0% of statements
?   	github.com/docker/docker/daemon/cluster/executor	[no test files]
ok  	github.com/docker/docker/daemon/cluster/executor/container	3.434s	coverage: 12.7% of statements
?   	github.com/docker/docker/daemon/cluster/provider	[no test files]
ok  	github.com/docker/docker/daemon/config	0.025s	coverage: 84.8% of statements
ok  	github.com/docker/docker/daemon/discovery	0.004s	coverage: 30.4% of statements
ok  	github.com/docker/docker/daemon/events	0.057s	coverage: 50.0% of statements
?   	github.com/docker/docker/daemon/events/testutils	[no test files]
?   	github.com/docker/docker/daemon/exec	[no test files]
ok  	github.com/docker/docker/daemon/graphdriver	0.004s	coverage: 2.2% of statements
ok  	github.com/docker/docker/daemon/graphdriver/aufs	5.226s	coverage: 73.6% of statements
ok  	github.com/docker/docker/daemon/graphdriver/btrfs	0.004s	coverage: 2.9% of statements
ok  	github.com/docker/docker/daemon/graphdriver/copy	0.175s	coverage: 57.0% of statements
ok  	github.com/docker/docker/daemon/graphdriver/devmapper	2.210s	coverage: 45.9% of statements
?   	github.com/docker/docker/daemon/graphdriver/graphtest	[no test files]
ok  	github.com/docker/docker/daemon/graphdriver/overlay	0.764s	coverage: 50.8% of statements
ok  	github.com/docker/docker/daemon/graphdriver/overlay2	2.302s	coverage: 56.8% of statements
?   	github.com/docker/docker/daemon/graphdriver/overlayutils	[no test files]
ok  	github.com/docker/docker/daemon/graphdriver/quota	0.278s	coverage: 75.2% of statements
?   	github.com/docker/docker/daemon/graphdriver/register	[no test files]
ok  	github.com/docker/docker/daemon/graphdriver/vfs	0.006s	coverage: 70.5% of statements
ok  	github.com/docker/docker/daemon/graphdriver/zfs	0.004s	coverage: 3.0% of statements
ok  	github.com/docker/docker/daemon/images	0.010s	coverage: 4.9% of statements
?   	github.com/docker/docker/daemon/initlayer	[no test files]
ok  	github.com/docker/docker/daemon/links	0.002s	coverage: 93.0% of statements
?   	github.com/docker/docker/daemon/listeners	[no test files]
ok  	github.com/docker/docker/daemon/logger	0.214s	coverage: 43.7% of statements
ok  	github.com/docker/docker/daemon/logger/awslogs	0.115s	coverage: 78.6% of statements
?   	github.com/docker/docker/daemon/logger/fluentd	[no test files]
?   	github.com/docker/docker/daemon/logger/gcplogs	[no test files]
ok  	github.com/docker/docker/daemon/logger/gelf	0.005s	coverage: 68.2% of statements
ok  	github.com/docker/docker/daemon/logger/journald	0.004s	coverage: 26.2% of statements
ok  	github.com/docker/docker/daemon/logger/jsonfilelog	0.006s	coverage: 62.1% of statements
ok  	github.com/docker/docker/daemon/logger/jsonfilelog/jsonlog	0.004s	coverage: 88.3% of statements
ok  	github.com/docker/docker/daemon/logger/local	0.011s	coverage: 74.7% of statements
?   	github.com/docker/docker/daemon/logger/logentries	[no test files]
ok  	github.com/docker/docker/daemon/logger/loggerutils	0.007s	coverage: 18.6% of statements
ok  	github.com/docker/docker/daemon/logger/splunk	1.487s	coverage: 84.5% of statements
ok  	github.com/docker/docker/daemon/logger/syslog	0.004s	coverage: 47.8% of statements
ok  	github.com/docker/docker/daemon/logger/templates	0.002s	coverage: 8.3% of statements
?   	github.com/docker/docker/daemon/names	[no test files]
ok  	github.com/docker/docker/daemon/network	0.003s	coverage: 57.1% of statements
?   	github.com/docker/docker/daemon/stats	[no test files]
ok  	github.com/docker/docker/distribution	1.084s	coverage: 16.8% of statements
ok  	github.com/docker/docker/distribution/metadata	0.027s	coverage: 48.2% of statements
?   	github.com/docker/docker/distribution/utils	[no test files]
ok  	github.com/docker/docker/distribution/xfer	1.431s	coverage: 83.9% of statements
?   	github.com/docker/docker/dockerversion	[no test files]
ok  	github.com/docker/docker/errdefs	0.002s	coverage: 76.0% of statements
ok  	github.com/docker/docker/image	0.017s	coverage: 86.3% of statements
ok  	github.com/docker/docker/image/cache	0.006s	coverage: 19.2% of statements
?   	github.com/docker/docker/image/tarexport	[no test files]
ok  	github.com/docker/docker/image/v1	0.006s	coverage: 25.0% of statements
ok  	github.com/docker/docker/internal/procfs	0.003s	coverage: 78.4% of statements
?   	github.com/docker/docker/internal/test	[no test files]
?   	github.com/docker/docker/internal/test/daemon	[no test files]
?   	github.com/docker/docker/internal/test/environment	[no test files]
?   	github.com/docker/docker/internal/test/fakecontext	[no test files]
?   	github.com/docker/docker/internal/test/fakegit	[no test files]
?   	github.com/docker/docker/internal/test/fakestorage	[no test files]
?   	github.com/docker/docker/internal/test/fixtures/load	[no test files]
?   	github.com/docker/docker/internal/test/fixtures/plugin	[no test files]
?   	github.com/docker/docker/internal/test/fixtures/plugin/basic	[no test files]
?   	github.com/docker/docker/internal/test/registry	[no test files]
?   	github.com/docker/docker/internal/test/request	[no test files]
ok  	github.com/docker/docker/internal/testutil	0.002s	coverage: 62.5% of statements
ok  	github.com/docker/docker/layer	7.276s	coverage: 71.4% of statements
ok  	github.com/docker/docker/libcontainerd	0.028s	coverage: 3.4% of statements
?   	github.com/docker/docker/libcontainerd/supervisor	[no test files]
?   	github.com/docker/docker/oci	[no test files]
?   	github.com/docker/docker/oci/caps	[no test files]
ok  	github.com/docker/docker/opts	0.017s	coverage: 68.4% of statements
ok  	github.com/docker/docker/pkg/aaparser	0.002s	coverage: 50.0% of statements
ok  	github.com/docker/docker/pkg/archive	0.384s	coverage: 76.8% of statements
ok  	github.com/docker/docker/pkg/authorization	0.395s	coverage: 66.7% of statements
ok  	github.com/docker/docker/pkg/broadcaster	0.002s	coverage: 100.0% of statements
ok  	github.com/docker/docker/pkg/chrootarchive	2.829s	coverage: 37.0% of statements
?   	github.com/docker/docker/pkg/containerfs	[no test files]
?   	github.com/docker/docker/pkg/devicemapper	[no test files]
ok  	github.com/docker/docker/pkg/directory	0.003s	coverage: 80.0% of statements
ok  	github.com/docker/docker/pkg/discovery	0.004s	coverage: 58.3% of statements
ok  	github.com/docker/docker/pkg/discovery/file	0.004s	coverage: 97.6% of statements
ok  	github.com/docker/docker/pkg/discovery/kv	3.063s	coverage: 84.1% of statements
ok  	github.com/docker/docker/pkg/discovery/memory	0.003s	coverage: 92.3% of statements
ok  	github.com/docker/docker/pkg/discovery/nodes	0.003s	coverage: 93.8% of statements
ok  	github.com/docker/docker/pkg/dmesg	0.003s	coverage: 83.3% of statements
ok  	github.com/docker/docker/pkg/filenotify	0.603s	coverage: 66.3% of statements
ok  	github.com/docker/docker/pkg/fileutils	0.006s	coverage: 89.5% of statements
ok  	github.com/docker/docker/pkg/fsutils	0.156s	coverage: 85.1% of statements
ok  	github.com/docker/docker/pkg/homedir	0.002s	coverage: 41.7% of statements
ok  	github.com/docker/docker/pkg/idtools	0.363s	coverage: 70.2% of statements
ok  	github.com/docker/docker/pkg/ioutils	0.382s	coverage: 69.1% of statements
ok  	github.com/docker/docker/pkg/jsonmessage	0.005s	coverage: 88.3% of statements
ok  	github.com/docker/docker/pkg/locker	0.015s	coverage: 88.9% of statements
ok  	github.com/docker/docker/pkg/longpath	0.002s	coverage: 100.0% of statements
?   	github.com/docker/docker/pkg/loopback	[no test files]
ok  	github.com/docker/docker/pkg/mount	0.464s	coverage: 68.6% of statements
ok  	github.com/docker/docker/pkg/namesgenerator	0.002s	coverage: 85.7% of statements
?   	github.com/docker/docker/pkg/namesgenerator/cmd/names-generator	[no test files]
ok  	github.com/docker/docker/pkg/parsers	0.002s	coverage: 97.0% of statements
ok  	github.com/docker/docker/pkg/parsers/kernel	0.002s	coverage: 60.0% of statements
ok  	github.com/docker/docker/pkg/parsers/operatingsystem	0.002s	coverage: 90.0% of statements
ok  	github.com/docker/docker/pkg/pidfile	0.002s	coverage: 82.4% of statements
?   	github.com/docker/docker/pkg/platform	[no test files]
?   	github.com/docker/docker/pkg/plugingetter	[no test files]
ok  	github.com/docker/docker/pkg/plugins	33.617s	coverage: 76.8% of statements
ok  	github.com/docker/docker/pkg/plugins/pluginrpc-gen	0.009s	coverage: 56.8% of statements
?   	github.com/docker/docker/pkg/plugins/pluginrpc-gen/fixtures	[no test files]
?   	github.com/docker/docker/pkg/plugins/pluginrpc-gen/fixtures/otherfixture	[no test files]
ok  	github.com/docker/docker/pkg/plugins/transport	0.003s	coverage: 85.7% of statements
ok  	github.com/docker/docker/pkg/pools	0.002s	coverage: 87.9% of statements
ok  	github.com/docker/docker/pkg/progress	0.002s	coverage: 75.9% of statements
ok  	github.com/docker/docker/pkg/pubsub	1.037s	coverage: 72.7% of statements
ok  	github.com/docker/docker/pkg/reexec	0.008s	coverage: 82.4% of statements
ok  	github.com/docker/docker/pkg/signal	2.389s	coverage: 61.0% of statements
?   	github.com/docker/docker/pkg/signal/testfiles	[no test files]
ok  	github.com/docker/docker/pkg/stdcopy	0.003s	coverage: 100.0% of statements
ok  	github.com/docker/docker/pkg/streamformatter	0.003s	coverage: 66.2% of statements
ok  	github.com/docker/docker/pkg/stringid	0.002s	coverage: 76.0% of statements
ok  	github.com/docker/docker/pkg/symlink	0.007s	coverage: 87.7% of statements
ok  	github.com/docker/docker/pkg/sysinfo	0.004s	coverage: 75.8% of statements
ok  	github.com/docker/docker/pkg/system	0.016s	coverage: 36.1% of statements
ok  	github.com/docker/docker/pkg/tailfile	0.018s	coverage: 88.6% of statements
ok  	github.com/docker/docker/pkg/tarsum	0.056s	coverage: 89.3% of statements
ok  	github.com/docker/docker/pkg/term	0.003s	coverage: 84.8% of statements
ok  	github.com/docker/docker/pkg/term/windows	0.002s	coverage: 0.0% of statements [no tests to run]
ok  	github.com/docker/docker/pkg/truncindex	0.103s	coverage: 91.5% of statements
ok  	github.com/docker/docker/pkg/urlutil	0.003s	coverage: 100.0% of statements
ok  	github.com/docker/docker/pkg/useragent	0.002s	coverage: 88.9% of statements
ok  	github.com/docker/docker/plugin	0.530s	coverage: 27.3% of statements
ok  	github.com/docker/docker/plugin/executor/containerd	0.007s	coverage: 33.3% of statements
ok  	github.com/docker/docker/plugin/v2	0.003s	coverage: 14.5% of statements
?   	github.com/docker/docker/profiles/apparmor	[no test files]
ok  	github.com/docker/docker/profiles/seccomp	0.006s	coverage: 79.4% of statements
ok  	github.com/docker/docker/reference	0.006s	coverage: 83.7% of statements
ok  	github.com/docker/docker/registry	0.108s	coverage: 57.0% of statements
ok  	github.com/docker/docker/registry/resumable	0.016s	coverage: 100.0% of statements
ok  	github.com/docker/docker/restartmanager	0.002s	coverage: 49.0% of statements
ok  	github.com/docker/docker/runconfig	0.009s	coverage: 68.2% of statements
?   	github.com/docker/docker/runconfig/opts	[no test files]
?   	github.com/docker/docker/volume	[no test files]
ok  	github.com/docker/docker/volume/drivers	0.006s	coverage: 36.1% of statements
ok  	github.com/docker/docker/volume/local	0.016s	coverage: 73.0% of statements
ok  	github.com/docker/docker/volume/mounts	0.024s	coverage: 66.8% of statements
ok  	github.com/docker/docker/volume/service	0.015s	coverage: 73.0% of statements
?   	github.com/docker/docker/volume/service/opts	[no test files]
?   	github.com/docker/docker/volume/testutils	[no test files]

  _____          _
 / ____|        | |
| |     ___   __| | ___  ___ _____   __
| |    / _ \ / _` |/ _ \/ __/ _ \ \ / /
| |___| (_) | (_| |  __/ (_| (_) \ V /
 \_____\___/ \__,_|\___|\___\___/ \_/
                              Bash-0b37652


x> No CI provider detected.
    Testing inside Docker? http://docs.codecov.io/docs/testing-with-docker
    Testing with Tox? https://docs.codecov.io/docs/python#section-testing-with-tox
    project root: .
--> token set from env
    Yaml found at: codecov.yml
    -> Found 1 reports
==> Detecting git/mercurial file structure
==> Reading reports
    + coverage.txt bytes=1669000
==> Appending adjustments
    http://docs.codecov.io/docs/fixing-reports
    + Found adjustments
==> Gzipping contents
==> Uploading reports
    url: https://codecov.io
    query: branch=&commit=9212a35080e8851f8890ddaa341254fc40eaeda2&build=&build_url=&name=&tag=&slug=moby%2Fmoby&service=&flags=&pr=&job=
    -> Pinging Codecov
    -> Uploading
    -> View reports at https://codecov.io/github/moby/moby/commit/9212a35080e8851f8890ddaa341254fc40eaeda2

Removing bundles/

---> Making bundle: binary-daemon (in bundles/binary-daemon)
Building: bundles/binary-daemon/dockerd-dev
Created binary: bundles/binary-daemon/dockerd-dev
Copying nested executables into bundles/binary-daemon

---> Making bundle: dynbinary (in bundles/dynbinary)
Building: bundles/dynbinary-daemon/dockerd-dev
Created binary: bundles/dynbinary-daemon/dockerd-dev

---> Making bundle: test-docker-py (in bundles/test-docker-py)
---> Making bundle: .integration-daemon-start (in bundles/test-docker-py)
Using test binary docker
/etc/init.d/apparmor: 130: /etc/init.d/apparmor: systemd-detect-virt: not found
Starting AppArmor profiles:Warning from stdin (line 1): /sbin/apparmor_parser: cannot use or update cache, disable, or force-complain via stdin
Warning failed to create cache: (null)
.
INFO: Waiting for daemon to start...
Starting dockerd
.
============================= test session starts ==============================
platform linux2 -- Python 2.7.13, pytest-2.9.1, py-1.7.0, pluggy-0.3.1
rootdir: /docker-py, inifile: pytest.ini
plugins: cov-2.1.0
collected 338 items

../../../../../docker-py/tests/integration/api_build_test.py ....s..s........
../../../../../docker-py/tests/integration/api_client_test.py .......
../../../../../docker-py/tests/integration/api_config_test.py .....
../../../../../docker-py/tests/integration/api_container_test.py ....x....x.......x............................................................
../../../../../docker-py/tests/integration/api_exec_test.py .............
../../../../../docker-py/tests/integration/api_healthcheck_test.py ....
../../../../../docker-py/tests/integration/api_image_test.py ...s........s....
../../../../../docker-py/tests/integration/api_network_test.py ...........................
../../../../../docker-py/tests/integration/api_plugin_test.py ........Set build name.
New build name is '#38487'
Build was aborted
Aborted by Gordon
[PostBuildScript] - Executing post build scripts.
/tmp/jenkins3557868246837968963.sh: line 26: 18669 Terminated              docker run --rm -t --privileged -v "$WORKSPACE/bundles:/go/src/github.com/docker/docker/bundles" -v "$WORKSPACE/.git:/go/src/github.com/docker/docker/.git" --name docker-pr$BUILD_NUMBER -e DOCKER_GITCOMMIT=${GITCOMMIT} -e DOCKER_GRAPHDRIVER=vfs -e DOCKER_EXECDRIVER=native -e CODECOV_TOKEN -e GIT_SHA1 docker:$GITCOMMIT hack/ci/janky
[Docker-PRs] $ /bin/sh -xe /tmp/jenkins1007205599519257284.sh
+ echo Ensuring container killed.
Ensuring container killed.
+ docker rm -vf docker-pr52410
docker-pr52410
+ echo Chowning /workspace to jenkins user
Chowning /workspace to jenkins user
+ id -u
+ id -g
+ docker run --rm -v /home/ubuntu/workspace/Docker-PRs:/workspace busybox chown -R 1000:1000 /workspace
[Docker-PRs] $ /bin/sh -xe /tmp/jenkins5455970661296077224.sh
+ echo Creating bundles.tar.gz
Creating bundles.tar.gz
+ find bundles -name+ xargs tar -czf bundles.tar.gz *.log
 -o -name *.prof -o -name integration.test
Archiving artifacts
Notifying endpoint with url 'https://leeroy.dockerproject.org/notification/jenkins'
[WS-CLEANUP] Deleting project workspace...[WS-CLEANUP] done
Finished: ABORTED
