Started by user Gordon
Notifying endpoint with url 'https://leeroy.dockerproject.org/notification/jenkins'
[EnvInject] - Loading node environment variables.
Building remotely on azure-windows-rs5-2 (windows-rs5) in workspace /gopath/src/github.com/docker/docker
Wiping out workspace first.
Cloning the remote Git repository
Cloning repository https://github.com/moby/moby.git
 > git init C:\gopath\src\github.com\docker\docker # timeout=10
Fetching upstream changes from https://github.com/moby/moby.git
 > git --version # timeout=10
 > git fetch --tags --progress https://github.com/moby/moby.git +refs/heads/*:refs/remotes/origin/*
 > git config remote.origin.url https://github.com/moby/moby.git # timeout=10
 > git config --add remote.origin.fetch +refs/heads/*:refs/remotes/origin/* # timeout=10
 > git config remote.origin.url https://github.com/moby/moby.git # timeout=10
Fetching upstream changes from https://github.com/moby/moby.git
 > git fetch --tags --progress https://github.com/moby/moby.git +refs/heads/*:refs/remotes/origin/*
 > git rev-parse "origin/master^{commit}" # timeout=10
Checking out Revision e0e9942dc5466884e7b2ef5c509a9dab33c4a01a (origin/master)
 > git config core.sparsecheckout # timeout=10
 > git checkout -f e0e9942dc5466884e7b2ef5c509a9dab33c4a01a
Commit message: "Merge pull request #38419 from thaJeztah/fix_nuke_everything"
 > git rev-list --no-walk e0e9942dc5466884e7b2ef5c509a9dab33c4a01a # timeout=10
Set build name.
New build name is '#38410'
[docker] $ sh -xe C:\Users\jenkins\jenkins5291355111980905362.sh
+ git fetch origin +refs/pull/38410/head:refs/remotes/origin/pr/38410
From https://github.com/moby/moby
 * [new ref]               refs/pull/38410/head -> origin/pr/38410
+ git merge origin/pr/38410
Auto-merging hack/ci/windows.ps1
Merge made by the 'recursive' strategy.
 Dockerfile.windows  | 123 +++++++++++++++-------------------------------------
 hack/ci/windows.ps1 |  33 +++++++-------
 2 files changed, 51 insertions(+), 105 deletions(-)
[docker] $ powershell.exe -NonInteractive -ExecutionPolicy ByPass "& 'C:\Users\jenkins\jenkins4279380957305831509.ps1'"

INFO: executeCI.ps1 starting at Wed Jan  2 16:08:41 CUT 2019

INFO: Script version 28-Aug-2018 09:33 PDT
INFO: Running git version 2.18.0.windows.1
INFO: Branch:rs5_release Build:17763.1.180914-1434
INFO: Environment variables:

Name                           Value                                                                                   
----                           -----                                                                                   
_                              /cygdrive/c/ProgramData/Oracle/Java/javapath/java                                       
ALLUSERSPROFILE                C:\ProgramData                                                                          
APPDATA                        C:\Users\jenkins\AppData\Roaming                                                        
BASE_BRANCH                    master                                                                                  
BUILD_CAUSE                    MANUALTRIGGER                                                                           
BUILD_CAUSE_MANUALTRIGGER      true                                                                                    
BUILD_DISPLAY_NAME             #38410                                                                                  
BUILD_ID                       953                                                                                     
BUILD_NUMBER                   953                                                                                     
BUILD_TAG                      jenkins-Docker-PRs-WoW-RS5-Process-953                                                  
BUILD_URL                      https://jenkins.dockerproject.org/job/Docker-PRs-WoW-RS5-Process/953/                   
CommonProgramFiles             C:\Program Files\Common Files                                                           
CommonProgramFiles(x86)        C:\Program Files (x86)\Common Files                                                     
CommonProgramW6432             C:\Program Files\Common Files                                                           
COMPUTERNAME                   jenkins-rs5-2                                                                           
COMSPEC                        C:\Windows\system32\cmd.exe                                                             
ConfigSet                      rs                                                                                      
CYGWIN                         binmode ntsec                                                                           
DriverData                     C:\Windows\System32\Drivers\DriverData                                                  
EXECUTOR_NUMBER                0                                                                                       
GIT_AUTHOR_EMAIL               janky@dockerproject.org                                                                 
GIT_AUTHOR_NAME                Docker Jenkins                                                                          
GIT_BASE_REPO                  moby/moby                                                                               
GIT_BRANCH                     origin/master                                                                           
GIT_COMMIT                     e0e9942dc5466884e7b2ef5c509a9dab33c4a01a                                                
GIT_COMMITTER_EMAIL            janky@dockerproject.org                                                                 
GIT_COMMITTER_NAME             Docker Jenkins                                                                          
GIT_HEAD_REPO                  thaJeztah/docker                                                                        
GIT_PREVIOUS_COMMIT            e0e9942dc5466884e7b2ef5c509a9dab33c4a01a                                                
GIT_PREVIOUS_SUCCESSFUL_COMMIT e0e9942dc5466884e7b2ef5c509a9dab33c4a01a                                                
GIT_SHA1                       513ff6b2c67f05af074c533730ec05c7cc6735e8                                                
GIT_URL                        https://github.com/moby/moby.git                                                        
GITHUB_URL                     https://github.com/moby/moby/pull/38410                                                 
HOME                           C:\cygwin\home\jenkins                                                                  
HOMEDRIVE                      C:                                                                                      
HOMEPATH                       \cygwin\home\jenkins                                                                    
HUDSON_COOKIE                  e9bb51e9-3ce0-417b-8430-35b95baa7389                                                    
HUDSON_HOME                    /var/jenkins_home                                                                       
HUDSON_SERVER_COOKIE           5654907fc74b1465                                                                        
HUDSON_URL                     https://jenkins.dockerproject.org/                                                      
JENKINS_HOME                   /var/jenkins_home                                                                       
JENKINS_SERVER_COOKIE          5654907fc74b1465                                                                        
JENKINS_URL                    https://jenkins.dockerproject.org/                                                      
JOB_BASE_NAME                  Docker-PRs-WoW-RS5-Process                                                              
JOB_DISPLAY_URL                https://jenkins.dockerproject.org/job/Docker-PRs-WoW-RS5-Process/display/redirect       
JOB_NAME                       Docker-PRs-WoW-RS5-Process                                                              
JOB_URL                        https://jenkins.dockerproject.org/job/Docker-PRs-WoW-RS5-Process/                       
LOCALAPPDATA                   C:\Users\jenkins\AppData\Local                                                          
LOGNAME                        jenkins                                                                                 
LOGONSERVER                    \\jenkins-rs5-2                                                                         
MAIL                           /var/spool/mail//jenkins                                                                
NODE_LABELS                    azure-windows-rs5-2 windows-rs5                                                         
NODE_NAME                      azure-windows-rs5-2                                                                     
NUMBER_OF_PROCESSORS           4                                                                                       
OLDPWD                         /home/jenkins                                                                           
OS                             Windows_NT                                                                              
PATH                           C:\cygwin\bin;C:\ProgramData\Oracle\Java\javapath;C:\pstools;C:\Program Files\Notepad...
PATHEXT                        .COM;.EXE;.BAT;.CMD;.VBS;.VBE;.JS;.JSE;.WSF;.WSH;.MSC;.CPL                              
PR                             38410                                                                                   
PROCESSOR_ARCHITECTURE         AMD64                                                                                   
PROCESSOR_IDENTIFIER           Intel64 Family 6 Model 79 Stepping 1, GenuineIntel                                      
PROCESSOR_LEVEL                6                                                                                       
PROCESSOR_REVISION             4f01                                                                                    
ProgramData                    C:\ProgramData                                                                          
PROGRAMFILES                   C:\Program Files                                                                        
ProgramFiles(x86)              C:\Program Files (x86)                                                                  
ProgramW6432                   C:\Program Files                                                                        
PSExecutionPolicyPreference    Bypass                                                                                  
PSModulePath                   C:\Users\jenkins\Documents\WindowsPowerShell\Modules;C:\Program Files\WindowsPowerShe...
PUBLIC                         C:\Users\Public                                                                         
PWD                            /cygdrive/c/workspace                                                                   
ROOT_BUILD_CAUSE               MANUALTRIGGER                                                                           
ROOT_BUILD_CAUSE_MANUALTRIGGER true                                                                                    
RUN_CHANGES_DISPLAY_URL        https://jenkins.dockerproject.org/job/Docker-PRs-WoW-RS5-Process/953/display/redirect...
RUN_DISPLAY_URL                https://jenkins.dockerproject.org/job/Docker-PRs-WoW-RS5-Process/953/display/redirect   
SHELL                          /bin/bash                                                                               
SHLVL                          1                                                                                       
SOURCES_DRIVE                  c                                                                                       
SOURCES_SUBDIR                 gopath                                                                                  
SSH_CLIENT                     52.88.204.51 46979 22                                                                   
SSH_CONNECTION                 52.88.204.51 46979 10.0.0.21 22                                                         
SYSTEMDRIVE                    C:                                                                                      
SYSTEMROOT                     C:\Windows                                                                              
TEMP                           d:\temp                                                                                 
TESTRUN_DRIVE                  d                                                                                       
TESTRUN_SUBDIR                 CI                                                                                      
USER                           jenkins                                                                                 
USERDOMAIN                     jenkins-rs5-2                                                                           
USERNAME                       jenkins                                                                                 
USERPROFILE                    C:\Users\jenkins                                                                        
WINDIR                         C:\Windows                                                                              
WORKSPACE                      /gopath/src/github.com/docker/docker                                                    



INFO: PR#38410 (https://github.com/docker/docker/pull/38410)
INFO: Sources under c:\gopath\...
INFO: Test run under d:\CI\...
INFO: Running in C:\gopath\src\github.com\docker\docker
INFO: docker/docker repository was found
INFO: Image microsoft/windowsservercore:latest is already loaded in the control daemon
INFO: Version of microsoft/windowsservercore:latest is '10.0.17763.1'
INFO: Docker version of control daemon

Client:
 Version:           master-dockerproject-2018-09-18
 API version:       1.39
 Go version:        go1.10.4
 Git commit:        b4180e87
 Built:             Tue Sep 18 23:49:29 2018
 OS/Arch:           windows/amd64
 Experimental:      false

Server:
 Engine:
  Version:          master-dockerproject-2018-09-18
  API version:      1.39 (minimum version 1.24)
  Go version:       go1.11
  Git commit:       d6a7c22
  Built:            Tue Sep 18 23:58:14 2018
  OS/Arch:          windows/amd64
  Experimental:     false

INFO: Docker info of control daemon

Containers: 1
 Running: 0
 Paused: 0
 Stopped: 1
Images: 21
Server Version: master-dockerproject-2018-09-18
Storage Driver: windowsfilter
 Windows: 
Logging Driver: json-file
Plugins:
 Volume: local
 Network: ics l2bridge l2tunnel nat null overlay transparent
 Log: awslogs etwlogs fluentd gcplogs gelf json-file local logentries splunk syslog
Swarm: inactive
Default Isolation: process
Kernel Version: 10.0 17763 (17763.1.amd64fre.rs5_release.180914-1434)
Operating System: Windows Server 2019 Datacenter Version 1809 (OS Build 17763.1)
OSType: windows
Architecture: x86_64
CPUs: 4
Total Memory: 16GiB
Name: jenkins-rs5-2
ID: MVRJ:ZJZM:J33H:P3FY:TDVA:MMIJ:GADO:SKKO:I2UB:KHSQ:Z642:ST2M
Docker Root Dir: D:\control
Debug Mode (client): false
Debug Mode (server): false
Registry: https://index.docker.io/v1/
Labels:
Experimental: false
Insecure Registries:
 127.0.0.0/8
Live Restore Enabled: false


INFO: Commit hash is 3f14151820
INFO: Nuke-Everything...
INFO: Container count on control daemon to delete is 1
8535b0fc680a
INFO: Non-base image count on control daemon to delete is 3
Deleted: sha256:1c15bece2ac56e1b433e66f4bd9683160ea8909e5bf55eb2400a55d3e58eeef0
Deleted: sha256:19d2415fa976e50d821607c92ccdcafed38051d60c52f35746786b91d61ad14d
Deleted: sha256:6405440bb6e8db7d520474966112d9162bcc0d99520798ad39d4b3bf4e480f3a
Deleted: sha256:8fc01134287bf06c52dd08ce699792279aed34985fbb435f9584289808618849
Deleted: sha256:c507b6a351409d3f056d74c681e0aebd6c8437de8eba85b8740432b924c3a34f
Deleted: sha256:a62b3479d4d2ecb430876065b1407e4c246dcfc58ba36e2d0fd1e892bb019d3a
Deleted: sha256:26271a4303b5e5d94fea70be0e134f88f28d5ff32089da4ddcbd4723aeace908
Deleted: sha256:22174afe6bf284994fca65deed60f207a3a47f95306c5cc5a5e8e704f7b530c9
Deleted: sha256:544a1b907ca861b54a0efddaa379ac9c2fc8bef0c4ff5b13cee34c8f767289a3
Deleted: sha256:40625df6109d77aa683c5712a5583728e3e3082fc6db55186c660827c4b19c6a
Deleted: sha256:16b0a09b175216e6b782e8458248f9c91db906978756625c0b686aa747861d33
Deleted: sha256:ed7307053de7dd3b1f9ba5cf9275ceee059646288a934df2022999e5636a58be
Deleted: sha256:958c7d9d907a033f7f5ab1fcdfdba4a99d73f1505e0f0cbc7808c6d28bc56af5
Deleted: sha256:b571340268cebaa95007c530bed3006bddf2c5fd0e0e3bab369c2c0a14a297b5
Deleted: sha256:4fca7a7a37975e5b0cc3a41df6f54bef41476cdba11d2b6f96723e939673b965
Deleted: sha256:aac1dedf00cc908ebd583e3630ce168ea72257896bbbca1fff17cd1de2004ee3
Deleted: sha256:50e5881bd08840768dc5b0babdaf4e1ab8d9fc844275df287860385f8033a5b8
Deleted: sha256:8e3c907492469d3f88e0e34a85ac45947f60cc121a086827831e82ba86d97e8c
Deleted: sha256:9294127bb1332343fa1087bf57cbba145ba1f012e0707de39fbedd07f1d369b0
Deleted: sha256:5eb9b9ef03020a25515ec8033b0c248a0ee2884347d961200b983a4f6b310c47
Deleted: sha256:9fda0fa6832ccb857beeced6dc52059c95f30db67bb773fc04650f4b83ab8c5a
Deleted: sha256:2c42e323ba304c7e38a0ebead55fc1244dbefcea91420f64842280316800e371
Deleted: sha256:527e359caaa18c45cfecb84bace484bffdc915873531e4d638fb5bd835c8b636
Deleted: sha256:e9a9167420d47861407f8ee462de972147d4df19fc1f95b0c4839d4f50d6d3b5
INFO: Nuking d:\CI
ERROR:  hcsshim::DestroyLayer - Win32 API call returned error r1=0x80070020 err=The process cannot access the file because it is being used by another process.id=CI flavour=0
INFO: Location for testing is d:\CI\CI-3f14151820
INFO: Validating GOLang consistency in Dockerfile.windows...


INFO: Building the image from Dockerfile.windows at 01/02/2019 16:08:58...

Sending build context to Docker daemon  46.38MB

Step 1/17 : FROM golang:1.11.4-windowsservercore AS compiler
 ---> 80f4bebb2043
Step 2/17 : ADD https://raw.githubusercontent.com/jhowardmsft/docker-tdmgcc/master/gcc.zip C:\

 ---> 0bde9034539f
Step 3/17 : ADD https://raw.githubusercontent.com/jhowardmsft/docker-tdmgcc/master/runtime.zip C:\

 ---> 075f0ae276cc
Step 4/17 : ADD https://raw.githubusercontent.com/jhowardmsft/docker-tdmgcc/master/binutils.zip C:\

 ---> 836b3089d527
Step 5/17 : RUN   Write-Host INFO: Expanding compiler 1 of 3...;   Expand-Archive C:\gcc.zip -DestinationPath C:\gcc -Force;   Write-Host INFO: Expanding compiler 2 of 3...;   Expand-Archive C:\runtime.zip -DestinationPath C:\gcc -Force;   Write-Host INFO: Expanding compiler 3 of 3...;   Expand-Archive C:\binutils.zip -DestinationPath C:\gcc -Force;
 ---> Running in d2f84c2b31d5
INFO: Expanding compiler 1 of 3...
INFO: Expanding compiler 2 of 3...
INFO: Expanding compiler 3 of 3...
Removing intermediate container d2f84c2b31d5
 ---> 17cf5e1b90ce
Step 6/17 : FROM golang:1.11.4-windowsservercore AS busybox
 ---> 80f4bebb2043
Step 7/17 : ARG BUSYBOX_VERSION=w32-FRP-2501-g858091c25
 ---> Running in cce8451b71f0
Removing intermediate container cce8451b71f0
 ---> 6b9cd9cfacc5
Step 8/17 : ADD http://frippery.org/files/busybox/busybox-${BUSYBOX_VERSION}.exe C:\busybox\busybox.exe

 ---> 19253cc240b9
Step 9/17 : RUN   Write-Host 'INFO: Setting up busybox symlinks ...';   C:\busybox\busybox.exe --list ^|ForEach-Object {$nul = cmd /c mklink C:\busybox\$_.exe busybox.exe}
 ---> Running in e7e6d9ab0a7a
INFO: Setting up busybox symlinks ...
Cannot create a file when that file already exists.
Removing intermediate container e7e6d9ab0a7a
 ---> 448d91de67f9
Step 10/17 : FROM golang:1.11.4-windowsservercore
 ---> 80f4bebb2043
Step 11/17 : ENV FROM_DOCKERFILE=1
 ---> Using cache
 ---> f83026cdd82d
Step 12/17 : RUN   Write-Host INFO: Configuring git core.autocrlf...;   C:\git\cmd\git config --global core.autocrlf true;     Write-Host 'INFO: Creating temp folder for unit tests...';   New-Item -ItemType Directory -Path C:\tmp;     Write-Host 'INFO: Updating PATH ...';   $env:PATH = 'C:\busybox;C:\gcc\bin;' + $env:PATH;   [Environment]::SetEnvironmentVariable('PATH', $env:PATH, [EnvironmentVariableTarget]::Machine);     Write-Host INFO: Completed;
 ---> Using cache
 ---> b7d1e289a408
Step 13/17 : ENTRYPOINT ["powershell.exe"]
 ---> Using cache
 ---> 38937f2fa2d2
Step 14/17 : WORKDIR ${GOPATH}\src\github.com\docker\docker
 ---> Using cache
 ---> 2985577ef01b
Step 15/17 : COPY --from=compiler C:\gcc C:\gcc
 ---> Using cache
 ---> 231e73f6f683
Step 16/17 : COPY --from=busybox C:\busybox C:\busybox
 ---> Using cache
 ---> 72e46fec6a5f
Step 17/17 : COPY . .
Set build name.
New build name is '#38410'
Build was aborted
Aborted by Gordon
[PostBuildScript] - Executing post build scripts.
Notifying endpoint with url 'https://leeroy.dockerproject.org/notification/jenkins'
Finished: ABORTED
