Started by user Gordon
Notifying endpoint with url 'https://leeroy.dockerproject.org/notification/jenkins'
[EnvInject] - Loading node environment variables.
Building remotely on azure-windows-rs5-2 (windows-rs5) in workspace /gopath/src/github.com/docker/docker
Wiping out workspace first.
Cloning the remote Git repository
Cloning repository https://github.com/moby/moby.git
 > git init C:\gopath\src\github.com\docker\docker # timeout=10
Fetching upstream changes from https://github.com/moby/moby.git
 > git --version # timeout=10
 > git fetch --tags --progress https://github.com/moby/moby.git +refs/heads/*:refs/remotes/origin/*
 > git config remote.origin.url https://github.com/moby/moby.git # timeout=10
 > git config --add remote.origin.fetch +refs/heads/*:refs/remotes/origin/* # timeout=10
 > git config remote.origin.url https://github.com/moby/moby.git # timeout=10
Fetching upstream changes from https://github.com/moby/moby.git
 > git fetch --tags --progress https://github.com/moby/moby.git +refs/heads/*:refs/remotes/origin/*
 > git rev-parse "origin/master^{commit}" # timeout=10
Checking out Revision e0e9942dc5466884e7b2ef5c509a9dab33c4a01a (origin/master)
 > git config core.sparsecheckout # timeout=10
 > git checkout -f e0e9942dc5466884e7b2ef5c509a9dab33c4a01a
Commit message: "Merge pull request #38419 from thaJeztah/fix_nuke_everything"
 > git rev-list --no-walk e0e9942dc5466884e7b2ef5c509a9dab33c4a01a # timeout=10
Set build name.
New build name is '#38475'
[docker] $ sh -xe C:\Users\jenkins\jenkins2461481482603780164.sh
+ git fetch origin +refs/pull/38475/head:refs/remotes/origin/pr/38475
From https://github.com/moby/moby
 * [new ref]               refs/pull/38475/head -> origin/pr/38475
+ git merge origin/pr/38475
Auto-merging hack/ci/windows.ps1
Merge made by the 'recursive' strategy.
 Dockerfile          | 7 +++++--
 hack/ci/windows.ps1 | 3 +++
 2 files changed, 8 insertions(+), 2 deletions(-)
[docker] $ powershell.exe -NonInteractive -ExecutionPolicy ByPass "& 'C:\Users\jenkins\jenkins2952820707951316056.ps1'"
Build step 'Windows PowerShell' marked build as failure
Set build name.
New build name is '#38475'
[PostBuildScript] - Executing post build scripts.
Notifying endpoint with url 'https://leeroy.dockerproject.org/notification/jenkins'
Finished: FAILURE
