Started by user Gordon
Notifying endpoint with url 'https://leeroy.dockerproject.org/notification/jenkins'
[EnvInject] - Loading node environment variables.
Building remotely on azure-windows-rs5-3 (windows-rs5) in workspace /gopath/src/github.com/docker/docker
Wiping out workspace first.
Cloning the remote Git repository
Cloning repository https://github.com/moby/moby.git
 > git init C:\gopath\src\github.com\docker\docker # timeout=10
Fetching upstream changes from https://github.com/moby/moby.git
 > git --version # timeout=10
 > git fetch --tags --progress https://github.com/moby/moby.git +refs/heads/*:refs/remotes/origin/*
 > git config remote.origin.url https://github.com/moby/moby.git # timeout=10
 > git config --add remote.origin.fetch +refs/heads/*:refs/remotes/origin/* # timeout=10
 > git config remote.origin.url https://github.com/moby/moby.git # timeout=10
Fetching upstream changes from https://github.com/moby/moby.git
 > git fetch --tags --progress https://github.com/moby/moby.git +refs/heads/*:refs/remotes/origin/*
 > git rev-parse "origin/master^{commit}" # timeout=10
Checking out Revision 77df18c24acf62778f132d30a058d559a0b8b2ba (origin/master)
 > git config core.sparsecheckout # timeout=10
 > git checkout -f 77df18c24acf62778f132d30a058d559a0b8b2ba
Commit message: "Merge pull request #38509 from thaJeztah/bump_containerd_v1.2.2"
 > git rev-list --no-walk 77df18c24acf62778f132d30a058d559a0b8b2ba # timeout=10
Set build name.
New build name is '#38465'
[docker] $ sh -xe C:\Users\jenkins\jenkins8682442022933012143.sh
+ git fetch origin +refs/pull/38465/head:refs/remotes/origin/pr/38465
From https://github.com/moby/moby
 * [new ref]               refs/pull/38465/head -> origin/pr/38465
+ git merge origin/pr/38465
Updating 77df18c24a..e98e19d368
Fast-forward
 Dockerfile.windows              |   2 +-
 volume/mounts/lcow_parser.go    |   4 +-
 volume/mounts/parser_test.go    | 176 ++++++++++++++++++++--------------------
 volume/mounts/validate.go       |   5 ++
 volume/mounts/windows_parser.go |  53 +++++++-----
 5 files changed, 128 insertions(+), 112 deletions(-)
[docker] $ powershell.exe -NonInteractive -ExecutionPolicy ByPass "& 'C:\Users\jenkins\jenkins233110173078536257.ps1'"

INFO: executeCI.ps1 starting at Tue Jan  8 14:26:58 CUT 2019

INFO: Script version 28-Aug-2018 09:33 PDT
INFO: Running git version 2.18.0.windows.1
INFO: Branch:rs5_release_svc_prod1 Build:17763.253.181231-1749
INFO: Environment variables:

Name                           Value                                                                                   
----                           -----                                                                                   
_                              /cygdrive/c/ProgramData/Oracle/Java/javapath/java                                       
ALLUSERSPROFILE                C:\ProgramData                                                                          
APPDATA                        C:\Users\jenkins\AppData\Roaming                                                        
BASE_BRANCH                    master                                                                                  
BUILD_CAUSE                    MANUALTRIGGER                                                                           
BUILD_CAUSE_MANUALTRIGGER      true                                                                                    
BUILD_DISPLAY_NAME             #38465                                                                                  
BUILD_ID                       1031                                                                                    
BUILD_NUMBER                   1031                                                                                    
BUILD_TAG                      jenkins-Docker-PRs-WoW-RS5-Process-1031                                                 
BUILD_URL                      https://jenkins.dockerproject.org/job/Docker-PRs-WoW-RS5-Process/1031/                  
CommonProgramFiles             C:\Program Files\Common Files                                                           
CommonProgramFiles(x86)        C:\Program Files (x86)\Common Files                                                     
CommonProgramW6432             C:\Program Files\Common Files                                                           
COMPUTERNAME                   jenkins-rs5-3                                                                           
COMSPEC                        C:\Windows\system32\cmd.exe                                                             
ConfigSet                      rs                                                                                      
CYGWIN                         binmode ntsec                                                                           
DriverData                     C:\Windows\System32\Drivers\DriverData                                                  
EXECUTOR_NUMBER                0                                                                                       
GIT_AUTHOR_EMAIL               janky@dockerproject.org                                                                 
GIT_AUTHOR_NAME                Docker Jenkins                                                                          
GIT_BASE_REPO                  moby/moby                                                                               
GIT_BRANCH                     origin/master                                                                           
GIT_COMMIT                     77df18c24acf62778f132d30a058d559a0b8b2ba                                                
GIT_COMMITTER_EMAIL            janky@dockerproject.org                                                                 
GIT_COMMITTER_NAME             Docker Jenkins                                                                          
GIT_HEAD_REPO                  steveazz/moby                                                                           
GIT_PREVIOUS_COMMIT            77df18c24acf62778f132d30a058d559a0b8b2ba                                                
GIT_PREVIOUS_SUCCESSFUL_COMMIT 77df18c24acf62778f132d30a058d559a0b8b2ba                                                
GIT_SHA1                       e98e19d368deb96e059cfb3177f6ce42683b70c6                                                
GIT_URL                        https://github.com/moby/moby.git                                                        
GITHUB_URL                     https://github.com/moby/moby/pull/38465                                                 
HOME                           C:\cygwin\home\jenkins                                                                  
HOMEDRIVE                      C:                                                                                      
HOMEPATH                       \cygwin\home\jenkins                                                                    
HUDSON_COOKIE                  f68d505a-44fe-4d45-9c9f-9aaf13db1a5d                                                    
HUDSON_HOME                    /var/jenkins_home                                                                       
HUDSON_SERVER_COOKIE           5654907fc74b1465                                                                        
HUDSON_URL                     https://jenkins.dockerproject.org/                                                      
JENKINS_HOME                   /var/jenkins_home                                                                       
JENKINS_SERVER_COOKIE          5654907fc74b1465                                                                        
JENKINS_URL                    https://jenkins.dockerproject.org/                                                      
JOB_BASE_NAME                  Docker-PRs-WoW-RS5-Process                                                              
JOB_DISPLAY_URL                https://jenkins.dockerproject.org/job/Docker-PRs-WoW-RS5-Process/display/redirect       
JOB_NAME                       Docker-PRs-WoW-RS5-Process                                                              
JOB_URL                        https://jenkins.dockerproject.org/job/Docker-PRs-WoW-RS5-Process/                       
LOCALAPPDATA                   C:\Users\jenkins\AppData\Local                                                          
LOGNAME                        jenkins                                                                                 
LOGONSERVER                    \\jenkins-rs5-3                                                                         
MAIL                           /var/spool/mail//jenkins                                                                
NODE_LABELS                    azure-windows-rs5-3 windows-rs5                                                         
NODE_NAME                      azure-windows-rs5-3                                                                     
NUMBER_OF_PROCESSORS           4                                                                                       
OLDPWD                         /home/jenkins                                                                           
OS                             Windows_NT                                                                              
PATH                           C:\cygwin\bin;C:\ProgramData\Oracle\Java\javapath;C:\pstools;C:\Program Files\Notepad...
PATHEXT                        .COM;.EXE;.BAT;.CMD;.VBS;.VBE;.JS;.JSE;.WSF;.WSH;.MSC;.CPL                              
PR                             38465                                                                                   
PROCESSOR_ARCHITECTURE         AMD64                                                                                   
PROCESSOR_IDENTIFIER           Intel64 Family 6 Model 63 Stepping 2, GenuineIntel                                      
PROCESSOR_LEVEL                6                                                                                       
PROCESSOR_REVISION             3f02                                                                                    
ProgramData                    C:\ProgramData                                                                          
PROGRAMFILES                   C:\Program Files                                                                        
ProgramFiles(x86)              C:\Program Files (x86)                                                                  
ProgramW6432                   C:\Program Files                                                                        
PSExecutionPolicyPreference    Bypass                                                                                  
PSModulePath                   C:\Users\jenkins\Documents\WindowsPowerShell\Modules;C:\Program Files\WindowsPowerShe...
PUBLIC                         C:\Users\Public                                                                         
PWD                            /cygdrive/c/workspace                                                                   
ROOT_BUILD_CAUSE               MANUALTRIGGER                                                                           
ROOT_BUILD_CAUSE_MANUALTRIGGER true                                                                                    
RUN_CHANGES_DISPLAY_URL        https://jenkins.dockerproject.org/job/Docker-PRs-WoW-RS5-Process/1031/display/redirec...
RUN_DISPLAY_URL                https://jenkins.dockerproject.org/job/Docker-PRs-WoW-RS5-Process/1031/display/redirect  
SHELL                          /bin/bash                                                                               
SHLVL                          1                                                                                       
SOURCES_DRIVE                  c                                                                                       
SOURCES_SUBDIR                 gopath                                                                                  
SSH_CLIENT                     52.88.204.51 26870 22                                                                   
SSH_CONNECTION                 52.88.204.51 26870 10.0.0.22 22                                                         
SYSTEMDRIVE                    C:                                                                                      
SYSTEMROOT                     C:\Windows                                                                              
TEMP                           d:\temp                                                                                 
TESTRUN_DRIVE                  d                                                                                       
TESTRUN_SUBDIR                 CI                                                                                      
USER                           jenkins                                                                                 
USERDOMAIN                     jenkins-rs5-3                                                                           
USERNAME                       jenkins                                                                                 
USERPROFILE                    C:\Users\jenkins                                                                        
WINDIR                         C:\Windows                                                                              
WORKSPACE                      /gopath/src/github.com/docker/docker                                                    



INFO: PR#38465 (https://github.com/docker/docker/pull/38465)
INFO: Sources under c:\gopath\...
INFO: Test run under d:\CI\...
INFO: Running in C:\gopath\src\github.com\docker\docker
INFO: docker/docker repository was found
INFO: Image microsoft/windowsservercore:latest is already loaded in the control daemon
INFO: Version of microsoft/windowsservercore:latest is '10.0.17763.253'
INFO: Docker version of control daemon

Client:
 Version:           master-dockerproject-2019-01-02
 API version:       1.40
 Go version:        go1.11.2
 Git commit:        4eab3cd1
 Built:             Wed Jan  2 23:50:37 2019
 OS/Arch:           windows/amd64
 Experimental:      false

Server:
 Engine:
  Version:          master-dockerproject-2019-01-02
  API version:      1.40 (minimum version 1.24)
  Go version:       go1.11.4
  Git commit:       e0e9942
  Built:            Wed Jan  2 23:58:00 2019
  OS/Arch:          windows/amd64
  Experimental:     false

INFO: Docker info of control daemon

Containers: 0
 Running: 0
 Paused: 0
 Stopped: 0
Images: 7
Server Version: master-dockerproject-2019-01-02
Storage Driver: windowsfilter
 Windows: 
Logging Driver: json-file
Plugins:
 Volume: local
 Network: ics l2bridge l2tunnel nat null overlay transparent
 Log: awslogs etwlogs fluentd gcplogs gelf json-file local logentries splunk syslog
Swarm: inactive
Default Isolation: process
Kernel Version: 10.0 17763 (17763.253.amd64fre.rs5_release_svc_prod1.181231-1749)
Operating System: Windows Server 2019 Datacenter Version 1809 (OS Build 17763.253)
OSType: windows
Architecture: x86_64
CPUs: 4
Total Memory: 16GiB
Name: jenkins-rs5-3
ID: 3BXL:I2ZP:3GP3:RS52:RMTI:ZMFX:X444:VRXV:OKRQ:2DKV:BJI6:UQXS
Docker Root Dir: D:\control
Debug Mode (client): false
Debug Mode (server): false
Registry: https://index.docker.io/v1/
Labels:
Experimental: false
Insecure Registries:
 127.0.0.0/8
Live Restore Enabled: false


INFO: Commit hash is e98e19d368
INFO: Nuke-Everything...
INFO: Container count on control daemon to delete is 0
INFO: Nuking d:\CI
INFO: Zapped successfully
INFO: Location for testing is d:\CI\CI-e98e19d368
INFO: Validating GOLang consistency in Dockerfile.windows...


INFO: Building the image from Dockerfile.windows at 01/08/2019 14:26:59...

Sending build context to Docker daemon   46.4MB

Step 1/7 : FROM mcr.microsoft.com/windows/servercore:ltsc2019
ltsc2019: Pulling from windows/servercore
65014b3c3121: Pulling fs layer
783e312e2ddb: Pulling fs layer
783e312e2ddb: Verifying Checksum
783e312e2ddb: Download complete
65014b3c3121: Verifying Checksum
65014b3c3121: Download complete
65014b3c3121: Pull complete
Set build name.
New build name is '#38465'
Build was aborted
Aborted by Gordon
[PostBuildScript] - Executing post build scripts.
Notifying endpoint with url 'https://leeroy.dockerproject.org/notification/jenkins'
Finished: ABORTED
