Started by user Gordon
Notifying endpoint with url 'https://leeroy.dockerproject.org/notification/jenkins'
[EnvInject] - Loading node environment variables.
Building remotely on s390x-ubuntu-25 (linux s390x-ubuntu-1604 s390x) in workspace /home/jenkins/workspace/Docker-PRs-s390x
Running Prebuild steps
[Docker-PRs-s390x] $ /bin/sh -xe /tmp/jenkins141739975382082179.sh
+ pwd
+ id -u
+ id -g
+ docker run --rm -v /home/jenkins/workspace/Docker-PRs-s390x:/workspace s390x/busybox chown -R 1001:1001 /workspace
Success build forhudson.tasks.Shell@54493290
Wiping out workspace first.
Cloning the remote Git repository
Cloning repository https://github.com/moby/moby.git
 > git init /home/jenkins/workspace/Docker-PRs-s390x # timeout=10
Fetching upstream changes from https://github.com/moby/moby.git
 > git --version # timeout=10
 > git fetch --tags --progress https://github.com/moby/moby.git +refs/heads/*:refs/remotes/origin/*
 > git config remote.origin.url https://github.com/moby/moby.git # timeout=10
 > git config --add remote.origin.fetch +refs/heads/*:refs/remotes/origin/* # timeout=10
 > git config remote.origin.url https://github.com/moby/moby.git # timeout=10
Fetching upstream changes from https://github.com/moby/moby.git
 > git fetch --tags --progress https://github.com/moby/moby.git +refs/heads/*:refs/remotes/origin/*
 > git rev-parse origin/master^{commit} # timeout=10
Checking out Revision 156b2abd0c29f57d83a8d496c3f572a4beb4e396 (origin/master)
 > git config core.sparsecheckout # timeout=10
 > git checkout -f 156b2abd0c29f57d83a8d496c3f572a4beb4e396
Commit message: "Merge pull request #38472 from thaJeztah/remove_debugging_code"
 > git rev-list --no-walk 156b2abd0c29f57d83a8d496c3f572a4beb4e396 # timeout=10
Set build name.
New build name is '#38050'
[Docker-PRs-s390x] $ /bin/bash /tmp/jenkins5035846264970085007.sh
From https://github.com/moby/moby
 * [new ref]         refs/pull/38050/head -> origin/pr/38050
Updating 156b2ab..d90da38
Fast-forward
 Dockerfile                                    | 14 +++++
 cli/config/configdir.go                       |  2 +
 cmd/dockerd/config.go                         | 15 ++++-
 cmd/dockerd/config_common_unix.go             | 41 ++++++++++--
 cmd/dockerd/config_unix.go                    | 11 +++-
 cmd/dockerd/config_unix_test.go               |  3 +-
 cmd/dockerd/config_windows.go                 | 22 ++++---
 cmd/dockerd/daemon.go                         | 51 ++++++++++++---
 cmd/dockerd/daemon_test.go                    | 16 +++--
 cmd/dockerd/daemon_unix.go                    | 28 ++++++++-
 cmd/dockerd/daemon_windows.go                 | 10 +--
 cmd/dockerd/docker.go                         | 25 ++++++--
 cmd/dockerd/options.go                        |  2 +
 contrib/dockerd-rootless.sh                   | 69 ++++++++++++++++++++
 daemon/config/config_unix.go                  |  6 ++
 daemon/config/config_windows.go               |  5 ++
 daemon/daemon.go                              |  1 +
 daemon/daemon_unix.go                         |  3 -
 daemon/info.go                                |  3 +
 daemon/info_unix.go                           |  4 ++
 daemon/info_windows.go                        |  4 ++
 daemon/listeners/listeners_linux.go           |  5 ++
 daemon/oci_linux.go                           |  9 ++-
 docs/rootless.md                              | 90 +++++++++++++++++++++++++++
 hack/dockerfile/install/rootlesskit.installer | 34 ++++++++++
 hack/dockerfile/install/slirp4netns.installer | 28 +++++++++
 hack/make/.binary-setup                       |  3 +
 hack/make/binary-daemon                       |  3 +-
 hack/make/install-binary                      |  3 +
 opts/hosts.go                                 | 15 ++++-
 opts/hosts_test.go                            |  4 +-
 pkg/homedir/homedir_linux.go                  | 88 ++++++++++++++++++++++++++
 pkg/homedir/homedir_others.go                 | 20 ++++++
 pkg/sysinfo/sysinfo_linux.go                  |  4 +-
 rootless/rootless.go                          | 26 ++++++++
 rootless/specconv/specconv_linux.go           | 38 +++++++++++
 36 files changed, 650 insertions(+), 55 deletions(-)
 create mode 100755 contrib/dockerd-rootless.sh
 create mode 100644 docs/rootless.md
 create mode 100755 hack/dockerfile/install/rootlesskit.installer
 create mode 100755 hack/dockerfile/install/slirp4netns.installer
 create mode 100644 rootless/rootless.go
 create mode 100644 rootless/specconv/specconv_linux.go
Sending build context to Docker daemon  45.13MB
Step 1/108 : FROM golang:1.11.4 AS base
 ---> ee5c1a481166
Step 2/108 : ARG APT_MIRROR=deb.debian.org
 ---> Using cache
 ---> 3892bf7a7d2b
Step 3/108 : RUN sed -ri "s/(httpredir|deb).debian.org/$APT_MIRROR/g" /etc/apt/sources.list
 ---> Using cache
 ---> 68a98f508755
Step 4/108 : FROM base AS criu
 ---> 68a98f508755
Step 5/108 : ENV CRIU_VERSION 3.6
 ---> Using cache
 ---> 33b3cec414dd
Step 6/108 : RUN apt-get update && apt-get install -y 	libnet-dev 	libprotobuf-c0-dev 	libprotobuf-dev 	libnl-3-dev 	libcap-dev 	protobuf-compiler 	protobuf-c-compiler 	python-protobuf 	&& mkdir -p /usr/src/criu 	&& curl -sSL https://github.com/checkpoint-restore/criu/archive/v${CRIU_VERSION}.tar.gz | tar -C /usr/src/criu/ -xz --strip-components=1 	&& cd /usr/src/criu 	&& make 	&& make PREFIX=/build/ install-criu
 ---> Running in 0f7be081824e
Err:1 http://security.debian.org/debian-security stretch/updates InRelease
  Could not resolve 'security.debian.org'
Err:2 http://cdn-fastly.deb.debian.org/debian stretch InRelease
  Could not resolve 'cdn-fastly.deb.debian.org'
Err:3 http://cdn-fastly.deb.debian.org/debian stretch-updates InRelease
  Could not resolve 'cdn-fastly.deb.debian.org'
Reading package lists...
W: Failed to fetch http://cdn-fastly.deb.debian.org/debian/dists/stretch/InRelease  Could not resolve 'cdn-fastly.deb.debian.org'
W: Failed to fetch http://security.debian.org/debian-security/dists/stretch/updates/InRelease  Could not resolve 'security.debian.org'
W: Failed to fetch http://cdn-fastly.deb.debian.org/debian/dists/stretch-updates/InRelease  Could not resolve 'cdn-fastly.deb.debian.org'
W: Some index files failed to download. They have been ignored, or old ones used instead.
Reading package lists...
Building dependency tree...
Reading state information...
E: Unable to locate package libnet-dev
E: Unable to locate package libprotobuf-c0-dev
E: Unable to locate package libprotobuf-dev
E: Unable to locate package libnl-3-dev
E: Unable to locate package libcap-dev
E: Unable to locate package protobuf-compiler
E: Unable to locate package protobuf-c-compiler
E: Unable to locate package python-protobuf
Removing intermediate container 0f7be081824e
The command '/bin/sh -c apt-get update && apt-get install -y 	libnet-dev 	libprotobuf-c0-dev 	libprotobuf-dev 	libnl-3-dev 	libcap-dev 	protobuf-compiler 	protobuf-c-compiler 	python-protobuf 	&& mkdir -p /usr/src/criu 	&& curl -sSL https://github.com/checkpoint-restore/criu/archive/v${CRIU_VERSION}.tar.gz | tar -C /usr/src/criu/ -xz --strip-components=1 	&& cd /usr/src/criu 	&& make 	&& make PREFIX=/build/ install-criu' returned a non-zero code: 100
Unable to find image 'docker-s390x:d90da38' locally
docker: Error response from daemon: pull access denied for docker-s390x, repository does not exist or may require 'docker login'.
See 'docker run --help'.
Build step 'Execute shell' marked build as failure
Set build name.
New build name is '#38050'
[PostBuildScript] - Executing post build scripts.
[Docker-PRs-s390x] $ /bin/sh -xe /tmp/jenkins5885321405228140581.sh
+ echo Chowning /workspace to jenkins user
Chowning /workspace to jenkins user
+ id -u
+ id -g
+ docker run --rm -v /home/jenkins/workspace/Docker-PRs-s390x:/workspace s390x/busybox chown -R 1001:1001 /workspace
[Docker-PRs-s390x] $ /bin/sh -xe /tmp/jenkins3820356488149868771.sh
+ echo Creating bundles.tar.gz
Creating bundles.tar.gz
+ xargs tar -czf bundles.tar.gz
+ find bundles -name *.log
find: ‘bundles’: No such file or directory
tar: Cowardly refusing to create an empty archive
Try 'tar --help' or 'tar --usage' for more information.
+ true
Archiving artifacts
Notifying endpoint with url 'https://leeroy.dockerproject.org/notification/jenkins'
Finished: FAILURE
