Started by user Gordon
Notifying endpoint with url 'https://leeroy.dockerproject.org/notification/jenkins'
[EnvInject] - Loading node environment variables.
Building remotely on s390x-ubuntu-25 (linux s390x-ubuntu-1604 s390x) in workspace /home/jenkins/workspace/Docker-PRs-s390x
Running Prebuild steps
[Docker-PRs-s390x] $ /bin/sh -xe /tmp/jenkins3184301077826885224.sh
+ pwd
+ id -u
+ id -g
+ docker run --rm -v /home/jenkins/workspace/Docker-PRs-s390x:/workspace s390x/busybox chown -R 1001:1001 /workspace
Success build forhudson.tasks.Shell@54493290
Wiping out workspace first.
Cloning the remote Git repository
Cloning repository https://github.com/moby/moby.git
 > git init /home/jenkins/workspace/Docker-PRs-s390x # timeout=10
Fetching upstream changes from https://github.com/moby/moby.git
 > git --version # timeout=10
 > git fetch --tags --progress https://github.com/moby/moby.git +refs/heads/*:refs/remotes/origin/*
 > git config remote.origin.url https://github.com/moby/moby.git # timeout=10
 > git config --add remote.origin.fetch +refs/heads/*:refs/remotes/origin/* # timeout=10
 > git config remote.origin.url https://github.com/moby/moby.git # timeout=10
Fetching upstream changes from https://github.com/moby/moby.git
 > git fetch --tags --progress https://github.com/moby/moby.git +refs/heads/*:refs/remotes/origin/*
 > git rev-parse origin/master^{commit} # timeout=10
Checking out Revision cb501886db2b46594a66cc2f54e81b53097e5fd8 (origin/master)
 > git config core.sparsecheckout # timeout=10
 > git checkout -f cb501886db2b46594a66cc2f54e81b53097e5fd8
Commit message: "Merge pull request #38456 from thaJeztah/make_errdefs_idempotent"
 > git rev-list --no-walk cb501886db2b46594a66cc2f54e81b53097e5fd8 # timeout=10
Set build name.
New build name is '#38467'
[Docker-PRs-s390x] $ /bin/bash /tmp/jenkins6836703296579155156.sh
From https://github.com/moby/moby
 * [new ref]         refs/pull/38467/head -> origin/pr/38467
Updating cb50188..a5f0d9e
Fast-forward
 api/server/httputils/errors.go      | 101 +++++++++++++++++++++++++++++++
 api/server/httputils/errors_test.go | 115 ++++++++++++++++++++++++++++++++++++
 client/checkpoint_create_test.go    |   4 ++
 client/checkpoint_delete_test.go    |   4 ++
 client/checkpoint_list_test.go      |   4 ++
 client/config_create_test.go        |   4 ++
 client/config_inspect_test.go       |   4 ++
 client/config_list_test.go          |   4 ++
 client/config_remove_test.go        |   4 ++
 client/config_update_test.go        |   4 ++
 client/container_commit_test.go     |   4 ++
 client/container_copy_test.go       |  10 ++++
 client/container_create.go          |   4 --
 client/container_create_test.go     |   9 ++-
 client/container_diff_test.go       |   5 +-
 client/container_exec_test.go       |  10 ++++
 client/container_export_test.go     |   5 ++
 client/container_inspect_test.go    |   4 ++
 client/container_kill_test.go       |   5 ++
 client/container_list_test.go       |   4 ++
 client/container_pause_test.go      |   5 ++
 client/container_rename_test.go     |   5 ++
 client/container_resize_test.go     |   7 +++
 client/container_restart_test.go    |   5 ++
 client/container_start_test.go      |   4 ++
 client/container_stats_test.go      |   5 ++
 client/container_stop_test.go       |   5 ++
 client/container_top_test.go        |   4 ++
 client/container_unpause_test.go    |   5 ++
 client/container_update_test.go     |   4 ++
 client/container_wait_test.go       |   4 ++
 client/disk_usage_test.go           |   4 ++
 client/errors.go                    |  27 +++++----
 client/events_test.go               |   4 ++
 client/image_build_test.go          |   4 ++
 client/image_create_test.go         |   4 ++
 client/image_history_test.go        |   4 ++
 client/image_import_test.go         |   4 ++
 client/image_inspect_test.go        |   4 ++
 client/image_list_test.go           |   4 ++
 client/image_load_test.go           |   5 ++
 client/image_pull_test.go           |   4 ++
 client/image_push_test.go           |   4 ++
 client/image_save_test.go           |   5 ++
 client/image_search_test.go         |   4 ++
 client/image_tag_test.go            |   5 ++
 client/info_test.go                 |   4 ++
 client/network_connect_test.go      |   4 ++
 client/network_create_test.go       |   4 ++
 client/network_disconnect_test.go   |   4 ++
 client/network_list_test.go         |   4 ++
 client/network_prune_test.go        |   4 ++
 client/network_remove_test.go       |   5 ++
 client/node_inspect_test.go         |   4 ++
 client/node_list_test.go            |   4 ++
 client/node_remove_test.go          |   4 ++
 client/node_update_test.go          |   4 ++
 client/ping.go                      |   6 +-
 client/plugin_disable_test.go       |   4 ++
 client/plugin_enable_test.go        |   4 ++
 client/plugin_inspect_test.go       |   4 ++
 client/plugin_list_test.go          |   4 ++
 client/plugin_push_test.go          |   5 ++
 client/plugin_remove_test.go        |   4 ++
 client/plugin_set_test.go           |   5 ++
 client/request.go                   |  18 +++---
 client/request_test.go              |   4 ++
 client/secret_create_test.go        |   4 ++
 client/secret_inspect_test.go       |   4 ++
 client/secret_list_test.go          |   4 ++
 client/secret_remove_test.go        |   4 ++
 client/secret_update_test.go        |   4 ++
 client/service_create_test.go       |   4 ++
 client/service_inspect_test.go      |   4 ++
 client/service_list_test.go         |   4 ++
 client/service_update_test.go       |   4 ++
 client/swarm_init_test.go           |   4 ++
 client/swarm_inspect_test.go        |   4 ++
 client/swarm_join_test.go           |   4 ++
 client/swarm_leave_test.go          |   5 ++
 client/swarm_unlock_test.go         |   4 ++
 client/swarm_update_test.go         |   4 ++
 client/task_inspect_test.go         |   4 ++
 client/task_list_test.go            |   4 ++
 client/volume_create_test.go        |   4 ++
 client/volume_list_test.go          |   4 ++
 client/volume_remove_test.go        |   5 ++
 87 files changed, 606 insertions(+), 26 deletions(-)
 create mode 100644 api/server/httputils/errors_test.go
Sending build context to Docker daemon  45.13MB
Step 1/94 : FROM golang:1.11.4 AS base
 ---> ee5c1a481166
Step 2/94 : ARG APT_MIRROR=deb.debian.org
 ---> Using cache
 ---> 80a95ecd076d
Step 3/94 : RUN sed -ri "s/(httpredir|deb).debian.org/$APT_MIRROR/g" /etc/apt/sources.list
 ---> Using cache
 ---> 445af340e373
Step 4/94 : FROM base AS criu
 ---> 445af340e373
Step 5/94 : ENV CRIU_VERSION 3.6
 ---> Using cache
 ---> 87caa1394914
Step 6/94 : RUN apt-get update && apt-get install -y 	libnet-dev 	libprotobuf-c0-dev 	libprotobuf-dev 	libnl-3-dev 	libcap-dev 	protobuf-compiler 	protobuf-c-compiler 	python-protobuf 	&& mkdir -p /usr/src/criu 	&& curl -sSL https://github.com/checkpoint-restore/criu/archive/v${CRIU_VERSION}.tar.gz | tar -C /usr/src/criu/ -xz --strip-components=1 	&& cd /usr/src/criu 	&& make 	&& make PREFIX=/build/ install-criu
 ---> Running in 2a9633f1d13e
Err:1 http://cdn-fastly.deb.debian.org/debian stretch InRelease
  Could not resolve 'cdn-fastly.deb.debian.org'
Err:2 http://cdn-fastly.deb.debian.org/debian stretch-updates InRelease
  Could not resolve 'cdn-fastly.deb.debian.org'
Err:3 http://security.debian.org/debian-security stretch/updates InRelease
  Could not resolve 'security.debian.org'
Reading package lists...
W: Failed to fetch http://cdn-fastly.deb.debian.org/debian/dists/stretch/InRelease  Could not resolve 'cdn-fastly.deb.debian.org'
W: Failed to fetch http://security.debian.org/debian-security/dists/stretch/updates/InRelease  Could not resolve 'security.debian.org'
W: Failed to fetch http://cdn-fastly.deb.debian.org/debian/dists/stretch-updates/InRelease  Could not resolve 'cdn-fastly.deb.debian.org'
W: Some index files failed to download. They have been ignored, or old ones used instead.
Reading package lists...
Building dependency tree...
Reading state information...
E: Unable to locate package libnet-dev
E: Unable to locate package libprotobuf-c0-dev
E: Unable to locate package libprotobuf-dev
E: Unable to locate package libnl-3-dev
E: Unable to locate package libcap-dev
E: Unable to locate package protobuf-compiler
E: Unable to locate package protobuf-c-compiler
E: Unable to locate package python-protobuf
Removing intermediate container 2a9633f1d13e
The command '/bin/sh -c apt-get update && apt-get install -y 	libnet-dev 	libprotobuf-c0-dev 	libprotobuf-dev 	libnl-3-dev 	libcap-dev 	protobuf-compiler 	protobuf-c-compiler 	python-protobuf 	&& mkdir -p /usr/src/criu 	&& curl -sSL https://github.com/checkpoint-restore/criu/archive/v${CRIU_VERSION}.tar.gz | tar -C /usr/src/criu/ -xz --strip-components=1 	&& cd /usr/src/criu 	&& make 	&& make PREFIX=/build/ install-criu' returned a non-zero code: 100
Unable to find image 'docker-s390x:a5f0d9e' locally
docker: Error response from daemon: pull access denied for docker-s390x, repository does not exist or may require 'docker login'.
See 'docker run --help'.
Build step 'Execute shell' marked build as failure
Set build name.
New build name is '#38467'
[PostBuildScript] - Executing post build scripts.
[Docker-PRs-s390x] $ /bin/sh -xe /tmp/jenkins2261346906086755370.sh
+ echo Chowning /workspace to jenkins user
Chowning /workspace to jenkins user
+ id -u
+ id -g
+ docker run --rm -v /home/jenkins/workspace/Docker-PRs-s390x:/workspace s390x/busybox chown -R 1001:1001 /workspace
[Docker-PRs-s390x] $ /bin/sh -xe /tmp/jenkins3783073372364457226.sh
+ echo Creating bundles.tar.gz
Creating bundles.tar.gz
+ xargs tar -czf bundles.tar.gz
+ find bundles -name *.log
find: ‘bundles’: No such file or directory
tar: Cowardly refusing to create an empty archive
Try 'tar --help' or 'tar --usage' for more information.
+ true
Archiving artifacts
Notifying endpoint with url 'https://leeroy.dockerproject.org/notification/jenkins'
Finished: FAILURE
