Started by user Gordon
Notifying endpoint with url 'https://leeroy.dockerproject.org/notification/jenkins'
[EnvInject] - Loading node environment variables.
Building remotely on ubuntu-1604-overlay2-stable (i-0efcfd9cba8647fce) (x86_64 ec2 ubuntu overlay2 linux ubuntu-1604 ubuntu-1604-overlay2-stable amd64 docker us-west-2) in workspace /home/ubuntu/workspace/Docker-PRs
Wiping out workspace first.
Cloning the remote Git repository
Cloning repository https://github.com/moby/moby.git
 > git init /home/ubuntu/workspace/Docker-PRs # timeout=10
Fetching upstream changes from https://github.com/moby/moby.git
 > git --version # timeout=10
 > git fetch --tags --progress https://github.com/moby/moby.git +refs/heads/*:refs/remotes/origin/*
 > git config remote.origin.url https://github.com/moby/moby.git # timeout=10
 > git config --add remote.origin.fetch +refs/heads/*:refs/remotes/origin/* # timeout=10
 > git config remote.origin.url https://github.com/moby/moby.git # timeout=10
Fetching upstream changes from https://github.com/moby/moby.git
 > git fetch --tags --progress https://github.com/moby/moby.git +refs/heads/*:refs/remotes/origin/*
 > git rev-parse origin/master^{commit} # timeout=10
Checking out Revision f76d6a078d881f410c00e8d900dcdfc2e026c841 (origin/master)
 > git config core.sparsecheckout # timeout=10
 > git checkout -f f76d6a078d881f410c00e8d900dcdfc2e026c841
Commit message: "Merge pull request #38370 from farnasirim/36413-bind-dir-skip-copy"
 > git rev-list --no-walk f76d6a078d881f410c00e8d900dcdfc2e026c841 # timeout=10
Set build name.
New build name is '#38432'
[Docker-PRs] $ /bin/bash /tmp/jenkins8671472211691284095.sh
From https://github.com/moby/moby
 * [new ref]         refs/pull/38432/head -> origin/pr/38432
Merge made by the 'recursive' strategy.
 hack/ci/windows.ps1                                |   7 +-
 integration-cli/check_test.go                      |   3 +-
 integration-cli/docker_api_swarm_node_test.go      |   2 -
 integration-cli/docker_api_swarm_service_test.go   |  79 ---------
 .../docker_api_swarm_service_unix_test.go          |  90 ++++++++++
 integration-cli/docker_api_swarm_test.go           |   2 -
 integration-cli/docker_cli_swarm_test.go           | 196 ---------------------
 integration-cli/docker_cli_swarm_unix_test.go      | 195 ++++++++++++++++++++
 internal/test/daemon/daemon.go                     |   7 +-
 internal/test/daemon/daemon_unix.go                |   6 +
 internal/test/daemon/daemon_windows.go             |   6 +
 internal/test/daemon/swarm.go                      |   4 -
 internal/test/daemon/swarm_unix.go                 |   7 +
 internal/test/daemon/swarm_windows.go              |   7 +
 14 files changed, 317 insertions(+), 294 deletions(-)
 create mode 100644 integration-cli/docker_api_swarm_service_unix_test.go
 create mode 100644 internal/test/daemon/swarm_unix.go
 create mode 100644 internal/test/daemon/swarm_windows.go
Sending build context to Docker daemon  45.09MB
Step 1/94 : FROM golang:1.11.4 AS base
 ---> 343df9d12b7b
Step 2/94 : ARG APT_MIRROR=deb.debian.org
 ---> Using cache
 ---> 92985bab08db
Step 3/94 : RUN sed -ri "s/(httpredir|deb).debian.org/$APT_MIRROR/g" /etc/apt/sources.list
 ---> Using cache
 ---> 4efbcfd915a3
Step 4/94 : FROM base AS criu
 ---> 4efbcfd915a3
Step 5/94 : ENV CRIU_VERSION 3.6
 ---> Using cache
 ---> e3956429e560
Step 6/94 : RUN apt-get update && apt-get install -y 	libnet-dev 	libprotobuf-c0-dev 	libprotobuf-dev 	libnl-3-dev 	libcap-dev 	protobuf-compiler 	protobuf-c-compiler 	python-protobuf 	&& mkdir -p /usr/src/criu 	&& curl -sSL https://github.com/checkpoint-restore/criu/archive/v${CRIU_VERSION}.tar.gz | tar -C /usr/src/criu/ -xz --strip-components=1 	&& cd /usr/src/criu 	&& make 	&& make PREFIX=/build/ install-criu
 ---> Using cache
 ---> 6484da8d3ab9
Step 7/94 : FROM base AS registry
 ---> 4efbcfd915a3
Step 8/94 : ENV REGISTRY_COMMIT_SCHEMA1 ec87e9b6971d831f0eff752ddb54fb64693e51cd
 ---> Using cache
 ---> 50bd1c956de1
Step 9/94 : ENV REGISTRY_COMMIT 47a064d4195a9b56133891bbb13620c3ac83a827
 ---> Using cache
 ---> 6f8829f34080
Step 10/94 : RUN set -x 	&& export GOPATH="$(mktemp -d)" 	&& git clone https://github.com/docker/distribution.git "$GOPATH/src/github.com/docker/distribution" 	&& (cd "$GOPATH/src/github.com/docker/distribution" && git checkout -q "$REGISTRY_COMMIT") 	&& GOPATH="$GOPATH/src/github.com/docker/distribution/Godeps/_workspace:$GOPATH" 		go build -buildmode=pie -o /build/registry-v2 github.com/docker/distribution/cmd/registry 	&& case $(dpkg --print-architecture) in 		amd64|ppc64*|s390x) 		(cd "$GOPATH/src/github.com/docker/distribution" && git checkout -q "$REGISTRY_COMMIT_SCHEMA1"); 		GOPATH="$GOPATH/src/github.com/docker/distribution/Godeps/_workspace:$GOPATH"; 			go build -buildmode=pie -o /build/registry-v2-schema1 github.com/docker/distribution/cmd/registry; 		;; 	   esac 	&& rm -rf "$GOPATH"
 ---> Using cache
 ---> 6025dda7f176
Step 11/94 : FROM base AS docker-py
 ---> 4efbcfd915a3
Step 12/94 : ENV DOCKER_PY_COMMIT 8b246db271a85d6541dc458838627e89c683e42f
 ---> Using cache
 ---> 98f0ae744aa6
Step 13/94 : RUN git clone https://github.com/docker/docker-py.git /build 	&& cd /build 	&& git checkout -q $DOCKER_PY_COMMIT
 ---> Using cache
 ---> 5cc53bfbe044
Step 14/94 : FROM base AS swagger
 ---> 4efbcfd915a3
Step 15/94 : ENV GO_SWAGGER_COMMIT c28258affb0b6251755d92489ef685af8d4ff3eb
 ---> Using cache
 ---> c725781868fc
Step 16/94 : RUN set -x 	&& export GOPATH="$(mktemp -d)" 	&& git clone https://github.com/go-swagger/go-swagger.git "$GOPATH/src/github.com/go-swagger/go-swagger" 	&& (cd "$GOPATH/src/github.com/go-swagger/go-swagger" && git checkout -q "$GO_SWAGGER_COMMIT") 	&& go build -o /build/swagger github.com/go-swagger/go-swagger/cmd/swagger 	&& rm -rf "$GOPATH"
 ---> Using cache
 ---> c7460d76f95f
Step 17/94 : FROM base AS frozen-images
 ---> 4efbcfd915a3
Step 18/94 : RUN apt-get update && apt-get install -y jq ca-certificates --no-install-recommends
 ---> Using cache
 ---> 7f5aed67bf52
Step 19/94 : COPY contrib/download-frozen-image-v2.sh /
 ---> Using cache
 ---> e13806ef9260
Step 20/94 : RUN /download-frozen-image-v2.sh /build 	buildpack-deps:jessie@sha256:dd86dced7c9cd2a724e779730f0a53f93b7ef42228d4344b25ce9a42a1486251 	busybox:latest@sha256:bbc3a03235220b170ba48a157dd097dd1379299370e1ed99ce976df0355d24f0 	busybox:glibc@sha256:0b55a30394294ab23b9afd58fab94e61a923f5834fba7ddbae7f8e0c11ba85e6 	debian:jessie@sha256:287a20c5f73087ab406e6b364833e3fb7b3ae63ca0eb3486555dc27ed32c6e60 	hello-world:latest@sha256:be0cd392e45be79ffeffa6b05338b98ebb16c87b255f48e297ec7f98e123905c
 ---> Using cache
 ---> ae12b758c4f0
Step 21/94 : FROM base AS runtime-dev
 ---> 4efbcfd915a3
Step 22/94 : RUN apt-get update && apt-get install -y 	libapparmor-dev 	libseccomp-dev
 ---> Using cache
 ---> 374ba9c4067d
Step 23/94 : FROM base AS tomlv
 ---> 4efbcfd915a3
Step 24/94 : ENV INSTALL_BINARY_NAME=tomlv
 ---> Using cache
 ---> c9c30b546dce
Step 25/94 : COPY hack/dockerfile/install/install.sh ./install.sh
 ---> Using cache
 ---> e561ae75bbe3
Step 26/94 : COPY hack/dockerfile/install/$INSTALL_BINARY_NAME.installer ./
 ---> Using cache
 ---> bb43ba28b92e
Step 27/94 : RUN PREFIX=/build ./install.sh $INSTALL_BINARY_NAME
 ---> Using cache
 ---> 5f122a5e3e24
Step 28/94 : FROM base AS vndr
 ---> 4efbcfd915a3
Step 29/94 : ENV INSTALL_BINARY_NAME=vndr
 ---> Using cache
 ---> 05436a529634
Step 30/94 : COPY hack/dockerfile/install/install.sh ./install.sh
 ---> Using cache
 ---> 622b06d0f401
Step 31/94 : COPY hack/dockerfile/install/$INSTALL_BINARY_NAME.installer ./
 ---> Using cache
 ---> f3bdbb3c6df9
Step 32/94 : RUN PREFIX=/build ./install.sh $INSTALL_BINARY_NAME
 ---> Using cache
 ---> a487b86e1f0d
Step 33/94 : FROM base AS containerd
 ---> 4efbcfd915a3
Step 34/94 : RUN apt-get update && apt-get install -y btrfs-tools
 ---> Using cache
 ---> 0e5ed881a4cc
Step 35/94 : ENV INSTALL_BINARY_NAME=containerd
 ---> Using cache
 ---> 5a4434711c8b
Step 36/94 : COPY hack/dockerfile/install/install.sh ./install.sh
 ---> Using cache
 ---> cff181d0d464
Step 37/94 : COPY hack/dockerfile/install/$INSTALL_BINARY_NAME.installer ./
 ---> Using cache
 ---> 17d043ed57cd
Step 38/94 : RUN PREFIX=/build ./install.sh $INSTALL_BINARY_NAME
 ---> Using cache
 ---> 8670f63212f8
Step 39/94 : FROM base AS proxy
 ---> 4efbcfd915a3
Step 40/94 : ENV INSTALL_BINARY_NAME=proxy
 ---> Using cache
 ---> 8a3a4f05e6ff
Step 41/94 : COPY hack/dockerfile/install/install.sh ./install.sh
 ---> Using cache
 ---> 3d683ac09ddd
Step 42/94 : COPY hack/dockerfile/install/$INSTALL_BINARY_NAME.installer ./
 ---> Using cache
 ---> ac05451878be
Step 43/94 : RUN PREFIX=/build ./install.sh $INSTALL_BINARY_NAME
 ---> Using cache
 ---> ccbb85ca55f2
Step 44/94 : FROM base AS gometalinter
 ---> 4efbcfd915a3
Step 45/94 : ENV INSTALL_BINARY_NAME=gometalinter
 ---> Using cache
 ---> 7c8bfb61e1dc
Step 46/94 : COPY hack/dockerfile/install/install.sh ./install.sh
 ---> Using cache
 ---> 1911626a908d
Step 47/94 : COPY hack/dockerfile/install/$INSTALL_BINARY_NAME.installer ./
 ---> Using cache
 ---> 4bc4051a882d
Step 48/94 : RUN PREFIX=/build ./install.sh $INSTALL_BINARY_NAME
 ---> Using cache
 ---> b6a2934f50b0
Step 49/94 : FROM base AS dockercli
 ---> 4efbcfd915a3
Step 50/94 : ENV INSTALL_BINARY_NAME=dockercli
 ---> Using cache
 ---> 87b8ae20d1d5
Step 51/94 : COPY hack/dockerfile/install/install.sh ./install.sh
 ---> Using cache
 ---> bcf219d24b7c
Step 52/94 : COPY hack/dockerfile/install/$INSTALL_BINARY_NAME.installer ./
 ---> Using cache
 ---> 455a27cb8bf3
Step 53/94 : RUN PREFIX=/build ./install.sh $INSTALL_BINARY_NAME
 ---> Using cache
 ---> 04566d982581
Step 54/94 : FROM runtime-dev AS runc
 ---> 374ba9c4067d
Step 55/94 : ENV INSTALL_BINARY_NAME=runc
 ---> Using cache
 ---> 36d739868a29
Step 56/94 : COPY hack/dockerfile/install/install.sh ./install.sh
 ---> Using cache
 ---> 8401641596d1
Step 57/94 : COPY hack/dockerfile/install/$INSTALL_BINARY_NAME.installer ./
 ---> Using cache
 ---> b4845f34b2de
Step 58/94 : RUN PREFIX=/build ./install.sh $INSTALL_BINARY_NAME
 ---> Using cache
 ---> f4f2d27baafd
Step 59/94 : FROM base AS tini
 ---> 4efbcfd915a3
Step 60/94 : RUN apt-get update && apt-get install -y cmake vim-common
 ---> Using cache
 ---> f8590965e529
Step 61/94 : COPY hack/dockerfile/install/install.sh ./install.sh
 ---> Using cache
 ---> f6f81e8e950a
Step 62/94 : ENV INSTALL_BINARY_NAME=tini
 ---> Using cache
 ---> d3d016b82bed
Step 63/94 : COPY hack/dockerfile/install/$INSTALL_BINARY_NAME.installer ./
 ---> Using cache
 ---> b88dd79bfa8c
Step 64/94 : RUN PREFIX=/build ./install.sh $INSTALL_BINARY_NAME
 ---> Using cache
 ---> 02a8aca30fb6
Step 65/94 : FROM runtime-dev AS dev
 ---> 374ba9c4067d
Step 66/94 : RUN groupadd -r docker
 ---> Using cache
 ---> 0ff4302c1b81
Step 67/94 : RUN useradd --create-home --gid docker unprivilegeduser
 ---> Using cache
 ---> 0e34911e7f6a
Step 68/94 : RUN ln -sfv /go/src/github.com/docker/docker/.bashrc ~/.bashrc
 ---> Using cache
 ---> b17750c92fd0
Step 69/94 : RUN echo "source /usr/share/bash-completion/bash_completion" >> /etc/bash.bashrc
 ---> Using cache
 ---> 54567077747b
Step 70/94 : RUN ln -s /usr/local/completion/bash/docker /etc/bash_completion.d/docker
 ---> Using cache
 ---> 89aac4ff8d65
Step 71/94 : RUN ldconfig
 ---> Using cache
 ---> d0f953d12bfd
Step 72/94 : RUN apt-get update && apt-get install -y 	apparmor 	aufs-tools 	bash-completion 	btrfs-tools 	iptables 	jq 	libcap2-bin 	libdevmapper-dev 	libudev-dev 	libsystemd-dev 	binutils-mingw-w64 	g++-mingw-w64-x86-64 	net-tools 	pigz 	python-backports.ssl-match-hostname 	python-dev 	python-mock 	python-pip 	python-requests 	python-setuptools 	python-websocket 	python-wheel 	thin-provisioning-tools 	vim 	vim-common 	xfsprogs 	zip 	bzip2 	xz-utils 	--no-install-recommends
 ---> Using cache
 ---> 5fde7154b56a
Step 73/94 : COPY --from=swagger /build/swagger* /usr/local/bin/
 ---> Using cache
 ---> c8644beead51
Step 74/94 : COPY --from=frozen-images /build/ /docker-frozen-images
 ---> Using cache
 ---> fb8757a6914c
Step 75/94 : COPY --from=gometalinter /build/ /usr/local/bin/
 ---> Using cache
 ---> 99d3448bd258
Step 76/94 : COPY --from=tomlv /build/ /usr/local/bin/
 ---> Using cache
 ---> 7bcba4e49ca2
Step 77/94 : COPY --from=vndr /build/ /usr/local/bin/
 ---> Using cache
 ---> 22d355a9ac7b
Step 78/94 : COPY --from=tini /build/ /usr/local/bin/
 ---> Using cache
 ---> e6f596eb3c4c
Step 79/94 : COPY --from=runc /build/ /usr/local/bin/
 ---> Using cache
 ---> 60e68fa68654
Step 80/94 : COPY --from=containerd /build/ /usr/local/bin/
 ---> Using cache
 ---> b297f6fa4d7d
Step 81/94 : COPY --from=proxy /build/ /usr/local/bin/
 ---> Using cache
 ---> 6bc6c469304c
Step 82/94 : COPY --from=dockercli /build/ /usr/local/cli
 ---> Using cache
 ---> 9128b8c54513
Step 83/94 : COPY --from=registry /build/registry* /usr/local/bin/
 ---> Using cache
 ---> 2d0a13edd284
Step 84/94 : COPY --from=criu /build/ /usr/local/
 ---> Using cache
 ---> f080a018b9fd
Step 85/94 : COPY --from=docker-py /build/ /docker-py
 ---> Using cache
 ---> f90958a9411d
Step 86/94 : RUN cd /docker-py 	&& pip install docker-pycreds==0.2.1 	&& pip install yamllint==1.5.0 	&& pip install -r test-requirements.txt
 ---> Using cache
 ---> 8ac20a7f2dae
Step 87/94 : ENV PATH=/usr/local/cli:$PATH
 ---> Using cache
 ---> 0bfd56bae7a1
Step 88/94 : ENV DOCKER_BUILDTAGS apparmor seccomp selinux
 ---> Using cache
 ---> 5ffbdda44566
Step 89/94 : ENV GOMETALINTER_OPTS="--deadline=2m"
 ---> Using cache
 ---> 8bb4683945d8
Step 90/94 : WORKDIR /go/src/github.com/docker/docker
 ---> Using cache
 ---> c89ebb864a55
Step 91/94 : VOLUME /var/lib/docker
 ---> Using cache
 ---> cac95cdafa79
Step 92/94 : ENTRYPOINT ["hack/dind"]
 ---> Using cache
 ---> 28e78fd40449
Step 93/94 : FROM dev AS final
 ---> 28e78fd40449
Step 94/94 : COPY . /go/src/github.com/docker/docker
 ---> 6d705b20cd52
Successfully built 6d705b20cd52
Successfully tagged docker:3f70eb5
Congratulations!  All commits are properly signed with the DCO!
Congratulations!  "./pkg/..." is safely isolated from internal code.
No api/types/ or api/swagger.yaml changes in diff.
Congratulations!  No testing.T found.
Congratulations!  All toml source files changed here have valid syntax.
Congratulations!  Changelog CHANGELOG.md is well-formed.
Congratulations!  Changelog CHANGELOG.md dates are in descending order.
The following new tests were added to integration-cli:

+func (s *DockerSwarmSuite) TestSwarmNetworkPlugin(c *check.C) {

integration-cli is deprecated. Please add an API integration test to
./integration/COMPONENT/. See ./TESTING.md for more details.

Build step 'Execute shell' marked build as failure
Set build name.
New build name is '#38432'
[PostBuildScript] - Executing post build scripts.
[Docker-PRs] $ /bin/sh -xe /tmp/jenkins5078316321223131387.sh
+ echo Ensuring container killed.
Ensuring container killed.
+ docker rm -vf docker-pr52325
Error: No such container: docker-pr52325
+ true
+ echo Chowning /workspace to jenkins user
Chowning /workspace to jenkins user
+ id -u
+ id -g
+ docker run --rm -v /home/ubuntu/workspace/Docker-PRs:/workspace busybox chown -R 1000:1000 /workspace
[Docker-PRs] $ /bin/sh -xe /tmp/jenkins1183594290973357906.sh
+ echo Creating bundles.tar.gz
Creating bundles.tar.gz
+ + xargs tar -czffind bundles.tar.gz
 bundles -name *.log -o -name *.prof -o -name integration.test
tar: Cowardly refusing to create an empty archive
Try 'tar --help' or 'tar --usage' for more information.
+ true
Archiving artifacts
Notifying endpoint with url 'https://leeroy.dockerproject.org/notification/jenkins'
[WS-CLEANUP] Deleting project workspace...[WS-CLEANUP] done
Finished: FAILURE
