Started by user Gordon
Notifying endpoint with url 'https://leeroy.dockerproject.org/notification/jenkins'
[EnvInject] - Loading node environment variables.
Building remotely on azure-windows-rs5-4 (windows-rs5) in workspace /gopath/src/github.com/docker/docker
Wiping out workspace first.
Cloning the remote Git repository
Cloning repository https://github.com/moby/moby.git
 > git init C:\gopath\src\github.com\docker\docker # timeout=10
Fetching upstream changes from https://github.com/moby/moby.git
 > git --version # timeout=10
 > git fetch --tags --progress https://github.com/moby/moby.git +refs/heads/*:refs/remotes/origin/*
 > git config remote.origin.url https://github.com/moby/moby.git # timeout=10
 > git config --add remote.origin.fetch +refs/heads/*:refs/remotes/origin/* # timeout=10
 > git config remote.origin.url https://github.com/moby/moby.git # timeout=10
Fetching upstream changes from https://github.com/moby/moby.git
 > git fetch --tags --progress https://github.com/moby/moby.git +refs/heads/*:refs/remotes/origin/*
 > git rev-parse "origin/master^{commit}" # timeout=10
Checking out Revision cb501886db2b46594a66cc2f54e81b53097e5fd8 (origin/master)
 > git config core.sparsecheckout # timeout=10
 > git checkout -f cb501886db2b46594a66cc2f54e81b53097e5fd8
Commit message: "Merge pull request #38456 from thaJeztah/make_errdefs_idempotent"
 > git rev-list --no-walk cb501886db2b46594a66cc2f54e81b53097e5fd8 # timeout=10
Set build name.
New build name is '#38441'
[docker] $ sh -xe C:\Users\jenkins\jenkins3130358263052099118.sh
+ git fetch origin +refs/pull/38441/head:refs/remotes/origin/pr/38441
From https://github.com/moby/moby
 * [new ref]               refs/pull/38441/head -> origin/pr/38441
+ git merge origin/pr/38441
Merge made by the 'recursive' strategy.
 api/types/swarm/runtime/plugin.pb.go            | 110 ++++++++++++++++--------
 api/types/swarm/runtime/plugin.proto            |   1 +
 daemon/cluster/controllers/plugin/controller.go |   2 +-
 plugin/defs.go                                  |  27 ++++++
 4 files changed, 105 insertions(+), 35 deletions(-)
[docker] $ powershell.exe -NonInteractive -ExecutionPolicy ByPass "& 'C:\Users\jenkins\jenkins726237350989853625.ps1'"

INFO: executeCI.ps1 starting at Wed Jan  9 13:46:24 CUT 2019

INFO: Script version 28-Aug-2018 09:33 PDT
INFO: Running git version 2.18.0.windows.1
INFO: Branch:rs5_release_svc_prod1 Build:17763.253.181231-1749
INFO: Environment variables:

Name                           Value                                                                                   
----                           -----                                                                                   
_                              /cygdrive/c/ProgramData/Oracle/Java/javapath/java                                       
ALLUSERSPROFILE                C:\ProgramData                                                                          
APPDATA                        C:\Users\jenkins\AppData\Roaming                                                        
BASE_BRANCH                    master                                                                                  
BUILD_CAUSE                    MANUALTRIGGER                                                                           
BUILD_CAUSE_MANUALTRIGGER      true                                                                                    
BUILD_DISPLAY_NAME             #38441                                                                                  
BUILD_ID                       1050                                                                                    
BUILD_NUMBER                   1050                                                                                    
BUILD_TAG                      jenkins-Docker-PRs-WoW-RS5-Process-1050                                                 
BUILD_URL                      https://jenkins.dockerproject.org/job/Docker-PRs-WoW-RS5-Process/1050/                  
CommonProgramFiles             C:\Program Files\Common Files                                                           
CommonProgramFiles(x86)        C:\Program Files (x86)\Common Files                                                     
CommonProgramW6432             C:\Program Files\Common Files                                                           
COMPUTERNAME                   jenkins-rs5-4                                                                           
COMSPEC                        C:\Windows\system32\cmd.exe                                                             
ConfigSet                      rs                                                                                      
CYGWIN                         binmode ntsec                                                                           
DriverData                     C:\Windows\System32\Drivers\DriverData                                                  
EXECUTOR_NUMBER                0                                                                                       
GIT_AUTHOR_EMAIL               janky@dockerproject.org                                                                 
GIT_AUTHOR_NAME                Docker Jenkins                                                                          
GIT_BASE_REPO                  moby/moby                                                                               
GIT_BRANCH                     origin/master                                                                           
GIT_COMMIT                     cb501886db2b46594a66cc2f54e81b53097e5fd8                                                
GIT_COMMITTER_EMAIL            janky@dockerproject.org                                                                 
GIT_COMMITTER_NAME             Docker Jenkins                                                                          
GIT_HEAD_REPO                  sirlatrom/docker                                                                        
GIT_PREVIOUS_COMMIT            cb501886db2b46594a66cc2f54e81b53097e5fd8                                                
GIT_PREVIOUS_SUCCESSFUL_COMMIT cb501886db2b46594a66cc2f54e81b53097e5fd8                                                
GIT_SHA1                       6fa4e0d200eb94fb599cadd860e4f8e282242be8                                                
GIT_URL                        https://github.com/moby/moby.git                                                        
GITHUB_URL                     https://github.com/moby/moby/pull/38441                                                 
HOME                           C:\cygwin\home\jenkins                                                                  
HOMEDRIVE                      C:                                                                                      
HOMEPATH                       \cygwin\home\jenkins                                                                    
HUDSON_COOKIE                  9c261595-2604-4fe3-bb53-1eab5ce2ef4b                                                    
HUDSON_HOME                    /var/jenkins_home                                                                       
HUDSON_SERVER_COOKIE           5654907fc74b1465                                                                        
HUDSON_URL                     https://jenkins.dockerproject.org/                                                      
JENKINS_HOME                   /var/jenkins_home                                                                       
JENKINS_SERVER_COOKIE          5654907fc74b1465                                                                        
JENKINS_URL                    https://jenkins.dockerproject.org/                                                      
JOB_BASE_NAME                  Docker-PRs-WoW-RS5-Process                                                              
JOB_DISPLAY_URL                https://jenkins.dockerproject.org/job/Docker-PRs-WoW-RS5-Process/display/redirect       
JOB_NAME                       Docker-PRs-WoW-RS5-Process                                                              
JOB_URL                        https://jenkins.dockerproject.org/job/Docker-PRs-WoW-RS5-Process/                       
LOCALAPPDATA                   C:\Users\jenkins\AppData\Local                                                          
LOGNAME                        jenkins                                                                                 
LOGONSERVER                    \\jenkins-rs5-4                                                                         
MAIL                           /var/spool/mail//jenkins                                                                
NODE_LABELS                    azure-windows-rs5-4 windows-rs5                                                         
NODE_NAME                      azure-windows-rs5-4                                                                     
NUMBER_OF_PROCESSORS           4                                                                                       
OLDPWD                         /home/jenkins                                                                           
OS                             Windows_NT                                                                              
PATH                           C:\cygwin\bin;C:\ProgramData\Oracle\Java\javapath;C:\pstools;C:\Program Files\Notepad...
PATHEXT                        .COM;.EXE;.BAT;.CMD;.VBS;.VBE;.JS;.JSE;.WSF;.WSH;.MSC;.CPL                              
PR                             38441                                                                                   
PROCESSOR_ARCHITECTURE         AMD64                                                                                   
PROCESSOR_IDENTIFIER           Intel64 Family 6 Model 79 Stepping 1, GenuineIntel                                      
PROCESSOR_LEVEL                6                                                                                       
PROCESSOR_REVISION             4f01                                                                                    
ProgramData                    C:\ProgramData                                                                          
PROGRAMFILES                   C:\Program Files                                                                        
ProgramFiles(x86)              C:\Program Files (x86)                                                                  
ProgramW6432                   C:\Program Files                                                                        
PSExecutionPolicyPreference    Bypass                                                                                  
PSModulePath                   C:\Users\jenkins\Documents\WindowsPowerShell\Modules;C:\Program Files\WindowsPowerShe...
PUBLIC                         C:\Users\Public                                                                         
PWD                            /cygdrive/c/workspace                                                                   
ROOT_BUILD_CAUSE               MANUALTRIGGER                                                                           
ROOT_BUILD_CAUSE_MANUALTRIGGER true                                                                                    
RUN_CHANGES_DISPLAY_URL        https://jenkins.dockerproject.org/job/Docker-PRs-WoW-RS5-Process/1050/display/redirec...
RUN_DISPLAY_URL                https://jenkins.dockerproject.org/job/Docker-PRs-WoW-RS5-Process/1050/display/redirect  
SHELL                          /bin/bash                                                                               
SHLVL                          1                                                                                       
SOURCES_DRIVE                  c                                                                                       
SOURCES_SUBDIR                 gopath                                                                                  
SSH_CLIENT                     52.88.204.51 26718 22                                                                   
SSH_CONNECTION                 52.88.204.51 26718 10.0.0.20 22                                                         
SYSTEMDRIVE                    C:                                                                                      
SYSTEMROOT                     C:\Windows                                                                              
TEMP                           d:\temp                                                                                 
TESTRUN_DRIVE                  d                                                                                       
TESTRUN_SUBDIR                 CI                                                                                      
USER                           jenkins                                                                                 
USERDOMAIN                     jenkins-rs5-4                                                                           
USERNAME                       jenkins                                                                                 
USERPROFILE                    C:\Users\jenkins                                                                        
WINDIR                         C:\Windows                                                                              
WORKSPACE                      /gopath/src/github.com/docker/docker                                                    



INFO: PR#38441 (https://github.com/docker/docker/pull/38441)
INFO: Sources under c:\gopath\...
INFO: Test run under d:\CI\...
INFO: Running in C:\gopath\src\github.com\docker\docker
INFO: docker/docker repository was found
INFO: Image microsoft/windowsservercore:latest is already loaded in the control daemon
INFO: Version of microsoft/windowsservercore:latest is '10.0.17763.253'
INFO: Docker version of control daemon

Client:
 Version:           master-dockerproject-2019-01-03
 API version:       1.40
 Go version:        go1.11.2
 Git commit:        4eab3cd1
 Built:             Thu Jan  3 23:50:46 2019
 OS/Arch:           windows/amd64
 Experimental:      false

Server:
 Engine:
  Version:          master-dockerproject-2019-01-03
  API version:      1.40 (minimum version 1.24)
  Go version:       go1.11.4
  Git commit:       2b7e084
  Built:            Thu Jan  3 23:58:10 2019
  OS/Arch:          windows/amd64
  Experimental:     false

INFO: Docker info of control daemon

Containers: 0
 Running: 0
 Paused: 0
 Stopped: 0
Images: 7
Server Version: master-dockerproject-2019-01-03
Storage Driver: windowsfilter
 Windows: 
Logging Driver: json-file
Plugins:
 Volume: local
 Network: ics l2bridge l2tunnel nat null overlay transparent
 Log: awslogs etwlogs fluentd gcplogs gelf json-file local logentries splunk syslog
Swarm: inactive
Default Isolation: process
Kernel Version: 10.0 17763 (17763.253.amd64fre.rs5_release_svc_prod1.181231-1749)
Operating System: Windows Server 2019 Datacenter Version 1809 (OS Build 17763.253)
OSType: windows
Architecture: x86_64
CPUs: 4
Total Memory: 16GiB
Name: jenkins-rs5-4
ID: SDOD:7M6N:JPX4:CSMR:CJPN:DHT3:3H24:TBZU:5QF3:B4JX:XAPU:CTWR
Docker Root Dir: D:\control
Debug Mode (client): false
Debug Mode (server): false
Registry: https://index.docker.io/v1/
Labels:
Experimental: false
Insecure Registries:
 127.0.0.0/8
Live Restore Enabled: false


INFO: Commit hash is dd5f0d0ca7
INFO: Nuke-Everything...
INFO: Container count on control daemon to delete is 0
INFO: Nuking d:\CI
INFO: Zapped successfully
INFO: Location for testing is d:\CI\CI-dd5f0d0ca7
INFO: Validating GOLang consistency in Dockerfile.windows...


INFO: Building the image from Dockerfile.windows at 01/09/2019 13:46:26...

Sending build context to Docker daemon   46.4MB

Step 1/7 : FROM microsoft/windowsservercore
 ---> cb8e2ee630a3
Step 2/7 : SHELL ["powershell", "-Command", "$ErrorActionPreference = 'Stop'; $ProgressPreference = 'SilentlyContinue';"]
 ---> Using cache
 ---> ffc1d0d5ba6a
Step 3/7 : ENV GO_VERSION=1.11.4     GIT_VERSION=2.11.1     GOPATH=C:\go     FROM_DOCKERFILE=1
 ---> Using cache
 ---> 1381e03a1a33
Step 4/7 : RUN   Function Test-Nano() {     $EditionId = (Get-ItemProperty -Path 'HKLM:\SOFTWARE\Microsoft\Windows NT\CurrentVersion' -Name 'EditionID').EditionId;     return (($EditionId -eq 'ServerStandardNano') -or ($EditionId -eq 'ServerDataCenterNano') -or ($EditionId -eq 'NanoServer'));   }    Function Download-File([string] $source, [string] $target) {     if (Test-Nano) {       $handler = New-Object System.Net.Http.HttpClientHandler;       $client = New-Object System.Net.Http.HttpClient($handler);       $client.Timeout = New-Object System.TimeSpan(0, 30, 0);       $cancelTokenSource = [System.Threading.CancellationTokenSource]::new();       $responseMsg = $client.GetAsync([System.Uri]::new($source), $cancelTokenSource.Token);       $responseMsg.Wait();       if (!$responseMsg.IsCanceled) {         $response = $responseMsg.Result;         if ($response.IsSuccessStatusCode) {           $downloadedFileStream = [System.IO.FileStream]::new($target, [System.IO.FileMode]::Create, [System.IO.FileAccess]::Write);           $copyStreamOp = $response.Content.CopyToAsync($downloadedFileStream);           $copyStreamOp.Wait();           $downloadedFileStream.Close();           if ($copyStreamOp.Exception -ne $null) { throw $copyStreamOp.Exception }         }       } else {       Throw ("Failed to download " + $source)       }    } else {       $webClient = New-Object System.Net.WebClient;       $webClient.DownloadFile($source, $target);     }   }     setx /M PATH $('C:\git\cmd;C:\git\usr\bin;'+$Env:PATH+';C:\gcc\bin;C:\go\bin');     Write-Host INFO: Downloading git...;   $location='https://www.nuget.org/api/v2/package/GitForWindows/'+$Env:GIT_VERSION;   Download-File $location C:\gitsetup.zip;     Write-Host INFO: Downloading go...;   Download-File $('https://golang.org/dl/go'+$Env:GO_VERSION+'.windows-amd64.zip') C:\go.zip;     Write-Host INFO: Downloading compiler 1 of 3...;   Download-File https://raw.githubusercontent.com/jhowardmsft/docker-tdmgcc/master/gcc.zip C:\gcc.zip;     Write-Host INFO: Downloading compiler 2 of 3...;   Download-File https://raw.githubusercontent.com/jhowardmsft/docker-tdmgcc/master/runtime.zip C:\runtime.zip;     Write-Host INFO: Downloading compiler 3 of 3...;   Download-File https://raw.githubusercontent.com/jhowardmsft/docker-tdmgcc/master/binutils.zip C:\binutils.zip;     Write-Host INFO: Extracting git...;   Expand-Archive C:\gitsetup.zip C:\git-tmp;   New-Item -Type Directory C:\git | Out-Null;   Move-Item C:\git-tmp\tools\* C:\git\.;   Remove-Item -Recurse -Force C:\git-tmp;     Write-Host INFO: Expanding go...;   Expand-Archive C:\go.zip -DestinationPath C:\;     Write-Host INFO: Expanding compiler 1 of 3...;   Expand-Archive C:\gcc.zip -DestinationPath C:\gcc -Force;   Write-Host INFO: Expanding compiler 2 of 3...;   Expand-Archive C:\runtime.zip -DestinationPath C:\gcc -Force;   Write-Host INFO: Expanding compiler 3 of 3...;   Expand-Archive C:\binutils.zip -DestinationPath C:\gcc -Force;     Write-Host INFO: Removing downloaded files...;   Remove-Item C:\gcc.zip;   Remove-Item C:\runtime.zip;   Remove-Item C:\binutils.zip;   Remove-Item C:\gitsetup.zip;     Write-Host INFO: Creating source directory...;   New-Item -ItemType Directory -Path C:\go\src\github.com\docker\docker | Out-Null;     Write-Host INFO: Configuring git core.autocrlf...;   C:\git\cmd\git config --global core.autocrlf true;     Write-Host INFO: Completed
 ---> Using cache
 ---> 8ac9999dce38
Step 5/7 : ENTRYPOINT ["powershell.exe"]
 ---> Using cache
 ---> 36b11d78bc72
Step 6/7 : WORKDIR C:\go\src\github.com\docker\docker
 ---> Using cache
 ---> 09a86842976b
Step 7/7 : COPY . .
 ---> cd196617de3f
Successfully built cd196617de3f
Successfully tagged docker:latest
INFO: Image build ended at 01/09/2019 13:46:58. Duration:00:00:32.7312573


INFO: Building the test binaries at 01/09/2019 13:46:59...
Set build name.
New build name is '#38441'
Build was aborted
Aborted by Gordon
[PostBuildScript] - Executing post build scripts.
Notifying endpoint with url 'https://leeroy.dockerproject.org/notification/jenkins'
Finished: ABORTED
