Started by user Gordon
Notifying endpoint with url 'https://leeroy.dockerproject.org/notification/jenkins'
[EnvInject] - Loading node environment variables.
Building remotely on ubuntu-1604-overlay2-stable (i-06818d5ec5f61f68f) (x86_64 ec2 ubuntu overlay2 linux ubuntu-1604 ubuntu-1604-overlay2-stable amd64 docker us-west-2) in workspace /home/ubuntu/workspace/Docker-PRs
Wiping out workspace first.
Cloning the remote Git repository
Cloning repository https://github.com/moby/moby.git
 > git init /home/ubuntu/workspace/Docker-PRs # timeout=10
Fetching upstream changes from https://github.com/moby/moby.git
 > git --version # timeout=10
 > git fetch --tags --progress https://github.com/moby/moby.git +refs/heads/*:refs/remotes/origin/*
 > git config remote.origin.url https://github.com/moby/moby.git # timeout=10
 > git config --add remote.origin.fetch +refs/heads/*:refs/remotes/origin/* # timeout=10
 > git config remote.origin.url https://github.com/moby/moby.git # timeout=10
Fetching upstream changes from https://github.com/moby/moby.git
 > git fetch --tags --progress https://github.com/moby/moby.git +refs/heads/*:refs/remotes/origin/*
 > git rev-parse origin/master^{commit} # timeout=10
Checking out Revision 5ddb1d410a8b5ea35a6d57200b42582993f1e125 (origin/master)
 > git config core.sparsecheckout # timeout=10
 > git checkout -f 5ddb1d410a8b5ea35a6d57200b42582993f1e125
Commit message: "Merge pull request #38426 from thaJeztah/remove_unused_experimental_check"
 > git rev-list --no-walk 5ddb1d410a8b5ea35a6d57200b42582993f1e125 # timeout=10
Set build name.
New build name is '#38432'
[Docker-PRs] $ /bin/bash /tmp/jenkins5169875921595079947.sh
From https://github.com/moby/moby
 * [new ref]         refs/pull/38432/head -> origin/pr/38432
Updating 5ddb1d4..16751e3
Fast-forward
 hack/ci/windows.ps1                                |   2 +-
 integration-cli/docker_api_swarm_node_test.go      |   2 -
 integration-cli/docker_api_swarm_service_test.go   |  79 ---------
 .../docker_api_swarm_service_unix_test.go          |  90 ++++++++++
 integration-cli/docker_api_swarm_test.go           |   2 -
 integration-cli/docker_cli_swarm_test.go           | 196 ---------------------
 integration-cli/docker_cli_swarm_unix_test.go      | 195 ++++++++++++++++++++
 internal/test/daemon/daemon.go                     |   5 -
 internal/test/daemon/daemon_unix.go                |   6 +
 internal/test/daemon/daemon_windows.go             |   5 +
 10 files changed, 297 insertions(+), 285 deletions(-)
 create mode 100644 integration-cli/docker_api_swarm_service_unix_test.go
Sending build context to Docker daemon  45.09MB
Step 1/93 : FROM golang:1.11.4 AS base
 ---> 2422e4d43e15
Step 2/93 : ARG APT_MIRROR=deb.debian.org
 ---> Using cache
 ---> 09eb3f26aa3f
Step 3/93 : RUN sed -ri "s/(httpredir|deb).debian.org/$APT_MIRROR/g" /etc/apt/sources.list
 ---> Using cache
 ---> f8f2e40a1bc1
Step 4/93 : FROM base AS criu
 ---> f8f2e40a1bc1
Step 5/93 : ENV CRIU_VERSION 3.6
 ---> Using cache
 ---> c09f6334fb7d
Step 6/93 : RUN apt-get update && apt-get install -y 	libnet-dev 	libprotobuf-c0-dev 	libprotobuf-dev 	libnl-3-dev 	libcap-dev 	protobuf-compiler 	protobuf-c-compiler 	python-protobuf 	&& mkdir -p /usr/src/criu 	&& curl -sSL https://github.com/checkpoint-restore/criu/archive/v${CRIU_VERSION}.tar.gz | tar -C /usr/src/criu/ -xz --strip-components=1 	&& cd /usr/src/criu 	&& make 	&& make PREFIX=/build/ install-criu
 ---> Using cache
 ---> bc5cb82ecc13
Step 7/93 : FROM base AS registry
 ---> f8f2e40a1bc1
Step 8/93 : ENV REGISTRY_COMMIT_SCHEMA1 ec87e9b6971d831f0eff752ddb54fb64693e51cd
 ---> Using cache
 ---> dad8916b79d0
Step 9/93 : ENV REGISTRY_COMMIT 47a064d4195a9b56133891bbb13620c3ac83a827
 ---> Using cache
 ---> 7f4039b853b7
Step 10/93 : RUN set -x 	&& export GOPATH="$(mktemp -d)" 	&& git clone https://github.com/docker/distribution.git "$GOPATH/src/github.com/docker/distribution" 	&& (cd "$GOPATH/src/github.com/docker/distribution" && git checkout -q "$REGISTRY_COMMIT") 	&& GOPATH="$GOPATH/src/github.com/docker/distribution/Godeps/_workspace:$GOPATH" 		go build -buildmode=pie -o /build/registry-v2 github.com/docker/distribution/cmd/registry 	&& case $(dpkg --print-architecture) in 		amd64|ppc64*|s390x) 		(cd "$GOPATH/src/github.com/docker/distribution" && git checkout -q "$REGISTRY_COMMIT_SCHEMA1"); 		GOPATH="$GOPATH/src/github.com/docker/distribution/Godeps/_workspace:$GOPATH"; 			go build -buildmode=pie -o /build/registry-v2-schema1 github.com/docker/distribution/cmd/registry; 		;; 	   esac 	&& rm -rf "$GOPATH"
 ---> Using cache
 ---> 620e0a611155
Step 11/93 : FROM base AS docker-py
 ---> f8f2e40a1bc1
Step 12/93 : ENV DOCKER_PY_COMMIT 8b246db271a85d6541dc458838627e89c683e42f
 ---> Using cache
 ---> 2156ba6eedf2
Step 13/93 : RUN git clone https://github.com/docker/docker-py.git /build 	&& cd /build 	&& git checkout -q $DOCKER_PY_COMMIT
 ---> Using cache
 ---> d9bcc54ba3fc
Step 14/93 : FROM base AS swagger
 ---> f8f2e40a1bc1
Step 15/93 : ENV GO_SWAGGER_COMMIT c28258affb0b6251755d92489ef685af8d4ff3eb
 ---> Using cache
 ---> e658b4f929a2
Step 16/93 : RUN set -x 	&& export GOPATH="$(mktemp -d)" 	&& git clone https://github.com/go-swagger/go-swagger.git "$GOPATH/src/github.com/go-swagger/go-swagger" 	&& (cd "$GOPATH/src/github.com/go-swagger/go-swagger" && git checkout -q "$GO_SWAGGER_COMMIT") 	&& go build -o /build/swagger github.com/go-swagger/go-swagger/cmd/swagger 	&& rm -rf "$GOPATH"
 ---> Using cache
 ---> a6720df43ee9
Step 17/93 : FROM base AS frozen-images
 ---> f8f2e40a1bc1
Step 18/93 : RUN apt-get update && apt-get install -y jq ca-certificates --no-install-recommends
 ---> Using cache
 ---> 75ff936d4596
Step 19/93 : COPY contrib/download-frozen-image-v2.sh /
 ---> Using cache
 ---> 0660329894a5
Step 20/93 : RUN /download-frozen-image-v2.sh /build 	buildpack-deps:jessie@sha256:dd86dced7c9cd2a724e779730f0a53f93b7ef42228d4344b25ce9a42a1486251 	busybox:latest@sha256:bbc3a03235220b170ba48a157dd097dd1379299370e1ed99ce976df0355d24f0 	busybox:glibc@sha256:0b55a30394294ab23b9afd58fab94e61a923f5834fba7ddbae7f8e0c11ba85e6 	debian:jessie@sha256:287a20c5f73087ab406e6b364833e3fb7b3ae63ca0eb3486555dc27ed32c6e60 	hello-world:latest@sha256:be0cd392e45be79ffeffa6b05338b98ebb16c87b255f48e297ec7f98e123905c
 ---> Using cache
 ---> 69e5e452e69c
Step 21/93 : FROM base AS runtime-dev
 ---> f8f2e40a1bc1
Step 22/93 : RUN apt-get update && apt-get install -y 	libapparmor-dev 	libseccomp-dev
 ---> Using cache
 ---> 0fe658200a1c
Step 23/93 : FROM base AS tomlv
 ---> f8f2e40a1bc1
Step 24/93 : ENV INSTALL_BINARY_NAME=tomlv
 ---> Using cache
 ---> 8c85efdedc54
Step 25/93 : COPY hack/dockerfile/install/install.sh ./install.sh
 ---> Using cache
 ---> 76c0ccc058d8
Step 26/93 : COPY hack/dockerfile/install/$INSTALL_BINARY_NAME.installer ./
 ---> Using cache
 ---> 2ee05e948249
Step 27/93 : RUN PREFIX=/build ./install.sh $INSTALL_BINARY_NAME
 ---> Using cache
 ---> 4a98e453f0a4
Step 28/93 : FROM base AS vndr
 ---> f8f2e40a1bc1
Step 29/93 : ENV INSTALL_BINARY_NAME=vndr
 ---> Using cache
 ---> 2fddb1e38e41
Step 30/93 : COPY hack/dockerfile/install/install.sh ./install.sh
 ---> Using cache
 ---> 25dfbffbeef5
Step 31/93 : COPY hack/dockerfile/install/$INSTALL_BINARY_NAME.installer ./
 ---> Using cache
 ---> 0dd0109a20c0
Step 32/93 : RUN PREFIX=/build ./install.sh $INSTALL_BINARY_NAME
 ---> Using cache
 ---> 8a84d1853770
Step 33/93 : FROM base AS containerd
 ---> f8f2e40a1bc1
Step 34/93 : RUN apt-get update && apt-get install -y btrfs-tools
 ---> Using cache
 ---> a071e5b791e7
Step 35/93 : ENV INSTALL_BINARY_NAME=containerd
 ---> Using cache
 ---> b1cd32c3fd7a
Step 36/93 : COPY hack/dockerfile/install/install.sh ./install.sh
 ---> Using cache
 ---> fba526101cb6
Step 37/93 : COPY hack/dockerfile/install/$INSTALL_BINARY_NAME.installer ./
 ---> Using cache
 ---> 4550dd30e2b5
Step 38/93 : RUN PREFIX=/build ./install.sh $INSTALL_BINARY_NAME
 ---> Using cache
 ---> ac9c8584593a
Step 39/93 : FROM base AS proxy
 ---> f8f2e40a1bc1
Step 40/93 : ENV INSTALL_BINARY_NAME=proxy
 ---> Using cache
 ---> aa03a2e8c0fd
Step 41/93 : COPY hack/dockerfile/install/install.sh ./install.sh
 ---> Using cache
 ---> ff7ecb2f2e1d
Step 42/93 : COPY hack/dockerfile/install/$INSTALL_BINARY_NAME.installer ./
 ---> Using cache
 ---> 3194fa4726e5
Step 43/93 : RUN PREFIX=/build ./install.sh $INSTALL_BINARY_NAME
 ---> Using cache
 ---> ca90ec2ded3f
Step 44/93 : FROM base AS gometalinter
 ---> f8f2e40a1bc1
Step 45/93 : ENV INSTALL_BINARY_NAME=gometalinter
 ---> Using cache
 ---> a81a1e192235
Step 46/93 : COPY hack/dockerfile/install/install.sh ./install.sh
 ---> Using cache
 ---> da5f2bc67539
Step 47/93 : COPY hack/dockerfile/install/$INSTALL_BINARY_NAME.installer ./
 ---> Using cache
 ---> 302873ffab68
Step 48/93 : RUN PREFIX=/build ./install.sh $INSTALL_BINARY_NAME
 ---> Using cache
 ---> 0273478dd13d
Step 49/93 : FROM base AS dockercli
 ---> f8f2e40a1bc1
Step 50/93 : ENV INSTALL_BINARY_NAME=dockercli
 ---> Using cache
 ---> 95aab7491dda
Step 51/93 : COPY hack/dockerfile/install/install.sh ./install.sh
 ---> Using cache
 ---> b61ef82ce80a
Step 52/93 : COPY hack/dockerfile/install/$INSTALL_BINARY_NAME.installer ./
 ---> Using cache
 ---> 58ce0c69d963
Step 53/93 : RUN PREFIX=/build ./install.sh $INSTALL_BINARY_NAME
 ---> Using cache
 ---> ae1b734c1a7d
Step 54/93 : FROM runtime-dev AS runc
 ---> 0fe658200a1c
Step 55/93 : ENV INSTALL_BINARY_NAME=runc
 ---> Using cache
 ---> f8504456c2ca
Step 56/93 : COPY hack/dockerfile/install/install.sh ./install.sh
 ---> Using cache
 ---> d869df437623
Step 57/93 : COPY hack/dockerfile/install/$INSTALL_BINARY_NAME.installer ./
 ---> Using cache
 ---> 623aea959235
Step 58/93 : RUN PREFIX=/build ./install.sh $INSTALL_BINARY_NAME
 ---> Using cache
 ---> 483b30ae45a5
Step 59/93 : FROM base AS tini
 ---> f8f2e40a1bc1
Step 60/93 : RUN apt-get update && apt-get install -y cmake vim-common
 ---> Using cache
 ---> 7100d0847ac5
Step 61/93 : COPY hack/dockerfile/install/install.sh ./install.sh
 ---> Using cache
 ---> 1ddb4cca5053
Step 62/93 : ENV INSTALL_BINARY_NAME=tini
 ---> Using cache
 ---> 1b899619c7f1
Step 63/93 : COPY hack/dockerfile/install/$INSTALL_BINARY_NAME.installer ./
 ---> Using cache
 ---> d84fd4cac80d
Step 64/93 : RUN PREFIX=/build ./install.sh $INSTALL_BINARY_NAME
 ---> Using cache
 ---> 810cb6bf51b0
Step 65/93 : FROM runtime-dev AS dev
 ---> 0fe658200a1c
Step 66/93 : RUN groupadd -r docker
 ---> Using cache
 ---> b79de57f6fe1
Step 67/93 : RUN useradd --create-home --gid docker unprivilegeduser
 ---> Using cache
 ---> ce53a8cd7523
Step 68/93 : RUN ln -sfv /go/src/github.com/docker/docker/.bashrc ~/.bashrc
 ---> Using cache
 ---> c8d7162339d7
Step 69/93 : RUN echo "source /usr/share/bash-completion/bash_completion" >> /etc/bash.bashrc
 ---> Using cache
 ---> 982a696f8db1
Step 70/93 : RUN ln -s /usr/local/completion/bash/docker /etc/bash_completion.d/docker
 ---> Using cache
 ---> 529945ce4913
Step 71/93 : RUN ldconfig
 ---> Using cache
 ---> dcf26f4aff4b
Step 72/93 : RUN apt-get update && apt-get install -y 	apparmor 	aufs-tools 	bash-completion 	btrfs-tools 	iptables 	jq 	libcap2-bin 	libdevmapper-dev 	libudev-dev 	libsystemd-dev 	binutils-mingw-w64 	g++-mingw-w64-x86-64 	net-tools 	pigz 	python-backports.ssl-match-hostname 	python-dev 	python-mock 	python-pip 	python-requests 	python-setuptools 	python-websocket 	python-wheel 	thin-provisioning-tools 	vim 	vim-common 	xfsprogs 	zip 	bzip2 	xz-utils 	--no-install-recommends
 ---> Using cache
 ---> e196205a76aa
Step 73/93 : COPY --from=swagger /build/swagger* /usr/local/bin/
 ---> Using cache
 ---> 338264054eec
Step 74/93 : COPY --from=frozen-images /build/ /docker-frozen-images
 ---> Using cache
 ---> a256b10cdc48
Step 75/93 : COPY --from=gometalinter /build/ /usr/local/bin/
 ---> Using cache
 ---> 96555d06d0c5
Step 76/93 : COPY --from=tomlv /build/ /usr/local/bin/
 ---> Using cache
 ---> 0cffb6c3c2b8
Step 77/93 : COPY --from=vndr /build/ /usr/local/bin/
 ---> Using cache
 ---> 21bbcc41d5cb
Step 78/93 : COPY --from=tini /build/ /usr/local/bin/
 ---> Using cache
 ---> f737cf0d827e
Step 79/93 : COPY --from=runc /build/ /usr/local/bin/
 ---> Using cache
 ---> da1b941ac662
Step 80/93 : COPY --from=containerd /build/ /usr/local/bin/
 ---> Using cache
 ---> 747f6398e99a
Step 81/93 : COPY --from=proxy /build/ /usr/local/bin/
 ---> Using cache
 ---> ded89d8eea4f
Step 82/93 : COPY --from=dockercli /build/ /usr/local/cli
 ---> Using cache
 ---> 5af07ad0d966
Step 83/93 : COPY --from=registry /build/registry* /usr/local/bin/
 ---> Using cache
 ---> 1d4469989a02
Step 84/93 : COPY --from=criu /build/ /usr/local/
 ---> Using cache
 ---> 7fbb4df00cfd
Step 85/93 : COPY --from=docker-py /build/ /docker-py
 ---> Using cache
 ---> 2f02bd67c63a
Step 86/93 : RUN cd /docker-py 	&& pip install docker-pycreds==0.2.1 	&& pip install yamllint==1.5.0 	&& pip install -r test-requirements.txt
 ---> Using cache
 ---> fb7b1301678f
Step 87/93 : ENV PATH=/usr/local/cli:$PATH
 ---> Using cache
 ---> 6f9e916ab7d0
Step 88/93 : ENV DOCKER_BUILDTAGS apparmor seccomp selinux
 ---> Using cache
 ---> 83649f358534
Step 89/93 : ENV GOMETALINTER_OPTS="--deadline=2m"
 ---> Using cache
 ---> fd75fff2d87f
Step 90/93 : WORKDIR /go/src/github.com/docker/docker
 ---> Using cache
 ---> 346353ab9407
Step 91/93 : VOLUME /var/lib/docker
 ---> Using cache
 ---> e78d903cc9d4
Step 92/93 : ENTRYPOINT ["hack/dind"]
 ---> Using cache
 ---> 0f1a76c1df75
Step 93/93 : COPY . /go/src/github.com/docker/docker
 ---> 4b127b7ef58e
Successfully built 4b127b7ef58e
Successfully tagged docker:16751e3
Congratulations!  All commits are properly signed with the DCO!
Congratulations!  "./pkg/..." is safely isolated from internal code.
No api/types/ or api/swagger.yaml changes in diff.
Congratulations!  No testing.T found.
Congratulations!  All toml source files changed here have valid syntax.
Congratulations!  Changelog CHANGELOG.md is well-formed.
Congratulations!  Changelog CHANGELOG.md dates are in descending order.
The following new tests were added to integration-cli:

+func (s *DockerSwarmSuite) TestSwarmNetworkPlugin(c *check.C) {

integration-cli is deprecated. Please add an API integration test to
./integration/COMPONENT/. See ./TESTING.md for more details.

Build step 'Execute shell' marked build as failure
Set build name.
New build name is '#38432'
[PostBuildScript] - Executing post build scripts.
[Docker-PRs] $ /bin/sh -xe /tmp/jenkins1617410170331888076.sh
+ echo Ensuring container killed.
Ensuring container killed.
+ docker rm -vf docker-pr52257
Error: No such container: docker-pr52257
+ true
+ echo Chowning /workspace to jenkins user
Chowning /workspace to jenkins user
+ id -u
+ id -g
+ docker run --rm -v /home/ubuntu/workspace/Docker-PRs:/workspace busybox chown -R 1000:1000 /workspace
[Docker-PRs] $ /bin/sh -xe /tmp/jenkins588592286270273910.sh
+ echo Creating bundles.tar.gz
Creating bundles.tar.gz
+ + findxargs tar -czf bundles.tar.gz
 bundles -name *.log -o -name *.prof -o -name integration.test
tar: Cowardly refusing to create an empty archive
Try 'tar --help' or 'tar --usage' for more information.
+ true
Archiving artifacts
Notifying endpoint with url 'https://leeroy.dockerproject.org/notification/jenkins'
[WS-CLEANUP] Deleting project workspace...[WS-CLEANUP] done
Finished: FAILURE
