Started by user Gordon
Notifying endpoint with url 'https://leeroy.dockerproject.org/notification/jenkins'
[EnvInject] - Loading node environment variables.
Building remotely on ubuntu-1604-overlay2 (i-0dfab1b63aaa38cee) (x86_64 ubuntu overlay2 linux ubuntu-1604 ubuntu-1604-overlay2 ubuntu-1604-overlay2-stable amd64) in workspace /home/ubuntu/workspace/Docker-PRs
No credentials specified
Wiping out workspace first.
Cloning the remote Git repository
Cloning repository https://github.com/moby/moby.git
 > git init /home/ubuntu/workspace/Docker-PRs # timeout=10
Fetching upstream changes from https://github.com/moby/moby.git
 > git --version # timeout=10
 > git fetch --tags --progress https://github.com/moby/moby.git +refs/heads/*:refs/remotes/origin/*
 > git config remote.origin.url https://github.com/moby/moby.git # timeout=10
 > git config --add remote.origin.fetch +refs/heads/*:refs/remotes/origin/* # timeout=10
 > git config remote.origin.url https://github.com/moby/moby.git # timeout=10
Fetching upstream changes from https://github.com/moby/moby.git
 > git fetch --tags --progress https://github.com/moby/moby.git +refs/heads/*:refs/remotes/origin/*
 > git rev-parse origin/master^{commit} # timeout=10
Checking out Revision 8d760280a232f98d92440539e1e8a8f66c213bdb (origin/master)
 > git config core.sparsecheckout # timeout=10
 > git checkout -f 8d760280a232f98d92440539e1e8a8f66c213bdb
Commit message: "Merge pull request #39275 from wiktor-k/move-var-run-to-run"
 > git rev-list --no-walk 8d760280a232f98d92440539e1e8a8f66c213bdb # timeout=10
Set build name.
New build name is '#38349'
[Docker-PRs] $ /bin/bash /tmp/jenkins4153678415285726828.sh
From https://github.com/moby/moby
 * [new ref]         refs/pull/38349/head -> origin/pr/38349
Updating 8d76028..364fd2e
Fast-forward
 api/swagger.yaml                                   |  11 ++
 api/types/types.go                                 |   1 +
 daemon/daemon.go                                   |   1 +
 daemon/info.go                                     |  23 +++-
 daemon/metrics.go                                  |   6 +-
 .../operatingsystem/operatingsystem_linux.go       |  41 ++++--
 ..._unix_test.go => operatingsystem_linux_test.go} | 146 +++++++++++++--------
 .../operatingsystem/operatingsystem_unix.go        |   7 +
 .../operatingsystem/operatingsystem_windows.go     |  68 ++++++----
 9 files changed, 208 insertions(+), 96 deletions(-)
 rename pkg/parsers/operatingsystem/{operatingsystem_unix_test.go => operatingsystem_linux_test.go} (64%)
Sending build context to Docker daemon     48MB
Step 1/112 : ARG CROSS="false"
Step 2/112 : FROM golang:1.12.5 AS base
 ---> 7ced090ee82e
Step 3/112 : ARG APT_MIRROR=deb.debian.org
 ---> Using cache
 ---> 60581c6e69e5
Step 4/112 : RUN sed -ri "s/(httpredir|deb).debian.org/$APT_MIRROR/g" /etc/apt/sources.list
 ---> Using cache
 ---> dccc1f789329
Step 5/112 : FROM base AS criu
 ---> dccc1f789329
Step 6/112 : ENV CRIU_VERSION 3.11
 ---> Using cache
 ---> 79304801d88a
Step 7/112 : RUN apt-get update && apt-get install -y 	libnet-dev 	libprotobuf-c0-dev 	libprotobuf-dev 	libnl-3-dev 	libcap-dev 	protobuf-compiler 	protobuf-c-compiler 	python-protobuf 	&& mkdir -p /usr/src/criu 	&& curl -sSL https://github.com/checkpoint-restore/criu/archive/v${CRIU_VERSION}.tar.gz | tar -C /usr/src/criu/ -xz --strip-components=1 	&& cd /usr/src/criu 	&& make 	&& make PREFIX=/build/ install-criu
 ---> Using cache
 ---> 3969c9606ea9
Step 8/112 : FROM base AS registry
 ---> dccc1f789329
Step 9/112 : ENV REGISTRY_COMMIT 47a064d4195a9b56133891bbb13620c3ac83a827
 ---> Using cache
 ---> 15e562942e78
Step 10/112 : RUN set -x 	&& export GOPATH="$(mktemp -d)" 	&& git clone https://github.com/docker/distribution.git "$GOPATH/src/github.com/docker/distribution" 	&& (cd "$GOPATH/src/github.com/docker/distribution" && git checkout -q "$REGISTRY_COMMIT") 	&& GOPATH="$GOPATH/src/github.com/docker/distribution/Godeps/_workspace:$GOPATH" 		go build -buildmode=pie -o /build/registry-v2 github.com/docker/distribution/cmd/registry 	&& rm -rf "$GOPATH"
 ---> Using cache
 ---> 603f5587c946
Step 11/112 : FROM base AS docker-py
 ---> dccc1f789329
Step 12/112 : ENV DOCKER_PY_COMMIT ac922192959870774ad8428344d9faa0555f7ba6
 ---> Using cache
 ---> 57a384effb1e
Step 13/112 : RUN git clone https://github.com/docker/docker-py.git /build 	&& cd /build 	&& git checkout -q $DOCKER_PY_COMMIT
 ---> Using cache
 ---> c38ba7f2ec3c
Step 14/112 : FROM base AS swagger
 ---> dccc1f789329
Step 15/112 : ENV GO_SWAGGER_COMMIT c28258affb0b6251755d92489ef685af8d4ff3eb
 ---> Using cache
 ---> 990fbea85b82
Step 16/112 : RUN set -x 	&& export GOPATH="$(mktemp -d)" 	&& git clone https://github.com/go-swagger/go-swagger.git "$GOPATH/src/github.com/go-swagger/go-swagger" 	&& (cd "$GOPATH/src/github.com/go-swagger/go-swagger" && git checkout -q "$GO_SWAGGER_COMMIT") 	&& go build -o /build/swagger github.com/go-swagger/go-swagger/cmd/swagger 	&& rm -rf "$GOPATH"
 ---> Using cache
 ---> a1a7e8726cf5
Step 17/112 : FROM base AS frozen-images
 ---> dccc1f789329
Step 18/112 : RUN apt-get update && apt-get install -y jq ca-certificates --no-install-recommends
 ---> Using cache
 ---> 9eca031e0b75
Step 19/112 : COPY contrib/download-frozen-image-v2.sh /
 ---> Using cache
 ---> 48527c7c95a3
Step 20/112 : RUN /download-frozen-image-v2.sh /build 	buildpack-deps:jessie@sha256:dd86dced7c9cd2a724e779730f0a53f93b7ef42228d4344b25ce9a42a1486251 	busybox:latest@sha256:bbc3a03235220b170ba48a157dd097dd1379299370e1ed99ce976df0355d24f0 	busybox:glibc@sha256:0b55a30394294ab23b9afd58fab94e61a923f5834fba7ddbae7f8e0c11ba85e6 	debian:jessie@sha256:287a20c5f73087ab406e6b364833e3fb7b3ae63ca0eb3486555dc27ed32c6e60 	hello-world:latest@sha256:be0cd392e45be79ffeffa6b05338b98ebb16c87b255f48e297ec7f98e123905c
 ---> Using cache
 ---> 19b3f5b61ab5
Step 21/112 : FROM base AS cross-false
 ---> dccc1f789329
Step 22/112 : FROM base AS cross-true
 ---> dccc1f789329
Step 23/112 : RUN dpkg --add-architecture armhf
 ---> Using cache
 ---> e87a8ac0c903
Step 24/112 : RUN dpkg --add-architecture arm64
 ---> Using cache
 ---> 19441717a704
Step 25/112 : RUN dpkg --add-architecture armel
 ---> Using cache
 ---> 1f068cba71dd
Step 26/112 : RUN if [ "$(go env GOHOSTARCH)" = "amd64" ]; then 	apt-get update 	&& apt-get install -y --no-install-recommends 		crossbuild-essential-armhf 		crossbuild-essential-arm64 		crossbuild-essential-armel; 	fi
 ---> Using cache
 ---> b4b7e6623126
Step 27/112 : FROM cross-${CROSS} as dev-base
 ---> dccc1f789329
Step 28/112 : FROM dev-base AS runtime-dev-cross-false
 ---> dccc1f789329
Step 29/112 : RUN apt-get update && apt-get install -y 	libapparmor-dev 	libseccomp-dev
 ---> Using cache
 ---> 7c4a61b4ce47
Step 30/112 : FROM cross-true AS runtime-dev-cross-true
 ---> b4b7e6623126
Step 31/112 : RUN if [ "$(go env GOHOSTARCH)" = "amd64" ]; then 	apt-get update 	&& apt-get install -y 		libseccomp-dev:armhf 		libseccomp-dev:arm64 		libseccomp-dev:armel 		libapparmor-dev:armhf 		libapparmor-dev:arm64 		libapparmor-dev:armel 		libapparmor-dev 		libseccomp-dev; 	fi
 ---> Using cache
 ---> 354a44a55b20
Step 32/112 : FROM runtime-dev-cross-${CROSS} AS runtime-dev
 ---> 7c4a61b4ce47
Step 33/112 : FROM base AS tomlv
 ---> dccc1f789329
Step 34/112 : ENV INSTALL_BINARY_NAME=tomlv
 ---> Using cache
 ---> 36fad3d44eb5
Step 35/112 : COPY hack/dockerfile/install/install.sh ./install.sh
 ---> Using cache
 ---> 0058db73e97d
Step 36/112 : COPY hack/dockerfile/install/$INSTALL_BINARY_NAME.installer ./
 ---> Using cache
 ---> c51b1e9207cf
Step 37/112 : RUN PREFIX=/build ./install.sh $INSTALL_BINARY_NAME
 ---> Using cache
 ---> 405597856d7f
Step 38/112 : FROM base AS vndr
 ---> dccc1f789329
Step 39/112 : ENV INSTALL_BINARY_NAME=vndr
 ---> Using cache
 ---> ef5295749cce
Step 40/112 : COPY hack/dockerfile/install/install.sh ./install.sh
 ---> Using cache
 ---> b2b49916d8ce
Step 41/112 : COPY hack/dockerfile/install/$INSTALL_BINARY_NAME.installer ./
 ---> Using cache
 ---> 6f2d95948aa4
Step 42/112 : RUN PREFIX=/build ./install.sh $INSTALL_BINARY_NAME
 ---> Using cache
 ---> c7aabbf6b9ff
Step 43/112 : FROM dev-base AS containerd
 ---> dccc1f789329
Step 44/112 : RUN apt-get update && apt-get install -y btrfs-tools
 ---> Using cache
 ---> c5b12f08d369
Step 45/112 : ENV INSTALL_BINARY_NAME=containerd
 ---> Using cache
 ---> 0f5f0bfdf2fe
Step 46/112 : COPY hack/dockerfile/install/install.sh ./install.sh
 ---> Using cache
 ---> 534e5f22d024
Step 47/112 : COPY hack/dockerfile/install/$INSTALL_BINARY_NAME.installer ./
 ---> Using cache
 ---> 267f3b53f648
Step 48/112 : RUN PREFIX=/build ./install.sh $INSTALL_BINARY_NAME
 ---> Using cache
 ---> 5090a58a2674
Step 49/112 : FROM dev-base AS proxy
 ---> dccc1f789329
Step 50/112 : ENV INSTALL_BINARY_NAME=proxy
 ---> Using cache
 ---> 1e534fc41bc5
Step 51/112 : COPY hack/dockerfile/install/install.sh ./install.sh
 ---> Using cache
 ---> 3ad35d420c1b
Step 52/112 : COPY hack/dockerfile/install/$INSTALL_BINARY_NAME.installer ./
 ---> Using cache
 ---> b3d421088462
Step 53/112 : RUN PREFIX=/build ./install.sh $INSTALL_BINARY_NAME
 ---> Using cache
 ---> 459b433f9131
Step 54/112 : FROM base AS gometalinter
 ---> dccc1f789329
Step 55/112 : ENV INSTALL_BINARY_NAME=gometalinter
 ---> Using cache
 ---> 37be18ca1734
Step 56/112 : COPY hack/dockerfile/install/install.sh ./install.sh
 ---> Using cache
 ---> 5c1b019d7f18
Step 57/112 : COPY hack/dockerfile/install/$INSTALL_BINARY_NAME.installer ./
 ---> Using cache
 ---> ab5df9c8408d
Step 58/112 : RUN PREFIX=/build ./install.sh $INSTALL_BINARY_NAME
 ---> Using cache
 ---> 9b53b61c0129
Step 59/112 : FROM dev-base AS dockercli
 ---> dccc1f789329
Step 60/112 : ENV INSTALL_BINARY_NAME=dockercli
 ---> Using cache
 ---> 2b27bb481303
Step 61/112 : COPY hack/dockerfile/install/install.sh ./install.sh
 ---> Using cache
 ---> 47ade62624fe
Step 62/112 : COPY hack/dockerfile/install/$INSTALL_BINARY_NAME.installer ./
 ---> Using cache
 ---> 82321eb34b24
Step 63/112 : RUN PREFIX=/build ./install.sh $INSTALL_BINARY_NAME
 ---> Using cache
 ---> ae25cc9c4da6
Step 64/112 : FROM runtime-dev AS runc
 ---> 7c4a61b4ce47
Step 65/112 : ENV INSTALL_BINARY_NAME=runc
 ---> Using cache
 ---> deb5950aa60e
Step 66/112 : COPY hack/dockerfile/install/install.sh ./install.sh
 ---> Using cache
 ---> 688904852f47
Step 67/112 : COPY hack/dockerfile/install/$INSTALL_BINARY_NAME.installer ./
 ---> Using cache
 ---> ca055d2cc00a
Step 68/112 : RUN PREFIX=/build ./install.sh $INSTALL_BINARY_NAME
 ---> Using cache
 ---> 769821877060
Step 69/112 : FROM dev-base AS tini
 ---> dccc1f789329
Step 70/112 : RUN apt-get update && apt-get install -y cmake vim-common
 ---> Using cache
 ---> 9addaa835439
Step 71/112 : COPY hack/dockerfile/install/install.sh ./install.sh
 ---> Using cache
 ---> a584405c1b9c
Step 72/112 : ENV INSTALL_BINARY_NAME=tini
 ---> Using cache
 ---> f270f4081d14
Step 73/112 : COPY hack/dockerfile/install/$INSTALL_BINARY_NAME.installer ./
 ---> Using cache
 ---> d622c43db6ce
Step 74/112 : RUN PREFIX=/build ./install.sh $INSTALL_BINARY_NAME
 ---> Using cache
 ---> 131b1fb21bef
Step 75/112 : FROM dev-base AS rootlesskit
 ---> dccc1f789329
Step 76/112 : ENV INSTALL_BINARY_NAME=rootlesskit
 ---> Using cache
 ---> 3c41e4d363e9
Step 77/112 : COPY hack/dockerfile/install/install.sh ./install.sh
 ---> Using cache
 ---> 2184163dce6e
Step 78/112 : COPY hack/dockerfile/install/$INSTALL_BINARY_NAME.installer ./
 ---> Using cache
 ---> 1b80ef0d257f
Step 79/112 : RUN PREFIX=/build/ ./install.sh $INSTALL_BINARY_NAME
 ---> Using cache
 ---> 1485a955a1c0
Step 80/112 : COPY ./contrib/dockerd-rootless.sh /build
 ---> Using cache
 ---> 250b507b34e0
Step 81/112 : FROM runtime-dev AS dev
 ---> 7c4a61b4ce47
Step 82/112 : RUN groupadd -r docker
 ---> Using cache
 ---> 228b91c70c66
Step 83/112 : RUN useradd --create-home --gid docker unprivilegeduser
 ---> Using cache
 ---> 9e10fe85c865
Step 84/112 : RUN ln -sfv /go/src/github.com/docker/docker/.bashrc ~/.bashrc
 ---> Using cache
 ---> d336ca8ebdb5
Step 85/112 : RUN echo "source /usr/share/bash-completion/bash_completion" >> /etc/bash.bashrc
 ---> Using cache
 ---> 44bb4ce21b82
Step 86/112 : RUN ln -s /usr/local/completion/bash/docker /etc/bash_completion.d/docker
 ---> Using cache
 ---> 12ddd85335fd
Step 87/112 : RUN ldconfig
 ---> Using cache
 ---> f52871e83c23
Step 88/112 : RUN apt-get update && apt-get install -y 	apparmor 	aufs-tools 	bash-completion 	btrfs-tools 	iptables 	jq 	libcap2-bin 	libdevmapper-dev 	libffi-dev 	libssl-dev 	libudev-dev 	libsystemd-dev 	binutils-mingw-w64 	g++-mingw-w64-x86-64 	net-tools 	pigz 	python-backports.ssl-match-hostname 	python-dev 	python-cffi 	python-mock 	python-pip 	python-requests 	python-setuptools 	python-websocket 	python-wheel 	thin-provisioning-tools 	vim 	vim-common 	xfsprogs 	zip 	bzip2 	xz-utils 	libprotobuf-c1 	libnet1 	libnl-3-200 	--no-install-recommends
 ---> Using cache
 ---> 97f9d6c5764b
Step 89/112 : COPY --from=swagger /build/swagger* /usr/local/bin/
Set build name.
New build name is '#38349'
Build was aborted
Aborted by Gordon
[PostBuildScript] - Executing post build scripts.
/tmp/jenkins4153678415285726828.sh: line 14: 19472 Terminated              docker build --rm --force-rm --build-arg APT_MIRROR=cdn-fastly.deb.debian.org -t docker:$GITCOMMIT .
[Docker-PRs] $ /bin/sh -xe /tmp/jenkins8811012326879617373.sh
+ echo Ensuring container killed.
Ensuring container killed.
+ docker rm -vf docker-pr54334
Error: No such container: docker-pr54334
+ true
+ echo Chowning /workspace to jenkins user
Chowning /workspace to jenkins user
+ id -u
+ id -g
+ docker run --rm -v /home/ubuntu/workspace/Docker-PRs:/workspace busybox chown -R 1000:1000 /workspace
[Docker-PRs] $ /bin/sh -xe /tmp/jenkins4889597068432020908.sh
+ echo Creating bundles.tar.gz
Creating bundles.tar.gz
+ find bundles+ xargs tar -czf bundles.tar.gz
 -name *.log -o -name *.prof -o -name integration.test
find: ‘bundles’: No such file or directory
tar: Cowardly refusing to create an empty archive
Try 'tar --help' or 'tar --usage' for more information.
+ true
Archiving artifacts
Notifying endpoint with url 'https://leeroy.dockerproject.org/notification/jenkins'
[WS-CLEANUP] Deleting project workspace...[WS-CLEANUP] done
Finished: ABORTED
