Started by user Gordon
Notifying endpoint with url 'https://leeroy.dockerproject.org/notification/jenkins'
[EnvInject] - Loading node environment variables.
Building remotely on ubuntu-1604-overlay2 (i-03d2fd012748eaba3) (x86_64 ubuntu overlay2 linux ubuntu-1604 ubuntu-1604-overlay2 ubuntu-1604-overlay2-stable amd64) in workspace /home/ubuntu/workspace/Docker-PRs
No credentials specified
Wiping out workspace first.
Cloning the remote Git repository
Cloning repository https://github.com/moby/moby.git
 > git init /home/ubuntu/workspace/Docker-PRs # timeout=10
Fetching upstream changes from https://github.com/moby/moby.git
 > git --version # timeout=10
 > git fetch --tags --progress https://github.com/moby/moby.git +refs/heads/*:refs/remotes/origin/*
 > git config remote.origin.url https://github.com/moby/moby.git # timeout=10
 > git config --add remote.origin.fetch +refs/heads/*:refs/remotes/origin/* # timeout=10
 > git config remote.origin.url https://github.com/moby/moby.git # timeout=10
Fetching upstream changes from https://github.com/moby/moby.git
 > git fetch --tags --progress https://github.com/moby/moby.git +refs/heads/*:refs/remotes/origin/*
 > git rev-parse origin/master^{commit} # timeout=10
Checking out Revision 8d760280a232f98d92440539e1e8a8f66c213bdb (origin/master)
 > git config core.sparsecheckout # timeout=10
 > git checkout -f 8d760280a232f98d92440539e1e8a8f66c213bdb
Commit message: "Merge pull request #39275 from wiktor-k/move-var-run-to-run"
 > git rev-list --no-walk 8d760280a232f98d92440539e1e8a8f66c213bdb # timeout=10
Set build name.
New build name is '#39283'
[Docker-PRs] $ /bin/bash /tmp/jenkins4070903069328963580.sh
From https://github.com/moby/moby
 * [new ref]         refs/pull/39283/head -> origin/pr/39283
Updating 8d76028..539f27d
Fast-forward
 hack/ci/windows.ps1 | 24 ++++++++++++++++++++++++
 1 file changed, 24 insertions(+)
Sending build context to Docker daemon     48MB
Step 1/112 : ARG CROSS="false"
Step 2/112 : FROM golang:1.12.5 AS base
 ---> 7ced090ee82e
Step 3/112 : ARG APT_MIRROR=deb.debian.org
 ---> Using cache
 ---> 1b65b23a83e7
Step 4/112 : RUN sed -ri "s/(httpredir|deb).debian.org/$APT_MIRROR/g" /etc/apt/sources.list
 ---> Using cache
 ---> 45a2374eabbe
Step 5/112 : FROM base AS criu
 ---> 45a2374eabbe
Step 6/112 : ENV CRIU_VERSION 3.11
 ---> Using cache
 ---> 079aa8b02228
Step 7/112 : RUN apt-get update && apt-get install -y 	libnet-dev 	libprotobuf-c0-dev 	libprotobuf-dev 	libnl-3-dev 	libcap-dev 	protobuf-compiler 	protobuf-c-compiler 	python-protobuf 	&& mkdir -p /usr/src/criu 	&& curl -sSL https://github.com/checkpoint-restore/criu/archive/v${CRIU_VERSION}.tar.gz | tar -C /usr/src/criu/ -xz --strip-components=1 	&& cd /usr/src/criu 	&& make 	&& make PREFIX=/build/ install-criu
 ---> Using cache
 ---> 39cbdf7ce28f
Step 8/112 : FROM base AS registry
 ---> 45a2374eabbe
Step 9/112 : ENV REGISTRY_COMMIT 47a064d4195a9b56133891bbb13620c3ac83a827
 ---> Using cache
 ---> 2dc9dfe5cf80
Step 10/112 : RUN set -x 	&& export GOPATH="$(mktemp -d)" 	&& git clone https://github.com/docker/distribution.git "$GOPATH/src/github.com/docker/distribution" 	&& (cd "$GOPATH/src/github.com/docker/distribution" && git checkout -q "$REGISTRY_COMMIT") 	&& GOPATH="$GOPATH/src/github.com/docker/distribution/Godeps/_workspace:$GOPATH" 		go build -buildmode=pie -o /build/registry-v2 github.com/docker/distribution/cmd/registry 	&& rm -rf "$GOPATH"
 ---> Using cache
 ---> e8855d5b6839
Step 11/112 : FROM base AS docker-py
 ---> 45a2374eabbe
Step 12/112 : ENV DOCKER_PY_COMMIT ac922192959870774ad8428344d9faa0555f7ba6
 ---> Using cache
 ---> 0fce6a418c7d
Step 13/112 : RUN git clone https://github.com/docker/docker-py.git /build 	&& cd /build 	&& git checkout -q $DOCKER_PY_COMMIT
 ---> Using cache
 ---> ae6eb3fb1d5e
Step 14/112 : FROM base AS swagger
 ---> 45a2374eabbe
Step 15/112 : ENV GO_SWAGGER_COMMIT c28258affb0b6251755d92489ef685af8d4ff3eb
 ---> Using cache
 ---> 9fe0b8506782
Step 16/112 : RUN set -x 	&& export GOPATH="$(mktemp -d)" 	&& git clone https://github.com/go-swagger/go-swagger.git "$GOPATH/src/github.com/go-swagger/go-swagger" 	&& (cd "$GOPATH/src/github.com/go-swagger/go-swagger" && git checkout -q "$GO_SWAGGER_COMMIT") 	&& go build -o /build/swagger github.com/go-swagger/go-swagger/cmd/swagger 	&& rm -rf "$GOPATH"
 ---> Using cache
 ---> 772273021049
Step 17/112 : FROM base AS frozen-images
 ---> 45a2374eabbe
Step 18/112 : RUN apt-get update && apt-get install -y jq ca-certificates --no-install-recommends
 ---> Using cache
 ---> 2a1b0b058644
Step 19/112 : COPY contrib/download-frozen-image-v2.sh /
 ---> Using cache
 ---> 0135279168c1
Step 20/112 : RUN /download-frozen-image-v2.sh /build 	buildpack-deps:jessie@sha256:dd86dced7c9cd2a724e779730f0a53f93b7ef42228d4344b25ce9a42a1486251 	busybox:latest@sha256:bbc3a03235220b170ba48a157dd097dd1379299370e1ed99ce976df0355d24f0 	busybox:glibc@sha256:0b55a30394294ab23b9afd58fab94e61a923f5834fba7ddbae7f8e0c11ba85e6 	debian:jessie@sha256:287a20c5f73087ab406e6b364833e3fb7b3ae63ca0eb3486555dc27ed32c6e60 	hello-world:latest@sha256:be0cd392e45be79ffeffa6b05338b98ebb16c87b255f48e297ec7f98e123905c
 ---> Using cache
 ---> 859781a4069a
Step 21/112 : FROM base AS cross-false
 ---> 45a2374eabbe
Step 22/112 : FROM base AS cross-true
 ---> 45a2374eabbe
Step 23/112 : RUN dpkg --add-architecture armhf
 ---> Using cache
 ---> 27def45cba19
Step 24/112 : RUN dpkg --add-architecture arm64
 ---> Using cache
 ---> b17be2fbab97
Step 25/112 : RUN dpkg --add-architecture armel
 ---> Using cache
 ---> c07995d81026
Step 26/112 : RUN if [ "$(go env GOHOSTARCH)" = "amd64" ]; then 	apt-get update 	&& apt-get install -y --no-install-recommends 		crossbuild-essential-armhf 		crossbuild-essential-arm64 		crossbuild-essential-armel; 	fi
 ---> Using cache
 ---> 45323cfd2a00
Step 27/112 : FROM cross-${CROSS} as dev-base
 ---> 45a2374eabbe
Step 28/112 : FROM dev-base AS runtime-dev-cross-false
 ---> 45a2374eabbe
Step 29/112 : RUN apt-get update && apt-get install -y 	libapparmor-dev 	libseccomp-dev
 ---> Using cache
 ---> fa48b59f5bf3
Step 30/112 : FROM cross-true AS runtime-dev-cross-true
 ---> 45323cfd2a00
Step 31/112 : RUN if [ "$(go env GOHOSTARCH)" = "amd64" ]; then 	apt-get update 	&& apt-get install -y 		libseccomp-dev:armhf 		libseccomp-dev:arm64 		libseccomp-dev:armel 		libapparmor-dev:armhf 		libapparmor-dev:arm64 		libapparmor-dev:armel 		libapparmor-dev 		libseccomp-dev; 	fi
 ---> Using cache
 ---> fc0a4c2162d8
Step 32/112 : FROM runtime-dev-cross-${CROSS} AS runtime-dev
 ---> fa48b59f5bf3
Step 33/112 : FROM base AS tomlv
 ---> 45a2374eabbe
Step 34/112 : ENV INSTALL_BINARY_NAME=tomlv
 ---> Using cache
 ---> 545c90750dcf
Step 35/112 : COPY hack/dockerfile/install/install.sh ./install.sh
 ---> Using cache
 ---> 6c4d021127d1
Step 36/112 : COPY hack/dockerfile/install/$INSTALL_BINARY_NAME.installer ./
 ---> Using cache
 ---> 51de5bdab64a
Step 37/112 : RUN PREFIX=/build ./install.sh $INSTALL_BINARY_NAME
 ---> Using cache
 ---> f57452b86cef
Step 38/112 : FROM base AS vndr
 ---> 45a2374eabbe
Step 39/112 : ENV INSTALL_BINARY_NAME=vndr
 ---> Using cache
 ---> 1eee3d1dc5f9
Step 40/112 : COPY hack/dockerfile/install/install.sh ./install.sh
 ---> Using cache
 ---> 06c78ea72fa5
Step 41/112 : COPY hack/dockerfile/install/$INSTALL_BINARY_NAME.installer ./
 ---> Using cache
 ---> a0917b4f8df4
Step 42/112 : RUN PREFIX=/build ./install.sh $INSTALL_BINARY_NAME
 ---> Using cache
 ---> 462e0af03680
Step 43/112 : FROM dev-base AS containerd
 ---> 45a2374eabbe
Step 44/112 : RUN apt-get update && apt-get install -y btrfs-tools
 ---> Using cache
 ---> 0eafc9446b3f
Step 45/112 : ENV INSTALL_BINARY_NAME=containerd
 ---> Using cache
 ---> 275ba3e7caad
Step 46/112 : COPY hack/dockerfile/install/install.sh ./install.sh
 ---> Using cache
 ---> a9f6b6550d6f
Step 47/112 : COPY hack/dockerfile/install/$INSTALL_BINARY_NAME.installer ./
 ---> Using cache
 ---> 3de974d72a17
Step 48/112 : RUN PREFIX=/build ./install.sh $INSTALL_BINARY_NAME
 ---> Using cache
 ---> ed9de1e34c21
Step 49/112 : FROM dev-base AS proxy
 ---> 45a2374eabbe
Step 50/112 : ENV INSTALL_BINARY_NAME=proxy
 ---> Using cache
 ---> fdbd0d1ffdaf
Step 51/112 : COPY hack/dockerfile/install/install.sh ./install.sh
 ---> Using cache
 ---> b244eadeafa1
Step 52/112 : COPY hack/dockerfile/install/$INSTALL_BINARY_NAME.installer ./
 ---> Using cache
 ---> a4481e8bd11f
Step 53/112 : RUN PREFIX=/build ./install.sh $INSTALL_BINARY_NAME
 ---> Using cache
 ---> df451d5c97d4
Step 54/112 : FROM base AS gometalinter
 ---> 45a2374eabbe
Step 55/112 : ENV INSTALL_BINARY_NAME=gometalinter
 ---> Using cache
 ---> 8c3e0c7c2f99
Step 56/112 : COPY hack/dockerfile/install/install.sh ./install.sh
 ---> Using cache
 ---> c18e3fa24083
Step 57/112 : COPY hack/dockerfile/install/$INSTALL_BINARY_NAME.installer ./
 ---> Using cache
 ---> dc9301e0c027
Step 58/112 : RUN PREFIX=/build ./install.sh $INSTALL_BINARY_NAME
 ---> Using cache
 ---> d25e172bbca7
Step 59/112 : FROM dev-base AS dockercli
 ---> 45a2374eabbe
Step 60/112 : ENV INSTALL_BINARY_NAME=dockercli
 ---> Using cache
 ---> 2b4422a7847f
Step 61/112 : COPY hack/dockerfile/install/install.sh ./install.sh
 ---> Using cache
 ---> 342619b071a0
Step 62/112 : COPY hack/dockerfile/install/$INSTALL_BINARY_NAME.installer ./
 ---> Using cache
 ---> 5c7e1b84fcdd
Step 63/112 : RUN PREFIX=/build ./install.sh $INSTALL_BINARY_NAME
 ---> Using cache
 ---> ddde85fc0642
Step 64/112 : FROM runtime-dev AS runc
 ---> fa48b59f5bf3
Step 65/112 : ENV INSTALL_BINARY_NAME=runc
 ---> Using cache
 ---> db5b3adea681
Step 66/112 : COPY hack/dockerfile/install/install.sh ./install.sh
 ---> Using cache
 ---> 036bf4f5ebf4
Step 67/112 : COPY hack/dockerfile/install/$INSTALL_BINARY_NAME.installer ./
 ---> Using cache
 ---> 8a5196c6fbe5
Step 68/112 : RUN PREFIX=/build ./install.sh $INSTALL_BINARY_NAME
 ---> Using cache
 ---> 72d15af6b984
Step 69/112 : FROM dev-base AS tini
 ---> 45a2374eabbe
Step 70/112 : RUN apt-get update && apt-get install -y cmake vim-common
 ---> Using cache
 ---> 5ec53d5a2f1e
Step 71/112 : COPY hack/dockerfile/install/install.sh ./install.sh
 ---> Using cache
 ---> ddb90d4ebb49
Step 72/112 : ENV INSTALL_BINARY_NAME=tini
 ---> Using cache
 ---> cca3e1fe2ec2
Step 73/112 : COPY hack/dockerfile/install/$INSTALL_BINARY_NAME.installer ./
 ---> Using cache
 ---> dc37920b795f
Step 74/112 : RUN PREFIX=/build ./install.sh $INSTALL_BINARY_NAME
 ---> Using cache
 ---> 807f991fcbbd
Step 75/112 : FROM dev-base AS rootlesskit
 ---> 45a2374eabbe
Step 76/112 : ENV INSTALL_BINARY_NAME=rootlesskit
 ---> Using cache
 ---> a3c7bf92a6a6
Step 77/112 : COPY hack/dockerfile/install/install.sh ./install.sh
 ---> Using cache
 ---> b4f10b8c8130
Step 78/112 : COPY hack/dockerfile/install/$INSTALL_BINARY_NAME.installer ./
 ---> Using cache
 ---> f55e963272f9
Step 79/112 : RUN PREFIX=/build/ ./install.sh $INSTALL_BINARY_NAME
 ---> Using cache
 ---> 93f27568371b
Step 80/112 : COPY ./contrib/dockerd-rootless.sh /build
 ---> Using cache
 ---> 8db9de516cc0
Step 81/112 : FROM runtime-dev AS dev
 ---> fa48b59f5bf3
Step 82/112 : RUN groupadd -r docker
 ---> Using cache
 ---> f08550dd8a58
Step 83/112 : RUN useradd --create-home --gid docker unprivilegeduser
 ---> Using cache
 ---> dcc704b8c91a
Step 84/112 : RUN ln -sfv /go/src/github.com/docker/docker/.bashrc ~/.bashrc
 ---> Using cache
 ---> 43d7553903ff
Step 85/112 : RUN echo "source /usr/share/bash-completion/bash_completion" >> /etc/bash.bashrc
 ---> Using cache
 ---> 19c028eb9e2e
Step 86/112 : RUN ln -s /usr/local/completion/bash/docker /etc/bash_completion.d/docker
 ---> Using cache
 ---> 711fb28491f4
Step 87/112 : RUN ldconfig
 ---> Using cache
 ---> 61db0dfa8d5a
Step 88/112 : RUN apt-get update && apt-get install -y 	apparmor 	aufs-tools 	bash-completion 	btrfs-tools 	iptables 	jq 	libcap2-bin 	libdevmapper-dev 	libffi-dev 	libssl-dev 	libudev-dev 	libsystemd-dev 	binutils-mingw-w64 	g++-mingw-w64-x86-64 	net-tools 	pigz 	python-backports.ssl-match-hostname 	python-dev 	python-cffi 	python-mock 	python-pip 	python-requests 	python-setuptools 	python-websocket 	python-wheel 	thin-provisioning-tools 	vim 	vim-common 	xfsprogs 	zip 	bzip2 	xz-utils 	libprotobuf-c1 	libnet1 	libnl-3-200 	--no-install-recommends
 ---> Using cache
 ---> c3682df51da7
Step 89/112 : COPY --from=swagger /build/swagger* /usr/local/bin/
 ---> Using cache
 ---> 5aeefcbfe547
Step 90/112 : COPY --from=frozen-images /build/ /docker-frozen-images
 ---> Using cache
 ---> b735044a02cb
Step 91/112 : COPY --from=gometalinter /build/ /usr/local/bin/
 ---> Using cache
 ---> 82771348c875
Step 92/112 : COPY --from=tomlv /build/ /usr/local/bin/
 ---> Using cache
 ---> d40a0b9638e6
Step 93/112 : COPY --from=vndr /build/ /usr/local/bin/
 ---> Using cache
 ---> 77b382012b2c
Step 94/112 : COPY --from=tini /build/ /usr/local/bin/
 ---> Using cache
 ---> bf5d66cbe472
Step 95/112 : COPY --from=runc /build/ /usr/local/bin/
 ---> Using cache
 ---> 9f65be283abf
Step 96/112 : COPY --from=containerd /build/ /usr/local/bin/
 ---> Using cache
 ---> 43ce87671faf
Step 97/112 : COPY --from=proxy /build/ /usr/local/bin/
 ---> Using cache
 ---> b7400728b34d
Step 98/112 : COPY --from=dockercli /build/ /usr/local/cli
 ---> Using cache
 ---> ec262236633e
Step 99/112 : COPY --from=registry /build/registry* /usr/local/bin/
 ---> Using cache
 ---> 9d48c11efad3
Step 100/112 : COPY --from=criu /build/ /usr/local/
 ---> Using cache
 ---> add2c9714672
Step 101/112 : COPY --from=docker-py /build/ /docker-py
 ---> Using cache
 ---> 69f132157fb9
Step 102/112 : RUN cd /docker-py 	&& pip install docker-pycreds==0.4.0 	&& pip install paramiko==2.4.2 	&& pip install yamllint==1.5.0 	&& pip install -r test-requirements.txt
 ---> Using cache
 ---> beb4dcac86e7
Step 103/112 : COPY --from=rootlesskit /build/ /usr/local/bin/
 ---> Using cache
 ---> de30cb443d8f
Step 104/112 : COPY --from=djs55/vpnkit@sha256:e508a17cfacc8fd39261d5b4e397df2b953690da577e2c987a47630cd0c42f8e /vpnkit /usr/local/bin/vpnkit.x86_64
 ---> Using cache
 ---> 0a88544f767f
Step 105/112 : ENV PATH=/usr/local/cli:$PATH
 ---> Using cache
 ---> cadfbc6ce3b8
Step 106/112 : ENV DOCKER_BUILDTAGS apparmor seccomp selinux
 ---> Using cache
 ---> f0d9b3111184
Step 107/112 : ENV GOMETALINTER_OPTS="--deadline=2m"
 ---> Using cache
 ---> 43a8a6a3475b
Step 108/112 : WORKDIR /go/src/github.com/docker/docker
 ---> Using cache
 ---> b787a2451fed
Step 109/112 : VOLUME /var/lib/docker
 ---> Using cache
 ---> 230f904c792e
Step 110/112 : ENTRYPOINT ["hack/dind"]
 ---> Using cache
 ---> b0feb88720fa
Step 111/112 : FROM dev AS final
 ---> b0feb88720fa
Step 112/112 : COPY . /go/src/github.com/docker/docker
Set build name.
New build name is '#39283'
Build was aborted
Aborted by Gordon
[PostBuildScript] - Executing post build scripts.
[Docker-PRs] $ /bin/sh -xe /tmp/jenkins2868948226263100637.sh
/tmp/jenkins4070903069328963580.sh: line 14:  8637 Terminated              docker build --rm --force-rm --build-arg APT_MIRROR=cdn-fastly.deb.debian.org -t docker:$GITCOMMIT .
+ echo Ensuring container killed.
Ensuring container killed.
+ docker rm -vf docker-pr54326
Error: No such container: docker-pr54326
+ true
+ echo Chowning /workspace to jenkins user
Chowning /workspace to jenkins user
+ id -u
+ id -g
+ docker run --rm -v /home/ubuntu/workspace/Docker-PRs:/workspace busybox chown -R 1000:1000 /workspace
[Docker-PRs] $ /bin/sh -xe /tmp/jenkins5217020684808895555.sh
+ echo Creating bundles.tar.gz
Creating bundles.tar.gz
+ + find bundles -name *.log -o -name *.prof -o -name integration.test
xargs tar -czf bundles.tar.gz
find: ‘bundles’: No such file or directory
tar: Cowardly refusing to create an empty archive
Try 'tar --help' or 'tar --usage' for more information.
+ true
Archiving artifacts
Notifying endpoint with url 'https://leeroy.dockerproject.org/notification/jenkins'
[WS-CLEANUP] Deleting project workspace...[WS-CLEANUP] done
Finished: ABORTED
