Started by user Gordon
Notifying endpoint with url 'https://leeroy.dockerproject.org/notification/jenkins'
[EnvInject] - Loading node environment variables.
Building remotely on ubuntu-1604-overlay2 (i-0954a1e87346f3ecf) (x86_64 ubuntu overlay2 linux ubuntu-1604 ubuntu-1604-overlay2 ubuntu-1604-overlay2-stable amd64) in workspace /home/ubuntu/workspace/Docker-PRs
No credentials specified
Wiping out workspace first.
Cloning the remote Git repository
Cloning repository https://github.com/moby/moby.git
 > git init /home/ubuntu/workspace/Docker-PRs # timeout=10
Fetching upstream changes from https://github.com/moby/moby.git
 > git --version # timeout=10
 > git fetch --tags --progress https://github.com/moby/moby.git +refs/heads/*:refs/remotes/origin/*
 > git config remote.origin.url https://github.com/moby/moby.git # timeout=10
 > git config --add remote.origin.fetch +refs/heads/*:refs/remotes/origin/* # timeout=10
 > git config remote.origin.url https://github.com/moby/moby.git # timeout=10
Fetching upstream changes from https://github.com/moby/moby.git
 > git fetch --tags --progress https://github.com/moby/moby.git +refs/heads/*:refs/remotes/origin/*
 > git rev-parse origin/master^{commit} # timeout=10
Checking out Revision 8d760280a232f98d92440539e1e8a8f66c213bdb (origin/master)
 > git config core.sparsecheckout # timeout=10
 > git checkout -f 8d760280a232f98d92440539e1e8a8f66c213bdb
Commit message: "Merge pull request #39275 from wiktor-k/move-var-run-to-run"
 > git rev-list --no-walk 8d760280a232f98d92440539e1e8a8f66c213bdb # timeout=10
Set build name.
New build name is '#39283'
[Docker-PRs] $ /bin/bash /tmp/jenkins8408074112729478109.sh
From https://github.com/moby/moby
 * [new ref]         refs/pull/39283/head -> origin/pr/39283
Updating 8d76028..745972a
Fast-forward
 hack/ci/windows.ps1 | 24 ++++++++++++++++++++++++
 1 file changed, 24 insertions(+)
Sending build context to Docker daemon     48MB
Step 1/112 : ARG CROSS="false"
Step 2/112 : FROM golang:1.12.5 AS base
 ---> 7ced090ee82e
Step 3/112 : ARG APT_MIRROR=deb.debian.org
 ---> Using cache
 ---> 6183be6a8a2c
Step 4/112 : RUN sed -ri "s/(httpredir|deb).debian.org/$APT_MIRROR/g" /etc/apt/sources.list
 ---> Using cache
 ---> 64304c323c78
Step 5/112 : FROM base AS criu
 ---> 64304c323c78
Step 6/112 : ENV CRIU_VERSION 3.11
 ---> Using cache
 ---> 4b575d4c521a
Step 7/112 : RUN apt-get update && apt-get install -y 	libnet-dev 	libprotobuf-c0-dev 	libprotobuf-dev 	libnl-3-dev 	libcap-dev 	protobuf-compiler 	protobuf-c-compiler 	python-protobuf 	&& mkdir -p /usr/src/criu 	&& curl -sSL https://github.com/checkpoint-restore/criu/archive/v${CRIU_VERSION}.tar.gz | tar -C /usr/src/criu/ -xz --strip-components=1 	&& cd /usr/src/criu 	&& make 	&& make PREFIX=/build/ install-criu
 ---> Using cache
 ---> b6906c0e28a8
Step 8/112 : FROM base AS registry
 ---> 64304c323c78
Step 9/112 : ENV REGISTRY_COMMIT 47a064d4195a9b56133891bbb13620c3ac83a827
 ---> Using cache
 ---> 7a18a341490f
Step 10/112 : RUN set -x 	&& export GOPATH="$(mktemp -d)" 	&& git clone https://github.com/docker/distribution.git "$GOPATH/src/github.com/docker/distribution" 	&& (cd "$GOPATH/src/github.com/docker/distribution" && git checkout -q "$REGISTRY_COMMIT") 	&& GOPATH="$GOPATH/src/github.com/docker/distribution/Godeps/_workspace:$GOPATH" 		go build -buildmode=pie -o /build/registry-v2 github.com/docker/distribution/cmd/registry 	&& rm -rf "$GOPATH"
 ---> Running in c92f72be52df
[91m+ mktemp -d
[0m[91m+ export GOPATH=/tmp/tmp.nixRS9Gj7q
+ git clone https://github.com/docker/distribution.git /tmp/tmp.nixRS9Gj7q/src/github.com/docker/distribution
[0m[91mCloning into '/tmp/tmp.nixRS9Gj7q/src/github.com/docker/distribution'...
[0m[91m+ cd /tmp/tmp.nixRS9Gj7q/src/github.com/docker/distribution
[0m[91m+ git checkout -q 47a064d4195a9b56133891bbb13620c3ac83a827
[0m[91m+ GOPATH=/tmp/tmp.nixRS9Gj7q/src/github.com/docker/distribution/Godeps/_workspace:/tmp/tmp.nixRS9Gj7q go build -buildmode=pie -o /build/registry-v2 github.com/docker/distribution/cmd/registry
[0m[91m+ rm -rf /tmp/tmp.nixRS9Gj7q
[0mRemoving intermediate container c92f72be52df
 ---> 49e3307aff07
Step 11/112 : FROM base AS docker-py
 ---> 64304c323c78
Step 12/112 : ENV DOCKER_PY_COMMIT ac922192959870774ad8428344d9faa0555f7ba6
 ---> Running in 418d4ecdba06
Removing intermediate container 418d4ecdba06
 ---> 9f39ca7d5a36
Step 13/112 : RUN git clone https://github.com/docker/docker-py.git /build 	&& cd /build 	&& git checkout -q $DOCKER_PY_COMMIT
 ---> Running in 09cbbe349a63
[91mCloning into '/build'...
[0mRemoving intermediate container 09cbbe349a63
 ---> 79e07acaa7c1
Step 14/112 : FROM base AS swagger
 ---> 64304c323c78
Step 15/112 : ENV GO_SWAGGER_COMMIT c28258affb0b6251755d92489ef685af8d4ff3eb
 ---> Running in 86c203cfc955
Removing intermediate container 86c203cfc955
 ---> ace69700ce2d
Step 16/112 : RUN set -x 	&& export GOPATH="$(mktemp -d)" 	&& git clone https://github.com/go-swagger/go-swagger.git "$GOPATH/src/github.com/go-swagger/go-swagger" 	&& (cd "$GOPATH/src/github.com/go-swagger/go-swagger" && git checkout -q "$GO_SWAGGER_COMMIT") 	&& go build -o /build/swagger github.com/go-swagger/go-swagger/cmd/swagger 	&& rm -rf "$GOPATH"
 ---> Running in 2301d244bc6b
[91m+ mktemp -d
+ export GOPATH=/tmp/tmp.HLymK3wSz4
+ git clone https://github.com/go-swagger/go-swagger.git /tmp/tmp.HLymK3wSz4/src/github.com/go-swagger/go-swagger
[0m[91mCloning into '/tmp/tmp.HLymK3wSz4/src/github.com/go-swagger/go-swagger'...
[0mSet build name.
New build name is '#39283'
/tmp/jenkins8408074112729478109.sh: line 14: 28258 Terminated              docker build --rm --force-rm --build-arg APT_MIRROR=cdn-fastly.deb.debian.org -t docker:$GITCOMMIT .
Build was aborted
Aborted by Gordon
[PostBuildScript] - Executing post build scripts.
[Docker-PRs] $ /bin/sh -xe /tmp/jenkins9162436605805195664.sh
+ echo Ensuring container killed.
Ensuring container killed.
+ docker rm -vf docker-pr54321
Error: No such container: docker-pr54321
+ true
+ echo Chowning /workspace to jenkins user
Chowning /workspace to jenkins user
+ id -u
+ id -g
+ docker run --rm -v /home/ubuntu/workspace/Docker-PRs:/workspace busybox chown -R 1000:1000 /workspace
[Docker-PRs] $ /bin/sh -xe /tmp/jenkins8286455024997166203.sh
+ echo Creating bundles.tar.gz
Creating bundles.tar.gz
+ xargs tar -czf bundles.tar.gz
+ find bundles -name *.log -o -name *.prof -o -name integration.test
find: ‘bundles’: No such file or directory
tar: Cowardly refusing to create an empty archive
Try 'tar --help' or 'tar --usage' for more information.
+ true
Archiving artifacts
Notifying endpoint with url 'https://leeroy.dockerproject.org/notification/jenkins'
[WS-CLEANUP] Deleting project workspace...[WS-CLEANUP] done
Finished: ABORTED
