Started by user Gordon
Notifying endpoint with url 'https://leeroy.dockerproject.org/notification/jenkins'
[EnvInject] - Loading node environment variables.
Building remotely on ubuntu-1604-overlay2 (i-0dca68f66ed3e6095) (x86_64 ubuntu overlay2 linux ubuntu-1604 ubuntu-1604-overlay2 ubuntu-1604-overlay2-stable amd64) in workspace /home/ubuntu/workspace/Docker-PRs
No credentials specified
Wiping out workspace first.
Cloning the remote Git repository
Cloning repository https://github.com/moby/moby.git
 > git init /home/ubuntu/workspace/Docker-PRs # timeout=10
Fetching upstream changes from https://github.com/moby/moby.git
 > git --version # timeout=10
 > git fetch --tags --progress https://github.com/moby/moby.git +refs/heads/*:refs/remotes/origin/*
 > git config remote.origin.url https://github.com/moby/moby.git # timeout=10
 > git config --add remote.origin.fetch +refs/heads/*:refs/remotes/origin/* # timeout=10
 > git config remote.origin.url https://github.com/moby/moby.git # timeout=10
Fetching upstream changes from https://github.com/moby/moby.git
 > git fetch --tags --progress https://github.com/moby/moby.git +refs/heads/*:refs/remotes/origin/*
 > git rev-parse origin/master^{commit} # timeout=10
Checking out Revision 8d760280a232f98d92440539e1e8a8f66c213bdb (origin/master)
 > git config core.sparsecheckout # timeout=10
 > git checkout -f 8d760280a232f98d92440539e1e8a8f66c213bdb
Commit message: "Merge pull request #39275 from wiktor-k/move-var-run-to-run"
 > git rev-list --no-walk 8d760280a232f98d92440539e1e8a8f66c213bdb # timeout=10
Set build name.
New build name is '#39292'
[Docker-PRs] $ /bin/bash /tmp/jenkins9135066031596381171.sh
From https://github.com/moby/moby
 * [new ref]         refs/pull/39292/head -> origin/pr/39292
Updating 8d76028..6cb4c08
Fast-forward
 daemon/archive.go                    |  7 ++++---
 pkg/chrootarchive/archive.go         | 24 +++++++++++++++++++----
 pkg/chrootarchive/archive_unix.go    | 38 ++++++++++++++++++++++++++++++++----
 pkg/chrootarchive/archive_windows.go |  2 +-
 4 files changed, 59 insertions(+), 12 deletions(-)
Sending build context to Docker daemon     48MB
Step 1/112 : ARG CROSS="false"
Step 2/112 : FROM golang:1.12.5 AS base
 ---> 7ced090ee82e
Step 3/112 : ARG APT_MIRROR=deb.debian.org
 ---> Using cache
 ---> 0ff42a1401cb
Step 4/112 : RUN sed -ri "s/(httpredir|deb).debian.org/$APT_MIRROR/g" /etc/apt/sources.list
 ---> Using cache
 ---> 6d9ed2edab2c
Step 5/112 : FROM base AS criu
 ---> 6d9ed2edab2c
Step 6/112 : ENV CRIU_VERSION 3.11
 ---> Using cache
 ---> 4c391aeeb443
Step 7/112 : RUN apt-get update && apt-get install -y 	libnet-dev 	libprotobuf-c0-dev 	libprotobuf-dev 	libnl-3-dev 	libcap-dev 	protobuf-compiler 	protobuf-c-compiler 	python-protobuf 	&& mkdir -p /usr/src/criu 	&& curl -sSL https://github.com/checkpoint-restore/criu/archive/v${CRIU_VERSION}.tar.gz | tar -C /usr/src/criu/ -xz --strip-components=1 	&& cd /usr/src/criu 	&& make 	&& make PREFIX=/build/ install-criu
 ---> Using cache
 ---> 2a5f970998ee
Step 8/112 : FROM base AS registry
 ---> 6d9ed2edab2c
Step 9/112 : ENV REGISTRY_COMMIT 47a064d4195a9b56133891bbb13620c3ac83a827
 ---> Using cache
 ---> ca4519ab0f4b
Step 10/112 : RUN set -x 	&& export GOPATH="$(mktemp -d)" 	&& git clone https://github.com/docker/distribution.git "$GOPATH/src/github.com/docker/distribution" 	&& (cd "$GOPATH/src/github.com/docker/distribution" && git checkout -q "$REGISTRY_COMMIT") 	&& GOPATH="$GOPATH/src/github.com/docker/distribution/Godeps/_workspace:$GOPATH" 		go build -buildmode=pie -o /build/registry-v2 github.com/docker/distribution/cmd/registry 	&& rm -rf "$GOPATH"
 ---> Using cache
 ---> 2c6a93d650c9
Step 11/112 : FROM base AS docker-py
 ---> 6d9ed2edab2c
Step 12/112 : ENV DOCKER_PY_COMMIT ac922192959870774ad8428344d9faa0555f7ba6
 ---> Using cache
 ---> 5b1a988f3edf
Step 13/112 : RUN git clone https://github.com/docker/docker-py.git /build 	&& cd /build 	&& git checkout -q $DOCKER_PY_COMMIT
 ---> Using cache
 ---> abf0a437118e
Step 14/112 : FROM base AS swagger
 ---> 6d9ed2edab2c
Step 15/112 : ENV GO_SWAGGER_COMMIT c28258affb0b6251755d92489ef685af8d4ff3eb
 ---> Using cache
 ---> 8f98e7fcd486
Step 16/112 : RUN set -x 	&& export GOPATH="$(mktemp -d)" 	&& git clone https://github.com/go-swagger/go-swagger.git "$GOPATH/src/github.com/go-swagger/go-swagger" 	&& (cd "$GOPATH/src/github.com/go-swagger/go-swagger" && git checkout -q "$GO_SWAGGER_COMMIT") 	&& go build -o /build/swagger github.com/go-swagger/go-swagger/cmd/swagger 	&& rm -rf "$GOPATH"
 ---> Using cache
 ---> 5b05f6797a3c
Step 17/112 : FROM base AS frozen-images
 ---> 6d9ed2edab2c
Step 18/112 : RUN apt-get update && apt-get install -y jq ca-certificates --no-install-recommends
 ---> Using cache
 ---> fa87b9309b20
Step 19/112 : COPY contrib/download-frozen-image-v2.sh /
 ---> Using cache
 ---> d037b62d57b4
Step 20/112 : RUN /download-frozen-image-v2.sh /build 	buildpack-deps:jessie@sha256:dd86dced7c9cd2a724e779730f0a53f93b7ef42228d4344b25ce9a42a1486251 	busybox:latest@sha256:bbc3a03235220b170ba48a157dd097dd1379299370e1ed99ce976df0355d24f0 	busybox:glibc@sha256:0b55a30394294ab23b9afd58fab94e61a923f5834fba7ddbae7f8e0c11ba85e6 	debian:jessie@sha256:287a20c5f73087ab406e6b364833e3fb7b3ae63ca0eb3486555dc27ed32c6e60 	hello-world:latest@sha256:be0cd392e45be79ffeffa6b05338b98ebb16c87b255f48e297ec7f98e123905c
 ---> Using cache
 ---> 420a71581146
Step 21/112 : FROM base AS cross-false
 ---> 6d9ed2edab2c
Step 22/112 : FROM base AS cross-true
 ---> 6d9ed2edab2c
Step 23/112 : RUN dpkg --add-architecture armhf
 ---> Using cache
 ---> 78d9e1a3b0e1
Step 24/112 : RUN dpkg --add-architecture arm64
 ---> Using cache
 ---> b9b45329137a
Step 25/112 : RUN dpkg --add-architecture armel
 ---> Using cache
 ---> 714cdfb81d0e
Step 26/112 : RUN if [ "$(go env GOHOSTARCH)" = "amd64" ]; then 	apt-get update 	&& apt-get install -y --no-install-recommends 		crossbuild-essential-armhf 		crossbuild-essential-arm64 		crossbuild-essential-armel; 	fi
 ---> Using cache
 ---> 07003594ef9c
Step 27/112 : FROM cross-${CROSS} as dev-base
 ---> 6d9ed2edab2c
Step 28/112 : FROM dev-base AS runtime-dev-cross-false
 ---> 6d9ed2edab2c
Step 29/112 : RUN apt-get update && apt-get install -y 	libapparmor-dev 	libseccomp-dev
 ---> Using cache
 ---> ffd7c3695206
Step 30/112 : FROM cross-true AS runtime-dev-cross-true
 ---> 07003594ef9c
Step 31/112 : RUN if [ "$(go env GOHOSTARCH)" = "amd64" ]; then 	apt-get update 	&& apt-get install -y 		libseccomp-dev:armhf 		libseccomp-dev:arm64 		libseccomp-dev:armel 		libapparmor-dev:armhf 		libapparmor-dev:arm64 		libapparmor-dev:armel 		libapparmor-dev 		libseccomp-dev; 	fi
 ---> Using cache
 ---> 645346f91774
Step 32/112 : FROM runtime-dev-cross-${CROSS} AS runtime-dev
 ---> ffd7c3695206
Step 33/112 : FROM base AS tomlv
 ---> 6d9ed2edab2c
Step 34/112 : ENV INSTALL_BINARY_NAME=tomlv
 ---> Using cache
 ---> 33c46ecc6610
Step 35/112 : COPY hack/dockerfile/install/install.sh ./install.sh
 ---> Using cache
 ---> 943c1ae4d555
Step 36/112 : COPY hack/dockerfile/install/$INSTALL_BINARY_NAME.installer ./
 ---> Using cache
 ---> 134fc226cb65
Step 37/112 : RUN PREFIX=/build ./install.sh $INSTALL_BINARY_NAME
 ---> Using cache
 ---> e8ba564d0257
Step 38/112 : FROM base AS vndr
 ---> 6d9ed2edab2c
Step 39/112 : ENV INSTALL_BINARY_NAME=vndr
 ---> Using cache
 ---> ca1168f906d6
Step 40/112 : COPY hack/dockerfile/install/install.sh ./install.sh
 ---> Using cache
 ---> 06037afef986
Step 41/112 : COPY hack/dockerfile/install/$INSTALL_BINARY_NAME.installer ./
 ---> Using cache
 ---> d2d930193502
Step 42/112 : RUN PREFIX=/build ./install.sh $INSTALL_BINARY_NAME
 ---> Using cache
 ---> fd4eee1e3c64
Step 43/112 : FROM dev-base AS containerd
 ---> 6d9ed2edab2c
Step 44/112 : RUN apt-get update && apt-get install -y btrfs-tools
 ---> Using cache
 ---> caafa06a1664
Step 45/112 : ENV INSTALL_BINARY_NAME=containerd
 ---> Using cache
 ---> 805f925b36bb
Step 46/112 : COPY hack/dockerfile/install/install.sh ./install.sh
 ---> Using cache
 ---> 85492f9a3e90
Step 47/112 : COPY hack/dockerfile/install/$INSTALL_BINARY_NAME.installer ./
 ---> Using cache
 ---> 6d05cb16bfea
Step 48/112 : RUN PREFIX=/build ./install.sh $INSTALL_BINARY_NAME
 ---> Using cache
 ---> 2af62c250e80
Step 49/112 : FROM dev-base AS proxy
 ---> 6d9ed2edab2c
Step 50/112 : ENV INSTALL_BINARY_NAME=proxy
 ---> Using cache
 ---> 97411a744e91
Step 51/112 : COPY hack/dockerfile/install/install.sh ./install.sh
 ---> Using cache
 ---> a3b494bcfdc1
Step 52/112 : COPY hack/dockerfile/install/$INSTALL_BINARY_NAME.installer ./
 ---> Using cache
 ---> 88e0e9f313bb
Step 53/112 : RUN PREFIX=/build ./install.sh $INSTALL_BINARY_NAME
 ---> Using cache
 ---> 172df7b86a70
Step 54/112 : FROM base AS gometalinter
 ---> 6d9ed2edab2c
Step 55/112 : ENV INSTALL_BINARY_NAME=gometalinter
 ---> Using cache
 ---> bd4dc17935a6
Step 56/112 : COPY hack/dockerfile/install/install.sh ./install.sh
 ---> Using cache
 ---> 0c66b97807bd
Step 57/112 : COPY hack/dockerfile/install/$INSTALL_BINARY_NAME.installer ./
 ---> Using cache
 ---> c6a24cf1a3a1
Step 58/112 : RUN PREFIX=/build ./install.sh $INSTALL_BINARY_NAME
 ---> Using cache
 ---> cd6b9782f1c1
Step 59/112 : FROM dev-base AS dockercli
 ---> 6d9ed2edab2c
Step 60/112 : ENV INSTALL_BINARY_NAME=dockercli
 ---> Using cache
 ---> 3b1ecaea575d
Step 61/112 : COPY hack/dockerfile/install/install.sh ./install.sh
 ---> Using cache
 ---> 108dc9fcd177
Step 62/112 : COPY hack/dockerfile/install/$INSTALL_BINARY_NAME.installer ./
 ---> Using cache
 ---> c2a009c5984b
Step 63/112 : RUN PREFIX=/build ./install.sh $INSTALL_BINARY_NAME
 ---> Using cache
 ---> f9fbaa642e9b
Step 64/112 : FROM runtime-dev AS runc
 ---> ffd7c3695206
Step 65/112 : ENV INSTALL_BINARY_NAME=runc
 ---> Using cache
 ---> d30a604d1e72
Step 66/112 : COPY hack/dockerfile/install/install.sh ./install.sh
 ---> Using cache
 ---> 02607c523725
Step 67/112 : COPY hack/dockerfile/install/$INSTALL_BINARY_NAME.installer ./
 ---> Using cache
 ---> 62a1dd97bbe3
Step 68/112 : RUN PREFIX=/build ./install.sh $INSTALL_BINARY_NAME
 ---> Using cache
 ---> 9a09fdcc9c81
Step 69/112 : FROM dev-base AS tini
 ---> 6d9ed2edab2c
Step 70/112 : RUN apt-get update && apt-get install -y cmake vim-common
 ---> Using cache
 ---> b90a7ed771f9
Step 71/112 : COPY hack/dockerfile/install/install.sh ./install.sh
 ---> Using cache
 ---> 03753a0a55aa
Step 72/112 : ENV INSTALL_BINARY_NAME=tini
 ---> Using cache
 ---> ec1497b47876
Step 73/112 : COPY hack/dockerfile/install/$INSTALL_BINARY_NAME.installer ./
 ---> Using cache
 ---> ba429a1aca17
Step 74/112 : RUN PREFIX=/build ./install.sh $INSTALL_BINARY_NAME
 ---> Using cache
 ---> de4bc91337fb
Step 75/112 : FROM dev-base AS rootlesskit
 ---> 6d9ed2edab2c
Step 76/112 : ENV INSTALL_BINARY_NAME=rootlesskit
 ---> Using cache
 ---> a2fbb95b2053
Step 77/112 : COPY hack/dockerfile/install/install.sh ./install.sh
 ---> Using cache
 ---> d7196e31c846
Step 78/112 : COPY hack/dockerfile/install/$INSTALL_BINARY_NAME.installer ./
 ---> Using cache
 ---> 9a729e98a7f8
Step 79/112 : RUN PREFIX=/build/ ./install.sh $INSTALL_BINARY_NAME
 ---> Using cache
 ---> 911e21c093b3
Step 80/112 : COPY ./contrib/dockerd-rootless.sh /build
 ---> Using cache
 ---> 932ea1791d54
Step 81/112 : FROM runtime-dev AS dev
 ---> ffd7c3695206
Step 82/112 : RUN groupadd -r docker
 ---> Using cache
 ---> 222c2f2f527b
Step 83/112 : RUN useradd --create-home --gid docker unprivilegeduser
 ---> Using cache
 ---> e320129300e5
Step 84/112 : RUN ln -sfv /go/src/github.com/docker/docker/.bashrc ~/.bashrc
 ---> Using cache
 ---> 60efe156ba00
Step 85/112 : RUN echo "source /usr/share/bash-completion/bash_completion" >> /etc/bash.bashrc
 ---> Using cache
 ---> 1d86645fada9
Step 86/112 : RUN ln -s /usr/local/completion/bash/docker /etc/bash_completion.d/docker
 ---> Using cache
 ---> f9dbdc84cdc1
Step 87/112 : RUN ldconfig
 ---> Using cache
 ---> c025ca9bf9af
Step 88/112 : RUN apt-get update && apt-get install -y 	apparmor 	aufs-tools 	bash-completion 	btrfs-tools 	iptables 	jq 	libcap2-bin 	libdevmapper-dev 	libffi-dev 	libssl-dev 	libudev-dev 	libsystemd-dev 	binutils-mingw-w64 	g++-mingw-w64-x86-64 	net-tools 	pigz 	python-backports.ssl-match-hostname 	python-dev 	python-cffi 	python-mock 	python-pip 	python-requests 	python-setuptools 	python-websocket 	python-wheel 	thin-provisioning-tools 	vim 	vim-common 	xfsprogs 	zip 	bzip2 	xz-utils 	libprotobuf-c1 	libnet1 	libnl-3-200 	--no-install-recommends
 ---> Using cache
 ---> cd917d411c56
Step 89/112 : COPY --from=swagger /build/swagger* /usr/local/bin/
 ---> Using cache
 ---> aee7db773b7b
Step 90/112 : COPY --from=frozen-images /build/ /docker-frozen-images
 ---> Using cache
 ---> a3147ea38dde
Step 91/112 : COPY --from=gometalinter /build/ /usr/local/bin/
 ---> Using cache
 ---> 9752246501af
Step 92/112 : COPY --from=tomlv /build/ /usr/local/bin/
 ---> Using cache
 ---> 4b2fe3a3160b
Step 93/112 : COPY --from=vndr /build/ /usr/local/bin/
 ---> Using cache
 ---> ccb2dff8e348
Step 94/112 : COPY --from=tini /build/ /usr/local/bin/
 ---> Using cache
 ---> 82152cde3640
Step 95/112 : COPY --from=runc /build/ /usr/local/bin/
 ---> Using cache
 ---> b131457950ff
Step 96/112 : COPY --from=containerd /build/ /usr/local/bin/
 ---> Using cache
 ---> 07a1c1ea1165
Step 97/112 : COPY --from=proxy /build/ /usr/local/bin/
 ---> Using cache
 ---> 8a1b45924c65
Step 98/112 : COPY --from=dockercli /build/ /usr/local/cli
 ---> Using cache
 ---> 759ec03a61d1
Step 99/112 : COPY --from=registry /build/registry* /usr/local/bin/
 ---> Using cache
 ---> 5344862500d8
Step 100/112 : COPY --from=criu /build/ /usr/local/
 ---> Using cache
 ---> 13f02125bc4a
Step 101/112 : COPY --from=docker-py /build/ /docker-py
 ---> Using cache
 ---> ce70fe4dfa0a
Step 102/112 : RUN cd /docker-py 	&& pip install docker-pycreds==0.4.0 	&& pip install paramiko==2.4.2 	&& pip install yamllint==1.5.0 	&& pip install -r test-requirements.txt
 ---> Using cache
 ---> f333732e2d0c
Step 103/112 : COPY --from=rootlesskit /build/ /usr/local/bin/
 ---> Using cache
 ---> d85004274535
Step 104/112 : COPY --from=djs55/vpnkit@sha256:e508a17cfacc8fd39261d5b4e397df2b953690da577e2c987a47630cd0c42f8e /vpnkit /usr/local/bin/vpnkit.x86_64
 ---> Using cache
 ---> adf04fc38f3c
Step 105/112 : ENV PATH=/usr/local/cli:$PATH
 ---> Using cache
 ---> f941c144fb29
Step 106/112 : ENV DOCKER_BUILDTAGS apparmor seccomp selinux
 ---> Using cache
 ---> 65f095c873d7
Step 107/112 : ENV GOMETALINTER_OPTS="--deadline=2m"
 ---> Using cache
 ---> bd4270da88c1
Step 108/112 : WORKDIR /go/src/github.com/docker/docker
 ---> Using cache
 ---> 175119cb2fd9
Step 109/112 : VOLUME /var/lib/docker
 ---> Using cache
 ---> e25ac649b8a2
Step 110/112 : ENTRYPOINT ["hack/dind"]
 ---> Using cache
 ---> 1b19aabf9f5a
Step 111/112 : FROM dev AS final
 ---> 1b19aabf9f5a
Step 112/112 : COPY . /go/src/github.com/docker/docker
 ---> 76d2817e4541
Successfully built 76d2817e4541
Successfully tagged docker:6cb4c08
Congratulations!  All commits are properly signed with the DCO!
Congratulations!  "./pkg/..." is safely isolated from internal code.
No api/types/ or api/swagger.yaml changes in diff.
Congratulations!  No testing.T found.
Congratulations!  All toml source files changed here have valid syntax.
Congratulations!  Changelog CHANGELOG.md is well-formed.
Congratulations!  Changelog CHANGELOG.md dates are in descending order.
Congratulations!  No new tests added to integration-cli.
?   	github.com/docker/docker/api	[no test files]
ok  	github.com/docker/docker/api/server	0.003s	coverage: 7.9% of statements
?   	github.com/docker/docker/api/server/backend/build	[no test files]
ok  	github.com/docker/docker/api/server/httputils	0.003s	coverage: 14.7% of statements
ok  	github.com/docker/docker/api/server/middleware	0.003s	coverage: 43.4% of statements
?   	github.com/docker/docker/api/server/router	[no test files]
?   	github.com/docker/docker/api/server/router/build	[no test files]
?   	github.com/docker/docker/api/server/router/checkpoint	[no test files]
?   	github.com/docker/docker/api/server/router/container	[no test files]
?   	github.com/docker/docker/api/server/router/debug	[no test files]
?   	github.com/docker/docker/api/server/router/distribution	[no test files]
?   	github.com/docker/docker/api/server/router/grpc	[no test files]
?   	github.com/docker/docker/api/server/router/image	[no test files]
?   	github.com/docker/docker/api/server/router/network	[no test files]
?   	github.com/docker/docker/api/server/router/plugin	[no test files]
?   	github.com/docker/docker/api/server/router/session	[no test files]
ok  	github.com/docker/docker/api/server/router/swarm	0.003s	coverage: 3.1% of statements
?   	github.com/docker/docker/api/server/router/system	[no test files]
?   	github.com/docker/docker/api/server/router/volume	[no test files]
?   	github.com/docker/docker/api/types	[no test files]
?   	github.com/docker/docker/api/types/backend	[no test files]
?   	github.com/docker/docker/api/types/blkiodev	[no test files]
?   	github.com/docker/docker/api/types/container	[no test files]
?   	github.com/docker/docker/api/types/events	[no test files]
ok  	github.com/docker/docker/api/types/filters	0.003s	coverage: 95.2% of statements
?   	github.com/docker/docker/api/types/image	[no test files]
?   	github.com/docker/docker/api/types/mount	[no test files]
?   	github.com/docker/docker/api/types/network	[no test files]
?   	github.com/docker/docker/api/types/plugins/logdriver	[no test files]
?   	github.com/docker/docker/api/types/registry	[no test files]
ok  	github.com/docker/docker/api/types/strslice	0.002s	coverage: 90.0% of statements
?   	github.com/docker/docker/api/types/swarm	[no test files]
?   	github.com/docker/docker/api/types/swarm/runtime	[no test files]
ok  	github.com/docker/docker/api/types/time	0.002s	coverage: 100.0% of statements
ok  	github.com/docker/docker/api/types/versions	0.002s	coverage: 75.0% of statements
?   	github.com/docker/docker/api/types/versions/v1p19	[no test files]
?   	github.com/docker/docker/api/types/versions/v1p20	[no test files]
?   	github.com/docker/docker/api/types/volume	[no test files]
?   	github.com/docker/docker/builder	[no test files]
?   	github.com/docker/docker/builder/builder-next	[no test files]
?   	github.com/docker/docker/builder/builder-next/adapters/containerimage	[no test files]
?   	github.com/docker/docker/builder/builder-next/adapters/localinlinecache	[no test files]
?   	github.com/docker/docker/builder/builder-next/adapters/snapshot	[no test files]
?   	github.com/docker/docker/builder/builder-next/exporter	[no test files]
?   	github.com/docker/docker/builder/builder-next/imagerefchecker	[no test files]
?   	github.com/docker/docker/builder/builder-next/worker	[no test files]
ok  	github.com/docker/docker/builder/dockerfile	0.428s	coverage: 45.1% of statements
ok  	github.com/docker/docker/builder/dockerignore	0.002s	coverage: 96.8% of statements
ok  	github.com/docker/docker/builder/fscache	0.109s	coverage: 69.2% of statements
ok  	github.com/docker/docker/builder/remotecontext	0.159s	coverage: 13.6% of statements
ok  	github.com/docker/docker/builder/remotecontext/git	0.495s	coverage: 85.1% of statements
?   	github.com/docker/docker/cli	[no test files]
?   	github.com/docker/docker/cli/config	[no test files]
ok  	github.com/docker/docker/cli/debug	0.002s	coverage: 100.0% of statements
ok  	github.com/docker/docker/client	0.076s	coverage: 75.8% of statements
ok  	github.com/docker/docker/cmd/dockerd	0.032s	coverage: 29.0% of statements
ok  	github.com/docker/docker/cmd/dockerd/hack	0.002s	coverage: 72.9% of statements
ok  	github.com/docker/docker/container	0.111s	coverage: 35.6% of statements
?   	github.com/docker/docker/container/stream	[no test files]
?   	github.com/docker/docker/contrib/apparmor	[no test files]
?   	github.com/docker/docker/contrib/docker-device-tool	[no test files]
?   	github.com/docker/docker/contrib/httpserver	[no test files]
ok  	github.com/docker/docker/daemon	12.138s	coverage: 17.4% of statements
ok  	github.com/docker/docker/daemon/cluster	0.025s	coverage: 0.5% of statements
ok  	github.com/docker/docker/daemon/cluster/controllers/plugin	0.007s	coverage: 65.3% of statements
ok  	github.com/docker/docker/daemon/cluster/convert	0.005s	coverage: 35.8% of statements
?   	github.com/docker/docker/daemon/cluster/executor	[no test files]
ok  	github.com/docker/docker/daemon/cluster/executor/container	3.426s	coverage: 13.6% of statements
?   	github.com/docker/docker/daemon/cluster/provider	[no test files]
ok  	github.com/docker/docker/daemon/config	0.020s	coverage: 84.2% of statements
ok  	github.com/docker/docker/daemon/discovery	0.003s	coverage: 30.4% of statements
ok  	github.com/docker/docker/daemon/events	0.056s	coverage: 50.0% of statements
?   	github.com/docker/docker/daemon/events/testutils	[no test files]
?   	github.com/docker/docker/daemon/exec	[no test files]
ok  	github.com/docker/docker/daemon/graphdriver	0.004s	coverage: 2.2% of statements
ok  	github.com/docker/docker/daemon/graphdriver/aufs	3.845s	coverage: 72.0% of statements
ok  	github.com/docker/docker/daemon/graphdriver/btrfs	0.004s	coverage: 2.9% of statements
ok  	github.com/docker/docker/daemon/graphdriver/copy	0.174s	coverage: 57.0% of statements
ok  	github.com/docker/docker/daemon/graphdriver/devmapper	1.946s	coverage: 45.9% of statements
?   	github.com/docker/docker/daemon/graphdriver/graphtest	[no test files]
ok  	github.com/docker/docker/daemon/graphdriver/overlay	0.702s	coverage: 50.8% of statements
ok  	github.com/docker/docker/daemon/graphdriver/overlay2	1.912s	coverage: 56.8% of statements
?   	github.com/docker/docker/daemon/graphdriver/overlayutils	[no test files]
ok  	github.com/docker/docker/daemon/graphdriver/quota	0.259s	coverage: 75.2% of statements
?   	github.com/docker/docker/daemon/graphdriver/register	[no test files]
ok  	github.com/docker/docker/daemon/graphdriver/vfs	0.005s	coverage: 58.0% of statements
ok  	github.com/docker/docker/daemon/graphdriver/zfs	0.005s	coverage: 3.0% of statements
ok  	github.com/docker/docker/daemon/images	0.008s	coverage: 4.9% of statements
?   	github.com/docker/docker/daemon/initlayer	[no test files]
ok  	github.com/docker/docker/daemon/links	0.002s	coverage: 93.0% of statements
?   	github.com/docker/docker/daemon/listeners	[no test files]
ok  	github.com/docker/docker/daemon/logger	0.211s	coverage: 42.7% of statements
ok  	github.com/docker/docker/daemon/logger/awslogs	0.093s	coverage: 78.6% of statements
?   	github.com/docker/docker/daemon/logger/fluentd	[no test files]
?   	github.com/docker/docker/daemon/logger/gcplogs	[no test files]
ok  	github.com/docker/docker/daemon/logger/gelf	0.004s	coverage: 68.2% of statements
ok  	github.com/docker/docker/daemon/logger/journald	0.003s	coverage: 26.2% of statements
ok  	github.com/docker/docker/daemon/logger/jsonfilelog	0.005s	coverage: 62.1% of statements
ok  	github.com/docker/docker/daemon/logger/jsonfilelog/jsonlog	0.003s	coverage: 88.3% of statements
ok  	github.com/docker/docker/daemon/logger/local	0.009s	coverage: 74.7% of statements
?   	github.com/docker/docker/daemon/logger/logentries	[no test files]
ok  	github.com/docker/docker/daemon/logger/loggerutils	0.008s	coverage: 18.6% of statements
ok  	github.com/docker/docker/daemon/logger/splunk	1.399s	coverage: 84.5% of statements
ok  	github.com/docker/docker/daemon/logger/syslog	0.003s	coverage: 47.8% of statements
ok  	github.com/docker/docker/daemon/logger/templates	0.002s	coverage: 8.3% of statements
?   	github.com/docker/docker/daemon/names	[no test files]
ok  	github.com/docker/docker/daemon/network	0.003s	coverage: 63.8% of statements
?   	github.com/docker/docker/daemon/stats	[no test files]
ok  	github.com/docker/docker/distribution	1.004s	coverage: 17.0% of statements
ok  	github.com/docker/docker/distribution/metadata	0.020s	coverage: 48.2% of statements
?   	github.com/docker/docker/distribution/utils	[no test files]
ok  	github.com/docker/docker/distribution/xfer	1.420s	coverage: 83.9% of statements
?   	github.com/docker/docker/dockerversion	[no test files]
ok  	github.com/docker/docker/errdefs	0.003s	coverage: 51.6% of statements
ok  	github.com/docker/docker/image	0.014s	coverage: 86.4% of statements
ok  	github.com/docker/docker/image/cache	0.005s	coverage: 19.2% of statements
?   	github.com/docker/docker/image/tarexport	[no test files]
ok  	github.com/docker/docker/image/v1	0.005s	coverage: 25.0% of statements
ok  	github.com/docker/docker/internal/procfs	0.002s	coverage: 78.4% of statements
?   	github.com/docker/docker/internal/test	[no test files]
?   	github.com/docker/docker/internal/test/daemon	[no test files]
?   	github.com/docker/docker/internal/test/environment	[no test files]
?   	github.com/docker/docker/internal/test/fakecontext	[no test files]
?   	github.com/docker/docker/internal/test/fakegit	[no test files]
?   	github.com/docker/docker/internal/test/fakestorage	[no test files]
?   	github.com/docker/docker/internal/test/fixtures/load	[no test files]
?   	github.com/docker/docker/internal/test/fixtures/plugin	[no test files]
?   	github.com/docker/docker/internal/test/fixtures/plugin/basic	[no test files]
?   	github.com/docker/docker/internal/test/registry	[no test files]
?   	github.com/docker/docker/internal/test/request	[no test files]
ok  	github.com/docker/docker/internal/testutil	0.002s	coverage: 62.5% of statements
ok  	github.com/docker/docker/layer	7.723s	coverage: 72.1% of statements
?   	github.com/docker/docker/libcontainerd	[no test files]
ok  	github.com/docker/docker/libcontainerd/queue	0.022s	coverage: 100.0% of statements
?   	github.com/docker/docker/libcontainerd/remote	[no test files]
?   	github.com/docker/docker/libcontainerd/supervisor	[no test files]
?   	github.com/docker/docker/libcontainerd/types	[no test files]
?   	github.com/docker/docker/oci	[no test files]
?   	github.com/docker/docker/oci/caps	[no test files]
ok  	github.com/docker/docker/opts	0.015s	coverage: 67.3% of statements
ok  	github.com/docker/docker/pkg/aaparser	0.002s	coverage: 50.0% of statements
ok  	github.com/docker/docker/pkg/archive	0.334s	coverage: 77.2% of statements
ok  	github.com/docker/docker/pkg/authorization	0.157s	coverage: 66.7% of statements
ok  	github.com/docker/docker/pkg/broadcaster	0.002s	coverage: 100.0% of statements
ok  	github.com/docker/docker/pkg/capabilities	0.002s	coverage: 87.5% of statements
# github.com/docker/docker/pkg/chrootarchive
pkg/chrootarchive/archive_unix.go:49: Sprintf format %s has arg os.PathSeparator of wrong type rune
FAIL	github.com/docker/docker/pkg/chrootarchive [build failed]
Build step 'Execute shell' marked build as failure
Set build name.
New build name is '#39292'
[PostBuildScript] - Executing post build scripts.
[Docker-PRs] $ /bin/sh -xe /tmp/jenkins1868590272845639559.sh
+ echo Ensuring container killed.
Ensuring container killed.
+ docker rm -vf docker-pr54342
Error: No such container: docker-pr54342
+ true
+ echo Chowning /workspace to jenkins user
Chowning /workspace to jenkins user
+ id -u
+ id -g
+ docker run --rm -v /home/ubuntu/workspace/Docker-PRs:/workspace busybox chown -R 1000:1000 /workspace
[Docker-PRs] $ /bin/sh -xe /tmp/jenkins7042559993894948570.sh
+ echo Creating bundles.tar.gz
Creating bundles.tar.gz
+ xargs+ find bundles -name *.log -o -name *.prof -o -name tar -czf integration.test
 bundles.tar.gz
tar: Cowardly refusing to create an empty archive
Try 'tar --help' or 'tar --usage' for more information.
+ true
Archiving artifacts
Notifying endpoint with url 'https://leeroy.dockerproject.org/notification/jenkins'
[WS-CLEANUP] Deleting project workspace...[WS-CLEANUP] done
Finished: FAILURE
