Started by user Gordon
Notifying endpoint with url 'https://leeroy.dockerproject.org/notification/jenkins'
[EnvInject] - Loading node environment variables.
Building remotely on ubuntu-1604-overlay2-stable (i-0e6d913413647bfcf) (x86_64 ec2 ubuntu overlay2 linux ubuntu-1604 ubuntu-1604-overlay2-stable amd64 docker us-west-2) in workspace /home/ubuntu/workspace/Docker-PRs
Wiping out workspace first.
Cloning the remote Git repository
Cloning repository https://github.com/moby/moby.git
 > git init /home/ubuntu/workspace/Docker-PRs # timeout=10
Fetching upstream changes from https://github.com/moby/moby.git
 > git --version # timeout=10
 > git fetch --tags --progress https://github.com/moby/moby.git +refs/heads/*:refs/remotes/origin/*
 > git config remote.origin.url https://github.com/moby/moby.git # timeout=10
 > git config --add remote.origin.fetch +refs/heads/*:refs/remotes/origin/* # timeout=10
 > git config remote.origin.url https://github.com/moby/moby.git # timeout=10
Fetching upstream changes from https://github.com/moby/moby.git
 > git fetch --tags --progress https://github.com/moby/moby.git +refs/heads/*:refs/remotes/origin/*
 > git rev-parse origin/master^{commit} # timeout=10
Checking out Revision 2b7e084dc98b1259e3be82d4c8d4fdfdcf615ba5 (origin/master)
 > git config core.sparsecheckout # timeout=10
 > git checkout -f 2b7e084dc98b1259e3be82d4c8d4fdfdcf615ba5
Commit message: "Merge pull request #38473 from thaJeztah/use_testenv_client"
 > git rev-list --no-walk 2b7e084dc98b1259e3be82d4c8d4fdfdcf615ba5 # timeout=10
Set build name.
New build name is '#38489'
[Docker-PRs] $ /bin/bash /tmp/jenkins6412504814967516220.sh
From https://github.com/moby/moby
 * [new ref]         refs/pull/38489/head -> origin/pr/38489
Updating 2b7e084..df9336c
Fast-forward
 daemon/logger/loggerutils/logfile.go      | 14 ++++--
 daemon/logger/loggerutils/logfile_test.go | 76 +++++++++++++++++++++++++++++++
 2 files changed, 86 insertions(+), 4 deletions(-)
Sending build context to Docker daemon   45.1MB
Step 1/94 : FROM golang:1.11.4 AS base
 ---> 343df9d12b7b
Step 2/94 : ARG APT_MIRROR=deb.debian.org
 ---> Using cache
 ---> f69bce195aa5
Step 3/94 : RUN sed -ri "s/(httpredir|deb).debian.org/$APT_MIRROR/g" /etc/apt/sources.list
 ---> Using cache
 ---> b65a8b469879
Step 4/94 : FROM base AS criu
 ---> b65a8b469879
Step 5/94 : ENV CRIU_VERSION 3.6
 ---> Using cache
 ---> ae175c0bb81b
Step 6/94 : RUN apt-get update && apt-get install -y 	libnet-dev 	libprotobuf-c0-dev 	libprotobuf-dev 	libnl-3-dev 	libcap-dev 	protobuf-compiler 	protobuf-c-compiler 	python-protobuf 	&& mkdir -p /usr/src/criu 	&& curl -sSL https://github.com/checkpoint-restore/criu/archive/v${CRIU_VERSION}.tar.gz | tar -C /usr/src/criu/ -xz --strip-components=1 	&& cd /usr/src/criu 	&& make 	&& make PREFIX=/build/ install-criu
 ---> Using cache
 ---> 14de610404fc
Step 7/94 : FROM base AS registry
 ---> b65a8b469879
Step 8/94 : ENV REGISTRY_COMMIT_SCHEMA1 ec87e9b6971d831f0eff752ddb54fb64693e51cd
 ---> Using cache
 ---> 3cae898378fb
Step 9/94 : ENV REGISTRY_COMMIT 47a064d4195a9b56133891bbb13620c3ac83a827
 ---> Using cache
 ---> ec801f8c2b3e
Step 10/94 : RUN set -x 	&& export GOPATH="$(mktemp -d)" 	&& git clone https://github.com/docker/distribution.git "$GOPATH/src/github.com/docker/distribution" 	&& (cd "$GOPATH/src/github.com/docker/distribution" && git checkout -q "$REGISTRY_COMMIT") 	&& GOPATH="$GOPATH/src/github.com/docker/distribution/Godeps/_workspace:$GOPATH" 		go build -buildmode=pie -o /build/registry-v2 github.com/docker/distribution/cmd/registry 	&& case $(dpkg --print-architecture) in 		amd64|ppc64*|s390x) 		(cd "$GOPATH/src/github.com/docker/distribution" && git checkout -q "$REGISTRY_COMMIT_SCHEMA1"); 		GOPATH="$GOPATH/src/github.com/docker/distribution/Godeps/_workspace:$GOPATH"; 			go build -buildmode=pie -o /build/registry-v2-schema1 github.com/docker/distribution/cmd/registry; 		;; 	   esac 	&& rm -rf "$GOPATH"
 ---> Using cache
 ---> d7c49de2ab6f
Step 11/94 : FROM base AS docker-py
 ---> b65a8b469879
Step 12/94 : ENV DOCKER_PY_COMMIT 8b246db271a85d6541dc458838627e89c683e42f
 ---> Using cache
 ---> f214b43aed55
Step 13/94 : RUN git clone https://github.com/docker/docker-py.git /build 	&& cd /build 	&& git checkout -q $DOCKER_PY_COMMIT
 ---> Using cache
 ---> 92ddb3e26033
Step 14/94 : FROM base AS swagger
 ---> b65a8b469879
Step 15/94 : ENV GO_SWAGGER_COMMIT c28258affb0b6251755d92489ef685af8d4ff3eb
 ---> Using cache
 ---> 6029e631497b
Step 16/94 : RUN set -x 	&& export GOPATH="$(mktemp -d)" 	&& git clone https://github.com/go-swagger/go-swagger.git "$GOPATH/src/github.com/go-swagger/go-swagger" 	&& (cd "$GOPATH/src/github.com/go-swagger/go-swagger" && git checkout -q "$GO_SWAGGER_COMMIT") 	&& go build -o /build/swagger github.com/go-swagger/go-swagger/cmd/swagger 	&& rm -rf "$GOPATH"
 ---> Using cache
 ---> 1bc759421f15
Step 17/94 : FROM base AS frozen-images
 ---> b65a8b469879
Step 18/94 : RUN apt-get update && apt-get install -y jq ca-certificates --no-install-recommends
 ---> Using cache
 ---> 19185820bebe
Step 19/94 : COPY contrib/download-frozen-image-v2.sh /
 ---> Using cache
 ---> 29d9f6cd0a7f
Step 20/94 : RUN /download-frozen-image-v2.sh /build 	buildpack-deps:jessie@sha256:dd86dced7c9cd2a724e779730f0a53f93b7ef42228d4344b25ce9a42a1486251 	busybox:latest@sha256:bbc3a03235220b170ba48a157dd097dd1379299370e1ed99ce976df0355d24f0 	busybox:glibc@sha256:0b55a30394294ab23b9afd58fab94e61a923f5834fba7ddbae7f8e0c11ba85e6 	debian:jessie@sha256:287a20c5f73087ab406e6b364833e3fb7b3ae63ca0eb3486555dc27ed32c6e60 	hello-world:latest@sha256:be0cd392e45be79ffeffa6b05338b98ebb16c87b255f48e297ec7f98e123905c
 ---> Using cache
 ---> 130372d0b048
Step 21/94 : FROM base AS runtime-dev
 ---> b65a8b469879
Step 22/94 : RUN apt-get update && apt-get install -y 	libapparmor-dev 	libseccomp-dev
 ---> Using cache
 ---> 1c52e01e4ef1
Step 23/94 : FROM base AS tomlv
 ---> b65a8b469879
Step 24/94 : ENV INSTALL_BINARY_NAME=tomlv
 ---> Using cache
 ---> 35f1b4eb58e6
Step 25/94 : COPY hack/dockerfile/install/install.sh ./install.sh
 ---> Using cache
 ---> 31243459ac4a
Step 26/94 : COPY hack/dockerfile/install/$INSTALL_BINARY_NAME.installer ./
 ---> Using cache
 ---> f75173cd332b
Step 27/94 : RUN PREFIX=/build ./install.sh $INSTALL_BINARY_NAME
 ---> Using cache
 ---> becbc702587b
Step 28/94 : FROM base AS vndr
 ---> b65a8b469879
Step 29/94 : ENV INSTALL_BINARY_NAME=vndr
 ---> Using cache
 ---> c40a7060279a
Step 30/94 : COPY hack/dockerfile/install/install.sh ./install.sh
 ---> Using cache
 ---> b8800d5819e3
Step 31/94 : COPY hack/dockerfile/install/$INSTALL_BINARY_NAME.installer ./
 ---> Using cache
 ---> 28a1eeaf947f
Step 32/94 : RUN PREFIX=/build ./install.sh $INSTALL_BINARY_NAME
 ---> Using cache
 ---> c18f95914f38
Step 33/94 : FROM base AS containerd
 ---> b65a8b469879
Step 34/94 : RUN apt-get update && apt-get install -y btrfs-tools
 ---> Using cache
 ---> f0fb7dbfd6b3
Step 35/94 : ENV INSTALL_BINARY_NAME=containerd
 ---> Using cache
 ---> 54f0ee67f3f3
Step 36/94 : COPY hack/dockerfile/install/install.sh ./install.sh
 ---> Using cache
 ---> fbb0c47f69c8
Step 37/94 : COPY hack/dockerfile/install/$INSTALL_BINARY_NAME.installer ./
 ---> Using cache
 ---> 77d8e0c17864
Step 38/94 : RUN PREFIX=/build ./install.sh $INSTALL_BINARY_NAME
 ---> Using cache
 ---> 26a1e1a02920
Step 39/94 : FROM base AS proxy
 ---> b65a8b469879
Step 40/94 : ENV INSTALL_BINARY_NAME=proxy
 ---> Using cache
 ---> a9b4246a8175
Step 41/94 : COPY hack/dockerfile/install/install.sh ./install.sh
 ---> Using cache
 ---> bc05f804c218
Step 42/94 : COPY hack/dockerfile/install/$INSTALL_BINARY_NAME.installer ./
 ---> Using cache
 ---> b1e1c05cce23
Step 43/94 : RUN PREFIX=/build ./install.sh $INSTALL_BINARY_NAME
 ---> Using cache
 ---> 3d3fd5e7b8bc
Step 44/94 : FROM base AS gometalinter
 ---> b65a8b469879
Step 45/94 : ENV INSTALL_BINARY_NAME=gometalinter
 ---> Using cache
 ---> 7265f6858404
Step 46/94 : COPY hack/dockerfile/install/install.sh ./install.sh
 ---> Using cache
 ---> aff6e58e821d
Step 47/94 : COPY hack/dockerfile/install/$INSTALL_BINARY_NAME.installer ./
 ---> Using cache
 ---> 1796c2a54ba9
Step 48/94 : RUN PREFIX=/build ./install.sh $INSTALL_BINARY_NAME
 ---> Using cache
 ---> 5150bf486d9d
Step 49/94 : FROM base AS dockercli
 ---> b65a8b469879
Step 50/94 : ENV INSTALL_BINARY_NAME=dockercli
 ---> Using cache
 ---> d4b72261a04d
Step 51/94 : COPY hack/dockerfile/install/install.sh ./install.sh
 ---> Using cache
 ---> 2f5261806167
Step 52/94 : COPY hack/dockerfile/install/$INSTALL_BINARY_NAME.installer ./
 ---> Using cache
 ---> 8c90e8bcd265
Step 53/94 : RUN PREFIX=/build ./install.sh $INSTALL_BINARY_NAME
 ---> Using cache
 ---> ef1ecd745755
Step 54/94 : FROM runtime-dev AS runc
 ---> 1c52e01e4ef1
Step 55/94 : ENV INSTALL_BINARY_NAME=runc
 ---> Using cache
 ---> 37e2af67f4d8
Step 56/94 : COPY hack/dockerfile/install/install.sh ./install.sh
 ---> Using cache
 ---> 4e528d9d62e5
Step 57/94 : COPY hack/dockerfile/install/$INSTALL_BINARY_NAME.installer ./
 ---> Using cache
 ---> 08b0087309bb
Step 58/94 : RUN PREFIX=/build ./install.sh $INSTALL_BINARY_NAME
 ---> Using cache
 ---> 070113300711
Step 59/94 : FROM base AS tini
 ---> b65a8b469879
Step 60/94 : RUN apt-get update && apt-get install -y cmake vim-common
 ---> Using cache
 ---> 3d101462fe60
Step 61/94 : COPY hack/dockerfile/install/install.sh ./install.sh
 ---> Using cache
 ---> dfaee927d9c0
Step 62/94 : ENV INSTALL_BINARY_NAME=tini
 ---> Using cache
 ---> 9c297d6c66f4
Step 63/94 : COPY hack/dockerfile/install/$INSTALL_BINARY_NAME.installer ./
 ---> Using cache
 ---> 26359221cb3b
Step 64/94 : RUN PREFIX=/build ./install.sh $INSTALL_BINARY_NAME
 ---> Using cache
 ---> 2eb48cedfaf7
Step 65/94 : FROM runtime-dev AS dev
 ---> 1c52e01e4ef1
Step 66/94 : RUN groupadd -r docker
 ---> Using cache
 ---> 6cbd6b2d9965
Step 67/94 : RUN useradd --create-home --gid docker unprivilegeduser
 ---> Using cache
 ---> 97729dce1b6c
Step 68/94 : RUN ln -sfv /go/src/github.com/docker/docker/.bashrc ~/.bashrc
 ---> Using cache
 ---> 4417daf02df4
Step 69/94 : RUN echo "source /usr/share/bash-completion/bash_completion" >> /etc/bash.bashrc
 ---> Using cache
 ---> 1a79ae567815
Step 70/94 : RUN ln -s /usr/local/completion/bash/docker /etc/bash_completion.d/docker
 ---> Using cache
 ---> 0d4d88747c65
Step 71/94 : RUN ldconfig
 ---> Using cache
 ---> cd442ca57efb
Step 72/94 : RUN apt-get update && apt-get install -y 	apparmor 	aufs-tools 	bash-completion 	btrfs-tools 	iptables 	jq 	libcap2-bin 	libdevmapper-dev 	libudev-dev 	libsystemd-dev 	binutils-mingw-w64 	g++-mingw-w64-x86-64 	net-tools 	pigz 	python-backports.ssl-match-hostname 	python-dev 	python-mock 	python-pip 	python-requests 	python-setuptools 	python-websocket 	python-wheel 	thin-provisioning-tools 	vim 	vim-common 	xfsprogs 	zip 	bzip2 	xz-utils 	--no-install-recommends
 ---> Using cache
 ---> 1126cf862b85
Step 73/94 : COPY --from=swagger /build/swagger* /usr/local/bin/
 ---> Using cache
 ---> cbf8ded723a2
Step 74/94 : COPY --from=frozen-images /build/ /docker-frozen-images
 ---> Using cache
 ---> 0320216d8d86
Step 75/94 : COPY --from=gometalinter /build/ /usr/local/bin/
 ---> Using cache
 ---> 403caa783ee1
Step 76/94 : COPY --from=tomlv /build/ /usr/local/bin/
 ---> Using cache
 ---> 19f35a76fc5f
Step 77/94 : COPY --from=vndr /build/ /usr/local/bin/
 ---> Using cache
 ---> d673fc7cc8bb
Step 78/94 : COPY --from=tini /build/ /usr/local/bin/
 ---> Using cache
 ---> d43ebb3608fc
Step 79/94 : COPY --from=runc /build/ /usr/local/bin/
 ---> Using cache
 ---> b3a338c82392
Step 80/94 : COPY --from=containerd /build/ /usr/local/bin/
 ---> Using cache
 ---> e4ba972cf7d8
Step 81/94 : COPY --from=proxy /build/ /usr/local/bin/
 ---> Using cache
 ---> b3d20ecaebfe
Step 82/94 : COPY --from=dockercli /build/ /usr/local/cli
 ---> Using cache
 ---> 7261e3d5db85
Step 83/94 : COPY --from=registry /build/registry* /usr/local/bin/
 ---> Using cache
 ---> bdb068532950
Step 84/94 : COPY --from=criu /build/ /usr/local/
 ---> Using cache
 ---> b198c7644290
Step 85/94 : COPY --from=docker-py /build/ /docker-py
 ---> Using cache
 ---> 35161b6dec9c
Step 86/94 : RUN cd /docker-py 	&& pip install docker-pycreds==0.2.1 	&& pip install yamllint==1.5.0 	&& pip install -r test-requirements.txt
 ---> Using cache
 ---> 080a6712c0d9
Step 87/94 : ENV PATH=/usr/local/cli:$PATH
 ---> Using cache
 ---> 51b4bf3db124
Step 88/94 : ENV DOCKER_BUILDTAGS apparmor seccomp selinux
 ---> Using cache
 ---> df706be18dc0
Step 89/94 : ENV GOMETALINTER_OPTS="--deadline=2m"
 ---> Using cache
 ---> b2620d8f666a
Step 90/94 : WORKDIR /go/src/github.com/docker/docker
 ---> Using cache
 ---> 1da23ac08f42
Step 91/94 : VOLUME /var/lib/docker
 ---> Using cache
 ---> ee2899f4b882
Step 92/94 : ENTRYPOINT ["hack/dind"]
 ---> Using cache
 ---> b370abeaa57c
Step 93/94 : FROM dev AS final
 ---> b370abeaa57c
Step 94/94 : COPY . /go/src/github.com/docker/docker
 ---> 0856bb07c103
Successfully built 0856bb07c103
Successfully tagged docker:df9336c
Congratulations!  All commits are properly signed with the DCO!
daemon/logger/loggerutils/logfile.go:1::warning: file is not gofmted with -s (gofmt)
daemon/logger/loggerutils/logfile_test.go:1::warning: file is not gofmted with -s (gofmt)
daemon/logger/loggerutils/logfile.go:1::warning: file is not goimported (goimports)
daemon/logger/loggerutils/logfile_test.go:1::warning: file is not goimported (goimports)
Build step 'Execute shell' marked build as failure
Set build name.
New build name is '#38489'
[PostBuildScript] - Executing post build scripts.
[Docker-PRs] $ /bin/sh -xe /tmp/jenkins3407505683654926799.sh
+ echo Ensuring container killed.
Ensuring container killed.
+ docker rm -vf docker-pr52383
Error: No such container: docker-pr52383
+ true
+ echo Chowning /workspace to jenkins user
Chowning /workspace to jenkins user
+ id -u
+ id -g
+ docker run --rm -v /home/ubuntu/workspace/Docker-PRs:/workspace busybox chown -R 1000:1000 /workspace
[Docker-PRs] $ /bin/sh -xe /tmp/jenkins4802408152388547931.sh
+ echo Creating bundles.tar.gz
Creating bundles.tar.gz
+ find+ xargs tar -czf bundles.tar.gz
 bundles -name *.log -o -name *.prof -o -name integration.test
tar: Cowardly refusing to create an empty archive
Try 'tar --help' or 'tar --usage' for more information.
+ true
Archiving artifacts
Notifying endpoint with url 'https://leeroy.dockerproject.org/notification/jenkins'
[WS-CLEANUP] Deleting project workspace...[WS-CLEANUP] done
Finished: FAILURE
