Started by user Gordon
Notifying endpoint with url 'https://leeroy.dockerproject.org/notification/jenkins'
[EnvInject] - Loading node environment variables.
Building remotely on ubuntu-1604-overlay2-stable (i-0e6d913413647bfcf) (x86_64 ec2 ubuntu overlay2 linux ubuntu-1604 ubuntu-1604-overlay2-stable amd64 docker us-west-2) in workspace /home/ubuntu/workspace/Docker-PRs
Wiping out workspace first.
Cloning the remote Git repository
Cloning repository https://github.com/moby/moby.git
 > git init /home/ubuntu/workspace/Docker-PRs # timeout=10
Fetching upstream changes from https://github.com/moby/moby.git
 > git --version # timeout=10
 > git fetch --tags --progress https://github.com/moby/moby.git +refs/heads/*:refs/remotes/origin/*
 > git config remote.origin.url https://github.com/moby/moby.git # timeout=10
 > git config --add remote.origin.fetch +refs/heads/*:refs/remotes/origin/* # timeout=10
 > git config remote.origin.url https://github.com/moby/moby.git # timeout=10
Fetching upstream changes from https://github.com/moby/moby.git
 > git fetch --tags --progress https://github.com/moby/moby.git +refs/heads/*:refs/remotes/origin/*
 > git rev-parse origin/master^{commit} # timeout=10
Checking out Revision 2b7e084dc98b1259e3be82d4c8d4fdfdcf615ba5 (origin/master)
 > git config core.sparsecheckout # timeout=10
 > git checkout -f 2b7e084dc98b1259e3be82d4c8d4fdfdcf615ba5
Commit message: "Merge pull request #38473 from thaJeztah/use_testenv_client"
 > git rev-list --no-walk 2b7e084dc98b1259e3be82d4c8d4fdfdcf615ba5 # timeout=10
Set build name.
New build name is '#38487'
[Docker-PRs] $ /bin/bash /tmp/jenkins4760362056777892038.sh
From https://github.com/moby/moby
 * [new ref]         refs/pull/38487/head -> origin/pr/38487
Auto-merging integration/build/build_test.go
Merge made by the 'recursive' strategy.
 builder/remotecontext/detect.go | 12 ++++++++-
 integration/build/build_test.go | 58 +++++++++++++++++++++++++++++++++++++++++
 2 files changed, 69 insertions(+), 1 deletion(-)
Sending build context to Docker daemon   45.1MB
Step 1/94 : FROM golang:1.11.4 AS base
1.11.4: Pulling from library/golang
cd8eada9c7bb: Pulling fs layer
c2677faec825: Pulling fs layer
fcce419a96b1: Pulling fs layer
045b51e26e75: Pulling fs layer
70a7003e9fe9: Pulling fs layer
751b6f060321: Pulling fs layer
462a907acb44: Pulling fs layer
70a7003e9fe9: Waiting
045b51e26e75: Waiting
751b6f060321: Waiting
462a907acb44: Waiting
fcce419a96b1: Verifying Checksum
fcce419a96b1: Download complete
c2677faec825: Verifying Checksum
c2677faec825: Download complete
cd8eada9c7bb: Verifying Checksum
cd8eada9c7bb: Download complete
045b51e26e75: Verifying Checksum
045b51e26e75: Download complete
462a907acb44: Verifying Checksum
462a907acb44: Download complete
70a7003e9fe9: Verifying Checksum
751b6f060321: Verifying Checksum
751b6f060321: Download complete
cd8eada9c7bb: Pull complete
c2677faec825: Pull complete
fcce419a96b1: Pull complete
045b51e26e75: Pull complete
70a7003e9fe9: Pull complete
Set build name.
New build name is '#38487'
Build was aborted
Aborted by Gordon
[PostBuildScript] - Executing post build scripts.
[Docker-PRs] $ /bin/sh -xe /tmp/jenkins6353712728281046578.sh
+ echo Ensuring container killed.
Ensuring container killed.
+ docker rm -vf docker-pr52379
/tmp/jenkins4760362056777892038.sh: line 14:  2321 Terminated              docker build --rm --force-rm --build-arg APT_MIRROR=cdn-fastly.deb.debian.org -t docker:$GITCOMMIT .
Error: No such container: docker-pr52379
+ true
+ echo Chowning /workspace to jenkins user
Chowning /workspace to jenkins user
+ id -u
+ id -g
+ docker run --rm -v /home/ubuntu/workspace/Docker-PRs:/workspace busybox chown -R 1000:1000 /workspace
Unable to find image 'busybox:latest' locally
latest: Pulling from library/busybox
57c14dd66db0: Pulling fs layer
57c14dd66db0: Verifying Checksum
57c14dd66db0: Download complete
57c14dd66db0: Pull complete
Digest: sha256:7964ad52e396a6e045c39b5a44438424ac52e12e4d5a25d94895f2058cb863a0
Status: Downloaded newer image for busybox:latest
[Docker-PRs] $ /bin/sh -xe /tmp/jenkins4929597767234961038.sh
+ echo Creating bundles.tar.gz
Creating bundles.tar.gz
+ xargs tar -czf bundles.tar.gz
+ find bundles -name *.log -o -name *.prof -o -name integration.test
find: ‘bundles’: No such file or directory
tar: Cowardly refusing to create an empty archive
Try 'tar --help' or 'tar --usage' for more information.
+ true
Archiving artifacts
Notifying endpoint with url 'https://leeroy.dockerproject.org/notification/jenkins'
[WS-CLEANUP] Deleting project workspace...[WS-CLEANUP] done
Finished: ABORTED
