Started by user Gordon
Notifying endpoint with url 'https://leeroy.dockerproject.org/notification/jenkins'
[EnvInject] - Loading node environment variables.
Building remotely on azure-windows-rs5-1 (windows-rs5) in workspace /gopath/src/github.com/docker/docker
Wiping out workspace first.
Cloning the remote Git repository
Cloning repository https://github.com/moby/moby.git
 > git init C:\gopath\src\github.com\docker\docker # timeout=10
Fetching upstream changes from https://github.com/moby/moby.git
 > git --version # timeout=10
 > git fetch --tags --progress https://github.com/moby/moby.git +refs/heads/*:refs/remotes/origin/*
 > git config remote.origin.url https://github.com/moby/moby.git # timeout=10
 > git config --add remote.origin.fetch +refs/heads/*:refs/remotes/origin/* # timeout=10
 > git config remote.origin.url https://github.com/moby/moby.git # timeout=10
Fetching upstream changes from https://github.com/moby/moby.git
 > git fetch --tags --progress https://github.com/moby/moby.git +refs/heads/*:refs/remotes/origin/*
 > git rev-parse "origin/master^{commit}" # timeout=10
Checking out Revision f76d6a078d881f410c00e8d900dcdfc2e026c841 (origin/master)
 > git config core.sparsecheckout # timeout=10
 > git checkout -f f76d6a078d881f410c00e8d900dcdfc2e026c841
ERROR: Unable to retrieve commit message
java.lang.InterruptedException
	at java.lang.Object.wait(Native Method)
	at hudson.remoting.Request.call(Request.java:167)
	at hudson.remoting.Channel.call(Channel.java:907)
	at hudson.remoting.RemoteInvocationHandler.invoke(RemoteInvocationHandler.java:281)
	at com.sun.proxy.$Proxy244.withRepository(Unknown Source)
	at org.jenkinsci.plugins.gitclient.RemoteGitImpl.withRepository(RemoteGitImpl.java:235)
	at hudson.plugins.git.GitSCM.printCommitMessageToLog(GitSCM.java:1245)
	at hudson.plugins.git.GitSCM.checkout(GitSCM.java:1218)
	at hudson.scm.SCM.checkout(SCM.java:495)
	at hudson.model.AbstractProject.checkout(AbstractProject.java:1202)
	at hudson.model.AbstractBuild$AbstractBuildExecution.defaultCheckout(AbstractBuild.java:574)
	at jenkins.scm.SCMCheckoutStrategy.checkout(SCMCheckoutStrategy.java:86)
	at hudson.model.AbstractBuild$AbstractBuildExecution.run(AbstractBuild.java:499)
	at hudson.model.Run.execute(Run.java:1724)
	at hudson.model.FreeStyleBuild.run(FreeStyleBuild.java:43)
	at hudson.model.ResourceController.execute(ResourceController.java:97)
	at hudson.model.Executor.run(Executor.java:429)
 > git rev-list --no-walk f76d6a078d881f410c00e8d900dcdfc2e026c841 # timeout=10
Set build name.
New build name is '#38392'
[docker] $ sh -xe C:\Users\jenkins\jenkins6938858083827935149.sh
+ git fetch origin +refs/pull/38392/head:refs/remotes/origin/pr/38392
From https://github.com/moby/moby
 * [new ref]               refs/pull/38392/head -> origin/pr/38392
+ git merge origin/pr/38392
Merge made by the 'recursive' strategy.
 hack/ci/windows.ps1 | 24 ++++++++++++++++++++++++
 1 file changed, 24 insertions(+)
[docker] $ powershell.exe -NonInteractive -ExecutionPolicy ByPass "& 'C:\Users\jenkins\jenkins531683506886234878.ps1'"

INFO: executeCI.ps1 starting at Mon Dec 31 09:31:29 CUT 2018

INFO: Script version 28-Aug-2018 09:33 PDT
INFO: Running git version 2.18.0.windows.1
INFO: Branch:rs5_release Build:17763.1.180914-1434
INFO: Environment variables:

Name                           Value                                                                                   
----                           -----                                                                                   
_                              /cygdrive/c/ProgramData/Oracle/Java/javapath/java                                       
ALLUSERSPROFILE                C:\ProgramData                                                                          
APPDATA                        C:\Users\jenkins\AppData\Roaming                                                        
BASE_BRANCH                    master                                                                                  
BUILD_CAUSE                    MANUALTRIGGER                                                                           
BUILD_CAUSE_MANUALTRIGGER      true                                                                                    
BUILD_DISPLAY_NAME             #38392                                                                                  
BUILD_ID                       901                                                                                     
BUILD_NUMBER                   901                                                                                     
BUILD_TAG                      jenkins-Docker-PRs-WoW-RS5-Process-901                                                  
BUILD_URL                      https://jenkins.dockerproject.org/job/Docker-PRs-WoW-RS5-Process/901/                   
CommonProgramFiles             C:\Program Files\Common Files                                                           
CommonProgramFiles(x86)        C:\Program Files (x86)\Common Files                                                     
CommonProgramW6432             C:\Program Files\Common Files                                                           
COMPUTERNAME                   jenkins-rs5-1                                                                           
COMSPEC                        C:\Windows\system32\cmd.exe                                                             
ConfigSet                      rs                                                                                      
CYGWIN                         binmode ntsec                                                                           
DriverData                     C:\Windows\System32\Drivers\DriverData                                                  
EXECUTOR_NUMBER                0                                                                                       
GIT_AUTHOR_EMAIL               janky@dockerproject.org                                                                 
GIT_AUTHOR_NAME                Docker Jenkins                                                                          
GIT_BASE_REPO                  moby/moby                                                                               
GIT_BRANCH                     origin/master                                                                           
GIT_COMMIT                     f76d6a078d881f410c00e8d900dcdfc2e026c841                                                
GIT_COMMITTER_EMAIL            janky@dockerproject.org                                                                 
GIT_COMMITTER_NAME             Docker Jenkins                                                                          
GIT_HEAD_REPO                  olljanat/moby                                                                           
GIT_PREVIOUS_COMMIT            f76d6a078d881f410c00e8d900dcdfc2e026c841                                                
GIT_PREVIOUS_SUCCESSFUL_COMMIT 5ddb1d410a8b5ea35a6d57200b42582993f1e125                                                
GIT_SHA1                       6084bb612817d5c67637bb65d9771d81f6d5f2a5                                                
GIT_URL                        https://github.com/moby/moby.git                                                        
GITHUB_URL                     https://github.com/moby/moby/pull/38392                                                 
HOME                           C:\cygwin\home\jenkins                                                                  
HOMEDRIVE                      C:                                                                                      
HOMEPATH                       \cygwin\home\jenkins                                                                    
HUDSON_COOKIE                  f5f8cbb3-02ee-40f0-8128-4102dd64e926                                                    
HUDSON_HOME                    /var/jenkins_home                                                                       
HUDSON_SERVER_COOKIE           5654907fc74b1465                                                                        
HUDSON_URL                     https://jenkins.dockerproject.org/                                                      
JENKINS_HOME                   /var/jenkins_home                                                                       
JENKINS_SERVER_COOKIE          5654907fc74b1465                                                                        
JENKINS_URL                    https://jenkins.dockerproject.org/                                                      
JOB_BASE_NAME                  Docker-PRs-WoW-RS5-Process                                                              
JOB_DISPLAY_URL                https://jenkins.dockerproject.org/job/Docker-PRs-WoW-RS5-Process/display/redirect       
JOB_NAME                       Docker-PRs-WoW-RS5-Process                                                              
JOB_URL                        https://jenkins.dockerproject.org/job/Docker-PRs-WoW-RS5-Process/                       
LOCALAPPDATA                   C:\Users\jenkins\AppData\Local                                                          
LOGNAME                        jenkins                                                                                 
LOGONSERVER                    \\jenkins-rs5-1                                                                         
MAIL                           /var/spool/mail//jenkins                                                                
NODE_LABELS                    azure-windows-rs5-1 windows-rs5                                                         
NODE_NAME                      azure-windows-rs5-1                                                                     
NUMBER_OF_PROCESSORS           4                                                                                       
OLDPWD                         /home/jenkins                                                                           
OS                             Windows_NT                                                                              
PATH                           C:\cygwin\bin;C:\ProgramData\Oracle\Java\javapath;C:\pstools;C:\Program Files\Notepad...
PATHEXT                        .COM;.EXE;.BAT;.CMD;.VBS;.VBE;.JS;.JSE;.WSF;.WSH;.MSC;.CPL                              
PR                             38392                                                                                   
PROCESSOR_ARCHITECTURE         AMD64                                                                                   
PROCESSOR_IDENTIFIER           Intel64 Family 6 Model 79 Stepping 1, GenuineIntel                                      
PROCESSOR_LEVEL                6                                                                                       
PROCESSOR_REVISION             4f01                                                                                    
ProgramData                    C:\ProgramData                                                                          
PROGRAMFILES                   C:\Program Files                                                                        
ProgramFiles(x86)              C:\Program Files (x86)                                                                  
ProgramW6432                   C:\Program Files                                                                        
PSExecutionPolicyPreference    Bypass                                                                                  
PSModulePath                   C:\Users\jenkins\Documents\WindowsPowerShell\Modules;C:\Program Files\WindowsPowerShe...
PUBLIC                         C:\Users\Public                                                                         
PWD                            /cygdrive/c/workspace                                                                   
ROOT_BUILD_CAUSE               MANUALTRIGGER                                                                           
ROOT_BUILD_CAUSE_MANUALTRIGGER true                                                                                    
RUN_CHANGES_DISPLAY_URL        https://jenkins.dockerproject.org/job/Docker-PRs-WoW-RS5-Process/901/display/redirect...
RUN_DISPLAY_URL                https://jenkins.dockerproject.org/job/Docker-PRs-WoW-RS5-Process/901/display/redirect   
SHELL                          /bin/bash                                                                               
SHLVL                          1                                                                                       
SOURCES_DRIVE                  c                                                                                       
SOURCES_SUBDIR                 gopath                                                                                  
SSH_CLIENT                     52.88.204.51 10333 22                                                                   
SSH_CONNECTION                 52.88.204.51 10333 10.0.0.19 22                                                         
SYSTEMDRIVE                    C:                                                                                      
SYSTEMROOT                     C:\Windows                                                                              
TEMP                           d:\temp                                                                                 
TESTRUN_DRIVE                  d                                                                                       
TESTRUN_SUBDIR                 CI                                                                                      
USER                           jenkins                                                                                 
USERDOMAIN                     jenkins-rs5-1                                                                           
USERNAME                       jenkins                                                                                 
USERPROFILE                    C:\Users\jenkins                                                                        
WINDIR                         C:\Windows                                                                              
WORKSPACE                      /gopath/src/github.com/docker/docker                                                    





ERROR: Failed 'Just save some time, this one is already fixed' at 12/31/2018 09:31:29
At C:\gopath\src\github.com\docker\docker\hack\ci\windows.ps1:261 char:4
+          throw "Just save some time, this one is already fixed"
+          ~~~~~~~~~~~~~~~~~~~~~~~~~~~~~~~~~~~~~~~~~~~~~~~~~~~~~~



INFO: Tidying up at end of run
INFO: Nuke-Everything...
INFO: Container count on control daemon to delete is 1
f62a27d1346e
INFO: Non-base image count on control daemon to delete is 39
INFO: Nuking d:\CI
INFO: Zapped successfully

INFO: executeCI.ps1 exiting at Mon Dec 31 09:40:17 CUT 2018. Duration 00:08:47.9025827

INFO: These is still enough space on D drive. Skip reboot...
Build step 'Windows PowerShell' marked build as failure
Set build name.
New build name is '#38392'
[PostBuildScript] - Executing post build scripts.
Notifying endpoint with url 'https://leeroy.dockerproject.org/notification/jenkins'
Finished: FAILURE
