Started by user Gordon
Notifying endpoint with url 'https://leeroy.dockerproject.org/notification/jenkins'
[EnvInject] - Loading node environment variables.
Building remotely on azure-windows-rs5-1 (windows-rs5) in workspace /gopath/src/github.com/docker/docker
No credentials specified
Wiping out workspace first.
jenkins.util.io.CompositeIOException: Unable to delete '\gopath\src\github.com\docker\docker'. Tried 3 times (of a maximum of 3) waiting 0.1 sec between attempts.
	at jenkins.util.io.PathRemover.forceRemoveDirectoryContents(PathRemover.java:86)
	at hudson.Util.deleteContentsRecursive(Util.java:260)
	at hudson.FilePath$DeleteContents.invoke(FilePath.java:1285)
	at hudson.FilePath$DeleteContents.invoke(FilePath.java:1281)
	at hudson.FilePath$FileCallableWrapper.call(FilePath.java:3041)
	at hudson.remoting.UserRequest.perform(UserRequest.java:212)
	at hudson.remoting.UserRequest.perform(UserRequest.java:54)
	at hudson.remoting.Request$2.run(Request.java:369)
	at hudson.remoting.InterceptingExecutorService$1.call(InterceptingExecutorService.java:72)
	at java.util.concurrent.FutureTask.run(Unknown Source)
	at java.util.concurrent.ThreadPoolExecutor.runWorker(Unknown Source)
	at java.util.concurrent.ThreadPoolExecutor$Worker.run(Unknown Source)
	at java.lang.Thread.run(Unknown Source)
	Suppressed: hudson.remoting.Channel$CallSiteStackTrace: Remote call to azure-windows-rs5-1
		at hudson.remoting.Channel.attachCallSiteStackTrace(Channel.java:1743)
		at hudson.remoting.UserRequest$ExceptionResponse.retrieve(UserRequest.java:357)
		at hudson.remoting.Channel.call(Channel.java:957)
		at hudson.FilePath.act(FilePath.java:1068)
		at hudson.FilePath.act(FilePath.java:1057)
		at hudson.FilePath.deleteContents(FilePath.java:1279)
		at hudson.plugins.git.extensions.impl.WipeWorkspace.beforeCheckout(WipeWorkspace.java:30)
		at hudson.plugins.git.GitSCM.checkout(GitSCM.java:1176)
		at hudson.scm.SCM.checkout(SCM.java:504)
		at hudson.model.AbstractProject.checkout(AbstractProject.java:1208)
		at hudson.model.AbstractBuild$AbstractBuildExecution.defaultCheckout(AbstractBuild.java:574)
		at jenkins.scm.SCMCheckoutStrategy.checkout(SCMCheckoutStrategy.java:86)
		at hudson.model.AbstractBuild$AbstractBuildExecution.run(AbstractBuild.java:499)
		at hudson.model.Run.execute(Run.java:1816)
		at hudson.model.FreeStyleBuild.run(FreeStyleBuild.java:43)
		at hudson.model.ResourceController.execute(ResourceController.java:97)
		at hudson.model.Executor.run(Executor.java:429)
jenkins.util.io.CompositeIOException: Unable to remove directory \gopath\src\github.com\docker\docker\integration-cli with directory contents: []
	at jenkins.util.io.PathRemover.removeOrMakeRemovableThenRemove(PathRemover.java:246)
	at jenkins.util.io.PathRemover.tryRemoveFile(PathRemover.java:201)
	at jenkins.util.io.PathRemover.tryRemoveRecursive(PathRemover.java:212)
	at jenkins.util.io.PathRemover.tryRemoveDirectoryContents(PathRemover.java:222)
	at jenkins.util.io.PathRemover.forceRemoveDirectoryContents(PathRemover.java:83)
	at hudson.Util.deleteContentsRecursive(Util.java:260)
	at hudson.FilePath$DeleteContents.invoke(FilePath.java:1285)
	at hudson.FilePath$DeleteContents.invoke(FilePath.java:1281)
	at hudson.FilePath$FileCallableWrapper.call(FilePath.java:3041)
	at hudson.remoting.UserRequest.perform(UserRequest.java:212)
	at hudson.remoting.UserRequest.perform(UserRequest.java:54)
	at hudson.remoting.Request$2.run(Request.java:369)
	at hudson.remoting.InterceptingExecutorService$1.call(InterceptingExecutorService.java:72)
	at java.util.concurrent.FutureTask.run(Unknown Source)
	at java.util.concurrent.ThreadPoolExecutor.runWorker(Unknown Source)
	at java.util.concurrent.ThreadPoolExecutor$Worker.run(Unknown Source)
	at java.lang.Thread.run(Unknown Source)
java.nio.file.FileSystemException: \gopath\src\github.com\docker\docker\integration-cli: The process cannot access the file because it is being used by another process.

	at sun.nio.fs.WindowsException.translateToIOException(Unknown Source)
	at sun.nio.fs.WindowsException.rethrowAsIOException(Unknown Source)
	at sun.nio.fs.WindowsException.rethrowAsIOException(Unknown Source)
	at sun.nio.fs.WindowsFileSystemProvider.implDelete(Unknown Source)
	at sun.nio.fs.AbstractFileSystemProvider.deleteIfExists(Unknown Source)
	at java.nio.file.Files.deleteIfExists(Unknown Source)
	at jenkins.util.io.PathRemover.removeOrMakeRemovableThenRemove(PathRemover.java:233)
	at jenkins.util.io.PathRemover.tryRemoveFile(PathRemover.java:201)
	at jenkins.util.io.PathRemover.tryRemoveRecursive(PathRemover.java:212)
	at jenkins.util.io.PathRemover.tryRemoveDirectoryContents(PathRemover.java:222)
	at jenkins.util.io.PathRemover.forceRemoveDirectoryContents(PathRemover.java:83)
	at hudson.Util.deleteContentsRecursive(Util.java:260)
	at hudson.FilePath$DeleteContents.invoke(FilePath.java:1285)
	at hudson.FilePath$DeleteContents.invoke(FilePath.java:1281)
	at hudson.FilePath$FileCallableWrapper.call(FilePath.java:3041)
	at hudson.remoting.UserRequest.perform(UserRequest.java:212)
	at hudson.remoting.UserRequest.perform(UserRequest.java:54)
	at hudson.remoting.Request$2.run(Request.java:369)
	at hudson.remoting.InterceptingExecutorService$1.call(InterceptingExecutorService.java:72)
	at java.util.concurrent.FutureTask.run(Unknown Source)
	at java.util.concurrent.ThreadPoolExecutor.runWorker(Unknown Source)
	at java.util.concurrent.ThreadPoolExecutor$Worker.run(Unknown Source)
	at java.lang.Thread.run(Unknown Source)
java.nio.file.FileSystemException: \gopath\src\github.com\docker\docker\integration-cli: The process cannot access the file because it is being used by another process.

	at sun.nio.fs.WindowsException.translateToIOException(Unknown Source)
	at sun.nio.fs.WindowsException.rethrowAsIOException(Unknown Source)
	at sun.nio.fs.WindowsException.rethrowAsIOException(Unknown Source)
	at sun.nio.fs.WindowsFileSystemProvider.implDelete(Unknown Source)
	at sun.nio.fs.AbstractFileSystemProvider.deleteIfExists(Unknown Source)
	at java.nio.file.Files.deleteIfExists(Unknown Source)
	at jenkins.util.io.PathRemover.removeOrMakeRemovableThenRemove(PathRemover.java:237)
	at jenkins.util.io.PathRemover.tryRemoveFile(PathRemover.java:201)
	at jenkins.util.io.PathRemover.tryRemoveRecursive(PathRemover.java:212)
	at jenkins.util.io.PathRemover.tryRemoveDirectoryContents(PathRemover.java:222)
	at jenkins.util.io.PathRemover.forceRemoveDirectoryContents(PathRemover.java:83)
	at hudson.Util.deleteContentsRecursive(Util.java:260)
	at hudson.FilePath$DeleteContents.invoke(FilePath.java:1285)
	at hudson.FilePath$DeleteContents.invoke(FilePath.java:1281)
	at hudson.FilePath$FileCallableWrapper.call(FilePath.java:3041)
	at hudson.remoting.UserRequest.perform(UserRequest.java:212)
	at hudson.remoting.UserRequest.perform(UserRequest.java:54)
	at hudson.remoting.Request$2.run(Request.java:369)
	at hudson.remoting.InterceptingExecutorService$1.call(InterceptingExecutorService.java:72)
	at java.util.concurrent.FutureTask.run(Unknown Source)
	at java.util.concurrent.ThreadPoolExecutor.runWorker(Unknown Source)
	at java.util.concurrent.ThreadPoolExecutor$Worker.run(Unknown Source)
	at java.lang.Thread.run(Unknown Source)
Retrying after 10 seconds
No credentials specified
Wiping out workspace first.
jenkins.util.io.CompositeIOException: Unable to delete '\gopath\src\github.com\docker\docker'. Tried 3 times (of a maximum of 3) waiting 0.1 sec between attempts.
	at jenkins.util.io.PathRemover.forceRemoveDirectoryContents(PathRemover.java:86)
	at hudson.Util.deleteContentsRecursive(Util.java:260)
	at hudson.FilePath$DeleteContents.invoke(FilePath.java:1285)
	at hudson.FilePath$DeleteContents.invoke(FilePath.java:1281)
	at hudson.FilePath$FileCallableWrapper.call(FilePath.java:3041)
	at hudson.remoting.UserRequest.perform(UserRequest.java:212)
	at hudson.remoting.UserRequest.perform(UserRequest.java:54)
	at hudson.remoting.Request$2.run(Request.java:369)
	at hudson.remoting.InterceptingExecutorService$1.call(InterceptingExecutorService.java:72)
	at java.util.concurrent.FutureTask.run(Unknown Source)
	at java.util.concurrent.ThreadPoolExecutor.runWorker(Unknown Source)
	at java.util.concurrent.ThreadPoolExecutor$Worker.run(Unknown Source)
	at java.lang.Thread.run(Unknown Source)
	Suppressed: hudson.remoting.Channel$CallSiteStackTrace: Remote call to azure-windows-rs5-1
		at hudson.remoting.Channel.attachCallSiteStackTrace(Channel.java:1743)
		at hudson.remoting.UserRequest$ExceptionResponse.retrieve(UserRequest.java:357)
		at hudson.remoting.Channel.call(Channel.java:957)
		at hudson.FilePath.act(FilePath.java:1068)
		at hudson.FilePath.act(FilePath.java:1057)
		at hudson.FilePath.deleteContents(FilePath.java:1279)
		at hudson.plugins.git.extensions.impl.WipeWorkspace.beforeCheckout(WipeWorkspace.java:30)
		at hudson.plugins.git.GitSCM.checkout(GitSCM.java:1176)
		at hudson.scm.SCM.checkout(SCM.java:504)
		at hudson.model.AbstractProject.checkout(AbstractProject.java:1208)
		at hudson.model.AbstractBuild$AbstractBuildExecution.defaultCheckout(AbstractBuild.java:574)
		at jenkins.scm.SCMCheckoutStrategy.checkout(SCMCheckoutStrategy.java:86)
		at hudson.model.AbstractBuild$AbstractBuildExecution.run(AbstractBuild.java:499)
		at hudson.model.Run.execute(Run.java:1816)
		at hudson.model.FreeStyleBuild.run(FreeStyleBuild.java:43)
		at hudson.model.ResourceController.execute(ResourceController.java:97)
		at hudson.model.Executor.run(Executor.java:429)
jenkins.util.io.CompositeIOException: Unable to remove directory \gopath\src\github.com\docker\docker\integration-cli with directory contents: []
	at jenkins.util.io.PathRemover.removeOrMakeRemovableThenRemove(PathRemover.java:246)
	at jenkins.util.io.PathRemover.tryRemoveFile(PathRemover.java:201)
	at jenkins.util.io.PathRemover.tryRemoveRecursive(PathRemover.java:212)
	at jenkins.util.io.PathRemover.tryRemoveDirectoryContents(PathRemover.java:222)
	at jenkins.util.io.PathRemover.forceRemoveDirectoryContents(PathRemover.java:83)
	at hudson.Util.deleteContentsRecursive(Util.java:260)
	at hudson.FilePath$DeleteContents.invoke(FilePath.java:1285)
	at hudson.FilePath$DeleteContents.invoke(FilePath.java:1281)
	at hudson.FilePath$FileCallableWrapper.call(FilePath.java:3041)
	at hudson.remoting.UserRequest.perform(UserRequest.java:212)
	at hudson.remoting.UserRequest.perform(UserRequest.java:54)
	at hudson.remoting.Request$2.run(Request.java:369)
	at hudson.remoting.InterceptingExecutorService$1.call(InterceptingExecutorService.java:72)
	at java.util.concurrent.FutureTask.run(Unknown Source)
	at java.util.concurrent.ThreadPoolExecutor.runWorker(Unknown Source)
	at java.util.concurrent.ThreadPoolExecutor$Worker.run(Unknown Source)
	at java.lang.Thread.run(Unknown Source)
java.nio.file.FileSystemException: \gopath\src\github.com\docker\docker\integration-cli: The process cannot access the file because it is being used by another process.

	at sun.nio.fs.WindowsException.translateToIOException(Unknown Source)
	at sun.nio.fs.WindowsException.rethrowAsIOException(Unknown Source)
	at sun.nio.fs.WindowsException.rethrowAsIOException(Unknown Source)
	at sun.nio.fs.WindowsFileSystemProvider.implDelete(Unknown Source)
	at sun.nio.fs.AbstractFileSystemProvider.deleteIfExists(Unknown Source)
	at java.nio.file.Files.deleteIfExists(Unknown Source)
	at jenkins.util.io.PathRemover.removeOrMakeRemovableThenRemove(PathRemover.java:233)
	at jenkins.util.io.PathRemover.tryRemoveFile(PathRemover.java:201)
	at jenkins.util.io.PathRemover.tryRemoveRecursive(PathRemover.java:212)
	at jenkins.util.io.PathRemover.tryRemoveDirectoryContents(PathRemover.java:222)
	at jenkins.util.io.PathRemover.forceRemoveDirectoryContents(PathRemover.java:83)
	at hudson.Util.deleteContentsRecursive(Util.java:260)
	at hudson.FilePath$DeleteContents.invoke(FilePath.java:1285)
	at hudson.FilePath$DeleteContents.invoke(FilePath.java:1281)
	at hudson.FilePath$FileCallableWrapper.call(FilePath.java:3041)
	at hudson.remoting.UserRequest.perform(UserRequest.java:212)
	at hudson.remoting.UserRequest.perform(UserRequest.java:54)
	at hudson.remoting.Request$2.run(Request.java:369)
	at hudson.remoting.InterceptingExecutorService$1.call(InterceptingExecutorService.java:72)
	at java.util.concurrent.FutureTask.run(Unknown Source)
	at java.util.concurrent.ThreadPoolExecutor.runWorker(Unknown Source)
	at java.util.concurrent.ThreadPoolExecutor$Worker.run(Unknown Source)
	at java.lang.Thread.run(Unknown Source)
java.nio.file.FileSystemException: \gopath\src\github.com\docker\docker\integration-cli: The process cannot access the file because it is being used by another process.

	at sun.nio.fs.WindowsException.translateToIOException(Unknown Source)
	at sun.nio.fs.WindowsException.rethrowAsIOException(Unknown Source)
	at sun.nio.fs.WindowsException.rethrowAsIOException(Unknown Source)
	at sun.nio.fs.WindowsFileSystemProvider.implDelete(Unknown Source)
	at sun.nio.fs.AbstractFileSystemProvider.deleteIfExists(Unknown Source)
	at java.nio.file.Files.deleteIfExists(Unknown Source)
	at jenkins.util.io.PathRemover.removeOrMakeRemovableThenRemove(PathRemover.java:237)
	at jenkins.util.io.PathRemover.tryRemoveFile(PathRemover.java:201)
	at jenkins.util.io.PathRemover.tryRemoveRecursive(PathRemover.java:212)
	at jenkins.util.io.PathRemover.tryRemoveDirectoryContents(PathRemover.java:222)
	at jenkins.util.io.PathRemover.forceRemoveDirectoryContents(PathRemover.java:83)
	at hudson.Util.deleteContentsRecursive(Util.java:260)
	at hudson.FilePath$DeleteContents.invoke(FilePath.java:1285)
	at hudson.FilePath$DeleteContents.invoke(FilePath.java:1281)
	at hudson.FilePath$FileCallableWrapper.call(FilePath.java:3041)
	at hudson.remoting.UserRequest.perform(UserRequest.java:212)
	at hudson.remoting.UserRequest.perform(UserRequest.java:54)
	at hudson.remoting.Request$2.run(Request.java:369)
	at hudson.remoting.InterceptingExecutorService$1.call(InterceptingExecutorService.java:72)
	at java.util.concurrent.FutureTask.run(Unknown Source)
	at java.util.concurrent.ThreadPoolExecutor.runWorker(Unknown Source)
	at java.util.concurrent.ThreadPoolExecutor$Worker.run(Unknown Source)
	at java.lang.Thread.run(Unknown Source)
Retrying after 10 seconds
Build was aborted
Aborted by Gordon
[PostBuildScript] - Executing post build scripts.
Notifying endpoint with url 'https://leeroy.dockerproject.org/notification/jenkins'
Finished: ABORTED
