Started by user Gordon
Notifying endpoint with url 'https://leeroy.dockerproject.org/notification/jenkins'
[EnvInject] - Loading node environment variables.
Building remotely on azure-windows-rs5-2 (windows-rs5) in workspace /gopath/src/github.com/docker/docker
No credentials specified
Wiping out workspace first.
Cloning the remote Git repository
Cloning repository https://github.com/moby/moby.git
 > git init C:\gopath\src\github.com\docker\docker # timeout=10
Fetching upstream changes from https://github.com/moby/moby.git
 > git --version # timeout=10
 > git fetch --tags --progress https://github.com/moby/moby.git +refs/heads/*:refs/remotes/origin/*
 > git config remote.origin.url https://github.com/moby/moby.git # timeout=10
 > git config --add remote.origin.fetch +refs/heads/*:refs/remotes/origin/* # timeout=10
 > git config remote.origin.url https://github.com/moby/moby.git # timeout=10
Fetching upstream changes from https://github.com/moby/moby.git
 > git fetch --tags --progress https://github.com/moby/moby.git +refs/heads/*:refs/remotes/origin/*
 > git rev-parse "origin/master^{commit}" # timeout=10
Checking out Revision 8d760280a232f98d92440539e1e8a8f66c213bdb (origin/master)
 > git config core.sparsecheckout # timeout=10
 > git checkout -f 8d760280a232f98d92440539e1e8a8f66c213bdb
Commit message: "Merge pull request #39275 from wiktor-k/move-var-run-to-run"
 > git rev-list --no-walk 8d760280a232f98d92440539e1e8a8f66c213bdb # timeout=10
Set build name.
New build name is '#39283'
[docker] $ sh -xe C:\Users\jenkins\jenkins8889610733546855151.sh
+ git fetch origin +refs/pull/39283/head:refs/remotes/origin/pr/39283
From https://github.com/moby/moby
 * [new ref]               refs/pull/39283/head -> origin/pr/39283
+ git merge origin/pr/39283
Updating 8d760280a2..c316d0cd02
Fast-forward
 hack/ci/windows.ps1 | 24 ++++++++++++++++++++++++
 1 file changed, 24 insertions(+)
[docker] $ powershell.exe -NonInteractive -ExecutionPolicy ByPass "& 'C:\Users\jenkins\jenkins3486104306582963494.ps1'"

INFO: executeCI.ps1 starting at Thu May 30 08:22:11 CUT 2019

INFO: Script version 05-Feb-2019 09:03 PDT
INFO: Running git version 2.18.0.windows.1
INFO: Branch:rs5_release_svc_im Build:17763.437.190401-1813
INFO: Environment variables:

Name                           Value                                                                                   
----                           -----                                                                                   
_                              /cygdrive/c/ProgramData/Oracle/Java/javapath/java                                       
ALLUSERSPROFILE                C:\ProgramData                                                                          
APPDATA                        C:\Users\jenkins\AppData\Roaming                                                        
BASE_BRANCH                    master                                                                                  
BUILD_CAUSE                    MANUALTRIGGER                                                                           
BUILD_CAUSE_MANUALTRIGGER      true                                                                                    
BUILD_DISPLAY_NAME             #39283                                                                                  
BUILD_ID                       2597                                                                                    
BUILD_NUMBER                   2597                                                                                    
BUILD_TAG                      jenkins-Docker-PRs-WoW-RS5-Process-2597                                                 
BUILD_URL                      https://jenkins.dockerproject.org/job/Docker-PRs-WoW-RS5-Process/2597/                  
CommonProgramFiles             C:\Program Files\Common Files                                                           
CommonProgramFiles(x86)        C:\Program Files (x86)\Common Files                                                     
CommonProgramW6432             C:\Program Files\Common Files                                                           
COMPUTERNAME                   jenkins-rs5-2                                                                           
COMSPEC                        C:\Windows\system32\cmd.exe                                                             
ConfigSet                      rs                                                                                      
CYGWIN                         binmode ntsec                                                                           
DriverData                     C:\Windows\System32\Drivers\DriverData                                                  
EXECUTOR_NUMBER                0                                                                                       
GIT_AUTHOR_EMAIL               janky@dockerproject.org                                                                 
GIT_AUTHOR_NAME                Docker Jenkins                                                                          
GIT_BASE_REPO                  moby/moby                                                                               
GIT_BRANCH                     origin/master                                                                           
GIT_COMMIT                     8d760280a232f98d92440539e1e8a8f66c213bdb                                                
GIT_COMMITTER_EMAIL            janky@dockerproject.org                                                                 
GIT_COMMITTER_NAME             Docker Jenkins                                                                          
GIT_HEAD_REPO                  olljanat/moby                                                                           
GIT_PREVIOUS_COMMIT            8d760280a232f98d92440539e1e8a8f66c213bdb                                                
GIT_PREVIOUS_SUCCESSFUL_COMMIT 8d760280a232f98d92440539e1e8a8f66c213bdb                                                
GIT_SHA1                       c316d0cd02cf52777cf8037fd20843ba2e544c34                                                
GIT_URL                        https://github.com/moby/moby.git                                                        
GITHUB_URL                     https://github.com/moby/moby/pull/39283                                                 
HOME                           C:\cygwin\home\jenkins                                                                  
HOMEDRIVE                      C:                                                                                      
HOMEPATH                       \cygwin\home\jenkins                                                                    
HUDSON_COOKIE                  fc2bf7e7-e357-4b90-8ec9-241240175398                                                    
HUDSON_HOME                    /var/jenkins_home                                                                       
HUDSON_SERVER_COOKIE           5654907fc74b1465                                                                        
HUDSON_URL                     https://jenkins.dockerproject.org/                                                      
JENKINS_HOME                   /var/jenkins_home                                                                       
JENKINS_SERVER_COOKIE          5654907fc74b1465                                                                        
JENKINS_URL                    https://jenkins.dockerproject.org/                                                      
JOB_BASE_NAME                  Docker-PRs-WoW-RS5-Process                                                              
JOB_DISPLAY_URL                https://jenkins.dockerproject.org/job/Docker-PRs-WoW-RS5-Process/display/redirect       
JOB_NAME                       Docker-PRs-WoW-RS5-Process                                                              
JOB_URL                        https://jenkins.dockerproject.org/job/Docker-PRs-WoW-RS5-Process/                       
LOCALAPPDATA                   C:\Users\jenkins\AppData\Local                                                          
LOGNAME                        jenkins                                                                                 
LOGONSERVER                    \\jenkins-rs5-2                                                                         
MAIL                           /var/spool/mail//jenkins                                                                
NODE_LABELS                    azure-windows-rs5-2 windows-rs5                                                         
NODE_NAME                      azure-windows-rs5-2                                                                     
NUMBER_OF_PROCESSORS           4                                                                                       
OLDPWD                         /home/jenkins                                                                           
OS                             Windows_NT                                                                              
PATH                           C:\cygwin\bin;C:\ProgramData\Oracle\Java\javapath;C:\pstools;C:\Program Files\Notepad...
PATHEXT                        .COM;.EXE;.BAT;.CMD;.VBS;.VBE;.JS;.JSE;.WSF;.WSH;.MSC;.CPL                              
PR                             39283                                                                                   
PROCESSOR_ARCHITECTURE         AMD64                                                                                   
PROCESSOR_IDENTIFIER           Intel64 Family 6 Model 63 Stepping 2, GenuineIntel                                      
PROCESSOR_LEVEL                6                                                                                       
PROCESSOR_REVISION             3f02                                                                                    
ProgramData                    C:\ProgramData                                                                          
PROGRAMFILES                   C:\Program Files                                                                        
ProgramFiles(x86)              C:\Program Files (x86)                                                                  
ProgramW6432                   C:\Program Files                                                                        
PSExecutionPolicyPreference    Bypass                                                                                  
PSModulePath                   C:\Program Files\WindowsPowerShell\Modules;C:\Windows\system32\WindowsPowerShell\v1.0...
PUBLIC                         C:\Users\Public                                                                         
PWD                            /cygdrive/c/workspace                                                                   
ROOT_BUILD_CAUSE               MANUALTRIGGER                                                                           
ROOT_BUILD_CAUSE_MANUALTRIGGER true                                                                                    
RUN_CHANGES_DISPLAY_URL        https://jenkins.dockerproject.org/job/Docker-PRs-WoW-RS5-Process/2597/display/redirec...
RUN_DISPLAY_URL                https://jenkins.dockerproject.org/job/Docker-PRs-WoW-RS5-Process/2597/display/redirect  
SHELL                          /bin/bash                                                                               
SHLVL                          1                                                                                       
SOURCES_DRIVE                  c                                                                                       
SOURCES_SUBDIR                 gopath                                                                                  
SSH_CLIENT                     52.88.204.51 57563 22                                                                   
SSH_CONNECTION                 52.88.204.51 57563 10.0.0.21 22                                                         
SYSTEMDRIVE                    C:                                                                                      
SYSTEMROOT                     C:\Windows                                                                              
TEMP                           d:\temp                                                                                 
TESTRUN_DRIVE                  d                                                                                       
TESTRUN_SUBDIR                 CI                                                                                      
USER                           jenkins                                                                                 
USERDOMAIN                     jenkins-rs5-2                                                                           
USERNAME                       jenkins                                                                                 
USERPROFILE                    C:\Users\jenkins                                                                        
WINDIR                         C:\Windows                                                                              
WORKSPACE                      /gopath/src/github.com/docker/docker                                                    



INFO: PR#39283 (https://github.com/docker/docker/pull/39283)
INFO: Sources under c:\gopath\...
INFO: Test run under d:\CI\...
INFO: Running in C:\gopath\src\github.com\docker\docker
INFO: docker/docker repository was found
INFO: Image microsoft/windowsservercore:latest is already loaded in the control daemon
INFO: Version of microsoft/windowsservercore:latest is '10.0.17763.437'
INFO: Docker version of control daemon

Client:
 Version:           master-dockerproject-2019-04-10
 API version:       1.40
 Go version:        go1.12.2
 Git commit:        ac758d9f
 Built:             Wed Apr 10 23:48:58 2019
 OS/Arch:           windows/amd64
 Experimental:      false

Server:
 Engine:
  Version:          master-dockerproject-2019-04-10
  API version:      1.40 (minimum version 1.24)
  Go version:       go1.12.3
  Git commit:       6d18c6a
  Built:            Wed Apr 10 23:59:12 2019
  OS/Arch:          windows/amd64
  Experimental:     false

INFO: Docker info of control daemon

Client:
 Debug Mode: false

Server:
 Containers: 0
  Running: 0
  Paused: 0
  Stopped: 0
 Images: 7
 Server Version: master-dockerproject-2019-04-10
 Storage Driver: windowsfilter
  Windows: 
 Logging Driver: json-file
 Plugins:
  Volume: local
  Network: ics l2bridge l2tunnel nat null overlay transparent
  Log: awslogs etwlogs fluentd gcplogs gelf json-file local logentries splunk syslog
 Swarm: inactive
 Default Isolation: process
 Kernel Version: 10.0 17763 (17763.437.amd64fre.rs5_release_svc_im.190401-1813)
 Operating System: Windows Server 2019 Datacenter Version 1809 (OS Build 17763.437)
 OSType: windows
 Architecture: x86_64
 CPUs: 4
 Total Memory: 16GiB
 Name: jenkins-rs5-2
 ID: c89b0fc8-5c6d-4c11-aaa6-a8c099fc37e6
 Docker Root Dir: D:\control
 Debug Mode: false
 Registry: https://index.docker.io/v1/
 Labels:
 Experimental: false
 Insecure Registries:
  127.0.0.0/8
 Live Restore Enabled: false


INFO: Commit hash is c316d0cd02
INFO: Nuke-Everything...
INFO: Container count on control daemon to delete is 0
INFO: Nuking d:\CI
INFO: Zapped successfully
INFO: Location for testing is d:\CI\CI-c316d0cd02
INFO: Validating GOLang consistency in Dockerfile.windows...


INFO: Building the image from Dockerfile.windows at 05/30/2019 08:22:12...

Sending build context to Docker daemon  49.39MB

Step 1/7 : FROM microsoft/windowsservercore
 ---> f55fa35b8537
Step 2/7 : SHELL ["powershell", "-Command", "$ErrorActionPreference = 'Stop'; $ProgressPreference = 'SilentlyContinue';"]
 ---> Using cache
 ---> c0baa72d2af0
Step 3/7 : ENV GO_VERSION=1.12.5     GIT_VERSION=2.11.1     GOPATH=C:\go     FROM_DOCKERFILE=1
 ---> Using cache
 ---> 9c152c6f66cf
Step 4/7 : RUN   Function Test-Nano() {     $EditionId = (Get-ItemProperty -Path 'HKLM:\SOFTWARE\Microsoft\Windows NT\CurrentVersion' -Name 'EditionID').EditionId;     return (($EditionId -eq 'ServerStandardNano') -or ($EditionId -eq 'ServerDataCenterNano') -or ($EditionId -eq 'NanoServer'));   }    Function Download-File([string] $source, [string] $target) {     if (Test-Nano) {       $handler = New-Object System.Net.Http.HttpClientHandler;       $client = New-Object System.Net.Http.HttpClient($handler);       $client.Timeout = New-Object System.TimeSpan(0, 30, 0);       $cancelTokenSource = [System.Threading.CancellationTokenSource]::new();       $responseMsg = $client.GetAsync([System.Uri]::new($source), $cancelTokenSource.Token);       $responseMsg.Wait();       if (!$responseMsg.IsCanceled) {         $response = $responseMsg.Result;         if ($response.IsSuccessStatusCode) {           $downloadedFileStream = [System.IO.FileStream]::new($target, [System.IO.FileMode]::Create, [System.IO.FileAccess]::Write);           $copyStreamOp = $response.Content.CopyToAsync($downloadedFileStream);           $copyStreamOp.Wait();           $downloadedFileStream.Close();           if ($copyStreamOp.Exception -ne $null) { throw $copyStreamOp.Exception }         }       } else {       Throw ("Failed to download " + $source)       }    } else {       $webClient = New-Object System.Net.WebClient;       $webClient.DownloadFile($source, $target);     }   }     setx /M PATH $('C:\git\cmd;C:\git\usr\bin;'+$Env:PATH+';C:\gcc\bin;C:\go\bin');     Write-Host INFO: Downloading git...;   $location='https://www.nuget.org/api/v2/package/GitForWindows/'+$Env:GIT_VERSION;   Download-File $location C:\gitsetup.zip;     Write-Host INFO: Downloading go...;   Download-File $('https://golang.org/dl/go'+$Env:GO_VERSION+'.windows-amd64.zip') C:\go.zip;     Write-Host INFO: Downloading compiler 1 of 3...;   Download-File https://raw.githubusercontent.com/jhowardmsft/docker-tdmgcc/master/gcc.zip C:\gcc.zip;     Write-Host INFO: Downloading compiler 2 of 3...;   Download-File https://raw.githubusercontent.com/jhowardmsft/docker-tdmgcc/master/runtime.zip C:\runtime.zip;     Write-Host INFO: Downloading compiler 3 of 3...;   Download-File https://raw.githubusercontent.com/jhowardmsft/docker-tdmgcc/master/binutils.zip C:\binutils.zip;     Write-Host INFO: Extracting git...;   Expand-Archive C:\gitsetup.zip C:\git-tmp;   New-Item -Type Directory C:\git | Out-Null;   Move-Item C:\git-tmp\tools\* C:\git\.;   Remove-Item -Recurse -Force C:\git-tmp;     Write-Host INFO: Expanding go...;   Expand-Archive C:\go.zip -DestinationPath C:\;     Write-Host INFO: Expanding compiler 1 of 3...;   Expand-Archive C:\gcc.zip -DestinationPath C:\gcc -Force;   Write-Host INFO: Expanding compiler 2 of 3...;   Expand-Archive C:\runtime.zip -DestinationPath C:\gcc -Force;   Write-Host INFO: Expanding compiler 3 of 3...;   Expand-Archive C:\binutils.zip -DestinationPath C:\gcc -Force;     Write-Host INFO: Removing downloaded files...;   Remove-Item C:\gcc.zip;   Remove-Item C:\runtime.zip;   Remove-Item C:\binutils.zip;   Remove-Item C:\gitsetup.zip;     Write-Host INFO: Creating source directory...;   New-Item -ItemType Directory -Path C:\go\src\github.com\docker\docker | Out-Null;     Write-Host INFO: Configuring git core.autocrlf...;   C:\git\cmd\git config --global core.autocrlf true;     Write-Host INFO: Completed
 ---> Using cache
 ---> 1c99df3490b5
Step 5/7 : ENTRYPOINT ["powershell.exe"]
 ---> Using cache
 ---> b2d4c51b606c
Step 6/7 : WORKDIR C:\go\src\github.com\docker\docker
 ---> Using cache
 ---> 71b2b1cd622e
Step 7/7 : COPY . .
Set build name.
New build name is '#39283'
Build was aborted
Aborted by Gordon
[PostBuildScript] - Executing post build scripts.
Notifying endpoint with url 'https://leeroy.dockerproject.org/notification/jenkins'
Finished: ABORTED
