Started by user Gordon
Notifying endpoint with url 'https://leeroy.dockerproject.org/notification/jenkins'
[EnvInject] - Loading node environment variables.
Building remotely on ubuntu-1604-overlay2-stable (i-042270814eae0429e) (x86_64 ec2 ubuntu overlay2 linux ubuntu-1604 ubuntu-1604-overlay2-stable amd64 docker us-west-2) in workspace /home/ubuntu/workspace/Docker-PRs
Wiping out workspace first.
Cloning the remote Git repository
Cloning repository https://github.com/moby/moby.git
 > git init /home/ubuntu/workspace/Docker-PRs # timeout=10
Fetching upstream changes from https://github.com/moby/moby.git
 > git --version # timeout=10
 > git fetch --tags --progress https://github.com/moby/moby.git +refs/heads/*:refs/remotes/origin/*
 > git config remote.origin.url https://github.com/moby/moby.git # timeout=10
 > git config --add remote.origin.fetch +refs/heads/*:refs/remotes/origin/* # timeout=10
 > git config remote.origin.url https://github.com/moby/moby.git # timeout=10
Fetching upstream changes from https://github.com/moby/moby.git
 > git fetch --tags --progress https://github.com/moby/moby.git +refs/heads/*:refs/remotes/origin/*
 > git rev-parse origin/master^{commit} # timeout=10
Checking out Revision d1117e8e104060c543a8dd2147fe5c3f8686ee39 (origin/master)
 > git config core.sparsecheckout # timeout=10
 > git checkout -f d1117e8e104060c543a8dd2147fe5c3f8686ee39
Commit message: "Merge pull request #38372 from FabianKramm/fix-darwin-compile"
 > git rev-list --no-walk d1117e8e104060c543a8dd2147fe5c3f8686ee39 # timeout=10
Set build name.
New build name is '#37940'
[Docker-PRs] $ /bin/bash /tmp/jenkins8732596657394297369.sh
From https://github.com/moby/moby
 * [new ref]         refs/pull/37940/head -> origin/pr/37940
Updating d1117e8..c3cb89b
Fast-forward
 api/server/router/swarm/cluster_routes.go | 12 +++++++
 api/swagger.yaml                          |  4 +++
 api/types/swarm/task.go                   |  1 +
 daemon/cluster/convert/service.go         |  2 ++
 docs/api/version-history.md               |  2 ++
 integration/internal/swarm/service.go     | 14 ++++++++
 integration/service/create_test.go        | 58 ++++++++++++++++++++++++-------
 7 files changed, 80 insertions(+), 13 deletions(-)
Sending build context to Docker daemon  45.08MB
Step 1/93 : FROM golang:1.11.3 AS base
 ---> bbf428bade77
Step 2/93 : ARG APT_MIRROR=deb.debian.org
 ---> Using cache
 ---> ec467039d1b2
Step 3/93 : RUN sed -ri "s/(httpredir|deb).debian.org/$APT_MIRROR/g" /etc/apt/sources.list
 ---> Using cache
 ---> 17d43f3c157f
Step 4/93 : FROM base AS criu
 ---> 17d43f3c157f
Step 5/93 : ENV CRIU_VERSION 3.6
 ---> Using cache
 ---> 1e567d10ba16
Step 6/93 : RUN apt-get update && apt-get install -y 	libnet-dev 	libprotobuf-c0-dev 	libprotobuf-dev 	libnl-3-dev 	libcap-dev 	protobuf-compiler 	protobuf-c-compiler 	python-protobuf 	&& mkdir -p /usr/src/criu 	&& curl -sSL https://github.com/checkpoint-restore/criu/archive/v${CRIU_VERSION}.tar.gz | tar -C /usr/src/criu/ -xz --strip-components=1 	&& cd /usr/src/criu 	&& make 	&& make PREFIX=/build/ install-criu
 ---> Using cache
 ---> 64a0e7ad735e
Step 7/93 : FROM base AS registry
 ---> 17d43f3c157f
Step 8/93 : ENV REGISTRY_COMMIT_SCHEMA1 ec87e9b6971d831f0eff752ddb54fb64693e51cd
 ---> Using cache
 ---> 59c94d76b1c8
Step 9/93 : ENV REGISTRY_COMMIT 47a064d4195a9b56133891bbb13620c3ac83a827
 ---> Using cache
 ---> 956b90bb3a2f
Step 10/93 : RUN set -x 	&& export GOPATH="$(mktemp -d)" 	&& git clone https://github.com/docker/distribution.git "$GOPATH/src/github.com/docker/distribution" 	&& (cd "$GOPATH/src/github.com/docker/distribution" && git checkout -q "$REGISTRY_COMMIT") 	&& GOPATH="$GOPATH/src/github.com/docker/distribution/Godeps/_workspace:$GOPATH" 		go build -buildmode=pie -o /build/registry-v2 github.com/docker/distribution/cmd/registry 	&& case $(dpkg --print-architecture) in 		amd64|ppc64*|s390x) 		(cd "$GOPATH/src/github.com/docker/distribution" && git checkout -q "$REGISTRY_COMMIT_SCHEMA1"); 		GOPATH="$GOPATH/src/github.com/docker/distribution/Godeps/_workspace:$GOPATH"; 			go build -buildmode=pie -o /build/registry-v2-schema1 github.com/docker/distribution/cmd/registry; 		;; 	   esac 	&& rm -rf "$GOPATH"
 ---> Using cache
 ---> 2926a17ce313
Step 11/93 : FROM base AS docker-py
 ---> 17d43f3c157f
Step 12/93 : ENV DOCKER_PY_COMMIT 8b246db271a85d6541dc458838627e89c683e42f
 ---> Using cache
 ---> 7a2249d1b495
Step 13/93 : RUN git clone https://github.com/docker/docker-py.git /build 	&& cd /build 	&& git checkout -q $DOCKER_PY_COMMIT
 ---> Using cache
 ---> b7f529037f4d
Step 14/93 : FROM base AS swagger
 ---> 17d43f3c157f
Step 15/93 : ENV GO_SWAGGER_COMMIT c28258affb0b6251755d92489ef685af8d4ff3eb
 ---> Using cache
 ---> b8dc429443ff
Step 16/93 : RUN set -x 	&& export GOPATH="$(mktemp -d)" 	&& git clone https://github.com/go-swagger/go-swagger.git "$GOPATH/src/github.com/go-swagger/go-swagger" 	&& (cd "$GOPATH/src/github.com/go-swagger/go-swagger" && git checkout -q "$GO_SWAGGER_COMMIT") 	&& go build -o /build/swagger github.com/go-swagger/go-swagger/cmd/swagger 	&& rm -rf "$GOPATH"
 ---> Using cache
 ---> 1a78098e670a
Step 17/93 : FROM base AS frozen-images
 ---> 17d43f3c157f
Step 18/93 : RUN apt-get update && apt-get install -y jq ca-certificates --no-install-recommends
 ---> Using cache
 ---> e9c4aa88bff4
Step 19/93 : COPY contrib/download-frozen-image-v2.sh /
 ---> Using cache
 ---> 357e0651d13c
Step 20/93 : RUN /download-frozen-image-v2.sh /build 	buildpack-deps:jessie@sha256:dd86dced7c9cd2a724e779730f0a53f93b7ef42228d4344b25ce9a42a1486251 	busybox:latest@sha256:bbc3a03235220b170ba48a157dd097dd1379299370e1ed99ce976df0355d24f0 	busybox:glibc@sha256:0b55a30394294ab23b9afd58fab94e61a923f5834fba7ddbae7f8e0c11ba85e6 	debian:jessie@sha256:287a20c5f73087ab406e6b364833e3fb7b3ae63ca0eb3486555dc27ed32c6e60 	hello-world:latest@sha256:be0cd392e45be79ffeffa6b05338b98ebb16c87b255f48e297ec7f98e123905c
 ---> Using cache
 ---> 0ff892496a07
Step 21/93 : FROM base AS runtime-dev
 ---> 17d43f3c157f
Step 22/93 : RUN apt-get update && apt-get install -y 	libapparmor-dev 	libseccomp-dev
 ---> Using cache
 ---> d8f227991978
Step 23/93 : FROM base AS tomlv
 ---> 17d43f3c157f
Step 24/93 : ENV INSTALL_BINARY_NAME=tomlv
 ---> Using cache
 ---> 3f375d7f91fe
Step 25/93 : COPY hack/dockerfile/install/install.sh ./install.sh
 ---> Using cache
 ---> dd8a09648f98
Step 26/93 : COPY hack/dockerfile/install/$INSTALL_BINARY_NAME.installer ./
 ---> Using cache
 ---> ff30e9fbba23
Step 27/93 : RUN PREFIX=/build/ ./install.sh $INSTALL_BINARY_NAME
 ---> Using cache
 ---> e44af0b30e30
Step 28/93 : FROM base AS vndr
 ---> 17d43f3c157f
Step 29/93 : ENV INSTALL_BINARY_NAME=vndr
 ---> Using cache
 ---> de5eac30c58e
Step 30/93 : COPY hack/dockerfile/install/install.sh ./install.sh
 ---> Using cache
 ---> 7815029c8d51
Step 31/93 : COPY hack/dockerfile/install/$INSTALL_BINARY_NAME.installer ./
 ---> Using cache
 ---> 80056e3dca99
Step 32/93 : RUN PREFIX=/build/ ./install.sh $INSTALL_BINARY_NAME
 ---> Using cache
 ---> 3b3d577fae16
Step 33/93 : FROM base AS containerd
 ---> 17d43f3c157f
Step 34/93 : RUN apt-get update && apt-get install -y btrfs-tools
 ---> Using cache
 ---> 7f0b5e4e6a12
Step 35/93 : ENV INSTALL_BINARY_NAME=containerd
 ---> Using cache
 ---> f61012e24872
Step 36/93 : COPY hack/dockerfile/install/install.sh ./install.sh
 ---> Using cache
 ---> 1b11355229f9
Step 37/93 : COPY hack/dockerfile/install/$INSTALL_BINARY_NAME.installer ./
 ---> Using cache
 ---> 6bf82c2b3894
Step 38/93 : RUN PREFIX=/build/ ./install.sh $INSTALL_BINARY_NAME
 ---> Using cache
 ---> 1f9296a42e6d
Step 39/93 : FROM base AS proxy
 ---> 17d43f3c157f
Step 40/93 : ENV INSTALL_BINARY_NAME=proxy
 ---> Using cache
 ---> 40fe17f05768
Step 41/93 : COPY hack/dockerfile/install/install.sh ./install.sh
 ---> Using cache
 ---> d54f06222d61
Step 42/93 : COPY hack/dockerfile/install/$INSTALL_BINARY_NAME.installer ./
 ---> Using cache
 ---> ce1e9cbe8c33
Step 43/93 : RUN PREFIX=/build/ ./install.sh $INSTALL_BINARY_NAME
 ---> Using cache
 ---> 8671b81b8845
Step 44/93 : FROM base AS gometalinter
 ---> 17d43f3c157f
Step 45/93 : ENV INSTALL_BINARY_NAME=gometalinter
 ---> Using cache
 ---> 7d4cbf6f7ba5
Step 46/93 : COPY hack/dockerfile/install/install.sh ./install.sh
 ---> Using cache
 ---> d4cfb78ac906
Step 47/93 : COPY hack/dockerfile/install/$INSTALL_BINARY_NAME.installer ./
 ---> Using cache
 ---> 1d75fe350fe0
Step 48/93 : RUN PREFIX=/build/ ./install.sh $INSTALL_BINARY_NAME
 ---> Using cache
 ---> bce3e59dc064
Step 49/93 : FROM base AS dockercli
 ---> 17d43f3c157f
Step 50/93 : ENV INSTALL_BINARY_NAME=dockercli
 ---> Using cache
 ---> 6a6e194e7673
Step 51/93 : COPY hack/dockerfile/install/install.sh ./install.sh
 ---> Using cache
 ---> fc45ed4e4332
Step 52/93 : COPY hack/dockerfile/install/$INSTALL_BINARY_NAME.installer ./
 ---> Using cache
 ---> d57847b0a8a1
Step 53/93 : RUN PREFIX=/build/ ./install.sh $INSTALL_BINARY_NAME
 ---> Using cache
 ---> a200c195e02f
Step 54/93 : FROM runtime-dev AS runc
 ---> d8f227991978
Step 55/93 : ENV INSTALL_BINARY_NAME=runc
 ---> Using cache
 ---> 18bc6dcd0872
Step 56/93 : COPY hack/dockerfile/install/install.sh ./install.sh
 ---> Using cache
 ---> 11aaf2863ec2
Step 57/93 : COPY hack/dockerfile/install/$INSTALL_BINARY_NAME.installer ./
 ---> Using cache
 ---> d969b7980a75
Step 58/93 : RUN PREFIX=/build/ ./install.sh $INSTALL_BINARY_NAME
 ---> Using cache
 ---> 0875a8d7feec
Step 59/93 : FROM base AS tini
 ---> 17d43f3c157f
Step 60/93 : RUN apt-get update && apt-get install -y cmake vim-common
 ---> Using cache
 ---> 474f0ecc85be
Step 61/93 : COPY hack/dockerfile/install/install.sh ./install.sh
 ---> Using cache
 ---> bb390c95b249
Step 62/93 : ENV INSTALL_BINARY_NAME=tini
 ---> Using cache
 ---> 8364c89a2621
Step 63/93 : COPY hack/dockerfile/install/$INSTALL_BINARY_NAME.installer ./
 ---> Using cache
 ---> 69d54450f2c2
Step 64/93 : RUN PREFIX=/build/ ./install.sh $INSTALL_BINARY_NAME
 ---> Using cache
 ---> 52ca8b3dcac5
Step 65/93 : FROM runtime-dev AS dev
 ---> d8f227991978
Step 66/93 : RUN groupadd -r docker
 ---> Using cache
 ---> 7e4bab17a4a2
Step 67/93 : RUN useradd --create-home --gid docker unprivilegeduser
 ---> Using cache
 ---> eaccff9de344
Step 68/93 : RUN ln -sfv /go/src/github.com/docker/docker/.bashrc ~/.bashrc
 ---> Using cache
 ---> 17c054b8c210
Step 69/93 : RUN echo "source /usr/share/bash-completion/bash_completion" >> /etc/bash.bashrc
 ---> Using cache
 ---> 9d1b25655f44
Step 70/93 : RUN ln -s /usr/local/completion/bash/docker /etc/bash_completion.d/docker
 ---> Using cache
 ---> cb3ccd36d54e
Step 71/93 : RUN ldconfig
 ---> Using cache
 ---> 1f648a4d3c93
Step 72/93 : RUN apt-get update && apt-get install -y 	apparmor 	aufs-tools 	bash-completion 	btrfs-tools 	iptables 	jq 	libcap2-bin 	libdevmapper-dev 	libudev-dev 	libsystemd-dev 	binutils-mingw-w64 	g++-mingw-w64-x86-64 	net-tools 	pigz 	python-backports.ssl-match-hostname 	python-dev 	python-mock 	python-pip 	python-requests 	python-setuptools 	python-websocket 	python-wheel 	thin-provisioning-tools 	vim 	vim-common 	xfsprogs 	zip 	bzip2 	xz-utils 	--no-install-recommends
 ---> Using cache
 ---> e2602d2d6dae
Step 73/93 : COPY --from=swagger /build/swagger* /usr/local/bin/
 ---> Using cache
 ---> 202f154af67d
Step 74/93 : COPY --from=frozen-images /build/ /docker-frozen-images
 ---> Using cache
 ---> 51d593762c7f
Step 75/93 : COPY --from=gometalinter /build/ /usr/local/bin/
 ---> Using cache
 ---> 164d93e46653
Step 76/93 : COPY --from=tomlv /build/ /usr/local/bin/
 ---> Using cache
 ---> d49e02cbf117
Step 77/93 : COPY --from=vndr /build/ /usr/local/bin/
 ---> Using cache
 ---> 6fe4d67b99a9
Step 78/93 : COPY --from=tini /build/ /usr/local/bin/
 ---> Using cache
 ---> a12f81f3ff2a
Step 79/93 : COPY --from=runc /build/ /usr/local/bin/
 ---> Using cache
 ---> cde1847fbae9
Step 80/93 : COPY --from=containerd /build/ /usr/local/bin/
 ---> Using cache
 ---> 62d13a6a4b51
Step 81/93 : COPY --from=proxy /build/ /usr/local/bin/
 ---> Using cache
 ---> 3e9222880c54
Step 82/93 : COPY --from=dockercli /build/ /usr/local/cli
 ---> Using cache
 ---> b690f739a1dd
Step 83/93 : COPY --from=registry /build/registry* /usr/local/bin/
 ---> Using cache
 ---> 5be9d4583b5e
Step 84/93 : COPY --from=criu /build/ /usr/local/
 ---> Using cache
 ---> d6eeb2076350
Step 85/93 : COPY --from=docker-py /build/ /docker-py
 ---> Using cache
 ---> f1fb97a419c3
Step 86/93 : RUN cd /docker-py 	&& pip install docker-pycreds==0.2.1 	&& pip install yamllint==1.5.0 	&& pip install -r test-requirements.txt
 ---> Using cache
 ---> 68f393063256
Step 87/93 : ENV PATH=/usr/local/cli:$PATH
 ---> Using cache
 ---> 6195299ce9eb
Step 88/93 : ENV DOCKER_BUILDTAGS apparmor seccomp selinux
 ---> Using cache
 ---> 97aeff11b7ea
Step 89/93 : ENV GOMETALINTER_OPTS="--deadline=2m"
 ---> Using cache
 ---> 909d8a386e58
Step 90/93 : WORKDIR /go/src/github.com/docker/docker
 ---> Using cache
 ---> 15f3e03a0d74
Step 91/93 : VOLUME /var/lib/docker
 ---> Using cache
 ---> 8f8c10006d1e
Step 92/93 : ENTRYPOINT ["hack/dind"]
 ---> Using cache
 ---> 32d05cb333c0
Step 93/93 : COPY . /go/src/github.com/docker/docker
 ---> 63bf2122c177
Successfully built 63bf2122c177
Successfully tagged docker:c3cb89b
Congratulations!  All commits are properly signed with the DCO!
integration/service/create_test.go:476:25:warning: should drop = 0 from declaration of var running; it is the zero value (golint)
Build step 'Execute shell' marked build as failure
Set build name.
New build name is '#37940'
[PostBuildScript] - Executing post build scripts.
[Docker-PRs] $ /bin/sh -xe /tmp/jenkins7397549036509255055.sh
+ echo Ensuring container killed.
Ensuring container killed.
+ docker rm -vf docker-pr52092
Error: No such container: docker-pr52092
+ true
+ echo Chowning /workspace to jenkins user
Chowning /workspace to jenkins user
+ id -u
+ id -g
+ docker run --rm -v /home/ubuntu/workspace/Docker-PRs:/workspace busybox chown -R 1000:1000 /workspace
[Docker-PRs] $ /bin/sh -xe /tmp/jenkins457514022851558433.sh
+ echo Creating bundles.tar.gz
Creating bundles.tar.gz
+ xargs tar -czf bundles.tar.gz
+ find bundles -name *.log -o -name *.prof -o -name integration.test
tar: Cowardly refusing to create an empty archive
Try 'tar --help' or 'tar --usage' for more information.
+ true
Archiving artifacts
Notifying endpoint with url 'https://leeroy.dockerproject.org/notification/jenkins'
[WS-CLEANUP] Deleting project workspace...[WS-CLEANUP] done
Finished: FAILURE
