Started by user Gordon
Notifying endpoint with url 'https://leeroy.dockerproject.org/notification/jenkins'
[EnvInject] - Loading node environment variables.
Building remotely on ubuntu-1604-overlay2-stable (i-0521b59375a867af5) (x86_64 ec2 ubuntu overlay2 linux ubuntu-1604 ubuntu-1604-overlay2-stable amd64 docker us-west-2) in workspace /home/ubuntu/workspace/Docker-PRs
Wiping out workspace first.
Cloning the remote Git repository
Cloning repository https://github.com/moby/moby.git
 > git init /home/ubuntu/workspace/Docker-PRs # timeout=10
Fetching upstream changes from https://github.com/moby/moby.git
 > git --version # timeout=10
 > git fetch --tags --progress https://github.com/moby/moby.git +refs/heads/*:refs/remotes/origin/*
 > git config remote.origin.url https://github.com/moby/moby.git # timeout=10
 > git config --add remote.origin.fetch +refs/heads/*:refs/remotes/origin/* # timeout=10
 > git config remote.origin.url https://github.com/moby/moby.git # timeout=10
Fetching upstream changes from https://github.com/moby/moby.git
 > git fetch --tags --progress https://github.com/moby/moby.git +refs/heads/*:refs/remotes/origin/*
 > git rev-parse origin/master^{commit} # timeout=10
Checking out Revision 170ed8d7e732adabe9b452a9a52c7a104ef2b8ec (origin/master)
 > git config core.sparsecheckout # timeout=10
 > git checkout -f 170ed8d7e732adabe9b452a9a52c7a104ef2b8ec
Commit message: "Merge pull request #38399 from thaJeztah/fix_govet_issues"
 > git rev-list --no-walk 170ed8d7e732adabe9b452a9a52c7a104ef2b8ec # timeout=10
Set build name.
New build name is '#38380'
[Docker-PRs] $ /bin/bash /tmp/jenkins2048111877033885024.sh
From https://github.com/moby/moby
 * [new ref]         refs/pull/38380/head -> origin/pr/38380
Auto-merging api/server/router/container/container_routes.go
Merge made by the 'recursive' strategy.
 api/common.go                                   |  2 +-
 api/server/router/container/container_routes.go |  5 ++
 api/swagger.yaml                                |  5 ++
 api/types/container/host_config.go              |  7 ++-
 daemon/oci_linux.go                             |  7 ++-
 daemon/oci_windows.go                           |  7 ++-
 integration/container/create_test.go            | 73 +++++++++++++++++++++++++
 oci/caps/utils.go                               | 26 +++++++--
 oci/defaults.go                                 | 11 ++--
 oci/oci.go                                      | 15 +----
 10 files changed, 128 insertions(+), 30 deletions(-)
Sending build context to Docker daemon  45.08MB
Step 1/93 : FROM golang:1.11.3 AS base
 ---> bbf428bade77
Step 2/93 : ARG APT_MIRROR=deb.debian.org
 ---> Using cache
 ---> f4c950f560f6
Step 3/93 : RUN sed -ri "s/(httpredir|deb).debian.org/$APT_MIRROR/g" /etc/apt/sources.list
 ---> Using cache
 ---> a860355f3b27
Step 4/93 : FROM base AS criu
 ---> a860355f3b27
Step 5/93 : ENV CRIU_VERSION 3.6
 ---> Using cache
 ---> adb60766f92c
Step 6/93 : RUN apt-get update && apt-get install -y 	libnet-dev 	libprotobuf-c0-dev 	libprotobuf-dev 	libnl-3-dev 	libcap-dev 	protobuf-compiler 	protobuf-c-compiler 	python-protobuf 	&& mkdir -p /usr/src/criu 	&& curl -sSL https://github.com/checkpoint-restore/criu/archive/v${CRIU_VERSION}.tar.gz | tar -C /usr/src/criu/ -xz --strip-components=1 	&& cd /usr/src/criu 	&& make 	&& make PREFIX=/build/ install-criu
 ---> Using cache
 ---> 1ebd837b5cfe
Step 7/93 : FROM base AS registry
 ---> a860355f3b27
Step 8/93 : ENV REGISTRY_COMMIT_SCHEMA1 ec87e9b6971d831f0eff752ddb54fb64693e51cd
 ---> Using cache
 ---> 939142f22739
Step 9/93 : ENV REGISTRY_COMMIT 47a064d4195a9b56133891bbb13620c3ac83a827
 ---> Using cache
 ---> fda1027e3d76
Step 10/93 : RUN set -x 	&& export GOPATH="$(mktemp -d)" 	&& git clone https://github.com/docker/distribution.git "$GOPATH/src/github.com/docker/distribution" 	&& (cd "$GOPATH/src/github.com/docker/distribution" && git checkout -q "$REGISTRY_COMMIT") 	&& GOPATH="$GOPATH/src/github.com/docker/distribution/Godeps/_workspace:$GOPATH" 		go build -buildmode=pie -o /build/registry-v2 github.com/docker/distribution/cmd/registry 	&& case $(dpkg --print-architecture) in 		amd64|ppc64*|s390x) 		(cd "$GOPATH/src/github.com/docker/distribution" && git checkout -q "$REGISTRY_COMMIT_SCHEMA1"); 		GOPATH="$GOPATH/src/github.com/docker/distribution/Godeps/_workspace:$GOPATH"; 			go build -buildmode=pie -o /build/registry-v2-schema1 github.com/docker/distribution/cmd/registry; 		;; 	   esac 	&& rm -rf "$GOPATH"
 ---> Using cache
 ---> 73b9ad406281
Step 11/93 : FROM base AS docker-py
 ---> a860355f3b27
Step 12/93 : ENV DOCKER_PY_COMMIT 8b246db271a85d6541dc458838627e89c683e42f
 ---> Using cache
 ---> 7a963932a239
Step 13/93 : RUN git clone https://github.com/docker/docker-py.git /build 	&& cd /build 	&& git checkout -q $DOCKER_PY_COMMIT
 ---> Using cache
 ---> e8bc9d6e3e0c
Step 14/93 : FROM base AS swagger
 ---> a860355f3b27
Step 15/93 : ENV GO_SWAGGER_COMMIT c28258affb0b6251755d92489ef685af8d4ff3eb
 ---> Using cache
 ---> 4a9c9c500a85
Step 16/93 : RUN set -x 	&& export GOPATH="$(mktemp -d)" 	&& git clone https://github.com/go-swagger/go-swagger.git "$GOPATH/src/github.com/go-swagger/go-swagger" 	&& (cd "$GOPATH/src/github.com/go-swagger/go-swagger" && git checkout -q "$GO_SWAGGER_COMMIT") 	&& go build -o /build/swagger github.com/go-swagger/go-swagger/cmd/swagger 	&& rm -rf "$GOPATH"
 ---> Using cache
 ---> 7d407d5c653e
Step 17/93 : FROM base AS frozen-images
 ---> a860355f3b27
Step 18/93 : RUN apt-get update && apt-get install -y jq ca-certificates --no-install-recommends
 ---> Using cache
 ---> e77971d90835
Step 19/93 : COPY contrib/download-frozen-image-v2.sh /
 ---> Using cache
 ---> de5b6bd3b3e6
Step 20/93 : RUN /download-frozen-image-v2.sh /build 	buildpack-deps:jessie@sha256:dd86dced7c9cd2a724e779730f0a53f93b7ef42228d4344b25ce9a42a1486251 	busybox:latest@sha256:bbc3a03235220b170ba48a157dd097dd1379299370e1ed99ce976df0355d24f0 	busybox:glibc@sha256:0b55a30394294ab23b9afd58fab94e61a923f5834fba7ddbae7f8e0c11ba85e6 	debian:jessie@sha256:287a20c5f73087ab406e6b364833e3fb7b3ae63ca0eb3486555dc27ed32c6e60 	hello-world:latest@sha256:be0cd392e45be79ffeffa6b05338b98ebb16c87b255f48e297ec7f98e123905c
 ---> Using cache
 ---> 8ad7bfcd5366
Step 21/93 : FROM base AS runtime-dev
 ---> a860355f3b27
Step 22/93 : RUN apt-get update && apt-get install -y 	libapparmor-dev 	libseccomp-dev
 ---> Using cache
 ---> bc0058d2f50a
Step 23/93 : FROM base AS tomlv
 ---> a860355f3b27
Step 24/93 : ENV INSTALL_BINARY_NAME=tomlv
 ---> Using cache
 ---> c10d6ac1085b
Step 25/93 : COPY hack/dockerfile/install/install.sh ./install.sh
 ---> Using cache
 ---> 04fc15f5ba54
Step 26/93 : COPY hack/dockerfile/install/$INSTALL_BINARY_NAME.installer ./
 ---> Using cache
 ---> 88d9dde5a99f
Step 27/93 : RUN PREFIX=/build/ ./install.sh $INSTALL_BINARY_NAME
 ---> Using cache
 ---> f64128fbcd56
Step 28/93 : FROM base AS vndr
 ---> a860355f3b27
Step 29/93 : ENV INSTALL_BINARY_NAME=vndr
 ---> Using cache
 ---> 545bbcf75eb2
Step 30/93 : COPY hack/dockerfile/install/install.sh ./install.sh
 ---> Using cache
 ---> 4e8bc64dd97a
Step 31/93 : COPY hack/dockerfile/install/$INSTALL_BINARY_NAME.installer ./
 ---> Using cache
 ---> 95587e0bb684
Step 32/93 : RUN PREFIX=/build/ ./install.sh $INSTALL_BINARY_NAME
 ---> Using cache
 ---> e298e916759c
Step 33/93 : FROM base AS containerd
 ---> a860355f3b27
Step 34/93 : RUN apt-get update && apt-get install -y btrfs-tools
 ---> Using cache
 ---> a296d6c49e7b
Step 35/93 : ENV INSTALL_BINARY_NAME=containerd
 ---> Using cache
 ---> e6ba5a39e01b
Step 36/93 : COPY hack/dockerfile/install/install.sh ./install.sh
 ---> Using cache
 ---> 9c7ee610a710
Step 37/93 : COPY hack/dockerfile/install/$INSTALL_BINARY_NAME.installer ./
 ---> Using cache
 ---> 8ad65efdc36e
Step 38/93 : RUN PREFIX=/build/ ./install.sh $INSTALL_BINARY_NAME
 ---> Using cache
 ---> 59146deda39c
Step 39/93 : FROM base AS proxy
 ---> a860355f3b27
Step 40/93 : ENV INSTALL_BINARY_NAME=proxy
 ---> Using cache
 ---> c93b05f4db58
Step 41/93 : COPY hack/dockerfile/install/install.sh ./install.sh
 ---> Using cache
 ---> 03bd430fe16a
Step 42/93 : COPY hack/dockerfile/install/$INSTALL_BINARY_NAME.installer ./
 ---> Using cache
 ---> 0ef7bcabd445
Step 43/93 : RUN PREFIX=/build/ ./install.sh $INSTALL_BINARY_NAME
 ---> Using cache
 ---> 143393b30142
Step 44/93 : FROM base AS gometalinter
 ---> a860355f3b27
Step 45/93 : ENV INSTALL_BINARY_NAME=gometalinter
 ---> Using cache
 ---> c6e18da4f3a7
Step 46/93 : COPY hack/dockerfile/install/install.sh ./install.sh
 ---> Using cache
 ---> 18385d2181a0
Step 47/93 : COPY hack/dockerfile/install/$INSTALL_BINARY_NAME.installer ./
 ---> Using cache
 ---> 593ab6f2189b
Step 48/93 : RUN PREFIX=/build/ ./install.sh $INSTALL_BINARY_NAME
 ---> Using cache
 ---> 57cd91bbd25e
Step 49/93 : FROM base AS dockercli
 ---> a860355f3b27
Step 50/93 : ENV INSTALL_BINARY_NAME=dockercli
 ---> Using cache
 ---> a5cd2a1283d2
Step 51/93 : COPY hack/dockerfile/install/install.sh ./install.sh
 ---> Using cache
 ---> b8d113965549
Step 52/93 : COPY hack/dockerfile/install/$INSTALL_BINARY_NAME.installer ./
 ---> Using cache
 ---> 6385168bac45
Step 53/93 : RUN PREFIX=/build/ ./install.sh $INSTALL_BINARY_NAME
 ---> Using cache
 ---> 66fb914ebdde
Step 54/93 : FROM runtime-dev AS runc
 ---> bc0058d2f50a
Step 55/93 : ENV INSTALL_BINARY_NAME=runc
 ---> Using cache
 ---> 10fe7933943d
Step 56/93 : COPY hack/dockerfile/install/install.sh ./install.sh
 ---> Using cache
 ---> f29e7cd494d8
Step 57/93 : COPY hack/dockerfile/install/$INSTALL_BINARY_NAME.installer ./
 ---> Using cache
 ---> 6561a06c6ec3
Step 58/93 : RUN PREFIX=/build/ ./install.sh $INSTALL_BINARY_NAME
 ---> Using cache
 ---> 78c19b4a0659
Step 59/93 : FROM base AS tini
 ---> a860355f3b27
Step 60/93 : RUN apt-get update && apt-get install -y cmake vim-common
 ---> Using cache
 ---> 72cae5ea7dfe
Step 61/93 : COPY hack/dockerfile/install/install.sh ./install.sh
 ---> Using cache
 ---> 312d7467eb73
Step 62/93 : ENV INSTALL_BINARY_NAME=tini
 ---> Using cache
 ---> 0d4a325633a9
Step 63/93 : COPY hack/dockerfile/install/$INSTALL_BINARY_NAME.installer ./
 ---> Using cache
 ---> 93dd2a890d28
Step 64/93 : RUN PREFIX=/build/ ./install.sh $INSTALL_BINARY_NAME
 ---> Using cache
 ---> 3d1a3ca8e811
Step 65/93 : FROM runtime-dev AS dev
 ---> bc0058d2f50a
Step 66/93 : RUN groupadd -r docker
 ---> Using cache
 ---> 226516ad4242
Step 67/93 : RUN useradd --create-home --gid docker unprivilegeduser
 ---> Using cache
 ---> da610e0e4dd4
Step 68/93 : RUN ln -sfv /go/src/github.com/docker/docker/.bashrc ~/.bashrc
 ---> Using cache
 ---> c51d29a527ce
Step 69/93 : RUN echo "source /usr/share/bash-completion/bash_completion" >> /etc/bash.bashrc
 ---> Using cache
 ---> 70bec78a270d
Step 70/93 : RUN ln -s /usr/local/completion/bash/docker /etc/bash_completion.d/docker
 ---> Using cache
 ---> 209b9ecb8dd9
Step 71/93 : RUN ldconfig
 ---> Using cache
 ---> 046a515511ce
Step 72/93 : RUN apt-get update && apt-get install -y 	apparmor 	aufs-tools 	bash-completion 	btrfs-tools 	iptables 	jq 	libcap2-bin 	libdevmapper-dev 	libudev-dev 	libsystemd-dev 	binutils-mingw-w64 	g++-mingw-w64-x86-64 	net-tools 	pigz 	python-backports.ssl-match-hostname 	python-dev 	python-mock 	python-pip 	python-requests 	python-setuptools 	python-websocket 	python-wheel 	thin-provisioning-tools 	vim 	vim-common 	xfsprogs 	zip 	bzip2 	xz-utils 	--no-install-recommends
 ---> Using cache
 ---> 4ffbfc6af66f
Step 73/93 : COPY --from=swagger /build/swagger* /usr/local/bin/
 ---> Using cache
 ---> 3a39319ec289
Step 74/93 : COPY --from=frozen-images /build/ /docker-frozen-images
 ---> Using cache
 ---> c72e3f69171a
Step 75/93 : COPY --from=gometalinter /build/ /usr/local/bin/
 ---> Using cache
 ---> 8d71acf681f9
Step 76/93 : COPY --from=tomlv /build/ /usr/local/bin/
 ---> Using cache
 ---> eadd6d96c2c1
Step 77/93 : COPY --from=vndr /build/ /usr/local/bin/
 ---> Using cache
 ---> 36d1b65d336e
Step 78/93 : COPY --from=tini /build/ /usr/local/bin/
 ---> Using cache
 ---> 4a2d62c7b4d2
Step 79/93 : COPY --from=runc /build/ /usr/local/bin/
 ---> Using cache
 ---> f791e473cc3e
Step 80/93 : COPY --from=containerd /build/ /usr/local/bin/
 ---> Using cache
 ---> a09d9bff09c7
Step 81/93 : COPY --from=proxy /build/ /usr/local/bin/
 ---> Using cache
 ---> 22e71f5f63ed
Step 82/93 : COPY --from=dockercli /build/ /usr/local/cli
 ---> Using cache
 ---> b869b97f1cad
Step 83/93 : COPY --from=registry /build/registry* /usr/local/bin/
 ---> Using cache
 ---> 25a27d66c769
Step 84/93 : COPY --from=criu /build/ /usr/local/
 ---> Using cache
 ---> c937064e1ee2
Step 85/93 : COPY --from=docker-py /build/ /docker-py
 ---> Using cache
 ---> bb50e1738760
Step 86/93 : RUN cd /docker-py 	&& pip install docker-pycreds==0.2.1 	&& pip install yamllint==1.5.0 	&& pip install -r test-requirements.txt
 ---> Using cache
 ---> fb6cbeaae3c3
Step 87/93 : ENV PATH=/usr/local/cli:$PATH
 ---> Using cache
 ---> 178e0bebbfa9
Step 88/93 : ENV DOCKER_BUILDTAGS apparmor seccomp selinux
 ---> Using cache
 ---> 09f90713aa39
Step 89/93 : ENV GOMETALINTER_OPTS="--deadline=2m"
 ---> Using cache
 ---> 1c81449d21e4
Step 90/93 : WORKDIR /go/src/github.com/docker/docker
 ---> Using cache
 ---> 691393fa72d6
Step 91/93 : VOLUME /var/lib/docker
 ---> Using cache
 ---> 9abb645eb51a
Step 92/93 : ENTRYPOINT ["hack/dind"]
 ---> Using cache
 ---> 9c3fe9937b68
Step 93/93 : COPY . /go/src/github.com/docker/docker
 ---> 8648e2f5b919
Successfully built 8648e2f5b919
Successfully tagged docker:13b63b5
Congratulations!  All commits are properly signed with the DCO!
daemon/oci_windows.go:373:5:warning: ineffectual assignment to capabilities (ineffassign)
Build step 'Execute shell' marked build as failure
Set build name.
New build name is '#38380'
[PostBuildScript] - Executing post build scripts.
[Docker-PRs] $ /bin/sh -xe /tmp/jenkins7191613616267202100.sh
+ echo Ensuring container killed.
Ensuring container killed.
+ docker rm -vf docker-pr52104
Error: No such container: docker-pr52104
+ true
+ echo Chowning /workspace to jenkins user
Chowning /workspace to jenkins user
+ id -u
+ id -g
+ docker run --rm -v /home/ubuntu/workspace/Docker-PRs:/workspace busybox chown -R 1000:1000 /workspace
[Docker-PRs] $ /bin/sh -xe /tmp/jenkins2461251337393151090.sh
+ echo Creating bundles.tar.gz
Creating bundles.tar.gz
+ + xargs tar -czf bundles.tar.gz
find bundles -name *.log -o -name *.prof -o -name integration.test
tar: Cowardly refusing to create an empty archive
Try 'tar --help' or 'tar --usage' for more information.
+ true
Archiving artifacts
Notifying endpoint with url 'https://leeroy.dockerproject.org/notification/jenkins'
[WS-CLEANUP] Deleting project workspace...[WS-CLEANUP] done
Finished: FAILURE
