Started by user Gordon
Notifying endpoint with url 'https://leeroy.dockerproject.org/notification/jenkins'
[EnvInject] - Loading node environment variables.
Building remotely on ubuntu-1604-overlay2-stable (i-049cc92050893a422) (x86_64 ec2 ubuntu overlay2 linux ubuntu-1604 ubuntu-1604-overlay2-stable amd64 docker us-west-2) in workspace /home/ubuntu/workspace/Docker-PRs
Wiping out workspace first.
Cloning the remote Git repository
Cloning repository https://github.com/moby/moby.git
 > git init /home/ubuntu/workspace/Docker-PRs # timeout=10
Fetching upstream changes from https://github.com/moby/moby.git
 > git --version # timeout=10
 > git fetch --tags --progress https://github.com/moby/moby.git +refs/heads/*:refs/remotes/origin/*
 > git config remote.origin.url https://github.com/moby/moby.git # timeout=10
 > git config --add remote.origin.fetch +refs/heads/*:refs/remotes/origin/* # timeout=10
 > git config remote.origin.url https://github.com/moby/moby.git # timeout=10
Fetching upstream changes from https://github.com/moby/moby.git
 > git fetch --tags --progress https://github.com/moby/moby.git +refs/heads/*:refs/remotes/origin/*
 > git rev-parse origin/master^{commit} # timeout=10
Checking out Revision 2cb26cfe9cbf8a64c5046c74d65f4528b22e67f4 (origin/master)
 > git config core.sparsecheckout # timeout=10
 > git checkout -f 2cb26cfe9cbf8a64c5046c74d65f4528b22e67f4
Commit message: "Merge pull request #38301 from cyphar/waitgroup-limits"
 > git rev-list --no-walk 2cb26cfe9cbf8a64c5046c74d65f4528b22e67f4 # timeout=10
Set build name.
New build name is '#37490'
[Docker-PRs] $ /bin/bash /tmp/jenkins8243597348852491756.sh
From https://github.com/moby/moby
 * [new ref]         refs/pull/37490/head -> origin/pr/37490
Auto-merging daemon/graphdriver/devmapper/deviceset.go
Merge made by the 'recursive' strategy.
 daemon/graphdriver/copy/copy.go           | 2 +-
 daemon/graphdriver/devmapper/deviceset.go | 6 +++---
 pkg/loopback/loopback.go                  | 2 +-
 pkg/system/stat_linux.go                  | 2 +-
 4 files changed, 6 insertions(+), 6 deletions(-)
Sending build context to Docker daemon  45.09MB
Step 1/93 : FROM golang:1.11.4 AS base
 ---> 2422e4d43e15
Step 2/93 : ARG APT_MIRROR=deb.debian.org
 ---> Using cache
 ---> acc1ab8a294e
Step 3/93 : RUN sed -ri "s/(httpredir|deb).debian.org/$APT_MIRROR/g" /etc/apt/sources.list
 ---> Using cache
 ---> b2a2bcf9c1b5
Step 4/93 : FROM base AS criu
 ---> b2a2bcf9c1b5
Step 5/93 : ENV CRIU_VERSION 3.6
 ---> Using cache
 ---> b5ac298eed17
Step 6/93 : RUN apt-get update && apt-get install -y 	libnet-dev 	libprotobuf-c0-dev 	libprotobuf-dev 	libnl-3-dev 	libcap-dev 	protobuf-compiler 	protobuf-c-compiler 	python-protobuf 	&& mkdir -p /usr/src/criu 	&& curl -sSL https://github.com/checkpoint-restore/criu/archive/v${CRIU_VERSION}.tar.gz | tar -C /usr/src/criu/ -xz --strip-components=1 	&& cd /usr/src/criu 	&& make 	&& make PREFIX=/build/ install-criu
 ---> Using cache
 ---> 16421fc3a33b
Step 7/93 : FROM base AS registry
 ---> b2a2bcf9c1b5
Step 8/93 : ENV REGISTRY_COMMIT_SCHEMA1 ec87e9b6971d831f0eff752ddb54fb64693e51cd
 ---> Using cache
 ---> d1dfadb86f51
Step 9/93 : ENV REGISTRY_COMMIT 47a064d4195a9b56133891bbb13620c3ac83a827
 ---> Using cache
 ---> 117c86c208bd
Step 10/93 : RUN set -x 	&& export GOPATH="$(mktemp -d)" 	&& git clone https://github.com/docker/distribution.git "$GOPATH/src/github.com/docker/distribution" 	&& (cd "$GOPATH/src/github.com/docker/distribution" && git checkout -q "$REGISTRY_COMMIT") 	&& GOPATH="$GOPATH/src/github.com/docker/distribution/Godeps/_workspace:$GOPATH" 		go build -buildmode=pie -o /build/registry-v2 github.com/docker/distribution/cmd/registry 	&& case $(dpkg --print-architecture) in 		amd64|ppc64*|s390x) 		(cd "$GOPATH/src/github.com/docker/distribution" && git checkout -q "$REGISTRY_COMMIT_SCHEMA1"); 		GOPATH="$GOPATH/src/github.com/docker/distribution/Godeps/_workspace:$GOPATH"; 			go build -buildmode=pie -o /build/registry-v2-schema1 github.com/docker/distribution/cmd/registry; 		;; 	   esac 	&& rm -rf "$GOPATH"
 ---> Using cache
 ---> 0c82bd3ffcf6
Step 11/93 : FROM base AS docker-py
 ---> b2a2bcf9c1b5
Step 12/93 : ENV DOCKER_PY_COMMIT 8b246db271a85d6541dc458838627e89c683e42f
 ---> Using cache
 ---> f395440073b5
Step 13/93 : RUN git clone https://github.com/docker/docker-py.git /build 	&& cd /build 	&& git checkout -q $DOCKER_PY_COMMIT
 ---> Using cache
 ---> b0c29cc1686a
Step 14/93 : FROM base AS swagger
 ---> b2a2bcf9c1b5
Step 15/93 : ENV GO_SWAGGER_COMMIT c28258affb0b6251755d92489ef685af8d4ff3eb
 ---> Using cache
 ---> d71bb6b98daa
Step 16/93 : RUN set -x 	&& export GOPATH="$(mktemp -d)" 	&& git clone https://github.com/go-swagger/go-swagger.git "$GOPATH/src/github.com/go-swagger/go-swagger" 	&& (cd "$GOPATH/src/github.com/go-swagger/go-swagger" && git checkout -q "$GO_SWAGGER_COMMIT") 	&& go build -o /build/swagger github.com/go-swagger/go-swagger/cmd/swagger 	&& rm -rf "$GOPATH"
 ---> Using cache
 ---> 7fe655ce4309
Step 17/93 : FROM base AS frozen-images
 ---> b2a2bcf9c1b5
Step 18/93 : RUN apt-get update && apt-get install -y jq ca-certificates --no-install-recommends
 ---> Using cache
 ---> b9cb0d086424
Step 19/93 : COPY contrib/download-frozen-image-v2.sh /
 ---> Using cache
 ---> f452018ac71d
Step 20/93 : RUN /download-frozen-image-v2.sh /build 	buildpack-deps:jessie@sha256:dd86dced7c9cd2a724e779730f0a53f93b7ef42228d4344b25ce9a42a1486251 	busybox:latest@sha256:bbc3a03235220b170ba48a157dd097dd1379299370e1ed99ce976df0355d24f0 	busybox:glibc@sha256:0b55a30394294ab23b9afd58fab94e61a923f5834fba7ddbae7f8e0c11ba85e6 	debian:jessie@sha256:287a20c5f73087ab406e6b364833e3fb7b3ae63ca0eb3486555dc27ed32c6e60 	hello-world:latest@sha256:be0cd392e45be79ffeffa6b05338b98ebb16c87b255f48e297ec7f98e123905c
 ---> Using cache
 ---> b12a367ead8b
Step 21/93 : FROM base AS runtime-dev
 ---> b2a2bcf9c1b5
Step 22/93 : RUN apt-get update && apt-get install -y 	libapparmor-dev 	libseccomp-dev
 ---> Using cache
 ---> d96eaf385e4a
Step 23/93 : FROM base AS tomlv
 ---> b2a2bcf9c1b5
Step 24/93 : ENV INSTALL_BINARY_NAME=tomlv
 ---> Using cache
 ---> 979e9e8fe83f
Step 25/93 : COPY hack/dockerfile/install/install.sh ./install.sh
 ---> Using cache
 ---> 8742192632c6
Step 26/93 : COPY hack/dockerfile/install/$INSTALL_BINARY_NAME.installer ./
 ---> Using cache
 ---> 8329bb9c16ec
Step 27/93 : RUN PREFIX=/build/ ./install.sh $INSTALL_BINARY_NAME
 ---> Using cache
 ---> f2f78d8049fd
Step 28/93 : FROM base AS vndr
 ---> b2a2bcf9c1b5
Step 29/93 : ENV INSTALL_BINARY_NAME=vndr
 ---> Using cache
 ---> bddf6bab1df0
Step 30/93 : COPY hack/dockerfile/install/install.sh ./install.sh
 ---> Using cache
 ---> 5156459a3acb
Step 31/93 : COPY hack/dockerfile/install/$INSTALL_BINARY_NAME.installer ./
 ---> Using cache
 ---> 92cba2b8d02b
Step 32/93 : RUN PREFIX=/build/ ./install.sh $INSTALL_BINARY_NAME
 ---> Using cache
 ---> d8e2b7d9b17a
Step 33/93 : FROM base AS containerd
 ---> b2a2bcf9c1b5
Step 34/93 : RUN apt-get update && apt-get install -y btrfs-tools
 ---> Using cache
 ---> 064ed9760a60
Step 35/93 : ENV INSTALL_BINARY_NAME=containerd
 ---> Using cache
 ---> 1e1ee8f56e6c
Step 36/93 : COPY hack/dockerfile/install/install.sh ./install.sh
 ---> Using cache
 ---> c590f03f9801
Step 37/93 : COPY hack/dockerfile/install/$INSTALL_BINARY_NAME.installer ./
 ---> Using cache
 ---> d92c61a0b2a2
Step 38/93 : RUN PREFIX=/build/ ./install.sh $INSTALL_BINARY_NAME
 ---> Using cache
 ---> 066cefa9051c
Step 39/93 : FROM base AS proxy
 ---> b2a2bcf9c1b5
Step 40/93 : ENV INSTALL_BINARY_NAME=proxy
 ---> Using cache
 ---> 2fbfb2b0619d
Step 41/93 : COPY hack/dockerfile/install/install.sh ./install.sh
 ---> Using cache
 ---> 247160411062
Step 42/93 : COPY hack/dockerfile/install/$INSTALL_BINARY_NAME.installer ./
 ---> Using cache
 ---> 9f38bea456aa
Step 43/93 : RUN PREFIX=/build/ ./install.sh $INSTALL_BINARY_NAME
 ---> Using cache
 ---> 0b7732643c01
Step 44/93 : FROM base AS gometalinter
 ---> b2a2bcf9c1b5
Step 45/93 : ENV INSTALL_BINARY_NAME=gometalinter
 ---> Using cache
 ---> a175206e85a5
Step 46/93 : COPY hack/dockerfile/install/install.sh ./install.sh
 ---> Using cache
 ---> 72e6b0b3be68
Step 47/93 : COPY hack/dockerfile/install/$INSTALL_BINARY_NAME.installer ./
 ---> Using cache
 ---> 63ac72361b0b
Step 48/93 : RUN PREFIX=/build/ ./install.sh $INSTALL_BINARY_NAME
 ---> Using cache
 ---> dae16a4c4b74
Step 49/93 : FROM base AS dockercli
 ---> b2a2bcf9c1b5
Step 50/93 : ENV INSTALL_BINARY_NAME=dockercli
 ---> Using cache
 ---> 6708a57c4de7
Step 51/93 : COPY hack/dockerfile/install/install.sh ./install.sh
 ---> Using cache
 ---> 5828b7578f77
Step 52/93 : COPY hack/dockerfile/install/$INSTALL_BINARY_NAME.installer ./
 ---> Using cache
 ---> cd9c1c02d075
Step 53/93 : RUN PREFIX=/build/ ./install.sh $INSTALL_BINARY_NAME
 ---> Using cache
 ---> a761d69f5ae6
Step 54/93 : FROM runtime-dev AS runc
 ---> d96eaf385e4a
Step 55/93 : ENV INSTALL_BINARY_NAME=runc
 ---> Using cache
 ---> fae76ae5b097
Step 56/93 : COPY hack/dockerfile/install/install.sh ./install.sh
 ---> Using cache
 ---> 0c0401dfd30c
Step 57/93 : COPY hack/dockerfile/install/$INSTALL_BINARY_NAME.installer ./
 ---> Using cache
 ---> 54e1da5e8353
Step 58/93 : RUN PREFIX=/build/ ./install.sh $INSTALL_BINARY_NAME
 ---> Using cache
 ---> a88b5078586b
Step 59/93 : FROM base AS tini
 ---> b2a2bcf9c1b5
Step 60/93 : RUN apt-get update && apt-get install -y cmake vim-common
 ---> Using cache
 ---> 7ca417ad56fb
Step 61/93 : COPY hack/dockerfile/install/install.sh ./install.sh
 ---> Using cache
 ---> ea0b44364437
Step 62/93 : ENV INSTALL_BINARY_NAME=tini
 ---> Using cache
 ---> 9b7f244b2c2d
Step 63/93 : COPY hack/dockerfile/install/$INSTALL_BINARY_NAME.installer ./
 ---> Using cache
 ---> b33e643a7c59
Step 64/93 : RUN PREFIX=/build/ ./install.sh $INSTALL_BINARY_NAME
 ---> Using cache
 ---> 559c32f529b4
Step 65/93 : FROM runtime-dev AS dev
 ---> d96eaf385e4a
Step 66/93 : RUN groupadd -r docker
 ---> Using cache
 ---> 272f1b2f23bf
Step 67/93 : RUN useradd --create-home --gid docker unprivilegeduser
 ---> Using cache
 ---> 5b112078ee8c
Step 68/93 : RUN ln -sfv /go/src/github.com/docker/docker/.bashrc ~/.bashrc
 ---> Using cache
 ---> 9eb49e8ac318
Step 69/93 : RUN echo "source /usr/share/bash-completion/bash_completion" >> /etc/bash.bashrc
 ---> Using cache
 ---> 1a560a4faa3b
Step 70/93 : RUN ln -s /usr/local/completion/bash/docker /etc/bash_completion.d/docker
 ---> Using cache
 ---> e2b35bd68925
Step 71/93 : RUN ldconfig
 ---> Using cache
 ---> e75577a99217
Step 72/93 : RUN apt-get update && apt-get install -y 	apparmor 	aufs-tools 	bash-completion 	btrfs-tools 	iptables 	jq 	libcap2-bin 	libdevmapper-dev 	libudev-dev 	libsystemd-dev 	binutils-mingw-w64 	g++-mingw-w64-x86-64 	net-tools 	pigz 	python-backports.ssl-match-hostname 	python-dev 	python-mock 	python-pip 	python-requests 	python-setuptools 	python-websocket 	python-wheel 	thin-provisioning-tools 	vim 	vim-common 	xfsprogs 	zip 	bzip2 	xz-utils 	--no-install-recommends
 ---> Using cache
 ---> 60e00a828756
Step 73/93 : COPY --from=swagger /build/swagger* /usr/local/bin/
 ---> Using cache
 ---> 8cd837078c47
Step 74/93 : COPY --from=frozen-images /build/ /docker-frozen-images
 ---> Using cache
 ---> efd11afcab6c
Step 75/93 : COPY --from=gometalinter /build/ /usr/local/bin/
 ---> Using cache
 ---> bfb705eb98fe
Step 76/93 : COPY --from=tomlv /build/ /usr/local/bin/
 ---> Using cache
 ---> 1a7575aabc87
Step 77/93 : COPY --from=vndr /build/ /usr/local/bin/
 ---> Using cache
 ---> a0e0f2dfe95d
Step 78/93 : COPY --from=tini /build/ /usr/local/bin/
 ---> Using cache
 ---> ade4d6b5be8b
Step 79/93 : COPY --from=runc /build/ /usr/local/bin/
 ---> Using cache
 ---> ac6865c4ed49
Step 80/93 : COPY --from=containerd /build/ /usr/local/bin/
 ---> Using cache
 ---> 7326ea32ff01
Step 81/93 : COPY --from=proxy /build/ /usr/local/bin/
 ---> Using cache
 ---> b102a78f4660
Step 82/93 : COPY --from=dockercli /build/ /usr/local/cli
 ---> Using cache
 ---> 7318d288ba48
Step 83/93 : COPY --from=registry /build/registry* /usr/local/bin/
 ---> Using cache
 ---> c384d9c5bcb3
Step 84/93 : COPY --from=criu /build/ /usr/local/
 ---> Using cache
 ---> 73951e84679f
Step 85/93 : COPY --from=docker-py /build/ /docker-py
 ---> Using cache
 ---> 62647f28c509
Step 86/93 : RUN cd /docker-py 	&& pip install docker-pycreds==0.2.1 	&& pip install yamllint==1.5.0 	&& pip install -r test-requirements.txt
 ---> Using cache
 ---> 8d06cd66d2a0
Step 87/93 : ENV PATH=/usr/local/cli:$PATH
 ---> Using cache
 ---> d1d5daa0bb53
Step 88/93 : ENV DOCKER_BUILDTAGS apparmor seccomp selinux
 ---> Using cache
 ---> 65833abc6667
Step 89/93 : ENV GOMETALINTER_OPTS="--deadline=2m"
 ---> Using cache
 ---> 15f007a7c12e
Step 90/93 : WORKDIR /go/src/github.com/docker/docker
 ---> Using cache
 ---> 480972be5008
Step 91/93 : VOLUME /var/lib/docker
 ---> Using cache
 ---> e287489ae78a
Step 92/93 : ENTRYPOINT ["hack/dind"]
 ---> Using cache
 ---> 7349fe8f2762
Step 93/93 : COPY . /go/src/github.com/docker/docker
 ---> ece9f2ac8384
Successfully built ece9f2ac8384
Successfully tagged docker:a4304ce
Congratulations!  All commits are properly signed with the DCO!
daemon/graphdriver/copy/copy.go:157:28:warning: unnecessary conversion (unconvert)
daemon/graphdriver/devmapper/deviceset.go:1741:91:warning: unnecessary conversion (unconvert)
daemon/graphdriver/devmapper/deviceset.go:1741:68:warning: unnecessary conversion (unconvert)
daemon/graphdriver/devmapper/deviceset.go:1532:26:warning: unnecessary conversion (unconvert)
daemon/graphdriver/devmapper/deviceset.go:1531:26:warning: unnecessary conversion (unconvert)
pkg/loopback/loopback.go:57:33:warning: unnecessary conversion (unconvert)
pkg/system/stat_linux.go:11:15:warning: unnecessary conversion (unconvert)
Build step 'Execute shell' marked build as failure
Set build name.
New build name is '#37490'
[PostBuildScript] - Executing post build scripts.
[Docker-PRs] $ /bin/sh -xe /tmp/jenkins4179371622661720710.sh
+ echo Ensuring container killed.
Ensuring container killed.
+ docker rm -vf docker-pr52155
Error: No such container: docker-pr52155
+ true
+ echo Chowning /workspace to jenkins user
Chowning /workspace to jenkins user
+ id -u
+ id -g
+ docker run --rm -v /home/ubuntu/workspace/Docker-PRs:/workspace busybox chown -R 1000:1000 /workspace
[Docker-PRs] $ /bin/sh -xe /tmp/jenkins3901691064787374621.sh
+ echo Creating bundles.tar.gz
Creating bundles.tar.gz
+ + xargs tar -czf bundles.tar.gz
find bundles -name *.log -o -name *.prof -o -name integration.test
tar: Cowardly refusing to create an empty archive
Try 'tar --help' or 'tar --usage' for more information.
+ true
Archiving artifacts
Notifying endpoint with url 'https://leeroy.dockerproject.org/notification/jenkins'
[WS-CLEANUP] Deleting project workspace...[WS-CLEANUP] done
Finished: FAILURE
