Started by user Gordon
Notifying endpoint with url 'https://leeroy.dockerproject.org/notification/jenkins'
[EnvInject] - Loading node environment variables.
Building remotely on ubuntu-1604-overlay2-stable (i-0ee34ae6d2cdee8ee) (x86_64 ec2 ubuntu overlay2 linux ubuntu-1604 ubuntu-1604-overlay2-stable amd64 docker us-west-2) in workspace /home/ubuntu/workspace/Docker-PRs
Wiping out workspace first.
Cloning the remote Git repository
Cloning repository https://github.com/moby/moby.git
 > git init /home/ubuntu/workspace/Docker-PRs # timeout=10
Fetching upstream changes from https://github.com/moby/moby.git
 > git --version # timeout=10
 > git fetch --tags --progress https://github.com/moby/moby.git +refs/heads/*:refs/remotes/origin/*
 > git config remote.origin.url https://github.com/moby/moby.git # timeout=10
 > git config --add remote.origin.fetch +refs/heads/*:refs/remotes/origin/* # timeout=10
 > git config remote.origin.url https://github.com/moby/moby.git # timeout=10
Fetching upstream changes from https://github.com/moby/moby.git
 > git fetch --tags --progress https://github.com/moby/moby.git +refs/heads/*:refs/remotes/origin/*
 > git rev-parse origin/master^{commit} # timeout=10
Checking out Revision 2cb26cfe9cbf8a64c5046c74d65f4528b22e67f4 (origin/master)
 > git config core.sparsecheckout # timeout=10
 > git checkout -f 2cb26cfe9cbf8a64c5046c74d65f4528b22e67f4
Commit message: "Merge pull request #38301 from cyphar/waitgroup-limits"
 > git rev-list --no-walk 2cb26cfe9cbf8a64c5046c74d65f4528b22e67f4 # timeout=10
Set build name.
New build name is '#37909'
[Docker-PRs] $ /bin/bash /tmp/jenkins1184169523152076404.sh
From https://github.com/moby/moby
 * [new ref]         refs/pull/37909/head -> origin/pr/37909
Auto-merging daemon/daemon.go
Merge made by the 'recursive' strategy.
 daemon/daemon.go |  6 +++++-
 opts/opts.go     | 13 ++++++++++---
 2 files changed, 15 insertions(+), 4 deletions(-)
Sending build context to Docker daemon  45.09MB
Step 1/93 : FROM golang:1.11.4 AS base
 ---> 2422e4d43e15
Step 2/93 : ARG APT_MIRROR=deb.debian.org
 ---> Using cache
 ---> 72e4e3e41145
Step 3/93 : RUN sed -ri "s/(httpredir|deb).debian.org/$APT_MIRROR/g" /etc/apt/sources.list
 ---> Using cache
 ---> d17e0c57f05e
Step 4/93 : FROM base AS criu
 ---> d17e0c57f05e
Step 5/93 : ENV CRIU_VERSION 3.6
 ---> Using cache
 ---> b6a5c47ea9ba
Step 6/93 : RUN apt-get update && apt-get install -y 	libnet-dev 	libprotobuf-c0-dev 	libprotobuf-dev 	libnl-3-dev 	libcap-dev 	protobuf-compiler 	protobuf-c-compiler 	python-protobuf 	&& mkdir -p /usr/src/criu 	&& curl -sSL https://github.com/checkpoint-restore/criu/archive/v${CRIU_VERSION}.tar.gz | tar -C /usr/src/criu/ -xz --strip-components=1 	&& cd /usr/src/criu 	&& make 	&& make PREFIX=/build/ install-criu
 ---> Using cache
 ---> 83a51e55d32c
Step 7/93 : FROM base AS registry
 ---> d17e0c57f05e
Step 8/93 : ENV REGISTRY_COMMIT_SCHEMA1 ec87e9b6971d831f0eff752ddb54fb64693e51cd
 ---> Using cache
 ---> bfd8100bdcb1
Step 9/93 : ENV REGISTRY_COMMIT 47a064d4195a9b56133891bbb13620c3ac83a827
 ---> Using cache
 ---> fcaf781afa33
Step 10/93 : RUN set -x 	&& export GOPATH="$(mktemp -d)" 	&& git clone https://github.com/docker/distribution.git "$GOPATH/src/github.com/docker/distribution" 	&& (cd "$GOPATH/src/github.com/docker/distribution" && git checkout -q "$REGISTRY_COMMIT") 	&& GOPATH="$GOPATH/src/github.com/docker/distribution/Godeps/_workspace:$GOPATH" 		go build -buildmode=pie -o /build/registry-v2 github.com/docker/distribution/cmd/registry 	&& case $(dpkg --print-architecture) in 		amd64|ppc64*|s390x) 		(cd "$GOPATH/src/github.com/docker/distribution" && git checkout -q "$REGISTRY_COMMIT_SCHEMA1"); 		GOPATH="$GOPATH/src/github.com/docker/distribution/Godeps/_workspace:$GOPATH"; 			go build -buildmode=pie -o /build/registry-v2-schema1 github.com/docker/distribution/cmd/registry; 		;; 	   esac 	&& rm -rf "$GOPATH"
 ---> Using cache
 ---> 5880039337c8
Step 11/93 : FROM base AS docker-py
 ---> d17e0c57f05e
Step 12/93 : ENV DOCKER_PY_COMMIT 8b246db271a85d6541dc458838627e89c683e42f
 ---> Using cache
 ---> a168ad167ee6
Step 13/93 : RUN git clone https://github.com/docker/docker-py.git /build 	&& cd /build 	&& git checkout -q $DOCKER_PY_COMMIT
 ---> Using cache
 ---> fc2214bda799
Step 14/93 : FROM base AS swagger
 ---> d17e0c57f05e
Step 15/93 : ENV GO_SWAGGER_COMMIT c28258affb0b6251755d92489ef685af8d4ff3eb
 ---> Using cache
 ---> c564e0e9eaf3
Step 16/93 : RUN set -x 	&& export GOPATH="$(mktemp -d)" 	&& git clone https://github.com/go-swagger/go-swagger.git "$GOPATH/src/github.com/go-swagger/go-swagger" 	&& (cd "$GOPATH/src/github.com/go-swagger/go-swagger" && git checkout -q "$GO_SWAGGER_COMMIT") 	&& go build -o /build/swagger github.com/go-swagger/go-swagger/cmd/swagger 	&& rm -rf "$GOPATH"
 ---> Using cache
 ---> a6988032fa73
Step 17/93 : FROM base AS frozen-images
 ---> d17e0c57f05e
Step 18/93 : RUN apt-get update && apt-get install -y jq ca-certificates --no-install-recommends
 ---> Using cache
 ---> 8431a40f2f24
Step 19/93 : COPY contrib/download-frozen-image-v2.sh /
 ---> Using cache
 ---> f42ea414ba61
Step 20/93 : RUN /download-frozen-image-v2.sh /build 	buildpack-deps:jessie@sha256:dd86dced7c9cd2a724e779730f0a53f93b7ef42228d4344b25ce9a42a1486251 	busybox:latest@sha256:bbc3a03235220b170ba48a157dd097dd1379299370e1ed99ce976df0355d24f0 	busybox:glibc@sha256:0b55a30394294ab23b9afd58fab94e61a923f5834fba7ddbae7f8e0c11ba85e6 	debian:jessie@sha256:287a20c5f73087ab406e6b364833e3fb7b3ae63ca0eb3486555dc27ed32c6e60 	hello-world:latest@sha256:be0cd392e45be79ffeffa6b05338b98ebb16c87b255f48e297ec7f98e123905c
 ---> Using cache
 ---> f8a43b93c780
Step 21/93 : FROM base AS runtime-dev
 ---> d17e0c57f05e
Step 22/93 : RUN apt-get update && apt-get install -y 	libapparmor-dev 	libseccomp-dev
 ---> Using cache
 ---> 56549288e2dc
Step 23/93 : FROM base AS tomlv
 ---> d17e0c57f05e
Step 24/93 : ENV INSTALL_BINARY_NAME=tomlv
 ---> Using cache
 ---> ebbe57618f49
Step 25/93 : COPY hack/dockerfile/install/install.sh ./install.sh
 ---> Using cache
 ---> e8150e2ea29c
Step 26/93 : COPY hack/dockerfile/install/$INSTALL_BINARY_NAME.installer ./
 ---> Using cache
 ---> 4e53ad44e707
Step 27/93 : RUN PREFIX=/build/ ./install.sh $INSTALL_BINARY_NAME
 ---> Using cache
 ---> 407ce1028019
Step 28/93 : FROM base AS vndr
 ---> d17e0c57f05e
Step 29/93 : ENV INSTALL_BINARY_NAME=vndr
 ---> Using cache
 ---> 898652544b42
Step 30/93 : COPY hack/dockerfile/install/install.sh ./install.sh
 ---> Using cache
 ---> be4dab3bdb8b
Step 31/93 : COPY hack/dockerfile/install/$INSTALL_BINARY_NAME.installer ./
 ---> Using cache
 ---> e828c0a9962f
Step 32/93 : RUN PREFIX=/build/ ./install.sh $INSTALL_BINARY_NAME
 ---> Using cache
 ---> 40c6a17c742c
Step 33/93 : FROM base AS containerd
 ---> d17e0c57f05e
Step 34/93 : RUN apt-get update && apt-get install -y btrfs-tools
 ---> Using cache
 ---> 346d79fd5317
Step 35/93 : ENV INSTALL_BINARY_NAME=containerd
 ---> Using cache
 ---> a9c4b69af684
Step 36/93 : COPY hack/dockerfile/install/install.sh ./install.sh
 ---> Using cache
 ---> b30946502d8a
Step 37/93 : COPY hack/dockerfile/install/$INSTALL_BINARY_NAME.installer ./
 ---> Using cache
 ---> 59305f01f9b5
Step 38/93 : RUN PREFIX=/build/ ./install.sh $INSTALL_BINARY_NAME
 ---> Using cache
 ---> d860ca7703b3
Step 39/93 : FROM base AS proxy
 ---> d17e0c57f05e
Step 40/93 : ENV INSTALL_BINARY_NAME=proxy
 ---> Using cache
 ---> efc7a460c734
Step 41/93 : COPY hack/dockerfile/install/install.sh ./install.sh
 ---> Using cache
 ---> c1ef9046c504
Step 42/93 : COPY hack/dockerfile/install/$INSTALL_BINARY_NAME.installer ./
 ---> Using cache
 ---> 506837f11bfa
Step 43/93 : RUN PREFIX=/build/ ./install.sh $INSTALL_BINARY_NAME
 ---> Using cache
 ---> 95ff1a13e851
Step 44/93 : FROM base AS gometalinter
 ---> d17e0c57f05e
Step 45/93 : ENV INSTALL_BINARY_NAME=gometalinter
 ---> Using cache
 ---> 5e47b0bb28aa
Step 46/93 : COPY hack/dockerfile/install/install.sh ./install.sh
 ---> Using cache
 ---> 12a3760770c5
Step 47/93 : COPY hack/dockerfile/install/$INSTALL_BINARY_NAME.installer ./
 ---> Using cache
 ---> d4f1e597ba8d
Step 48/93 : RUN PREFIX=/build/ ./install.sh $INSTALL_BINARY_NAME
 ---> Using cache
 ---> e89ef9deac66
Step 49/93 : FROM base AS dockercli
 ---> d17e0c57f05e
Step 50/93 : ENV INSTALL_BINARY_NAME=dockercli
 ---> Using cache
 ---> 14877b02fde9
Step 51/93 : COPY hack/dockerfile/install/install.sh ./install.sh
 ---> Using cache
 ---> 745461383bd2
Step 52/93 : COPY hack/dockerfile/install/$INSTALL_BINARY_NAME.installer ./
 ---> Using cache
 ---> 7d672d05b7c0
Step 53/93 : RUN PREFIX=/build/ ./install.sh $INSTALL_BINARY_NAME
 ---> Using cache
 ---> a5be0bca5cf7
Step 54/93 : FROM runtime-dev AS runc
 ---> 56549288e2dc
Step 55/93 : ENV INSTALL_BINARY_NAME=runc
 ---> Using cache
 ---> 709326b127ee
Step 56/93 : COPY hack/dockerfile/install/install.sh ./install.sh
 ---> Using cache
 ---> dabde2183edf
Step 57/93 : COPY hack/dockerfile/install/$INSTALL_BINARY_NAME.installer ./
 ---> Using cache
 ---> 40206a02811c
Step 58/93 : RUN PREFIX=/build/ ./install.sh $INSTALL_BINARY_NAME
 ---> Using cache
 ---> faecdd4c1c0c
Step 59/93 : FROM base AS tini
 ---> d17e0c57f05e
Step 60/93 : RUN apt-get update && apt-get install -y cmake vim-common
 ---> Using cache
 ---> 59765563ced5
Step 61/93 : COPY hack/dockerfile/install/install.sh ./install.sh
 ---> Using cache
 ---> b2b2e1cfa07c
Step 62/93 : ENV INSTALL_BINARY_NAME=tini
 ---> Using cache
 ---> 8446026faba7
Step 63/93 : COPY hack/dockerfile/install/$INSTALL_BINARY_NAME.installer ./
 ---> Using cache
 ---> 447cc11a9bad
Step 64/93 : RUN PREFIX=/build/ ./install.sh $INSTALL_BINARY_NAME
 ---> Using cache
 ---> 8c47cfc6db4a
Step 65/93 : FROM runtime-dev AS dev
 ---> 56549288e2dc
Step 66/93 : RUN groupadd -r docker
 ---> Using cache
 ---> 240390b0fd7d
Step 67/93 : RUN useradd --create-home --gid docker unprivilegeduser
 ---> Using cache
 ---> 39847055de96
Step 68/93 : RUN ln -sfv /go/src/github.com/docker/docker/.bashrc ~/.bashrc
 ---> Using cache
 ---> 571e3b7adc8d
Step 69/93 : RUN echo "source /usr/share/bash-completion/bash_completion" >> /etc/bash.bashrc
 ---> Using cache
 ---> b06186b5b999
Step 70/93 : RUN ln -s /usr/local/completion/bash/docker /etc/bash_completion.d/docker
 ---> Using cache
 ---> 3c472568e306
Step 71/93 : RUN ldconfig
 ---> Using cache
 ---> df1141c506b9
Step 72/93 : RUN apt-get update && apt-get install -y 	apparmor 	aufs-tools 	bash-completion 	btrfs-tools 	iptables 	jq 	libcap2-bin 	libdevmapper-dev 	libudev-dev 	libsystemd-dev 	binutils-mingw-w64 	g++-mingw-w64-x86-64 	net-tools 	pigz 	python-backports.ssl-match-hostname 	python-dev 	python-mock 	python-pip 	python-requests 	python-setuptools 	python-websocket 	python-wheel 	thin-provisioning-tools 	vim 	vim-common 	xfsprogs 	zip 	bzip2 	xz-utils 	--no-install-recommends
 ---> Using cache
 ---> d245917a7b35
Step 73/93 : COPY --from=swagger /build/swagger* /usr/local/bin/
 ---> Using cache
 ---> 5f48c0cda0cb
Step 74/93 : COPY --from=frozen-images /build/ /docker-frozen-images
 ---> Using cache
 ---> 74a53ee1e484
Step 75/93 : COPY --from=gometalinter /build/ /usr/local/bin/
 ---> Using cache
 ---> 285421fef77e
Step 76/93 : COPY --from=tomlv /build/ /usr/local/bin/
 ---> Using cache
 ---> fdffb6335f15
Step 77/93 : COPY --from=vndr /build/ /usr/local/bin/
 ---> Using cache
 ---> 050cea10f790
Step 78/93 : COPY --from=tini /build/ /usr/local/bin/
 ---> Using cache
 ---> 6f584d81c445
Step 79/93 : COPY --from=runc /build/ /usr/local/bin/
 ---> Using cache
 ---> 4b1c4b710605
Step 80/93 : COPY --from=containerd /build/ /usr/local/bin/
 ---> Using cache
 ---> 7f2e8f3316d9
Step 81/93 : COPY --from=proxy /build/ /usr/local/bin/
 ---> Using cache
 ---> 4e23cc222e4c
Step 82/93 : COPY --from=dockercli /build/ /usr/local/cli
 ---> Using cache
 ---> 170bc9cad6ba
Step 83/93 : COPY --from=registry /build/registry* /usr/local/bin/
 ---> Using cache
 ---> 51c390b92171
Step 84/93 : COPY --from=criu /build/ /usr/local/
 ---> Using cache
 ---> 1c4cf1baf969
Step 85/93 : COPY --from=docker-py /build/ /docker-py
 ---> Using cache
 ---> 336ef436248e
Step 86/93 : RUN cd /docker-py 	&& pip install docker-pycreds==0.2.1 	&& pip install yamllint==1.5.0 	&& pip install -r test-requirements.txt
 ---> Using cache
 ---> 9bf747e9dd4a
Step 87/93 : ENV PATH=/usr/local/cli:$PATH
 ---> Using cache
 ---> 5368aebb3e3e
Step 88/93 : ENV DOCKER_BUILDTAGS apparmor seccomp selinux
 ---> Using cache
 ---> 7ccee6ea5065
Step 89/93 : ENV GOMETALINTER_OPTS="--deadline=2m"
 ---> Using cache
 ---> f547807f5a41
Step 90/93 : WORKDIR /go/src/github.com/docker/docker
 ---> Using cache
 ---> a0b3273f6c73
Step 91/93 : VOLUME /var/lib/docker
 ---> Using cache
 ---> 823ca761cf1c
Step 92/93 : ENTRYPOINT ["hack/dind"]
 ---> Using cache
 ---> 9887ad4b211b
Step 93/93 : COPY . /go/src/github.com/docker/docker
 ---> 785639cb9a04
Successfully built 785639cb9a04
Successfully tagged docker:7786bfd
Congratulations!  All commits are properly signed with the DCO!
daemon/daemon.go:1::warning: file is not gofmted with -s (gofmt)
daemon/daemon.go:1::warning: file is not goimported (goimports)
Build step 'Execute shell' marked build as failure
Set build name.
New build name is '#37909'
[PostBuildScript] - Executing post build scripts.
[Docker-PRs] $ /bin/sh -xe /tmp/jenkins1251302402901094994.sh
+ echo Ensuring container killed.
Ensuring container killed.
+ docker rm -vf docker-pr52186
Error: No such container: docker-pr52186
+ true
+ echo Chowning /workspace to jenkins user
Chowning /workspace to jenkins user
+ id -u
+ id -g
+ docker run --rm -v /home/ubuntu/workspace/Docker-PRs:/workspace busybox chown -R 1000:1000 /workspace
[Docker-PRs] $ /bin/sh -xe /tmp/jenkins699934842127300964.sh
+ echo Creating bundles.tar.gz
Creating bundles.tar.gz
+ find bundles -name *.log -o -name *.prof -o -name integration.test
+ xargs tar -czf bundles.tar.gz
tar: Cowardly refusing to create an empty archive
Try 'tar --help' or 'tar --usage' for more information.
+ true
Archiving artifacts
Notifying endpoint with url 'https://leeroy.dockerproject.org/notification/jenkins'
[WS-CLEANUP] Deleting project workspace...[WS-CLEANUP] done
Finished: FAILURE
