Started by user Gordon
Notifying endpoint with url 'https://leeroy.dockerproject.org/notification/jenkins'
[EnvInject] - Loading node environment variables.
Building remotely on ppc64le-ubuntu-28 (linux ppc64le-ubuntu-1604 ppc64le) in workspace /home/docker/workspace/Docker-PRs-powerpc
Running Prebuild steps
[Docker-PRs-powerpc] $ /bin/sh -xe /tmp/jenkins2489566079842625812.sh
+ id -u
+ id -g
+ sudo chown -R 1001:1001 /home/docker/workspace/Docker-PRs-powerpc/bundles
Success build forhudson.tasks.Shell@39ff8a96
Wiping out workspace first.
java.nio.file.AccessDeniedException: /home/docker/workspace/Docker-PRs-powerpc/bundles/test-integration/df35bf616139d/root
	at sun.nio.fs.UnixException.translateToIOException(UnixException.java:84)
	at sun.nio.fs.UnixException.rethrowAsIOException(UnixException.java:102)
	at sun.nio.fs.UnixException.rethrowAsIOException(UnixException.java:107)
	at sun.nio.fs.UnixFileSystemProvider.implDelete(UnixFileSystemProvider.java:244)
	at sun.nio.fs.AbstractFileSystemProvider.deleteIfExists(AbstractFileSystemProvider.java:108)
	at java.nio.file.Files.deleteIfExists(Files.java:1165)
	at hudson.Util.tryOnceDeleteFile(Util.java:290)
	at hudson.Util.deleteFile(Util.java:245)
Also:   hudson.remoting.Channel$CallSiteStackTrace: Remote call to JNLP4-connect connection from ip-172-31-0-97.us-west-2.compute.internal/172.31.0.97:46059
		at hudson.remoting.Channel.attachCallSiteStackTrace(Channel.java:1693)
		at hudson.remoting.UserResponse.retrieve(UserRequest.java:310)
		at hudson.remoting.Channel.call(Channel.java:908)
		at hudson.FilePath.act(FilePath.java:986)
		at hudson.FilePath.act(FilePath.java:975)
		at hudson.FilePath.deleteContents(FilePath.java:1190)
		at hudson.plugins.git.extensions.impl.WipeWorkspace.beforeCheckout(WipeWorkspace.java:30)
		at hudson.plugins.git.GitSCM.checkout(GitSCM.java:1157)
		at hudson.scm.SCM.checkout(SCM.java:495)
		at hudson.model.AbstractProject.checkout(AbstractProject.java:1202)
		at hudson.model.AbstractBuild$AbstractBuildExecution.defaultCheckout(AbstractBuild.java:574)
		at jenkins.scm.SCMCheckoutStrategy.checkout(SCMCheckoutStrategy.java:86)
		at hudson.model.AbstractBuild$AbstractBuildExecution.run(AbstractBuild.java:499)
		at hudson.model.Run.execute(Run.java:1724)
		at hudson.model.FreeStyleBuild.run(FreeStyleBuild.java:43)
		at hudson.model.ResourceController.execute(ResourceController.java:97)
		at hudson.model.Executor.run(Executor.java:429)
Caused: java.io.IOException: Unable to delete '/home/docker/workspace/Docker-PRs-powerpc/bundles/test-integration/df35bf616139d/root'. Tried 3 times (of a maximum of 3) waiting 0.1 sec between attempts.
	at hudson.Util.deleteFile(Util.java:250)
	at hudson.FilePath.deleteRecursive(FilePath.java:1210)
	at hudson.FilePath.deleteContentsRecursive(FilePath.java:1219)
	at hudson.FilePath.deleteRecursive(FilePath.java:1201)
	at hudson.FilePath.deleteContentsRecursive(FilePath.java:1219)
	at hudson.FilePath.deleteRecursive(FilePath.java:1201)
	at hudson.FilePath.deleteContentsRecursive(FilePath.java:1219)
	at hudson.FilePath.deleteRecursive(FilePath.java:1201)
	at hudson.FilePath.deleteContentsRecursive(FilePath.java:1219)
	at hudson.FilePath.access$1100(FilePath.java:196)
	at hudson.FilePath$15.invoke(FilePath.java:1193)
	at hudson.FilePath$15.invoke(FilePath.java:1190)
	at hudson.FilePath$FileCallableWrapper.call(FilePath.java:2760)
	at hudson.remoting.UserRequest.perform(UserRequest.java:207)
	at hudson.remoting.UserRequest.perform(UserRequest.java:53)
	at hudson.remoting.Request$2.run(Request.java:358)
	at hudson.remoting.InterceptingExecutorService$1.call(InterceptingExecutorService.java:72)
	at java.util.concurrent.FutureTask.run(FutureTask.java:266)
	at java.util.concurrent.ThreadPoolExecutor.runWorker(ThreadPoolExecutor.java:1149)
	at java.util.concurrent.ThreadPoolExecutor$Worker.run(ThreadPoolExecutor.java:624)
	at hudson.remoting.Engine$1$1.run(Engine.java:98)
	at java.lang.Thread.run(Thread.java:748)
Caused: java.io.IOException: remote file operation failed: /home/docker/workspace/Docker-PRs-powerpc at hudson.remoting.Channel@484db8d4:JNLP4-connect connection from ip-172-31-0-97.us-west-2.compute.internal/172.31.0.97:46059
	at hudson.FilePath.act(FilePath.java:993)
	at hudson.FilePath.act(FilePath.java:975)
	at hudson.FilePath.deleteContents(FilePath.java:1190)
	at hudson.plugins.git.extensions.impl.WipeWorkspace.beforeCheckout(WipeWorkspace.java:30)
	at hudson.plugins.git.GitSCM.checkout(GitSCM.java:1157)
	at hudson.scm.SCM.checkout(SCM.java:495)
	at hudson.model.AbstractProject.checkout(AbstractProject.java:1202)
	at hudson.model.AbstractBuild$AbstractBuildExecution.defaultCheckout(AbstractBuild.java:574)
	at jenkins.scm.SCMCheckoutStrategy.checkout(SCMCheckoutStrategy.java:86)
	at hudson.model.AbstractBuild$AbstractBuildExecution.run(AbstractBuild.java:499)
	at hudson.model.Run.execute(Run.java:1724)
	at hudson.model.FreeStyleBuild.run(FreeStyleBuild.java:43)
	at hudson.model.ResourceController.execute(ResourceController.java:97)
	at hudson.model.Executor.run(Executor.java:429)
Retrying after 10 seconds
Wiping out workspace first.
java.nio.file.AccessDeniedException: /home/docker/workspace/Docker-PRs-powerpc/bundles/test-integration/d6ff56ab5426d/root
	at sun.nio.fs.UnixException.translateToIOException(UnixException.java:84)
	at sun.nio.fs.UnixException.rethrowAsIOException(UnixException.java:102)
	at sun.nio.fs.UnixException.rethrowAsIOException(UnixException.java:107)
	at sun.nio.fs.UnixFileSystemProvider.implDelete(UnixFileSystemProvider.java:244)
	at sun.nio.fs.AbstractFileSystemProvider.deleteIfExists(AbstractFileSystemProvider.java:108)
	at java.nio.file.Files.deleteIfExists(Files.java:1165)
	at hudson.Util.tryOnceDeleteFile(Util.java:290)
	at hudson.Util.deleteFile(Util.java:245)
Also:   hudson.remoting.Channel$CallSiteStackTrace: Remote call to JNLP4-connect connection from ip-172-31-0-97.us-west-2.compute.internal/172.31.0.97:46059
		at hudson.remoting.Channel.attachCallSiteStackTrace(Channel.java:1693)
		at hudson.remoting.UserResponse.retrieve(UserRequest.java:310)
		at hudson.remoting.Channel.call(Channel.java:908)
		at hudson.FilePath.act(FilePath.java:986)
		at hudson.FilePath.act(FilePath.java:975)
		at hudson.FilePath.deleteContents(FilePath.java:1190)
		at hudson.plugins.git.extensions.impl.WipeWorkspace.beforeCheckout(WipeWorkspace.java:30)
		at hudson.plugins.git.GitSCM.checkout(GitSCM.java:1157)
		at hudson.scm.SCM.checkout(SCM.java:495)
		at hudson.model.AbstractProject.checkout(AbstractProject.java:1202)
		at hudson.model.AbstractBuild$AbstractBuildExecution.defaultCheckout(AbstractBuild.java:574)
		at jenkins.scm.SCMCheckoutStrategy.checkout(SCMCheckoutStrategy.java:86)
		at hudson.model.AbstractBuild$AbstractBuildExecution.run(AbstractBuild.java:499)
		at hudson.model.Run.execute(Run.java:1724)
		at hudson.model.FreeStyleBuild.run(FreeStyleBuild.java:43)
		at hudson.model.ResourceController.execute(ResourceController.java:97)
		at hudson.model.Executor.run(Executor.java:429)
Caused: java.io.IOException: Unable to delete '/home/docker/workspace/Docker-PRs-powerpc/bundles/test-integration/d6ff56ab5426d/root'. Tried 3 times (of a maximum of 3) waiting 0.1 sec between attempts.
	at hudson.Util.deleteFile(Util.java:250)
	at hudson.FilePath.deleteRecursive(FilePath.java:1210)
	at hudson.FilePath.deleteContentsRecursive(FilePath.java:1219)
	at hudson.FilePath.deleteRecursive(FilePath.java:1201)
	at hudson.FilePath.deleteContentsRecursive(FilePath.java:1219)
	at hudson.FilePath.deleteRecursive(FilePath.java:1201)
	at hudson.FilePath.deleteContentsRecursive(FilePath.java:1219)
	at hudson.FilePath.deleteRecursive(FilePath.java:1201)
	at hudson.FilePath.deleteContentsRecursive(FilePath.java:1219)
	at hudson.FilePath.access$1100(FilePath.java:196)
	at hudson.FilePath$15.invoke(FilePath.java:1193)
	at hudson.FilePath$15.invoke(FilePath.java:1190)
	at hudson.FilePath$FileCallableWrapper.call(FilePath.java:2760)
	at hudson.remoting.UserRequest.perform(UserRequest.java:207)
	at hudson.remoting.UserRequest.perform(UserRequest.java:53)
	at hudson.remoting.Request$2.run(Request.java:358)
	at hudson.remoting.InterceptingExecutorService$1.call(InterceptingExecutorService.java:72)
	at java.util.concurrent.FutureTask.run(FutureTask.java:266)
	at java.util.concurrent.ThreadPoolExecutor.runWorker(ThreadPoolExecutor.java:1149)
	at java.util.concurrent.ThreadPoolExecutor$Worker.run(ThreadPoolExecutor.java:624)
	at hudson.remoting.Engine$1$1.run(Engine.java:98)
	at java.lang.Thread.run(Thread.java:748)
Caused: java.io.IOException: remote file operation failed: /home/docker/workspace/Docker-PRs-powerpc at hudson.remoting.Channel@484db8d4:JNLP4-connect connection from ip-172-31-0-97.us-west-2.compute.internal/172.31.0.97:46059
	at hudson.FilePath.act(FilePath.java:993)
	at hudson.FilePath.act(FilePath.java:975)
	at hudson.FilePath.deleteContents(FilePath.java:1190)
	at hudson.plugins.git.extensions.impl.WipeWorkspace.beforeCheckout(WipeWorkspace.java:30)
	at hudson.plugins.git.GitSCM.checkout(GitSCM.java:1157)
	at hudson.scm.SCM.checkout(SCM.java:495)
	at hudson.model.AbstractProject.checkout(AbstractProject.java:1202)
	at hudson.model.AbstractBuild$AbstractBuildExecution.defaultCheckout(AbstractBuild.java:574)
	at jenkins.scm.SCMCheckoutStrategy.checkout(SCMCheckoutStrategy.java:86)
	at hudson.model.AbstractBuild$AbstractBuildExecution.run(AbstractBuild.java:499)
	at hudson.model.Run.execute(Run.java:1724)
	at hudson.model.FreeStyleBuild.run(FreeStyleBuild.java:43)
	at hudson.model.ResourceController.execute(ResourceController.java:97)
	at hudson.model.Executor.run(Executor.java:429)
Retrying after 10 seconds
Wiping out workspace first.
java.nio.file.AccessDeniedException: /home/docker/workspace/Docker-PRs-powerpc/bundles/test-integration/d6ff56ab5426d/root
	at sun.nio.fs.UnixException.translateToIOException(UnixException.java:84)
	at sun.nio.fs.UnixException.rethrowAsIOException(UnixException.java:102)
	at sun.nio.fs.UnixException.rethrowAsIOException(UnixException.java:107)
	at sun.nio.fs.UnixFileSystemProvider.implDelete(UnixFileSystemProvider.java:244)
	at sun.nio.fs.AbstractFileSystemProvider.deleteIfExists(AbstractFileSystemProvider.java:108)
	at java.nio.file.Files.deleteIfExists(Files.java:1165)
	at hudson.Util.tryOnceDeleteFile(Util.java:290)
	at hudson.Util.deleteFile(Util.java:245)
Also:   hudson.remoting.Channel$CallSiteStackTrace: Remote call to JNLP4-connect connection from ip-172-31-0-97.us-west-2.compute.internal/172.31.0.97:46059
		at hudson.remoting.Channel.attachCallSiteStackTrace(Channel.java:1693)
		at hudson.remoting.UserResponse.retrieve(UserRequest.java:310)
		at hudson.remoting.Channel.call(Channel.java:908)
		at hudson.FilePath.act(FilePath.java:986)
		at hudson.FilePath.act(FilePath.java:975)
		at hudson.FilePath.deleteContents(FilePath.java:1190)
		at hudson.plugins.git.extensions.impl.WipeWorkspace.beforeCheckout(WipeWorkspace.java:30)
		at hudson.plugins.git.GitSCM.checkout(GitSCM.java:1157)
		at hudson.scm.SCM.checkout(SCM.java:495)
		at hudson.model.AbstractProject.checkout(AbstractProject.java:1202)
		at hudson.model.AbstractBuild$AbstractBuildExecution.defaultCheckout(AbstractBuild.java:574)
		at jenkins.scm.SCMCheckoutStrategy.checkout(SCMCheckoutStrategy.java:86)
		at hudson.model.AbstractBuild$AbstractBuildExecution.run(AbstractBuild.java:499)
		at hudson.model.Run.execute(Run.java:1724)
		at hudson.model.FreeStyleBuild.run(FreeStyleBuild.java:43)
		at hudson.model.ResourceController.execute(ResourceController.java:97)
		at hudson.model.Executor.run(Executor.java:429)
Caused: java.io.IOException: Unable to delete '/home/docker/workspace/Docker-PRs-powerpc/bundles/test-integration/d6ff56ab5426d/root'. Tried 3 times (of a maximum of 3) waiting 0.1 sec between attempts.
	at hudson.Util.deleteFile(Util.java:250)
	at hudson.FilePath.deleteRecursive(FilePath.java:1210)
	at hudson.FilePath.deleteContentsRecursive(FilePath.java:1219)
	at hudson.FilePath.deleteRecursive(FilePath.java:1201)
	at hudson.FilePath.deleteContentsRecursive(FilePath.java:1219)
	at hudson.FilePath.deleteRecursive(FilePath.java:1201)
	at hudson.FilePath.deleteContentsRecursive(FilePath.java:1219)
	at hudson.FilePath.deleteRecursive(FilePath.java:1201)
	at hudson.FilePath.deleteContentsRecursive(FilePath.java:1219)
	at hudson.FilePath.access$1100(FilePath.java:196)
	at hudson.FilePath$15.invoke(FilePath.java:1193)
	at hudson.FilePath$15.invoke(FilePath.java:1190)
	at hudson.FilePath$FileCallableWrapper.call(FilePath.java:2760)
	at hudson.remoting.UserRequest.perform(UserRequest.java:207)
	at hudson.remoting.UserRequest.perform(UserRequest.java:53)
	at hudson.remoting.Request$2.run(Request.java:358)
	at hudson.remoting.InterceptingExecutorService$1.call(InterceptingExecutorService.java:72)
	at java.util.concurrent.FutureTask.run(FutureTask.java:266)
	at java.util.concurrent.ThreadPoolExecutor.runWorker(ThreadPoolExecutor.java:1149)
	at java.util.concurrent.ThreadPoolExecutor$Worker.run(ThreadPoolExecutor.java:624)
	at hudson.remoting.Engine$1$1.run(Engine.java:98)
	at java.lang.Thread.run(Thread.java:748)
Caused: java.io.IOException: remote file operation failed: /home/docker/workspace/Docker-PRs-powerpc at hudson.remoting.Channel@484db8d4:JNLP4-connect connection from ip-172-31-0-97.us-west-2.compute.internal/172.31.0.97:46059
	at hudson.FilePath.act(FilePath.java:993)
	at hudson.FilePath.act(FilePath.java:975)
	at hudson.FilePath.deleteContents(FilePath.java:1190)
	at hudson.plugins.git.extensions.impl.WipeWorkspace.beforeCheckout(WipeWorkspace.java:30)
	at hudson.plugins.git.GitSCM.checkout(GitSCM.java:1157)
	at hudson.scm.SCM.checkout(SCM.java:495)
	at hudson.model.AbstractProject.checkout(AbstractProject.java:1202)
	at hudson.model.AbstractBuild$AbstractBuildExecution.defaultCheckout(AbstractBuild.java:574)
	at jenkins.scm.SCMCheckoutStrategy.checkout(SCMCheckoutStrategy.java:86)
	at hudson.model.AbstractBuild$AbstractBuildExecution.run(AbstractBuild.java:499)
	at hudson.model.Run.execute(Run.java:1724)
	at hudson.model.FreeStyleBuild.run(FreeStyleBuild.java:43)
	at hudson.model.ResourceController.execute(ResourceController.java:97)
	at hudson.model.Executor.run(Executor.java:429)
Performing Post build task...
Match found for : : True
Logical operation result is TRUE
Running script  : 
[Docker-PRs-powerpc] $ /bin/sh -xe /tmp/jenkins8560190752243716150.sh
POST BUILD TASK : SUCCESS
END OF POST BUILD TASK : 0
[PostBuildScript] - Executing post build scripts.
[Docker-PRs-powerpc] $ /bin/sh -xe /tmp/jenkins509317242904163153.sh
+ echo Chowning /workspace to jenkins user
Chowning /workspace to jenkins user
+ id -u
+ id -g
+ docker run --rm -v /home/docker/workspace/Docker-PRs-powerpc:/workspace ppc64le/busybox chown -R 1001:1001 /workspace
[Docker-PRs-powerpc] $ /bin/sh -xe /tmp/jenkins456245889191204420.sh
+ echo Creating bundles.tar.gz
Creating bundles.tar.gz
+ xargs tar -czf bundles.tar.gz
+ find bundles -name *.log
Sending e-mails to: tophj@linux.vnet.ibm.com christy@linux.vnet.ibm.com
Archiving artifacts
Notifying endpoint with url 'https://leeroy.dockerproject.org/notification/jenkins'
[WS-CLEANUP] Deleting project workspace...[WS-CLEANUP] done
Finished: FAILURE
