Started by user Gordon
Notifying endpoint with url 'https://leeroy.dockerproject.org/notification/jenkins'
[EnvInject] - Loading node environment variables.
Building remotely on s390x-ubuntu-27 (linux s390x-ubuntu-1604 s390x) in workspace /home/jenkins/workspace/Docker-PRs-s390x
Running Prebuild steps
[Docker-PRs-s390x] $ /bin/sh -xe /tmp/jenkins7996836144950480380.sh
+ pwd
+ id -u
+ id -g
+ docker run --rm -v /home/jenkins/workspace/Docker-PRs-s390x:/workspace s390x/busybox chown -R 1001:1001 /workspace
Unable to find image 's390x/busybox:latest' locally
latest: Pulling from s390x/busybox
e27cb5f7cb08: Pulling fs layer
e27cb5f7cb08: Verifying Checksum
e27cb5f7cb08: Download complete
e27cb5f7cb08: Pull complete
Digest: sha256:a96ac102195557231128367b35920c085157ee8c5e378cb2842147f0b71e9d58
Status: Downloaded newer image for s390x/busybox:latest
Success build forhudson.tasks.Shell@54493290
Wiping out workspace first.
Cloning the remote Git repository
Cloning repository https://github.com/moby/moby.git
 > git init /home/jenkins/workspace/Docker-PRs-s390x # timeout=10
Fetching upstream changes from https://github.com/moby/moby.git
 > git --version # timeout=10
 > git fetch --tags --progress https://github.com/moby/moby.git +refs/heads/*:refs/remotes/origin/*
 > git config remote.origin.url https://github.com/moby/moby.git # timeout=10
 > git config --add remote.origin.fetch +refs/heads/*:refs/remotes/origin/* # timeout=10
 > git config remote.origin.url https://github.com/moby/moby.git # timeout=10
Fetching upstream changes from https://github.com/moby/moby.git
 > git fetch --tags --progress https://github.com/moby/moby.git +refs/heads/*:refs/remotes/origin/*
 > git rev-parse origin/master^{commit} # timeout=10
Checking out Revision 545d00e7521414f648140b5834d41a072592a484 (origin/master)
 > git config core.sparsecheckout # timeout=10
 > git checkout -f 545d00e7521414f648140b5834d41a072592a484
Commit message: "Merge pull request #38416 from thaJeztah/fix_build_session_test"
 > git rev-list --no-walk 545d00e7521414f648140b5834d41a072592a484 # timeout=10
Set build name.
New build name is '#38465'
[Docker-PRs-s390x] $ /bin/bash /tmp/jenkins6704368030891212069.sh
From https://github.com/moby/moby
 * [new ref]         refs/pull/38465/head -> origin/pr/38465
Merge made by the 'recursive' strategy.
 volume/mounts/lcow_parser.go    |   4 +-
 volume/mounts/parser_test.go    | 180 ++++++++++++++++++++--------------------
 volume/mounts/validate.go       |   5 ++
 volume/mounts/windows_parser.go |  38 +++++----
 4 files changed, 119 insertions(+), 108 deletions(-)
Sending build context to Docker daemon  45.11MB
Step 1/94 : FROM golang:1.11.4 AS base
1.11.4: Pulling from library/golang
c5e4ba148bd1: Pulling fs layer
e4ab879437b7: Pulling fs layer
a26d08cd7690: Pulling fs layer
05dfbcf77830: Pulling fs layer
8c8a7e70110e: Pulling fs layer
3455ff1f6719: Pulling fs layer
f5c4a8ef739f: Pulling fs layer
05dfbcf77830: Waiting
8c8a7e70110e: Waiting
3455ff1f6719: Waiting
f5c4a8ef739f: Waiting
e4ab879437b7: Verifying Checksum
e4ab879437b7: Download complete
a26d08cd7690: Verifying Checksum
a26d08cd7690: Download complete
c5e4ba148bd1: Verifying Checksum
c5e4ba148bd1: Download complete
8c8a7e70110e: Verifying Checksum
8c8a7e70110e: Download complete
f5c4a8ef739f: Verifying Checksum
f5c4a8ef739f: Download complete
05dfbcf77830: Verifying Checksum
05dfbcf77830: Download complete
c5e4ba148bd1: Pull complete
3455ff1f6719: Verifying Checksum
3455ff1f6719: Download complete
e4ab879437b7: Pull complete
a26d08cd7690: Pull complete
05dfbcf77830: Pull complete
8c8a7e70110e: Pull complete
3455ff1f6719: Pull complete
f5c4a8ef739f: Pull complete
Digest: sha256:4f1cd313c3d59faa0ca93910f9d853bd74be7afbf6f6997aee06924415ec7dc9
Status: Downloaded newer image for golang:1.11.4
 ---> ee5c1a481166
Step 2/94 : ARG APT_MIRROR=deb.debian.org
 ---> Running in dee4defaf11c
Removing intermediate container dee4defaf11c
 ---> 37665c3142f2
Step 3/94 : RUN sed -ri "s/(httpredir|deb).debian.org/$APT_MIRROR/g" /etc/apt/sources.list
 ---> Running in 5eb45da76fda
Removing intermediate container 5eb45da76fda
 ---> 0b425a52f1c5
Step 4/94 : FROM base AS criu
 ---> 0b425a52f1c5
Step 5/94 : ENV CRIU_VERSION 3.6
 ---> Running in 6a03919a1f18
Removing intermediate container 6a03919a1f18
 ---> d222d2d790eb
Step 6/94 : RUN apt-get update && apt-get install -y 	libnet-dev 	libprotobuf-c0-dev 	libprotobuf-dev 	libnl-3-dev 	libcap-dev 	protobuf-compiler 	protobuf-c-compiler 	python-protobuf 	&& mkdir -p /usr/src/criu 	&& curl -sSL https://github.com/checkpoint-restore/criu/archive/v${CRIU_VERSION}.tar.gz | tar -C /usr/src/criu/ -xz --strip-components=1 	&& cd /usr/src/criu 	&& make 	&& make PREFIX=/build/ install-criu
 ---> Running in 106083889cc0
Get:1 http://security.debian.org/debian-security stretch/updates InRelease [94.3 kB]
Ign:2 http://cdn-fastly.deb.debian.org/debian stretch InRelease
Get:3 http://cdn-fastly.deb.debian.org/debian stretch-updates InRelease [91.0 kB]
Get:4 http://cdn-fastly.deb.debian.org/debian stretch Release [118 kB]
Get:5 http://cdn-fastly.deb.debian.org/debian stretch Release.gpg [2434 B]
Get:6 http://security.debian.org/debian-security stretch/updates/main s390x Packages [447 kB]
Get:7 http://cdn-fastly.deb.debian.org/debian stretch-updates/main s390x Packages [5100 B]
Get:8 http://cdn-fastly.deb.debian.org/debian stretch/main s390x Packages [6859 kB]
/tmp/jenkins6704368030891212069.sh: line 12: 16645 Terminated              docker build --rm --force-rm --build-arg APT_MIRROR=cdn-fastly.deb.debian.org -t docker-s390x:$GITCOMMIT -f Dockerfile .
Set build name.
New build name is '#38465'
Build was aborted
Aborted by Gordon
[PostBuildScript] - Executing post build scripts.
Unable to find image 'docker-s390x:787ff90' locally
docker: Error response from daemon: pull access denied for docker-s390x, repository does not exist or may require 'docker login'.
See 'docker run --help'.
[Docker-PRs-s390x] $ /bin/sh -xe /tmp/jenkins1866477164665003231.sh
+ echo Chowning /workspace to jenkins user
Chowning /workspace to jenkins user
+ id -u
+ id -g
+ docker run --rm -v /home/jenkins/workspace/Docker-PRs-s390x:/workspace s390x/busybox chown -R 1001:1001 /workspace
[Docker-PRs-s390x] $ /bin/sh -xe /tmp/jenkins3453178209929361859.sh
+ echo Creating bundles.tar.gz
Creating bundles.tar.gz
+ xargs tar -czf bundles.tar.gz
+ find bundles -name *.log
find: ‘bundles’: No such file or directory
tar: Cowardly refusing to create an empty archive
Try 'tar --help' or 'tar --usage' for more information.
+ true
Archiving artifacts
Notifying endpoint with url 'https://leeroy.dockerproject.org/notification/jenkins'
Finished: ABORTED
