Started by user Gordon
Notifying endpoint with url 'https://leeroy.dockerproject.org/notification/jenkins'
[EnvInject] - Loading node environment variables.
Building remotely on ubuntu-1604-overlay2-stable (i-0469737a06dfc71f9) (x86_64 ec2 ubuntu overlay2 linux ubuntu-1604 ubuntu-1604-overlay2-stable amd64 docker us-west-2) in workspace /home/ubuntu/workspace/Docker-PRs
Wiping out workspace first.
Cloning the remote Git repository
Cloning repository https://github.com/moby/moby.git
 > git init /home/ubuntu/workspace/Docker-PRs # timeout=10
Fetching upstream changes from https://github.com/moby/moby.git
 > git --version # timeout=10
 > git fetch --tags --progress https://github.com/moby/moby.git +refs/heads/*:refs/remotes/origin/*
 > git config remote.origin.url https://github.com/moby/moby.git # timeout=10
 > git config --add remote.origin.fetch +refs/heads/*:refs/remotes/origin/* # timeout=10
 > git config remote.origin.url https://github.com/moby/moby.git # timeout=10
Fetching upstream changes from https://github.com/moby/moby.git
 > git fetch --tags --progress https://github.com/moby/moby.git +refs/heads/*:refs/remotes/origin/*
 > git rev-parse origin/master^{commit} # timeout=10
Checking out Revision f76d6a078d881f410c00e8d900dcdfc2e026c841 (origin/master)
 > git config core.sparsecheckout # timeout=10
 > git checkout -f f76d6a078d881f410c00e8d900dcdfc2e026c841
Commit message: "Merge pull request #38370 from farnasirim/36413-bind-dir-skip-copy"
 > git rev-list --no-walk f76d6a078d881f410c00e8d900dcdfc2e026c841 # timeout=10
Set build name.
New build name is '#38432'
[Docker-PRs] $ /bin/bash /tmp/jenkins1609859089345599729.sh
From https://github.com/moby/moby
 * [new ref]         refs/pull/38432/head -> origin/pr/38432
Merge made by the 'recursive' strategy.
 hack/ci/windows.ps1                                |   9 +-
 integration-cli/check_test.go                      |   3 +-
 integration-cli/docker_api_swarm_node_test.go      |   2 -
 integration-cli/docker_api_swarm_service_test.go   |  79 ---------
 .../docker_api_swarm_service_unix_test.go          |  90 ++++++++++
 integration-cli/docker_api_swarm_test.go           |   2 -
 integration-cli/docker_cli_swarm_test.go           | 196 ---------------------
 integration-cli/docker_cli_swarm_unix_test.go      | 195 ++++++++++++++++++++
 internal/test/daemon/daemon.go                     |  15 +-
 internal/test/daemon/daemon_unix.go                |   6 +
 internal/test/daemon/daemon_windows.go             |   6 +
 internal/test/daemon/swarm.go                      |   4 -
 internal/test/daemon/swarm_unix.go                 |   7 +
 internal/test/daemon/swarm_windows.go              |   7 +
 14 files changed, 324 insertions(+), 297 deletions(-)
 create mode 100644 integration-cli/docker_api_swarm_service_unix_test.go
 create mode 100644 internal/test/daemon/swarm_unix.go
 create mode 100644 internal/test/daemon/swarm_windows.go
Sending build context to Docker daemon  45.09MB
Step 1/94 : FROM golang:1.11.4 AS base
 ---> 343df9d12b7b
Step 2/94 : ARG APT_MIRROR=deb.debian.org
 ---> Using cache
 ---> 054225a23155
Step 3/94 : RUN sed -ri "s/(httpredir|deb).debian.org/$APT_MIRROR/g" /etc/apt/sources.list
 ---> Using cache
 ---> 859f8e228af8
Step 4/94 : FROM base AS criu
 ---> 859f8e228af8
Step 5/94 : ENV CRIU_VERSION 3.6
 ---> Using cache
 ---> bfc82e220f9c
Step 6/94 : RUN apt-get update && apt-get install -y 	libnet-dev 	libprotobuf-c0-dev 	libprotobuf-dev 	libnl-3-dev 	libcap-dev 	protobuf-compiler 	protobuf-c-compiler 	python-protobuf 	&& mkdir -p /usr/src/criu 	&& curl -sSL https://github.com/checkpoint-restore/criu/archive/v${CRIU_VERSION}.tar.gz | tar -C /usr/src/criu/ -xz --strip-components=1 	&& cd /usr/src/criu 	&& make 	&& make PREFIX=/build/ install-criu
 ---> Using cache
 ---> 5749b10d523b
Step 7/94 : FROM base AS registry
 ---> 859f8e228af8
Step 8/94 : ENV REGISTRY_COMMIT_SCHEMA1 ec87e9b6971d831f0eff752ddb54fb64693e51cd
 ---> Using cache
 ---> 99814fe5d8c5
Step 9/94 : ENV REGISTRY_COMMIT 47a064d4195a9b56133891bbb13620c3ac83a827
 ---> Using cache
 ---> ecd89010373d
Step 10/94 : RUN set -x 	&& export GOPATH="$(mktemp -d)" 	&& git clone https://github.com/docker/distribution.git "$GOPATH/src/github.com/docker/distribution" 	&& (cd "$GOPATH/src/github.com/docker/distribution" && git checkout -q "$REGISTRY_COMMIT") 	&& GOPATH="$GOPATH/src/github.com/docker/distribution/Godeps/_workspace:$GOPATH" 		go build -buildmode=pie -o /build/registry-v2 github.com/docker/distribution/cmd/registry 	&& case $(dpkg --print-architecture) in 		amd64|ppc64*|s390x) 		(cd "$GOPATH/src/github.com/docker/distribution" && git checkout -q "$REGISTRY_COMMIT_SCHEMA1"); 		GOPATH="$GOPATH/src/github.com/docker/distribution/Godeps/_workspace:$GOPATH"; 			go build -buildmode=pie -o /build/registry-v2-schema1 github.com/docker/distribution/cmd/registry; 		;; 	   esac 	&& rm -rf "$GOPATH"
 ---> Using cache
 ---> 8baabba2ad4a
Step 11/94 : FROM base AS docker-py
 ---> 859f8e228af8
Step 12/94 : ENV DOCKER_PY_COMMIT 8b246db271a85d6541dc458838627e89c683e42f
 ---> Using cache
 ---> 4fc4b822bc00
Step 13/94 : RUN git clone https://github.com/docker/docker-py.git /build 	&& cd /build 	&& git checkout -q $DOCKER_PY_COMMIT
 ---> Using cache
 ---> a15ad3a0f7de
Step 14/94 : FROM base AS swagger
 ---> 859f8e228af8
Step 15/94 : ENV GO_SWAGGER_COMMIT c28258affb0b6251755d92489ef685af8d4ff3eb
 ---> Using cache
 ---> 5cc6b7131525
Step 16/94 : RUN set -x 	&& export GOPATH="$(mktemp -d)" 	&& git clone https://github.com/go-swagger/go-swagger.git "$GOPATH/src/github.com/go-swagger/go-swagger" 	&& (cd "$GOPATH/src/github.com/go-swagger/go-swagger" && git checkout -q "$GO_SWAGGER_COMMIT") 	&& go build -o /build/swagger github.com/go-swagger/go-swagger/cmd/swagger 	&& rm -rf "$GOPATH"
 ---> Using cache
 ---> 77dafe7691d4
Step 17/94 : FROM base AS frozen-images
 ---> 859f8e228af8
Step 18/94 : RUN apt-get update && apt-get install -y jq ca-certificates --no-install-recommends
 ---> Using cache
 ---> 422484765bea
Step 19/94 : COPY contrib/download-frozen-image-v2.sh /
 ---> Using cache
 ---> 7f413cea8ed0
Step 20/94 : RUN /download-frozen-image-v2.sh /build 	buildpack-deps:jessie@sha256:dd86dced7c9cd2a724e779730f0a53f93b7ef42228d4344b25ce9a42a1486251 	busybox:latest@sha256:bbc3a03235220b170ba48a157dd097dd1379299370e1ed99ce976df0355d24f0 	busybox:glibc@sha256:0b55a30394294ab23b9afd58fab94e61a923f5834fba7ddbae7f8e0c11ba85e6 	debian:jessie@sha256:287a20c5f73087ab406e6b364833e3fb7b3ae63ca0eb3486555dc27ed32c6e60 	hello-world:latest@sha256:be0cd392e45be79ffeffa6b05338b98ebb16c87b255f48e297ec7f98e123905c
 ---> Using cache
 ---> e9e9387d1bf2
Step 21/94 : FROM base AS runtime-dev
 ---> 859f8e228af8
Step 22/94 : RUN apt-get update && apt-get install -y 	libapparmor-dev 	libseccomp-dev
 ---> Using cache
 ---> e6a4fe252eb8
Step 23/94 : FROM base AS tomlv
 ---> 859f8e228af8
Step 24/94 : ENV INSTALL_BINARY_NAME=tomlv
 ---> Using cache
 ---> 46c33cd23b1e
Step 25/94 : COPY hack/dockerfile/install/install.sh ./install.sh
 ---> Using cache
 ---> 8f438766fac6
Step 26/94 : COPY hack/dockerfile/install/$INSTALL_BINARY_NAME.installer ./
 ---> Using cache
 ---> 6aecd53f5196
Step 27/94 : RUN PREFIX=/build ./install.sh $INSTALL_BINARY_NAME
 ---> Using cache
 ---> 4f7b931cccdd
Step 28/94 : FROM base AS vndr
 ---> 859f8e228af8
Step 29/94 : ENV INSTALL_BINARY_NAME=vndr
 ---> Using cache
 ---> 1cf4f29938d8
Step 30/94 : COPY hack/dockerfile/install/install.sh ./install.sh
 ---> Using cache
 ---> b34edac7fdb0
Step 31/94 : COPY hack/dockerfile/install/$INSTALL_BINARY_NAME.installer ./
 ---> Using cache
 ---> a1d29391e374
Step 32/94 : RUN PREFIX=/build ./install.sh $INSTALL_BINARY_NAME
 ---> Using cache
 ---> c6aedc156eab
Step 33/94 : FROM base AS containerd
 ---> 859f8e228af8
Step 34/94 : RUN apt-get update && apt-get install -y btrfs-tools
 ---> Using cache
 ---> dcef215c51f7
Step 35/94 : ENV INSTALL_BINARY_NAME=containerd
 ---> Using cache
 ---> aadaf6a9b608
Step 36/94 : COPY hack/dockerfile/install/install.sh ./install.sh
 ---> Using cache
 ---> 0153b3af2237
Step 37/94 : COPY hack/dockerfile/install/$INSTALL_BINARY_NAME.installer ./
 ---> Using cache
 ---> 66d5ba7f6268
Step 38/94 : RUN PREFIX=/build ./install.sh $INSTALL_BINARY_NAME
 ---> Using cache
 ---> d90bb9d32a8d
Step 39/94 : FROM base AS proxy
 ---> 859f8e228af8
Step 40/94 : ENV INSTALL_BINARY_NAME=proxy
 ---> Using cache
 ---> c5526f544adb
Step 41/94 : COPY hack/dockerfile/install/install.sh ./install.sh
 ---> Using cache
 ---> 326f223f9125
Step 42/94 : COPY hack/dockerfile/install/$INSTALL_BINARY_NAME.installer ./
 ---> Using cache
 ---> 18100209789b
Step 43/94 : RUN PREFIX=/build ./install.sh $INSTALL_BINARY_NAME
 ---> Using cache
 ---> 37ea5733c0cd
Step 44/94 : FROM base AS gometalinter
 ---> 859f8e228af8
Step 45/94 : ENV INSTALL_BINARY_NAME=gometalinter
 ---> Using cache
 ---> b60f9f161c13
Step 46/94 : COPY hack/dockerfile/install/install.sh ./install.sh
 ---> Using cache
 ---> 6bb7b4a6d1a0
Step 47/94 : COPY hack/dockerfile/install/$INSTALL_BINARY_NAME.installer ./
 ---> Using cache
 ---> 996a3900bf9f
Step 48/94 : RUN PREFIX=/build ./install.sh $INSTALL_BINARY_NAME
 ---> Using cache
 ---> 89696978b01d
Step 49/94 : FROM base AS dockercli
 ---> 859f8e228af8
Step 50/94 : ENV INSTALL_BINARY_NAME=dockercli
 ---> Using cache
 ---> 3ef1d0050201
Step 51/94 : COPY hack/dockerfile/install/install.sh ./install.sh
 ---> Using cache
 ---> e9644eb855bf
Step 52/94 : COPY hack/dockerfile/install/$INSTALL_BINARY_NAME.installer ./
 ---> Using cache
 ---> 20b48dcfc9a0
Step 53/94 : RUN PREFIX=/build ./install.sh $INSTALL_BINARY_NAME
 ---> Using cache
 ---> 835012b96b10
Step 54/94 : FROM runtime-dev AS runc
 ---> e6a4fe252eb8
Step 55/94 : ENV INSTALL_BINARY_NAME=runc
 ---> Using cache
 ---> 072228f2928c
Step 56/94 : COPY hack/dockerfile/install/install.sh ./install.sh
 ---> Using cache
 ---> 2f5ab6fa6545
Step 57/94 : COPY hack/dockerfile/install/$INSTALL_BINARY_NAME.installer ./
 ---> Using cache
 ---> 4adbe6e239bd
Step 58/94 : RUN PREFIX=/build ./install.sh $INSTALL_BINARY_NAME
 ---> Using cache
 ---> 69564c4f99e1
Step 59/94 : FROM base AS tini
 ---> 859f8e228af8
Step 60/94 : RUN apt-get update && apt-get install -y cmake vim-common
 ---> Using cache
 ---> e5b288d5af53
Step 61/94 : COPY hack/dockerfile/install/install.sh ./install.sh
 ---> Using cache
 ---> 70f5ca2794a6
Step 62/94 : ENV INSTALL_BINARY_NAME=tini
 ---> Using cache
 ---> a3f51c797149
Step 63/94 : COPY hack/dockerfile/install/$INSTALL_BINARY_NAME.installer ./
 ---> Using cache
 ---> 40d34e6378bc
Step 64/94 : RUN PREFIX=/build ./install.sh $INSTALL_BINARY_NAME
 ---> Using cache
 ---> c4203015e8e3
Step 65/94 : FROM runtime-dev AS dev
 ---> e6a4fe252eb8
Step 66/94 : RUN groupadd -r docker
 ---> Using cache
 ---> 56f0e2f606ec
Step 67/94 : RUN useradd --create-home --gid docker unprivilegeduser
 ---> Using cache
 ---> 58cd25ce95d4
Step 68/94 : RUN ln -sfv /go/src/github.com/docker/docker/.bashrc ~/.bashrc
 ---> Using cache
 ---> 3ac4983d14f0
Step 69/94 : RUN echo "source /usr/share/bash-completion/bash_completion" >> /etc/bash.bashrc
 ---> Using cache
 ---> 59806a091f37
Step 70/94 : RUN ln -s /usr/local/completion/bash/docker /etc/bash_completion.d/docker
 ---> Using cache
 ---> ba476cc13bc1
Step 71/94 : RUN ldconfig
 ---> Using cache
 ---> c0870c004e33
Step 72/94 : RUN apt-get update && apt-get install -y 	apparmor 	aufs-tools 	bash-completion 	btrfs-tools 	iptables 	jq 	libcap2-bin 	libdevmapper-dev 	libudev-dev 	libsystemd-dev 	binutils-mingw-w64 	g++-mingw-w64-x86-64 	net-tools 	pigz 	python-backports.ssl-match-hostname 	python-dev 	python-mock 	python-pip 	python-requests 	python-setuptools 	python-websocket 	python-wheel 	thin-provisioning-tools 	vim 	vim-common 	xfsprogs 	zip 	bzip2 	xz-utils 	--no-install-recommends
 ---> Using cache
 ---> 99aebb0e9a9c
Step 73/94 : COPY --from=swagger /build/swagger* /usr/local/bin/
 ---> Using cache
 ---> 1ff438c5ca66
Step 74/94 : COPY --from=frozen-images /build/ /docker-frozen-images
 ---> Using cache
 ---> fe3331a21c38
Step 75/94 : COPY --from=gometalinter /build/ /usr/local/bin/
 ---> Using cache
 ---> 85fc3270d6b4
Step 76/94 : COPY --from=tomlv /build/ /usr/local/bin/
 ---> Using cache
 ---> a22bdc2a7291
Step 77/94 : COPY --from=vndr /build/ /usr/local/bin/
 ---> Using cache
 ---> 61397e9c2d9f
Step 78/94 : COPY --from=tini /build/ /usr/local/bin/
 ---> Using cache
 ---> 3ae9a98e7d6c
Step 79/94 : COPY --from=runc /build/ /usr/local/bin/
 ---> Using cache
 ---> 36a924e111fd
Step 80/94 : COPY --from=containerd /build/ /usr/local/bin/
 ---> Using cache
 ---> e0f61a4123ce
Step 81/94 : COPY --from=proxy /build/ /usr/local/bin/
 ---> Using cache
 ---> 21ae9c7f15c1
Step 82/94 : COPY --from=dockercli /build/ /usr/local/cli
 ---> Using cache
 ---> 3ca3b57cbfc0
Step 83/94 : COPY --from=registry /build/registry* /usr/local/bin/
 ---> Using cache
 ---> 2532b9fef7cb
Step 84/94 : COPY --from=criu /build/ /usr/local/
 ---> Using cache
 ---> 8781c0d77765
Step 85/94 : COPY --from=docker-py /build/ /docker-py
 ---> Using cache
 ---> 268b494f038c
Step 86/94 : RUN cd /docker-py 	&& pip install docker-pycreds==0.2.1 	&& pip install yamllint==1.5.0 	&& pip install -r test-requirements.txt
 ---> Using cache
 ---> 41cd3c34adaa
Step 87/94 : ENV PATH=/usr/local/cli:$PATH
 ---> Using cache
 ---> e405f67078b5
Step 88/94 : ENV DOCKER_BUILDTAGS apparmor seccomp selinux
 ---> Using cache
 ---> 1759abcc5d72
Step 89/94 : ENV GOMETALINTER_OPTS="--deadline=2m"
 ---> Using cache
 ---> b4db2c8ef4e4
Step 90/94 : WORKDIR /go/src/github.com/docker/docker
 ---> Using cache
 ---> d51e0371e1f7
Step 91/94 : VOLUME /var/lib/docker
 ---> Using cache
 ---> 3f5ca673856a
Step 92/94 : ENTRYPOINT ["hack/dind"]
 ---> Using cache
 ---> 8c4ab94a23d9
Step 93/94 : FROM dev AS final
 ---> 8c4ab94a23d9
Step 94/94 : COPY . /go/src/github.com/docker/docker
 ---> c1a386b895e4
Successfully built c1a386b895e4
Successfully tagged docker:ff41f98
Congratulations!  All commits are properly signed with the DCO!
internal/test/daemon/daemon.go:220:17:warning: err declared but not used (gosimple)
internal/test/daemon/daemon.go:220:17:warning: ineffectual assignment to err (ineffassign)
internal/test/daemon/daemon.go:220:17:warning: err declared but not used (interfacer)
internal/test/daemon/daemon.go:220:17:warning: err declared but not used (unconvert)
Build step 'Execute shell' marked build as failure
Set build name.
New build name is '#38432'
[PostBuildScript] - Executing post build scripts.
[Docker-PRs] $ /bin/sh -xe /tmp/jenkins3592398212298614961.sh
+ echo Ensuring container killed.
Ensuring container killed.
+ docker rm -vf docker-pr52331
Error: No such container: docker-pr52331
+ true
+ echo Chowning /workspace to jenkins user
Chowning /workspace to jenkins user
+ id -u
+ id -g
+ docker run --rm -v /home/ubuntu/workspace/Docker-PRs:/workspace busybox chown -R 1000:1000 /workspace
[Docker-PRs] $ /bin/sh -xe /tmp/jenkins7222694305473230598.sh
+ echo Creating bundles.tar.gz
Creating bundles.tar.gz
+ + find bundles -name *.log -o -name *.profxargs tar -czf bundles.tar.gz
 -o -name integration.test
tar: Cowardly refusing to create an empty archive
Try 'tar --help' or 'tar --usage' for more information.
+ true
Archiving artifacts
Notifying endpoint with url 'https://leeroy.dockerproject.org/notification/jenkins'
[WS-CLEANUP] Deleting project workspace...[WS-CLEANUP] done
Finished: FAILURE
